ERROR - 2017-08-29 12:25:24 - Twig_Error_Syntax: Unexpected token "end of template" of value "" ("end of statement block" expected). in C:\xampp\htdocs\kinguin\templates\Layout\layout.twig:22
Stack trace:
#0 C:\xampp\htdocs\kinguin\vendor\twig\twig\lib\Twig\TokenParser\Block.php(53): Twig_TokenStream->expect(3)
#1 C:\xampp\htdocs\kinguin\vendor\twig\twig\lib\Twig\Parser.php(190): Twig_TokenParser_Block->parse(NULL)
#2 C:\xampp\htdocs\kinguin\vendor\twig\twig\lib\Twig\Parser.php(103): Twig_Parser->subparse(NULL, false)
#3 C:\xampp\htdocs\kinguin\vendor\twig\twig\lib\Twig\Environment.php(692): Twig_Parser->parse(Object(Twig_TokenStream))
#4 C:\xampp\htdocs\kinguin\vendor\twig\twig\lib\Twig\Environment.php(750): Twig_Environment->parse(Object(Twig_TokenStream))
#5 C:\xampp\htdocs\kinguin\vendor\twig\twig\lib\Twig\Environment.php(447): Twig_Environment->compileSource(Object(Twig_Source))
#6 C:\xampp\htdocs\kinguin\vendor\twig\twig\lib\Twig\Template.php(366): Twig_Environment->loadTemplate('Layout/layout.t...', NULL)
#7 C:\xampp\htdocs\kinguin\vendor\twig\twig\lib\Twig\Environment.php(462) : eval()'d code(11): Twig_Template->loadTemplate('Layout/layout.t...', 'Restaurant/menu...', 1)
#8 C:\xampp\htdocs\kinguin\vendor\twig\twig\lib\Twig\Environment.php(475): __TwigTemplate_534f8ec57bf3e3aba69646e054f30fbeb0ada50f765e76729efb29944760ea2d->__construct(Object(Twig_Environment))
#9 C:\xampp\htdocs\kinguin\vendor\yeephp\yeephp\Yee\Views\Twig.php(87): Twig_Environment->loadTemplate('Restaurant/menu...')
#10 C:\xampp\htdocs\kinguin\vendor\yeephp\yeephp\Yee\View.php(255): Yee\Views\Twig->render('Restaurant/menu...', NULL)
#11 C:\xampp\htdocs\kinguin\vendor\yeephp\yeephp\Yee\View.php(243): Yee\View->fetch('Restaurant/menu...', NULL)
#12 C:\xampp\htdocs\kinguin\vendor\yeephp\yeephp\Yee\Yee.php(766): Yee\View->display('Restaurant/menu...')
#13 C:\xampp\htdocs\kinguin\App\Controllers\Table\TableController.php(34): Yee\Yee->render('Restaurant/menu...', Array)
#14 [internal function]: App\Controllers\Table\TableController->showCategory()
#15 C:\xampp\htdocs\kinguin\vendor\yeephp\yeephp\Yee\Managers\Controller\Controller.php(23): call_user_func_array(Array, Array)
#16 [internal function]: Yee\Managers\Controller\Controller::__callStatic('showCategory', Array)
#17 C:\xampp\htdocs\kinguin\vendor\yeephp\yeephp\Yee\Route.php(468): call_user_func_array('\\App\\Controller...', Array)
#18 C:\xampp\htdocs\kinguin\vendor\yeephp\yeephp\Yee\Yee.php(1374): Yee\Route->dispatch()
#19 C:\xampp\htdocs\kinguin\vendor\yeephp\yeephp\Yee\Middleware\Flash.php(85): Yee\Yee->call()
#20 C:\xampp\htdocs\kinguin\vendor\yeephp\yeephp\Yee\Middleware\MethodOverride.php(92): Yee\Middleware\Flash->call()
#21 C:\xampp\htdocs\kinguin\vendor\yeephp\yeephp\Yee\Middleware\PrettyExceptions.php(67): Yee\Middleware\MethodOverride->call()
#22 C:\xampp\htdocs\kinguin\vendor\yeephp\yeephp\Yee\Yee.php(1282): Yee\Middleware\PrettyExceptions->call()
#23 C:\xampp\htdocs\kinguin\public\index.php(25): Yee\Yee->execute()
#24 {main}
ERROR - 2017-08-29 12:26:33 - Twig_Error_Syntax: Unexpected token "end of template" of value "" ("end of statement block" expected). in C:\xampp\htdocs\kinguin\templates\Layout\layout.twig:22
Stack trace:
#0 C:\xampp\htdocs\kinguin\vendor\twig\twig\lib\Twig\TokenParser\Block.php(53): Twig_TokenStream->expect(3)
#1 C:\xampp\htdocs\kinguin\vendor\twig\twig\lib\Twig\Parser.php(190): Twig_TokenParser_Block->parse(NULL)
#2 C:\xampp\htdocs\kinguin\vendor\twig\twig\lib\Twig\Parser.php(103): Twig_Parser->subparse(NULL, false)
#3 C:\xampp\htdocs\kinguin\vendor\twig\twig\lib\Twig\Environment.php(692): Twig_Parser->parse(Object(Twig_TokenStream))
#4 C:\xampp\htdocs\kinguin\vendor\twig\twig\lib\Twig\Environment.php(750): Twig_Environment->parse(Object(Twig_TokenStream))
#5 C:\xampp\htdocs\kinguin\vendor\twig\twig\lib\Twig\Environment.php(447): Twig_Environment->compileSource(Object(Twig_Source))
#6 C:\xampp\htdocs\kinguin\vendor\twig\twig\lib\Twig\Template.php(366): Twig_Environment->loadTemplate('Layout/layout.t...', NULL)
#7 C:\xampp\htdocs\kinguin\vendor\twig\twig\lib\Twig\Environment.php(462) : eval()'d code(11): Twig_Template->loadTemplate('Layout/layout.t...', 'Restaurant/menu...', 1)
#8 C:\xampp\htdocs\kinguin\vendor\twig\twig\lib\Twig\Environment.php(475): __TwigTemplate_534f8ec57bf3e3aba69646e054f30fbeb0ada50f765e76729efb29944760ea2d->__construct(Object(Twig_Environment))
#9 C:\xampp\htdocs\kinguin\vendor\yeephp\yeephp\Yee\Views\Twig.php(87): Twig_Environment->loadTemplate('Restaurant/menu...')
#10 C:\xampp\htdocs\kinguin\vendor\yeephp\yeephp\Yee\View.php(255): Yee\Views\Twig->render('Restaurant/menu...', NULL)
#11 C:\xampp\htdocs\kinguin\vendor\yeephp\yeephp\Yee\View.php(243): Yee\View->fetch('Restaurant/menu...', NULL)
#12 C:\xampp\htdocs\kinguin\vendor\yeephp\yeephp\Yee\Yee.php(766): Yee\View->display('Restaurant/menu...')
#13 C:\xampp\htdocs\kinguin\App\Controllers\Table\TableController.php(34): Yee\Yee->render('Restaurant/menu...', Array)
#14 [internal function]: App\Controllers\Table\TableController->showCategory()
#15 C:\xampp\htdocs\kinguin\vendor\yeephp\yeephp\Yee\Managers\Controller\Controller.php(23): call_user_func_array(Array, Array)
#16 [internal function]: Yee\Managers\Controller\Controller::__callStatic('showCategory', Array)
#17 C:\xampp\htdocs\kinguin\vendor\yeephp\yeephp\Yee\Route.php(468): call_user_func_array('\\App\\Controller...', Array)
#18 C:\xampp\htdocs\kinguin\vendor\yeephp\yeephp\Yee\Yee.php(1374): Yee\Route->dispatch()
#19 C:\xampp\htdocs\kinguin\vendor\yeephp\yeephp\Yee\Middleware\Flash.php(85): Yee\Yee->call()
#20 C:\xampp\htdocs\kinguin\vendor\yeephp\yeephp\Yee\Middleware\MethodOverride.php(92): Yee\Middleware\Flash->call()
#21 C:\xampp\htdocs\kinguin\vendor\yeephp\yeephp\Yee\Middleware\PrettyExceptions.php(67): Yee\Middleware\MethodOverride->call()
#22 C:\xampp\htdocs\kinguin\vendor\yeephp\yeephp\Yee\Yee.php(1282): Yee\Middleware\PrettyExceptions->call()
#23 C:\xampp\htdocs\kinguin\public\index.php(25): Yee\Yee->execute()
#24 {main}
