ERROR - 2017-09-06 01:22:21 - Twig_Error_Syntax: Unexpected token "end of statement block" of value "". in C:\xampp\htdocs\kinguin\templates\reservations\index.twig:21
Stack trace:
#0 C:\xampp\htdocs\kinguin\vendor\twig\twig\lib\Twig\ExpressionParser.php(102): Twig_ExpressionParser->parsePrimaryExpression()
#1 C:\xampp\htdocs\kinguin\vendor\twig\twig\lib\Twig\ExpressionParser.php(55): Twig_ExpressionParser->getPrimary()
#2 C:\xampp\htdocs\kinguin\vendor\twig\twig\lib\Twig\TokenParser\If.php(49): Twig_ExpressionParser->parseExpression()
#3 C:\xampp\htdocs\kinguin\vendor\twig\twig\lib\Twig\Parser.php(190): Twig_TokenParser_If->parse(Object(Twig_Token))
#4 C:\xampp\htdocs\kinguin\vendor\twig\twig\lib\Twig\TokenParser\For.php(42): Twig_Parser->subparse(Array)
#5 C:\xampp\htdocs\kinguin\vendor\twig\twig\lib\Twig\Parser.php(190): Twig_TokenParser_For->parse(Object(Twig_Token))
#6 C:\xampp\htdocs\kinguin\vendor\twig\twig\lib\Twig\TokenParser\Block.php(40): Twig_Parser->subparse(Array, true)
#7 C:\xampp\htdocs\kinguin\vendor\twig\twig\lib\Twig\Parser.php(190): Twig_TokenParser_Block->parse(Object(Twig_Token))
#8 C:\xampp\htdocs\kinguin\vendor\twig\twig\lib\Twig\Parser.php(103): Twig_Parser->subparse(NULL, false)
#9 C:\xampp\htdocs\kinguin\vendor\twig\twig\lib\Twig\Environment.php(692): Twig_Parser->parse(Object(Twig_TokenStream))
#10 C:\xampp\htdocs\kinguin\vendor\twig\twig\lib\Twig\Environment.php(750): Twig_Environment->parse(Object(Twig_TokenStream))
#11 C:\xampp\htdocs\kinguin\vendor\twig\twig\lib\Twig\Environment.php(447): Twig_Environment->compileSource(Object(Twig_Source))
#12 C:\xampp\htdocs\kinguin\vendor\yeephp\yeephp\Yee\Views\Twig.php(87): Twig_Environment->loadTemplate('reservations/in...')
#13 C:\xampp\htdocs\kinguin\vendor\yeephp\yeephp\Yee\View.php(255): Yee\Views\Twig->render('reservations/in...', NULL)
#14 C:\xampp\htdocs\kinguin\vendor\yeephp\yeephp\Yee\View.php(243): Yee\View->fetch('reservations/in...', NULL)
#15 C:\xampp\htdocs\kinguin\vendor\yeephp\yeephp\Yee\Yee.php(766): Yee\View->display('reservations/in...')
#16 C:\xampp\htdocs\kinguin\App\Controllers\Reservation\ReservationController.php(30): Yee\Yee->render('reservations/in...', Array)
#17 [internal function]: App\Controllers\Reservation\ReservationController->reservation()
#18 C:\xampp\htdocs\kinguin\vendor\yeephp\yeephp\Yee\Managers\Controller\Controller.php(23): call_user_func_array(Array, Array)
#19 [internal function]: Yee\Managers\Controller\Controller::__callStatic('reservation', Array)
#20 C:\xampp\htdocs\kinguin\vendor\yeephp\yeephp\Yee\Route.php(468): call_user_func_array('\\App\\Controller...', Array)
#21 C:\xampp\htdocs\kinguin\vendor\yeephp\yeephp\Yee\Yee.php(1374): Yee\Route->dispatch()
#22 C:\xampp\htdocs\kinguin\vendor\yeephp\yeephp\Yee\Middleware\Flash.php(85): Yee\Yee->call()
#23 C:\xampp\htdocs\kinguin\vendor\yeephp\yeephp\Yee\Middleware\MethodOverride.php(92): Yee\Middleware\Flash->call()
#24 C:\xampp\htdocs\kinguin\vendor\yeephp\yeephp\Yee\Middleware\PrettyExceptions.php(67): Yee\Middleware\MethodOverride->call()
#25 C:\xampp\htdocs\kinguin\vendor\yeephp\yeephp\Yee\Yee.php(1282): Yee\Middleware\PrettyExceptions->call()
#26 C:\xampp\htdocs\kinguin\public\index.php(25): Yee\Yee->execute()
#27 {main}
ERROR - 2017-09-06 01:39:35 - Twig_Error_Syntax: Unexpected "endfor" tag (expecting closing tag for the "if" tag defined near line 20). in C:\xampp\htdocs\kinguin\templates\reservations\index.twig:26
Stack trace:
#0 C:\xampp\htdocs\kinguin\vendor\twig\twig\lib\Twig\TokenParser\If.php(36): Twig_Parser->subparse(Array)
#1 C:\xampp\htdocs\kinguin\vendor\twig\twig\lib\Twig\Parser.php(190): Twig_TokenParser_If->parse(Object(Twig_Token))
#2 C:\xampp\htdocs\kinguin\vendor\twig\twig\lib\Twig\TokenParser\For.php(42): Twig_Parser->subparse(Array)
#3 C:\xampp\htdocs\kinguin\vendor\twig\twig\lib\Twig\Parser.php(190): Twig_TokenParser_For->parse(Object(Twig_Token))
#4 C:\xampp\htdocs\kinguin\vendor\twig\twig\lib\Twig\TokenParser\Block.php(40): Twig_Parser->subparse(Array, true)
#5 C:\xampp\htdocs\kinguin\vendor\twig\twig\lib\Twig\Parser.php(190): Twig_TokenParser_Block->parse(Object(Twig_Token))
#6 C:\xampp\htdocs\kinguin\vendor\twig\twig\lib\Twig\Parser.php(103): Twig_Parser->subparse(NULL, false)
#7 C:\xampp\htdocs\kinguin\vendor\twig\twig\lib\Twig\Environment.php(692): Twig_Parser->parse(Object(Twig_TokenStream))
#8 C:\xampp\htdocs\kinguin\vendor\twig\twig\lib\Twig\Environment.php(750): Twig_Environment->parse(Object(Twig_TokenStream))
#9 C:\xampp\htdocs\kinguin\vendor\twig\twig\lib\Twig\Environment.php(447): Twig_Environment->compileSource(Object(Twig_Source))
#10 C:\xampp\htdocs\kinguin\vendor\yeephp\yeephp\Yee\Views\Twig.php(87): Twig_Environment->loadTemplate('reservations/in...')
#11 C:\xampp\htdocs\kinguin\vendor\yeephp\yeephp\Yee\View.php(255): Yee\Views\Twig->render('reservations/in...', NULL)
#12 C:\xampp\htdocs\kinguin\vendor\yeephp\yeephp\Yee\View.php(243): Yee\View->fetch('reservations/in...', NULL)
#13 C:\xampp\htdocs\kinguin\vendor\yeephp\yeephp\Yee\Yee.php(766): Yee\View->display('reservations/in...')
#14 C:\xampp\htdocs\kinguin\App\Controllers\Reservation\ReservationController.php(30): Yee\Yee->render('reservations/in...', Array)
#15 [internal function]: App\Controllers\Reservation\ReservationController->reservation()
#16 C:\xampp\htdocs\kinguin\vendor\yeephp\yeephp\Yee\Managers\Controller\Controller.php(23): call_user_func_array(Array, Array)
#17 [internal function]: Yee\Managers\Controller\Controller::__callStatic('reservation', Array)
#18 C:\xampp\htdocs\kinguin\vendor\yeephp\yeephp\Yee\Route.php(468): call_user_func_array('\\App\\Controller...', Array)
#19 C:\xampp\htdocs\kinguin\vendor\yeephp\yeephp\Yee\Yee.php(1374): Yee\Route->dispatch()
#20 C:\xampp\htdocs\kinguin\vendor\yeephp\yeephp\Yee\Middleware\Flash.php(85): Yee\Yee->call()
#21 C:\xampp\htdocs\kinguin\vendor\yeephp\yeephp\Yee\Middleware\MethodOverride.php(92): Yee\Middleware\Flash->call()
#22 C:\xampp\htdocs\kinguin\vendor\yeephp\yeephp\Yee\Middleware\PrettyExceptions.php(67): Yee\Middleware\MethodOverride->call()
#23 C:\xampp\htdocs\kinguin\vendor\yeephp\yeephp\Yee\Yee.php(1282): Yee\Middleware\PrettyExceptions->call()
#24 C:\xampp\htdocs\kinguin\public\index.php(25): Yee\Yee->execute()
#25 {main}
ERROR - 2017-09-06 01:45:13 - Twig_Error_Syntax: Unexpected token "operator" of value "=" ("end of statement block" expected). in C:\xampp\htdocs\kinguin\templates\reservations\index.twig:19
Stack trace:
#0 C:\xampp\htdocs\kinguin\vendor\twig\twig\lib\Twig\TokenParser\If.php(35): Twig_TokenStream->expect(3)
#1 C:\xampp\htdocs\kinguin\vendor\twig\twig\lib\Twig\Parser.php(190): Twig_TokenParser_If->parse(Object(Twig_Token))
#2 C:\xampp\htdocs\kinguin\vendor\twig\twig\lib\Twig\TokenParser\For.php(42): Twig_Parser->subparse(Array)
#3 C:\xampp\htdocs\kinguin\vendor\twig\twig\lib\Twig\Parser.php(190): Twig_TokenParser_For->parse(Object(Twig_Token))
#4 C:\xampp\htdocs\kinguin\vendor\twig\twig\lib\Twig\TokenParser\Block.php(40): Twig_Parser->subparse(Array, true)
#5 C:\xampp\htdocs\kinguin\vendor\twig\twig\lib\Twig\Parser.php(190): Twig_TokenParser_Block->parse(Object(Twig_Token))
#6 C:\xampp\htdocs\kinguin\vendor\twig\twig\lib\Twig\Parser.php(103): Twig_Parser->subparse(NULL, false)
#7 C:\xampp\htdocs\kinguin\vendor\twig\twig\lib\Twig\Environment.php(692): Twig_Parser->parse(Object(Twig_TokenStream))
#8 C:\xampp\htdocs\kinguin\vendor\twig\twig\lib\Twig\Environment.php(750): Twig_Environment->parse(Object(Twig_TokenStream))
#9 C:\xampp\htdocs\kinguin\vendor\twig\twig\lib\Twig\Environment.php(447): Twig_Environment->compileSource(Object(Twig_Source))
#10 C:\xampp\htdocs\kinguin\vendor\yeephp\yeephp\Yee\Views\Twig.php(87): Twig_Environment->loadTemplate('reservations/in...')
#11 C:\xampp\htdocs\kinguin\vendor\yeephp\yeephp\Yee\View.php(255): Yee\Views\Twig->render('reservations/in...', NULL)
#12 C:\xampp\htdocs\kinguin\vendor\yeephp\yeephp\Yee\View.php(243): Yee\View->fetch('reservations/in...', NULL)
#13 C:\xampp\htdocs\kinguin\vendor\yeephp\yeephp\Yee\Yee.php(766): Yee\View->display('reservations/in...')
#14 C:\xampp\htdocs\kinguin\App\Controllers\Reservation\ReservationController.php(30): Yee\Yee->render('reservations/in...', Array)
#15 [internal function]: App\Controllers\Reservation\ReservationController->reservation()
#16 C:\xampp\htdocs\kinguin\vendor\yeephp\yeephp\Yee\Managers\Controller\Controller.php(23): call_user_func_array(Array, Array)
#17 [internal function]: Yee\Managers\Controller\Controller::__callStatic('reservation', Array)
#18 C:\xampp\htdocs\kinguin\vendor\yeephp\yeephp\Yee\Route.php(468): call_user_func_array('\\App\\Controller...', Array)
#19 C:\xampp\htdocs\kinguin\vendor\yeephp\yeephp\Yee\Yee.php(1374): Yee\Route->dispatch()
#20 C:\xampp\htdocs\kinguin\vendor\yeephp\yeephp\Yee\Middleware\Flash.php(85): Yee\Yee->call()
#21 C:\xampp\htdocs\kinguin\vendor\yeephp\yeephp\Yee\Middleware\MethodOverride.php(92): Yee\Middleware\Flash->call()
#22 C:\xampp\htdocs\kinguin\vendor\yeephp\yeephp\Yee\Middleware\PrettyExceptions.php(67): Yee\Middleware\MethodOverride->call()
#23 C:\xampp\htdocs\kinguin\vendor\yeephp\yeephp\Yee\Yee.php(1282): Yee\Middleware\PrettyExceptions->call()
#24 C:\xampp\htdocs\kinguin\public\index.php(25): Yee\Yee->execute()
#25 {main}
ERROR - 2017-09-06 01:46:36 - Twig_Error_Syntax: Unexpected token "operator" of value "=". in C:\xampp\htdocs\kinguin\templates\reservations\index.twig:19
Stack trace:
#0 C:\xampp\htdocs\kinguin\vendor\twig\twig\lib\Twig\ExpressionParser.php(102): Twig_ExpressionParser->parsePrimaryExpression()
#1 C:\xampp\htdocs\kinguin\vendor\twig\twig\lib\Twig\ExpressionParser.php(55): Twig_ExpressionParser->getPrimary()
#2 C:\xampp\htdocs\kinguin\vendor\twig\twig\lib\Twig\ExpressionParser.php(68): Twig_ExpressionParser->parseExpression(21)
#3 C:\xampp\htdocs\kinguin\vendor\twig\twig\lib\Twig\TokenParser\If.php(33): Twig_ExpressionParser->parseExpression()
#4 C:\xampp\htdocs\kinguin\vendor\twig\twig\lib\Twig\Parser.php(190): Twig_TokenParser_If->parse(Object(Twig_Token))
#5 C:\xampp\htdocs\kinguin\vendor\twig\twig\lib\Twig\TokenParser\For.php(42): Twig_Parser->subparse(Array)
#6 C:\xampp\htdocs\kinguin\vendor\twig\twig\lib\Twig\Parser.php(190): Twig_TokenParser_For->parse(Object(Twig_Token))
#7 C:\xampp\htdocs\kinguin\vendor\twig\twig\lib\Twig\TokenParser\Block.php(40): Twig_Parser->subparse(Array, true)
#8 C:\xampp\htdocs\kinguin\vendor\twig\twig\lib\Twig\Parser.php(190): Twig_TokenParser_Block->parse(Object(Twig_Token))
#9 C:\xampp\htdocs\kinguin\vendor\twig\twig\lib\Twig\Parser.php(103): Twig_Parser->subparse(NULL, false)
#10 C:\xampp\htdocs\kinguin\vendor\twig\twig\lib\Twig\Environment.php(692): Twig_Parser->parse(Object(Twig_TokenStream))
#11 C:\xampp\htdocs\kinguin\vendor\twig\twig\lib\Twig\Environment.php(750): Twig_Environment->parse(Object(Twig_TokenStream))
#12 C:\xampp\htdocs\kinguin\vendor\twig\twig\lib\Twig\Environment.php(447): Twig_Environment->compileSource(Object(Twig_Source))
#13 C:\xampp\htdocs\kinguin\vendor\yeephp\yeephp\Yee\Views\Twig.php(87): Twig_Environment->loadTemplate('reservations/in...')
#14 C:\xampp\htdocs\kinguin\vendor\yeephp\yeephp\Yee\View.php(255): Yee\Views\Twig->render('reservations/in...', NULL)
#15 C:\xampp\htdocs\kinguin\vendor\yeephp\yeephp\Yee\View.php(243): Yee\View->fetch('reservations/in...', NULL)
#16 C:\xampp\htdocs\kinguin\vendor\yeephp\yeephp\Yee\Yee.php(766): Yee\View->display('reservations/in...')
#17 C:\xampp\htdocs\kinguin\App\Controllers\Reservation\ReservationController.php(30): Yee\Yee->render('reservations/in...', Array)
#18 [internal function]: App\Controllers\Reservation\ReservationController->reservation()
#19 C:\xampp\htdocs\kinguin\vendor\yeephp\yeephp\Yee\Managers\Controller\Controller.php(23): call_user_func_array(Array, Array)
#20 [internal function]: Yee\Managers\Controller\Controller::__callStatic('reservation', Array)
#21 C:\xampp\htdocs\kinguin\vendor\yeephp\yeephp\Yee\Route.php(468): call_user_func_array('\\App\\Controller...', Array)
#22 C:\xampp\htdocs\kinguin\vendor\yeephp\yeephp\Yee\Yee.php(1374): Yee\Route->dispatch()
#23 C:\xampp\htdocs\kinguin\vendor\yeephp\yeephp\Yee\Middleware\Flash.php(85): Yee\Yee->call()
#24 C:\xampp\htdocs\kinguin\vendor\yeephp\yeephp\Yee\Middleware\MethodOverride.php(92): Yee\Middleware\Flash->call()
#25 C:\xampp\htdocs\kinguin\vendor\yeephp\yeephp\Yee\Middleware\PrettyExceptions.php(67): Yee\Middleware\MethodOverride->call()
#26 C:\xampp\htdocs\kinguin\vendor\yeephp\yeephp\Yee\Yee.php(1282): Yee\Middleware\PrettyExceptions->call()
#27 C:\xampp\htdocs\kinguin\public\index.php(25): Yee\Yee->execute()
#28 {main}
ERROR - 2017-09-06 01:54:44 - Twig_Error_Syntax: Unexpected "endif" tag (expecting closing tag for the "for" tag defined near line 20). in C:\xampp\htdocs\kinguin\templates\reservations\index.twig:21
Stack trace:
#0 C:\xampp\htdocs\kinguin\vendor\twig\twig\lib\Twig\TokenParser\For.php(42): Twig_Parser->subparse(Array)
#1 C:\xampp\htdocs\kinguin\vendor\twig\twig\lib\Twig\Parser.php(190): Twig_TokenParser_For->parse(Object(Twig_Token))
#2 C:\xampp\htdocs\kinguin\vendor\twig\twig\lib\Twig\TokenParser\For.php(42): Twig_Parser->subparse(Array)
#3 C:\xampp\htdocs\kinguin\vendor\twig\twig\lib\Twig\Parser.php(190): Twig_TokenParser_For->parse(Object(Twig_Token))
#4 C:\xampp\htdocs\kinguin\vendor\twig\twig\lib\Twig\TokenParser\Block.php(40): Twig_Parser->subparse(Array, true)
#5 C:\xampp\htdocs\kinguin\vendor\twig\twig\lib\Twig\Parser.php(190): Twig_TokenParser_Block->parse(Object(Twig_Token))
#6 C:\xampp\htdocs\kinguin\vendor\twig\twig\lib\Twig\Parser.php(103): Twig_Parser->subparse(NULL, false)
#7 C:\xampp\htdocs\kinguin\vendor\twig\twig\lib\Twig\Environment.php(692): Twig_Parser->parse(Object(Twig_TokenStream))
#8 C:\xampp\htdocs\kinguin\vendor\twig\twig\lib\Twig\Environment.php(750): Twig_Environment->parse(Object(Twig_TokenStream))
#9 C:\xampp\htdocs\kinguin\vendor\twig\twig\lib\Twig\Environment.php(447): Twig_Environment->compileSource(Object(Twig_Source))
#10 C:\xampp\htdocs\kinguin\vendor\yeephp\yeephp\Yee\Views\Twig.php(87): Twig_Environment->loadTemplate('reservations/in...')
#11 C:\xampp\htdocs\kinguin\vendor\yeephp\yeephp\Yee\View.php(255): Yee\Views\Twig->render('reservations/in...', NULL)
#12 C:\xampp\htdocs\kinguin\vendor\yeephp\yeephp\Yee\View.php(243): Yee\View->fetch('reservations/in...', NULL)
#13 C:\xampp\htdocs\kinguin\vendor\yeephp\yeephp\Yee\Yee.php(766): Yee\View->display('reservations/in...')
#14 C:\xampp\htdocs\kinguin\App\Controllers\Reservation\ReservationController.php(30): Yee\Yee->render('reservations/in...', Array)
#15 [internal function]: App\Controllers\Reservation\ReservationController->reservation()
#16 C:\xampp\htdocs\kinguin\vendor\yeephp\yeephp\Yee\Managers\Controller\Controller.php(23): call_user_func_array(Array, Array)
#17 [internal function]: Yee\Managers\Controller\Controller::__callStatic('reservation', Array)
#18 C:\xampp\htdocs\kinguin\vendor\yeephp\yeephp\Yee\Route.php(468): call_user_func_array('\\App\\Controller...', Array)
#19 C:\xampp\htdocs\kinguin\vendor\yeephp\yeephp\Yee\Yee.php(1374): Yee\Route->dispatch()
#20 C:\xampp\htdocs\kinguin\vendor\yeephp\yeephp\Yee\Middleware\Flash.php(85): Yee\Yee->call()
#21 C:\xampp\htdocs\kinguin\vendor\yeephp\yeephp\Yee\Middleware\MethodOverride.php(92): Yee\Middleware\Flash->call()
#22 C:\xampp\htdocs\kinguin\vendor\yeephp\yeephp\Yee\Middleware\PrettyExceptions.php(67): Yee\Middleware\MethodOverride->call()
#23 C:\xampp\htdocs\kinguin\vendor\yeephp\yeephp\Yee\Yee.php(1282): Yee\Middleware\PrettyExceptions->call()
#24 C:\xampp\htdocs\kinguin\public\index.php(25): Yee\Yee->execute()
#25 {main}
ERROR - 2017-09-06 18:33:37 - Twig_Error_Syntax: Unexpected "elseif" tag (expecting closing tag for the "for" tag defined near line 19). in C:\xampp\htdocs\kinguin\templates\reservations\index.twig:28
Stack trace:
#0 C:\xampp\htdocs\kinguin\vendor\twig\twig\lib\Twig\TokenParser\For.php(42): Twig_Parser->subparse(Array)
#1 C:\xampp\htdocs\kinguin\vendor\twig\twig\lib\Twig\Parser.php(190): Twig_TokenParser_For->parse(Object(Twig_Token))
#2 C:\xampp\htdocs\kinguin\vendor\twig\twig\lib\Twig\TokenParser\Block.php(40): Twig_Parser->subparse(Array, true)
#3 C:\xampp\htdocs\kinguin\vendor\twig\twig\lib\Twig\Parser.php(190): Twig_TokenParser_Block->parse(Object(Twig_Token))
#4 C:\xampp\htdocs\kinguin\vendor\twig\twig\lib\Twig\Parser.php(103): Twig_Parser->subparse(NULL, false)
#5 C:\xampp\htdocs\kinguin\vendor\twig\twig\lib\Twig\Environment.php(692): Twig_Parser->parse(Object(Twig_TokenStream))
#6 C:\xampp\htdocs\kinguin\vendor\twig\twig\lib\Twig\Environment.php(750): Twig_Environment->parse(Object(Twig_TokenStream))
#7 C:\xampp\htdocs\kinguin\vendor\twig\twig\lib\Twig\Environment.php(447): Twig_Environment->compileSource(Object(Twig_Source))
#8 C:\xampp\htdocs\kinguin\vendor\yeephp\yeephp\Yee\Views\Twig.php(87): Twig_Environment->loadTemplate('reservations/in...')
#9 C:\xampp\htdocs\kinguin\vendor\yeephp\yeephp\Yee\View.php(255): Yee\Views\Twig->render('reservations/in...', NULL)
#10 C:\xampp\htdocs\kinguin\vendor\yeephp\yeephp\Yee\View.php(243): Yee\View->fetch('reservations/in...', NULL)
#11 C:\xampp\htdocs\kinguin\vendor\yeephp\yeephp\Yee\Yee.php(766): Yee\View->display('reservations/in...')
#12 C:\xampp\htdocs\kinguin\App\Controllers\Reservation\ReservationController.php(30): Yee\Yee->render('reservations/in...', Array)
#13 [internal function]: App\Controllers\Reservation\ReservationController->reservation()
#14 C:\xampp\htdocs\kinguin\vendor\yeephp\yeephp\Yee\Managers\Controller\Controller.php(23): call_user_func_array(Array, Array)
#15 [internal function]: Yee\Managers\Controller\Controller::__callStatic('reservation', Array)
#16 C:\xampp\htdocs\kinguin\vendor\yeephp\yeephp\Yee\Route.php(468): call_user_func_array('\\App\\Controller...', Array)
#17 C:\xampp\htdocs\kinguin\vendor\yeephp\yeephp\Yee\Yee.php(1374): Yee\Route->dispatch()
#18 C:\xampp\htdocs\kinguin\vendor\yeephp\yeephp\Yee\Middleware\Flash.php(85): Yee\Yee->call()
#19 C:\xampp\htdocs\kinguin\vendor\yeephp\yeephp\Yee\Middleware\MethodOverride.php(92): Yee\Middleware\Flash->call()
#20 C:\xampp\htdocs\kinguin\vendor\yeephp\yeephp\Yee\Middleware\PrettyExceptions.php(67): Yee\Middleware\MethodOverride->call()
#21 C:\xampp\htdocs\kinguin\vendor\yeephp\yeephp\Yee\Yee.php(1282): Yee\Middleware\PrettyExceptions->call()
#22 C:\xampp\htdocs\kinguin\public\index.php(25): Yee\Yee->execute()
#23 {main}
ERROR - 2017-09-06 18:39:41 - Twig_Error_Syntax: Unexpected token "end of print statement" of value "". in C:\xampp\htdocs\kinguin\templates\reservations\index.twig:21
Stack trace:
#0 C:\xampp\htdocs\kinguin\vendor\twig\twig\lib\Twig\ExpressionParser.php(102): Twig_ExpressionParser->parsePrimaryExpression()
#1 C:\xampp\htdocs\kinguin\vendor\twig\twig\lib\Twig\ExpressionParser.php(55): Twig_ExpressionParser->getPrimary()
#2 C:\xampp\htdocs\kinguin\vendor\twig\twig\lib\Twig\ExpressionParser.php(90): Twig_ExpressionParser->parseExpression(500)
#3 C:\xampp\htdocs\kinguin\vendor\twig\twig\lib\Twig\ExpressionParser.php(55): Twig_ExpressionParser->getPrimary()
#4 C:\xampp\htdocs\kinguin\vendor\twig\twig\lib\Twig\ExpressionParser.php(68): Twig_ExpressionParser->parseExpression(31)
#5 C:\xampp\htdocs\kinguin\vendor\twig\twig\lib\Twig\Parser.php(147): Twig_ExpressionParser->parseExpression()
#6 C:\xampp\htdocs\kinguin\vendor\twig\twig\lib\Twig\TokenParser\If.php(36): Twig_Parser->subparse(Array)
#7 C:\xampp\htdocs\kinguin\vendor\twig\twig\lib\Twig\Parser.php(190): Twig_TokenParser_If->parse(Object(Twig_Token))
#8 C:\xampp\htdocs\kinguin\vendor\twig\twig\lib\Twig\TokenParser\For.php(42): Twig_Parser->subparse(Array)
#9 C:\xampp\htdocs\kinguin\vendor\twig\twig\lib\Twig\Parser.php(190): Twig_TokenParser_For->parse(Object(Twig_Token))
#10 C:\xampp\htdocs\kinguin\vendor\twig\twig\lib\Twig\TokenParser\Block.php(40): Twig_Parser->subparse(Array, true)
#11 C:\xampp\htdocs\kinguin\vendor\twig\twig\lib\Twig\Parser.php(190): Twig_TokenParser_Block->parse(Object(Twig_Token))
#12 C:\xampp\htdocs\kinguin\vendor\twig\twig\lib\Twig\Parser.php(103): Twig_Parser->subparse(NULL, false)
#13 C:\xampp\htdocs\kinguin\vendor\twig\twig\lib\Twig\Environment.php(692): Twig_Parser->parse(Object(Twig_TokenStream))
#14 C:\xampp\htdocs\kinguin\vendor\twig\twig\lib\Twig\Environment.php(750): Twig_Environment->parse(Object(Twig_TokenStream))
#15 C:\xampp\htdocs\kinguin\vendor\twig\twig\lib\Twig\Environment.php(447): Twig_Environment->compileSource(Object(Twig_Source))
#16 C:\xampp\htdocs\kinguin\vendor\yeephp\yeephp\Yee\Views\Twig.php(87): Twig_Environment->loadTemplate('reservations/in...')
#17 C:\xampp\htdocs\kinguin\vendor\yeephp\yeephp\Yee\View.php(255): Yee\Views\Twig->render('reservations/in...', NULL)
#18 C:\xampp\htdocs\kinguin\vendor\yeephp\yeephp\Yee\View.php(243): Yee\View->fetch('reservations/in...', NULL)
#19 C:\xampp\htdocs\kinguin\vendor\yeephp\yeephp\Yee\Yee.php(766): Yee\View->display('reservations/in...')
#20 C:\xampp\htdocs\kinguin\App\Controllers\Reservation\ReservationController.php(30): Yee\Yee->render('reservations/in...', Array)
#21 [internal function]: App\Controllers\Reservation\ReservationController->reservation()
#22 C:\xampp\htdocs\kinguin\vendor\yeephp\yeephp\Yee\Managers\Controller\Controller.php(23): call_user_func_array(Array, Array)
#23 [internal function]: Yee\Managers\Controller\Controller::__callStatic('reservation', Array)
#24 C:\xampp\htdocs\kinguin\vendor\yeephp\yeephp\Yee\Route.php(468): call_user_func_array('\\App\\Controller...', Array)
#25 C:\xampp\htdocs\kinguin\vendor\yeephp\yeephp\Yee\Yee.php(1374): Yee\Route->dispatch()
#26 C:\xampp\htdocs\kinguin\vendor\yeephp\yeephp\Yee\Middleware\Flash.php(85): Yee\Yee->call()
#27 C:\xampp\htdocs\kinguin\vendor\yeephp\yeephp\Yee\Middleware\MethodOverride.php(92): Yee\Middleware\Flash->call()
#28 C:\xampp\htdocs\kinguin\vendor\yeephp\yeephp\Yee\Middleware\PrettyExceptions.php(67): Yee\Middleware\MethodOverride->call()
#29 C:\xampp\htdocs\kinguin\vendor\yeephp\yeephp\Yee\Yee.php(1282): Yee\Middleware\PrettyExceptions->call()
#30 C:\xampp\htdocs\kinguin\public\index.php(25): Yee\Yee->execute()
#31 {main}
ERROR - 2017-09-06 18:39:51 - Twig_Error_Syntax: Unexpected token "end of print statement" of value "". in C:\xampp\htdocs\kinguin\templates\reservations\index.twig:21
Stack trace:
#0 C:\xampp\htdocs\kinguin\vendor\twig\twig\lib\Twig\ExpressionParser.php(102): Twig_ExpressionParser->parsePrimaryExpression()
#1 C:\xampp\htdocs\kinguin\vendor\twig\twig\lib\Twig\ExpressionParser.php(55): Twig_ExpressionParser->getPrimary()
#2 C:\xampp\htdocs\kinguin\vendor\twig\twig\lib\Twig\ExpressionParser.php(90): Twig_ExpressionParser->parseExpression(500)
#3 C:\xampp\htdocs\kinguin\vendor\twig\twig\lib\Twig\ExpressionParser.php(55): Twig_ExpressionParser->getPrimary()
#4 C:\xampp\htdocs\kinguin\vendor\twig\twig\lib\Twig\ExpressionParser.php(68): Twig_ExpressionParser->parseExpression(31)
#5 C:\xampp\htdocs\kinguin\vendor\twig\twig\lib\Twig\Parser.php(147): Twig_ExpressionParser->parseExpression()
#6 C:\xampp\htdocs\kinguin\vendor\twig\twig\lib\Twig\TokenParser\If.php(36): Twig_Parser->subparse(Array)
#7 C:\xampp\htdocs\kinguin\vendor\twig\twig\lib\Twig\Parser.php(190): Twig_TokenParser_If->parse(Object(Twig_Token))
#8 C:\xampp\htdocs\kinguin\vendor\twig\twig\lib\Twig\TokenParser\For.php(42): Twig_Parser->subparse(Array)
#9 C:\xampp\htdocs\kinguin\vendor\twig\twig\lib\Twig\Parser.php(190): Twig_TokenParser_For->parse(Object(Twig_Token))
#10 C:\xampp\htdocs\kinguin\vendor\twig\twig\lib\Twig\TokenParser\Block.php(40): Twig_Parser->subparse(Array, true)
#11 C:\xampp\htdocs\kinguin\vendor\twig\twig\lib\Twig\Parser.php(190): Twig_TokenParser_Block->parse(Object(Twig_Token))
#12 C:\xampp\htdocs\kinguin\vendor\twig\twig\lib\Twig\Parser.php(103): Twig_Parser->subparse(NULL, false)
#13 C:\xampp\htdocs\kinguin\vendor\twig\twig\lib\Twig\Environment.php(692): Twig_Parser->parse(Object(Twig_TokenStream))
#14 C:\xampp\htdocs\kinguin\vendor\twig\twig\lib\Twig\Environment.php(750): Twig_Environment->parse(Object(Twig_TokenStream))
#15 C:\xampp\htdocs\kinguin\vendor\twig\twig\lib\Twig\Environment.php(447): Twig_Environment->compileSource(Object(Twig_Source))
#16 C:\xampp\htdocs\kinguin\vendor\yeephp\yeephp\Yee\Views\Twig.php(87): Twig_Environment->loadTemplate('reservations/in...')
#17 C:\xampp\htdocs\kinguin\vendor\yeephp\yeephp\Yee\View.php(255): Yee\Views\Twig->render('reservations/in...', NULL)
#18 C:\xampp\htdocs\kinguin\vendor\yeephp\yeephp\Yee\View.php(243): Yee\View->fetch('reservations/in...', NULL)
#19 C:\xampp\htdocs\kinguin\vendor\yeephp\yeephp\Yee\Yee.php(766): Yee\View->display('reservations/in...')
#20 C:\xampp\htdocs\kinguin\App\Controllers\Reservation\ReservationController.php(30): Yee\Yee->render('reservations/in...', Array)
#21 [internal function]: App\Controllers\Reservation\ReservationController->reservation()
#22 C:\xampp\htdocs\kinguin\vendor\yeephp\yeephp\Yee\Managers\Controller\Controller.php(23): call_user_func_array(Array, Array)
#23 [internal function]: Yee\Managers\Controller\Controller::__callStatic('reservation', Array)
#24 C:\xampp\htdocs\kinguin\vendor\yeephp\yeephp\Yee\Route.php(468): call_user_func_array('\\App\\Controller...', Array)
#25 C:\xampp\htdocs\kinguin\vendor\yeephp\yeephp\Yee\Yee.php(1374): Yee\Route->dispatch()
#26 C:\xampp\htdocs\kinguin\vendor\yeephp\yeephp\Yee\Middleware\Flash.php(85): Yee\Yee->call()
#27 C:\xampp\htdocs\kinguin\vendor\yeephp\yeephp\Yee\Middleware\MethodOverride.php(92): Yee\Middleware\Flash->call()
#28 C:\xampp\htdocs\kinguin\vendor\yeephp\yeephp\Yee\Middleware\PrettyExceptions.php(67): Yee\Middleware\MethodOverride->call()
#29 C:\xampp\htdocs\kinguin\vendor\yeephp\yeephp\Yee\Yee.php(1282): Yee\Middleware\PrettyExceptions->call()
#30 C:\xampp\htdocs\kinguin\public\index.php(25): Yee\Yee->execute()
#31 {main}
ERROR - 2017-09-06 18:40:18 - Twig_Error_Syntax: Unexpected token "end of print statement" of value "". in C:\xampp\htdocs\kinguin\templates\reservations\index.twig:21
Stack trace:
#0 C:\xampp\htdocs\kinguin\vendor\twig\twig\lib\Twig\ExpressionParser.php(102): Twig_ExpressionParser->parsePrimaryExpression()
#1 C:\xampp\htdocs\kinguin\vendor\twig\twig\lib\Twig\ExpressionParser.php(55): Twig_ExpressionParser->getPrimary()
#2 C:\xampp\htdocs\kinguin\vendor\twig\twig\lib\Twig\ExpressionParser.php(90): Twig_ExpressionParser->parseExpression(500)
#3 C:\xampp\htdocs\kinguin\vendor\twig\twig\lib\Twig\ExpressionParser.php(55): Twig_ExpressionParser->getPrimary()
#4 C:\xampp\htdocs\kinguin\vendor\twig\twig\lib\Twig\ExpressionParser.php(68): Twig_ExpressionParser->parseExpression(31)
#5 C:\xampp\htdocs\kinguin\vendor\twig\twig\lib\Twig\Parser.php(147): Twig_ExpressionParser->parseExpression()
#6 C:\xampp\htdocs\kinguin\vendor\twig\twig\lib\Twig\TokenParser\If.php(36): Twig_Parser->subparse(Array)
#7 C:\xampp\htdocs\kinguin\vendor\twig\twig\lib\Twig\Parser.php(190): Twig_TokenParser_If->parse(Object(Twig_Token))
#8 C:\xampp\htdocs\kinguin\vendor\twig\twig\lib\Twig\TokenParser\For.php(42): Twig_Parser->subparse(Array)
#9 C:\xampp\htdocs\kinguin\vendor\twig\twig\lib\Twig\Parser.php(190): Twig_TokenParser_For->parse(Object(Twig_Token))
#10 C:\xampp\htdocs\kinguin\vendor\twig\twig\lib\Twig\TokenParser\Block.php(40): Twig_Parser->subparse(Array, true)
#11 C:\xampp\htdocs\kinguin\vendor\twig\twig\lib\Twig\Parser.php(190): Twig_TokenParser_Block->parse(Object(Twig_Token))
#12 C:\xampp\htdocs\kinguin\vendor\twig\twig\lib\Twig\Parser.php(103): Twig_Parser->subparse(NULL, false)
#13 C:\xampp\htdocs\kinguin\vendor\twig\twig\lib\Twig\Environment.php(692): Twig_Parser->parse(Object(Twig_TokenStream))
#14 C:\xampp\htdocs\kinguin\vendor\twig\twig\lib\Twig\Environment.php(750): Twig_Environment->parse(Object(Twig_TokenStream))
#15 C:\xampp\htdocs\kinguin\vendor\twig\twig\lib\Twig\Environment.php(447): Twig_Environment->compileSource(Object(Twig_Source))
#16 C:\xampp\htdocs\kinguin\vendor\yeephp\yeephp\Yee\Views\Twig.php(87): Twig_Environment->loadTemplate('reservations/in...')
#17 C:\xampp\htdocs\kinguin\vendor\yeephp\yeephp\Yee\View.php(255): Yee\Views\Twig->render('reservations/in...', NULL)
#18 C:\xampp\htdocs\kinguin\vendor\yeephp\yeephp\Yee\View.php(243): Yee\View->fetch('reservations/in...', NULL)
#19 C:\xampp\htdocs\kinguin\vendor\yeephp\yeephp\Yee\Yee.php(766): Yee\View->display('reservations/in...')
#20 C:\xampp\htdocs\kinguin\App\Controllers\Reservation\ReservationController.php(30): Yee\Yee->render('reservations/in...', Array)
#21 [internal function]: App\Controllers\Reservation\ReservationController->reservation()
#22 C:\xampp\htdocs\kinguin\vendor\yeephp\yeephp\Yee\Managers\Controller\Controller.php(23): call_user_func_array(Array, Array)
#23 [internal function]: Yee\Managers\Controller\Controller::__callStatic('reservation', Array)
#24 C:\xampp\htdocs\kinguin\vendor\yeephp\yeephp\Yee\Route.php(468): call_user_func_array('\\App\\Controller...', Array)
#25 C:\xampp\htdocs\kinguin\vendor\yeephp\yeephp\Yee\Yee.php(1374): Yee\Route->dispatch()
#26 C:\xampp\htdocs\kinguin\vendor\yeephp\yeephp\Yee\Middleware\Flash.php(85): Yee\Yee->call()
#27 C:\xampp\htdocs\kinguin\vendor\yeephp\yeephp\Yee\Middleware\MethodOverride.php(92): Yee\Middleware\Flash->call()
#28 C:\xampp\htdocs\kinguin\vendor\yeephp\yeephp\Yee\Middleware\PrettyExceptions.php(67): Yee\Middleware\MethodOverride->call()
#29 C:\xampp\htdocs\kinguin\vendor\yeephp\yeephp\Yee\Yee.php(1282): Yee\Middleware\PrettyExceptions->call()
#30 C:\xampp\htdocs\kinguin\public\index.php(25): Yee\Yee->execute()
#31 {main}
ERROR - 2017-09-06 18:41:42 - Twig_Error_Syntax: Unexpected "i" tag (expecting closing tag for the "if" tag defined near line 20). in C:\xampp\htdocs\kinguin\templates\reservations\index.twig:21
Stack trace:
#0 C:\xampp\htdocs\kinguin\vendor\twig\twig\lib\Twig\TokenParser\If.php(36): Twig_Parser->subparse(Array)
#1 C:\xampp\htdocs\kinguin\vendor\twig\twig\lib\Twig\Parser.php(190): Twig_TokenParser_If->parse(Object(Twig_Token))
#2 C:\xampp\htdocs\kinguin\vendor\twig\twig\lib\Twig\TokenParser\For.php(42): Twig_Parser->subparse(Array)
#3 C:\xampp\htdocs\kinguin\vendor\twig\twig\lib\Twig\Parser.php(190): Twig_TokenParser_For->parse(Object(Twig_Token))
#4 C:\xampp\htdocs\kinguin\vendor\twig\twig\lib\Twig\TokenParser\Block.php(40): Twig_Parser->subparse(Array, true)
#5 C:\xampp\htdocs\kinguin\vendor\twig\twig\lib\Twig\Parser.php(190): Twig_TokenParser_Block->parse(Object(Twig_Token))
#6 C:\xampp\htdocs\kinguin\vendor\twig\twig\lib\Twig\Parser.php(103): Twig_Parser->subparse(NULL, false)
#7 C:\xampp\htdocs\kinguin\vendor\twig\twig\lib\Twig\Environment.php(692): Twig_Parser->parse(Object(Twig_TokenStream))
#8 C:\xampp\htdocs\kinguin\vendor\twig\twig\lib\Twig\Environment.php(750): Twig_Environment->parse(Object(Twig_TokenStream))
#9 C:\xampp\htdocs\kinguin\vendor\twig\twig\lib\Twig\Environment.php(447): Twig_Environment->compileSource(Object(Twig_Source))
#10 C:\xampp\htdocs\kinguin\vendor\yeephp\yeephp\Yee\Views\Twig.php(87): Twig_Environment->loadTemplate('reservations/in...')
#11 C:\xampp\htdocs\kinguin\vendor\yeephp\yeephp\Yee\View.php(255): Yee\Views\Twig->render('reservations/in...', NULL)
#12 C:\xampp\htdocs\kinguin\vendor\yeephp\yeephp\Yee\View.php(243): Yee\View->fetch('reservations/in...', NULL)
#13 C:\xampp\htdocs\kinguin\vendor\yeephp\yeephp\Yee\Yee.php(766): Yee\View->display('reservations/in...')
#14 C:\xampp\htdocs\kinguin\App\Controllers\Reservation\ReservationController.php(30): Yee\Yee->render('reservations/in...', Array)
#15 [internal function]: App\Controllers\Reservation\ReservationController->reservation()
#16 C:\xampp\htdocs\kinguin\vendor\yeephp\yeephp\Yee\Managers\Controller\Controller.php(23): call_user_func_array(Array, Array)
#17 [internal function]: Yee\Managers\Controller\Controller::__callStatic('reservation', Array)
#18 C:\xampp\htdocs\kinguin\vendor\yeephp\yeephp\Yee\Route.php(468): call_user_func_array('\\App\\Controller...', Array)
#19 C:\xampp\htdocs\kinguin\vendor\yeephp\yeephp\Yee\Yee.php(1374): Yee\Route->dispatch()
#20 C:\xampp\htdocs\kinguin\vendor\yeephp\yeephp\Yee\Middleware\Flash.php(85): Yee\Yee->call()
#21 C:\xampp\htdocs\kinguin\vendor\yeephp\yeephp\Yee\Middleware\MethodOverride.php(92): Yee\Middleware\Flash->call()
#22 C:\xampp\htdocs\kinguin\vendor\yeephp\yeephp\Yee\Middleware\PrettyExceptions.php(67): Yee\Middleware\MethodOverride->call()
#23 C:\xampp\htdocs\kinguin\vendor\yeephp\yeephp\Yee\Yee.php(1282): Yee\Middleware\PrettyExceptions->call()
#24 C:\xampp\htdocs\kinguin\public\index.php(25): Yee\Yee->execute()
#25 {main}
ERROR - 2017-09-06 18:42:16 - Twig_Error_Syntax: Unexpected "i" tag (expecting closing tag for the "if" tag defined near line 20). in C:\xampp\htdocs\kinguin\templates\reservations\index.twig:21
Stack trace:
#0 C:\xampp\htdocs\kinguin\vendor\twig\twig\lib\Twig\TokenParser\If.php(36): Twig_Parser->subparse(Array)
#1 C:\xampp\htdocs\kinguin\vendor\twig\twig\lib\Twig\Parser.php(190): Twig_TokenParser_If->parse(Object(Twig_Token))
#2 C:\xampp\htdocs\kinguin\vendor\twig\twig\lib\Twig\TokenParser\For.php(42): Twig_Parser->subparse(Array)
#3 C:\xampp\htdocs\kinguin\vendor\twig\twig\lib\Twig\Parser.php(190): Twig_TokenParser_For->parse(Object(Twig_Token))
#4 C:\xampp\htdocs\kinguin\vendor\twig\twig\lib\Twig\TokenParser\Block.php(40): Twig_Parser->subparse(Array, true)
#5 C:\xampp\htdocs\kinguin\vendor\twig\twig\lib\Twig\Parser.php(190): Twig_TokenParser_Block->parse(Object(Twig_Token))
#6 C:\xampp\htdocs\kinguin\vendor\twig\twig\lib\Twig\Parser.php(103): Twig_Parser->subparse(NULL, false)
#7 C:\xampp\htdocs\kinguin\vendor\twig\twig\lib\Twig\Environment.php(692): Twig_Parser->parse(Object(Twig_TokenStream))
#8 C:\xampp\htdocs\kinguin\vendor\twig\twig\lib\Twig\Environment.php(750): Twig_Environment->parse(Object(Twig_TokenStream))
#9 C:\xampp\htdocs\kinguin\vendor\twig\twig\lib\Twig\Environment.php(447): Twig_Environment->compileSource(Object(Twig_Source))
#10 C:\xampp\htdocs\kinguin\vendor\yeephp\yeephp\Yee\Views\Twig.php(87): Twig_Environment->loadTemplate('reservations/in...')
#11 C:\xampp\htdocs\kinguin\vendor\yeephp\yeephp\Yee\View.php(255): Yee\Views\Twig->render('reservations/in...', NULL)
#12 C:\xampp\htdocs\kinguin\vendor\yeephp\yeephp\Yee\View.php(243): Yee\View->fetch('reservations/in...', NULL)
#13 C:\xampp\htdocs\kinguin\vendor\yeephp\yeephp\Yee\Yee.php(766): Yee\View->display('reservations/in...')
#14 C:\xampp\htdocs\kinguin\App\Controllers\Reservation\ReservationController.php(30): Yee\Yee->render('reservations/in...', Array)
#15 [internal function]: App\Controllers\Reservation\ReservationController->reservation()
#16 C:\xampp\htdocs\kinguin\vendor\yeephp\yeephp\Yee\Managers\Controller\Controller.php(23): call_user_func_array(Array, Array)
#17 [internal function]: Yee\Managers\Controller\Controller::__callStatic('reservation', Array)
#18 C:\xampp\htdocs\kinguin\vendor\yeephp\yeephp\Yee\Route.php(468): call_user_func_array('\\App\\Controller...', Array)
#19 C:\xampp\htdocs\kinguin\vendor\yeephp\yeephp\Yee\Yee.php(1374): Yee\Route->dispatch()
#20 C:\xampp\htdocs\kinguin\vendor\yeephp\yeephp\Yee\Middleware\Flash.php(85): Yee\Yee->call()
#21 C:\xampp\htdocs\kinguin\vendor\yeephp\yeephp\Yee\Middleware\MethodOverride.php(92): Yee\Middleware\Flash->call()
#22 C:\xampp\htdocs\kinguin\vendor\yeephp\yeephp\Yee\Middleware\PrettyExceptions.php(67): Yee\Middleware\MethodOverride->call()
#23 C:\xampp\htdocs\kinguin\vendor\yeephp\yeephp\Yee\Yee.php(1282): Yee\Middleware\PrettyExceptions->call()
#24 C:\xampp\htdocs\kinguin\public\index.php(25): Yee\Yee->execute()
#25 {main}
ERROR - 2017-09-06 18:42:19 - Twig_Error_Syntax: Unexpected "i" tag (expecting closing tag for the "if" tag defined near line 20). in C:\xampp\htdocs\kinguin\templates\reservations\index.twig:21
Stack trace:
#0 C:\xampp\htdocs\kinguin\vendor\twig\twig\lib\Twig\TokenParser\If.php(36): Twig_Parser->subparse(Array)
#1 C:\xampp\htdocs\kinguin\vendor\twig\twig\lib\Twig\Parser.php(190): Twig_TokenParser_If->parse(Object(Twig_Token))
#2 C:\xampp\htdocs\kinguin\vendor\twig\twig\lib\Twig\TokenParser\For.php(42): Twig_Parser->subparse(Array)
#3 C:\xampp\htdocs\kinguin\vendor\twig\twig\lib\Twig\Parser.php(190): Twig_TokenParser_For->parse(Object(Twig_Token))
#4 C:\xampp\htdocs\kinguin\vendor\twig\twig\lib\Twig\TokenParser\Block.php(40): Twig_Parser->subparse(Array, true)
#5 C:\xampp\htdocs\kinguin\vendor\twig\twig\lib\Twig\Parser.php(190): Twig_TokenParser_Block->parse(Object(Twig_Token))
#6 C:\xampp\htdocs\kinguin\vendor\twig\twig\lib\Twig\Parser.php(103): Twig_Parser->subparse(NULL, false)
#7 C:\xampp\htdocs\kinguin\vendor\twig\twig\lib\Twig\Environment.php(692): Twig_Parser->parse(Object(Twig_TokenStream))
#8 C:\xampp\htdocs\kinguin\vendor\twig\twig\lib\Twig\Environment.php(750): Twig_Environment->parse(Object(Twig_TokenStream))
#9 C:\xampp\htdocs\kinguin\vendor\twig\twig\lib\Twig\Environment.php(447): Twig_Environment->compileSource(Object(Twig_Source))
#10 C:\xampp\htdocs\kinguin\vendor\yeephp\yeephp\Yee\Views\Twig.php(87): Twig_Environment->loadTemplate('reservations/in...')
#11 C:\xampp\htdocs\kinguin\vendor\yeephp\yeephp\Yee\View.php(255): Yee\Views\Twig->render('reservations/in...', NULL)
#12 C:\xampp\htdocs\kinguin\vendor\yeephp\yeephp\Yee\View.php(243): Yee\View->fetch('reservations/in...', NULL)
#13 C:\xampp\htdocs\kinguin\vendor\yeephp\yeephp\Yee\Yee.php(766): Yee\View->display('reservations/in...')
#14 C:\xampp\htdocs\kinguin\App\Controllers\Reservation\ReservationController.php(30): Yee\Yee->render('reservations/in...', Array)
#15 [internal function]: App\Controllers\Reservation\ReservationController->reservation()
#16 C:\xampp\htdocs\kinguin\vendor\yeephp\yeephp\Yee\Managers\Controller\Controller.php(23): call_user_func_array(Array, Array)
#17 [internal function]: Yee\Managers\Controller\Controller::__callStatic('reservation', Array)
#18 C:\xampp\htdocs\kinguin\vendor\yeephp\yeephp\Yee\Route.php(468): call_user_func_array('\\App\\Controller...', Array)
#19 C:\xampp\htdocs\kinguin\vendor\yeephp\yeephp\Yee\Yee.php(1374): Yee\Route->dispatch()
#20 C:\xampp\htdocs\kinguin\vendor\yeephp\yeephp\Yee\Middleware\Flash.php(85): Yee\Yee->call()
#21 C:\xampp\htdocs\kinguin\vendor\yeephp\yeephp\Yee\Middleware\MethodOverride.php(92): Yee\Middleware\Flash->call()
#22 C:\xampp\htdocs\kinguin\vendor\yeephp\yeephp\Yee\Middleware\PrettyExceptions.php(67): Yee\Middleware\MethodOverride->call()
#23 C:\xampp\htdocs\kinguin\vendor\yeephp\yeephp\Yee\Yee.php(1282): Yee\Middleware\PrettyExceptions->call()
#24 C:\xampp\htdocs\kinguin\public\index.php(25): Yee\Yee->execute()
#25 {main}
ERROR - 2017-09-06 18:42:19 - Twig_Error_Syntax: Unexpected "i" tag (expecting closing tag for the "if" tag defined near line 20). in C:\xampp\htdocs\kinguin\templates\reservations\index.twig:21
Stack trace:
#0 C:\xampp\htdocs\kinguin\vendor\twig\twig\lib\Twig\TokenParser\If.php(36): Twig_Parser->subparse(Array)
#1 C:\xampp\htdocs\kinguin\vendor\twig\twig\lib\Twig\Parser.php(190): Twig_TokenParser_If->parse(Object(Twig_Token))
#2 C:\xampp\htdocs\kinguin\vendor\twig\twig\lib\Twig\TokenParser\For.php(42): Twig_Parser->subparse(Array)
#3 C:\xampp\htdocs\kinguin\vendor\twig\twig\lib\Twig\Parser.php(190): Twig_TokenParser_For->parse(Object(Twig_Token))
#4 C:\xampp\htdocs\kinguin\vendor\twig\twig\lib\Twig\TokenParser\Block.php(40): Twig_Parser->subparse(Array, true)
#5 C:\xampp\htdocs\kinguin\vendor\twig\twig\lib\Twig\Parser.php(190): Twig_TokenParser_Block->parse(Object(Twig_Token))
#6 C:\xampp\htdocs\kinguin\vendor\twig\twig\lib\Twig\Parser.php(103): Twig_Parser->subparse(NULL, false)
#7 C:\xampp\htdocs\kinguin\vendor\twig\twig\lib\Twig\Environment.php(692): Twig_Parser->parse(Object(Twig_TokenStream))
#8 C:\xampp\htdocs\kinguin\vendor\twig\twig\lib\Twig\Environment.php(750): Twig_Environment->parse(Object(Twig_TokenStream))
#9 C:\xampp\htdocs\kinguin\vendor\twig\twig\lib\Twig\Environment.php(447): Twig_Environment->compileSource(Object(Twig_Source))
#10 C:\xampp\htdocs\kinguin\vendor\yeephp\yeephp\Yee\Views\Twig.php(87): Twig_Environment->loadTemplate('reservations/in...')
#11 C:\xampp\htdocs\kinguin\vendor\yeephp\yeephp\Yee\View.php(255): Yee\Views\Twig->render('reservations/in...', NULL)
#12 C:\xampp\htdocs\kinguin\vendor\yeephp\yeephp\Yee\View.php(243): Yee\View->fetch('reservations/in...', NULL)
#13 C:\xampp\htdocs\kinguin\vendor\yeephp\yeephp\Yee\Yee.php(766): Yee\View->display('reservations/in...')
#14 C:\xampp\htdocs\kinguin\App\Controllers\Reservation\ReservationController.php(30): Yee\Yee->render('reservations/in...', Array)
#15 [internal function]: App\Controllers\Reservation\ReservationController->reservation()
#16 C:\xampp\htdocs\kinguin\vendor\yeephp\yeephp\Yee\Managers\Controller\Controller.php(23): call_user_func_array(Array, Array)
#17 [internal function]: Yee\Managers\Controller\Controller::__callStatic('reservation', Array)
#18 C:\xampp\htdocs\kinguin\vendor\yeephp\yeephp\Yee\Route.php(468): call_user_func_array('\\App\\Controller...', Array)
#19 C:\xampp\htdocs\kinguin\vendor\yeephp\yeephp\Yee\Yee.php(1374): Yee\Route->dispatch()
#20 C:\xampp\htdocs\kinguin\vendor\yeephp\yeephp\Yee\Middleware\Flash.php(85): Yee\Yee->call()
#21 C:\xampp\htdocs\kinguin\vendor\yeephp\yeephp\Yee\Middleware\MethodOverride.php(92): Yee\Middleware\Flash->call()
#22 C:\xampp\htdocs\kinguin\vendor\yeephp\yeephp\Yee\Middleware\PrettyExceptions.php(67): Yee\Middleware\MethodOverride->call()
#23 C:\xampp\htdocs\kinguin\vendor\yeephp\yeephp\Yee\Yee.php(1282): Yee\Middleware\PrettyExceptions->call()
#24 C:\xampp\htdocs\kinguin\public\index.php(25): Yee\Yee->execute()
#25 {main}
ERROR - 2017-09-06 18:42:54 - Twig_Error_Syntax: Unexpected "i" tag (expecting closing tag for the "if" tag defined near line 20). in C:\xampp\htdocs\kinguin\templates\reservations\index.twig:21
Stack trace:
#0 C:\xampp\htdocs\kinguin\vendor\twig\twig\lib\Twig\TokenParser\If.php(36): Twig_Parser->subparse(Array)
#1 C:\xampp\htdocs\kinguin\vendor\twig\twig\lib\Twig\Parser.php(190): Twig_TokenParser_If->parse(Object(Twig_Token))
#2 C:\xampp\htdocs\kinguin\vendor\twig\twig\lib\Twig\TokenParser\For.php(42): Twig_Parser->subparse(Array)
#3 C:\xampp\htdocs\kinguin\vendor\twig\twig\lib\Twig\Parser.php(190): Twig_TokenParser_For->parse(Object(Twig_Token))
#4 C:\xampp\htdocs\kinguin\vendor\twig\twig\lib\Twig\TokenParser\Block.php(40): Twig_Parser->subparse(Array, true)
#5 C:\xampp\htdocs\kinguin\vendor\twig\twig\lib\Twig\Parser.php(190): Twig_TokenParser_Block->parse(Object(Twig_Token))
#6 C:\xampp\htdocs\kinguin\vendor\twig\twig\lib\Twig\Parser.php(103): Twig_Parser->subparse(NULL, false)
#7 C:\xampp\htdocs\kinguin\vendor\twig\twig\lib\Twig\Environment.php(692): Twig_Parser->parse(Object(Twig_TokenStream))
#8 C:\xampp\htdocs\kinguin\vendor\twig\twig\lib\Twig\Environment.php(750): Twig_Environment->parse(Object(Twig_TokenStream))
#9 C:\xampp\htdocs\kinguin\vendor\twig\twig\lib\Twig\Environment.php(447): Twig_Environment->compileSource(Object(Twig_Source))
#10 C:\xampp\htdocs\kinguin\vendor\yeephp\yeephp\Yee\Views\Twig.php(87): Twig_Environment->loadTemplate('reservations/in...')
#11 C:\xampp\htdocs\kinguin\vendor\yeephp\yeephp\Yee\View.php(255): Yee\Views\Twig->render('reservations/in...', NULL)
#12 C:\xampp\htdocs\kinguin\vendor\yeephp\yeephp\Yee\View.php(243): Yee\View->fetch('reservations/in...', NULL)
#13 C:\xampp\htdocs\kinguin\vendor\yeephp\yeephp\Yee\Yee.php(766): Yee\View->display('reservations/in...')
#14 C:\xampp\htdocs\kinguin\App\Controllers\Reservation\ReservationController.php(30): Yee\Yee->render('reservations/in...', Array)
#15 [internal function]: App\Controllers\Reservation\ReservationController->reservation()
#16 C:\xampp\htdocs\kinguin\vendor\yeephp\yeephp\Yee\Managers\Controller\Controller.php(23): call_user_func_array(Array, Array)
#17 [internal function]: Yee\Managers\Controller\Controller::__callStatic('reservation', Array)
#18 C:\xampp\htdocs\kinguin\vendor\yeephp\yeephp\Yee\Route.php(468): call_user_func_array('\\App\\Controller...', Array)
#19 C:\xampp\htdocs\kinguin\vendor\yeephp\yeephp\Yee\Yee.php(1374): Yee\Route->dispatch()
#20 C:\xampp\htdocs\kinguin\vendor\yeephp\yeephp\Yee\Middleware\Flash.php(85): Yee\Yee->call()
#21 C:\xampp\htdocs\kinguin\vendor\yeephp\yeephp\Yee\Middleware\MethodOverride.php(92): Yee\Middleware\Flash->call()
#22 C:\xampp\htdocs\kinguin\vendor\yeephp\yeephp\Yee\Middleware\PrettyExceptions.php(67): Yee\Middleware\MethodOverride->call()
#23 C:\xampp\htdocs\kinguin\vendor\yeephp\yeephp\Yee\Yee.php(1282): Yee\Middleware\PrettyExceptions->call()
#24 C:\xampp\htdocs\kinguin\public\index.php(25): Yee\Yee->execute()
#25 {main}
ERROR - 2017-09-06 19:03:30 - Twig_Error_Syntax: Unexpected token "name" of value "dayinmoth" ("end of statement block" expected). in C:\xampp\htdocs\kinguin\templates\reservations\index.twig:39
Stack trace:
#0 C:\xampp\htdocs\kinguin\vendor\twig\twig\lib\Twig\TokenParser\For.php(41): Twig_TokenStream->expect(3)
#1 C:\xampp\htdocs\kinguin\vendor\twig\twig\lib\Twig\Parser.php(190): Twig_TokenParser_For->parse(Object(Twig_Token))
#2 C:\xampp\htdocs\kinguin\vendor\twig\twig\lib\Twig\TokenParser\For.php(42): Twig_Parser->subparse(Array)
#3 C:\xampp\htdocs\kinguin\vendor\twig\twig\lib\Twig\Parser.php(190): Twig_TokenParser_For->parse(Object(Twig_Token))
#4 C:\xampp\htdocs\kinguin\vendor\twig\twig\lib\Twig\TokenParser\For.php(42): Twig_Parser->subparse(Array)
#5 C:\xampp\htdocs\kinguin\vendor\twig\twig\lib\Twig\Parser.php(190): Twig_TokenParser_For->parse(Object(Twig_Token))
#6 C:\xampp\htdocs\kinguin\vendor\twig\twig\lib\Twig\TokenParser\Block.php(40): Twig_Parser->subparse(Array, true)
#7 C:\xampp\htdocs\kinguin\vendor\twig\twig\lib\Twig\Parser.php(190): Twig_TokenParser_Block->parse(Object(Twig_Token))
#8 C:\xampp\htdocs\kinguin\vendor\twig\twig\lib\Twig\Parser.php(103): Twig_Parser->subparse(NULL, false)
#9 C:\xampp\htdocs\kinguin\vendor\twig\twig\lib\Twig\Environment.php(692): Twig_Parser->parse(Object(Twig_TokenStream))
#10 C:\xampp\htdocs\kinguin\vendor\twig\twig\lib\Twig\Environment.php(750): Twig_Environment->parse(Object(Twig_TokenStream))
#11 C:\xampp\htdocs\kinguin\vendor\twig\twig\lib\Twig\Environment.php(447): Twig_Environment->compileSource(Object(Twig_Source))
#12 C:\xampp\htdocs\kinguin\vendor\yeephp\yeephp\Yee\Views\Twig.php(87): Twig_Environment->loadTemplate('reservations/in...')
#13 C:\xampp\htdocs\kinguin\vendor\yeephp\yeephp\Yee\View.php(255): Yee\Views\Twig->render('reservations/in...', NULL)
#14 C:\xampp\htdocs\kinguin\vendor\yeephp\yeephp\Yee\View.php(243): Yee\View->fetch('reservations/in...', NULL)
#15 C:\xampp\htdocs\kinguin\vendor\yeephp\yeephp\Yee\Yee.php(766): Yee\View->display('reservations/in...')
#16 C:\xampp\htdocs\kinguin\App\Controllers\Reservation\ReservationController.php(30): Yee\Yee->render('reservations/in...', Array)
#17 [internal function]: App\Controllers\Reservation\ReservationController->reservation()
#18 C:\xampp\htdocs\kinguin\vendor\yeephp\yeephp\Yee\Managers\Controller\Controller.php(23): call_user_func_array(Array, Array)
#19 [internal function]: Yee\Managers\Controller\Controller::__callStatic('reservation', Array)
#20 C:\xampp\htdocs\kinguin\vendor\yeephp\yeephp\Yee\Route.php(468): call_user_func_array('\\App\\Controller...', Array)
#21 C:\xampp\htdocs\kinguin\vendor\yeephp\yeephp\Yee\Yee.php(1374): Yee\Route->dispatch()
#22 C:\xampp\htdocs\kinguin\vendor\yeephp\yeephp\Yee\Middleware\Flash.php(85): Yee\Yee->call()
#23 C:\xampp\htdocs\kinguin\vendor\yeephp\yeephp\Yee\Middleware\MethodOverride.php(92): Yee\Middleware\Flash->call()
#24 C:\xampp\htdocs\kinguin\vendor\yeephp\yeephp\Yee\Middleware\PrettyExceptions.php(67): Yee\Middleware\MethodOverride->call()
#25 C:\xampp\htdocs\kinguin\vendor\yeephp\yeephp\Yee\Yee.php(1282): Yee\Middleware\PrettyExceptions->call()
#26 C:\xampp\htdocs\kinguin\public\index.php(25): Yee\Yee->execute()
#27 {main}
