ERROR - 2017-09-08 08:37:10 - ErrorException: Undefined index: year in C:\xampp\htdocs\kinguin\App\Models\ReservationModel\ReservationModel.php:24
Stack trace:
#0 C:\xampp\htdocs\kinguin\App\Models\ReservationModel\ReservationModel.php(24): Yee\Yee::handleErrors(8, 'Undefined index...', 'C:\\xampp\\htdocs...', 24, Array)
#1 C:\xampp\htdocs\kinguin\App\Controllers\Reservation\ReservationController.php(26): App\Models\ReservationModel\ReservationModel->show()
#2 [internal function]: App\Controllers\Reservation\ReservationController->reservation()
#3 C:\xampp\htdocs\kinguin\vendor\yeephp\yeephp\Yee\Managers\Controller\Controller.php(23): call_user_func_array(Array, Array)
#4 [internal function]: Yee\Managers\Controller\Controller::__callStatic('reservation', Array)
#5 C:\xampp\htdocs\kinguin\vendor\yeephp\yeephp\Yee\Route.php(468): call_user_func_array('\\App\\Controller...', Array)
#6 C:\xampp\htdocs\kinguin\vendor\yeephp\yeephp\Yee\Yee.php(1374): Yee\Route->dispatch()
#7 C:\xampp\htdocs\kinguin\vendor\yeephp\yeephp\Yee\Middleware\Flash.php(85): Yee\Yee->call()
#8 C:\xampp\htdocs\kinguin\vendor\yeephp\yeephp\Yee\Middleware\MethodOverride.php(92): Yee\Middleware\Flash->call()
#9 C:\xampp\htdocs\kinguin\vendor\yeephp\yeephp\Yee\Middleware\PrettyExceptions.php(67): Yee\Middleware\MethodOverride->call()
#10 C:\xampp\htdocs\kinguin\vendor\yeephp\yeephp\Yee\Yee.php(1282): Yee\Middleware\PrettyExceptions->call()
#11 C:\xampp\htdocs\kinguin\public\index.php(25): Yee\Yee->execute()
#12 {main}
ERROR - 2017-09-08 09:15:31 - ErrorException: Undefined variable: jj in C:\xampp\htdocs\kinguin\App\Controllers\Reservation\ReservationController.php:54
Stack trace:
#0 C:\xampp\htdocs\kinguin\App\Controllers\Reservation\ReservationController.php(54): Yee\Yee::handleErrors(8, 'Undefined varia...', 'C:\\xampp\\htdocs...', 54, Array)
#1 [internal function]: App\Controllers\Reservation\ReservationController->getCurentDate('10', '2017')
#2 C:\xampp\htdocs\kinguin\vendor\yeephp\yeephp\Yee\Managers\Controller\Controller.php(23): call_user_func_array(Array, Array)
#3 [internal function]: Yee\Managers\Controller\Controller::__callStatic('getCurentDate', Array)
#4 C:\xampp\htdocs\kinguin\vendor\yeephp\yeephp\Yee\Route.php(468): call_user_func_array('\\App\\Controller...', Array)
#5 C:\xampp\htdocs\kinguin\vendor\yeephp\yeephp\Yee\Yee.php(1374): Yee\Route->dispatch()
#6 C:\xampp\htdocs\kinguin\vendor\yeephp\yeephp\Yee\Middleware\Flash.php(85): Yee\Yee->call()
#7 C:\xampp\htdocs\kinguin\vendor\yeephp\yeephp\Yee\Middleware\MethodOverride.php(92): Yee\Middleware\Flash->call()
#8 C:\xampp\htdocs\kinguin\vendor\yeephp\yeephp\Yee\Middleware\PrettyExceptions.php(67): Yee\Middleware\MethodOverride->call()
#9 C:\xampp\htdocs\kinguin\vendor\yeephp\yeephp\Yee\Yee.php(1282): Yee\Middleware\PrettyExceptions->call()
#10 C:\xampp\htdocs\kinguin\public\index.php(25): Yee\Yee->execute()
#11 {main}
ERROR - 2017-09-08 09:27:54 - ErrorException: Undefined variable: month in C:\xampp\htdocs\kinguin\App\Models\ReservationModel\ReservationModel.php:38
Stack trace:
#0 C:\xampp\htdocs\kinguin\App\Models\ReservationModel\ReservationModel.php(38): Yee\Yee::handleErrors(8, 'Undefined varia...', 'C:\\xampp\\htdocs...', 38, Array)
#1 C:\xampp\htdocs\kinguin\App\Controllers\Reservation\ReservationController.php(26): App\Models\ReservationModel\ReservationModel->show()
#2 [internal function]: App\Controllers\Reservation\ReservationController->reservation()
#3 C:\xampp\htdocs\kinguin\vendor\yeephp\yeephp\Yee\Managers\Controller\Controller.php(23): call_user_func_array(Array, Array)
#4 [internal function]: Yee\Managers\Controller\Controller::__callStatic('reservation', Array)
#5 C:\xampp\htdocs\kinguin\vendor\yeephp\yeephp\Yee\Route.php(468): call_user_func_array('\\App\\Controller...', Array)
#6 C:\xampp\htdocs\kinguin\vendor\yeephp\yeephp\Yee\Yee.php(1374): Yee\Route->dispatch()
#7 C:\xampp\htdocs\kinguin\vendor\yeephp\yeephp\Yee\Middleware\Flash.php(85): Yee\Yee->call()
#8 C:\xampp\htdocs\kinguin\vendor\yeephp\yeephp\Yee\Middleware\MethodOverride.php(92): Yee\Middleware\Flash->call()
#9 C:\xampp\htdocs\kinguin\vendor\yeephp\yeephp\Yee\Middleware\PrettyExceptions.php(67): Yee\Middleware\MethodOverride->call()
#10 C:\xampp\htdocs\kinguin\vendor\yeephp\yeephp\Yee\Yee.php(1282): Yee\Middleware\PrettyExceptions->call()
#11 C:\xampp\htdocs\kinguin\public\index.php(25): Yee\Yee->execute()
#12 {main}
ERROR - 2017-09-08 09:33:22 - ErrorException: Undefined variable: month in C:\xampp\htdocs\kinguin\App\Models\ReservationModel\ReservationModel.php:38
Stack trace:
#0 C:\xampp\htdocs\kinguin\App\Models\ReservationModel\ReservationModel.php(38): Yee\Yee::handleErrors(8, 'Undefined varia...', 'C:\\xampp\\htdocs...', 38, Array)
#1 C:\xampp\htdocs\kinguin\App\Controllers\Reservation\ReservationController.php(26): App\Models\ReservationModel\ReservationModel->show()
#2 [internal function]: App\Controllers\Reservation\ReservationController->reservation()
#3 C:\xampp\htdocs\kinguin\vendor\yeephp\yeephp\Yee\Managers\Controller\Controller.php(23): call_user_func_array(Array, Array)
#4 [internal function]: Yee\Managers\Controller\Controller::__callStatic('reservation', Array)
#5 C:\xampp\htdocs\kinguin\vendor\yeephp\yeephp\Yee\Route.php(468): call_user_func_array('\\App\\Controller...', Array)
#6 C:\xampp\htdocs\kinguin\vendor\yeephp\yeephp\Yee\Yee.php(1374): Yee\Route->dispatch()
#7 C:\xampp\htdocs\kinguin\vendor\yeephp\yeephp\Yee\Middleware\Flash.php(85): Yee\Yee->call()
#8 C:\xampp\htdocs\kinguin\vendor\yeephp\yeephp\Yee\Middleware\MethodOverride.php(92): Yee\Middleware\Flash->call()
#9 C:\xampp\htdocs\kinguin\vendor\yeephp\yeephp\Yee\Middleware\PrettyExceptions.php(67): Yee\Middleware\MethodOverride->call()
#10 C:\xampp\htdocs\kinguin\vendor\yeephp\yeephp\Yee\Yee.php(1282): Yee\Middleware\PrettyExceptions->call()
#11 C:\xampp\htdocs\kinguin\public\index.php(25): Yee\Yee->execute()
#12 {main}
ERROR - 2017-09-08 09:35:44 - ErrorException: Undefined variable: month in C:\xampp\htdocs\kinguin\App\Models\ReservationModel\ReservationModel.php:38
Stack trace:
#0 C:\xampp\htdocs\kinguin\App\Models\ReservationModel\ReservationModel.php(38): Yee\Yee::handleErrors(8, 'Undefined varia...', 'C:\\xampp\\htdocs...', 38, Array)
#1 C:\xampp\htdocs\kinguin\App\Controllers\Reservation\ReservationController.php(26): App\Models\ReservationModel\ReservationModel->show()
#2 [internal function]: App\Controllers\Reservation\ReservationController->reservation()
#3 C:\xampp\htdocs\kinguin\vendor\yeephp\yeephp\Yee\Managers\Controller\Controller.php(23): call_user_func_array(Array, Array)
#4 [internal function]: Yee\Managers\Controller\Controller::__callStatic('reservation', Array)
#5 C:\xampp\htdocs\kinguin\vendor\yeephp\yeephp\Yee\Route.php(468): call_user_func_array('\\App\\Controller...', Array)
#6 C:\xampp\htdocs\kinguin\vendor\yeephp\yeephp\Yee\Yee.php(1374): Yee\Route->dispatch()
#7 C:\xampp\htdocs\kinguin\vendor\yeephp\yeephp\Yee\Middleware\Flash.php(85): Yee\Yee->call()
#8 C:\xampp\htdocs\kinguin\vendor\yeephp\yeephp\Yee\Middleware\MethodOverride.php(92): Yee\Middleware\Flash->call()
#9 C:\xampp\htdocs\kinguin\vendor\yeephp\yeephp\Yee\Middleware\PrettyExceptions.php(67): Yee\Middleware\MethodOverride->call()
#10 C:\xampp\htdocs\kinguin\vendor\yeephp\yeephp\Yee\Yee.php(1282): Yee\Middleware\PrettyExceptions->call()
#11 C:\xampp\htdocs\kinguin\public\index.php(25): Yee\Yee->execute()
#12 {main}
ERROR - 2017-09-08 09:36:01 - ErrorException: Undefined variable: month in C:\xampp\htdocs\kinguin\App\Models\ReservationModel\ReservationModel.php:38
Stack trace:
#0 C:\xampp\htdocs\kinguin\App\Models\ReservationModel\ReservationModel.php(38): Yee\Yee::handleErrors(8, 'Undefined varia...', 'C:\\xampp\\htdocs...', 38, Array)
#1 C:\xampp\htdocs\kinguin\App\Controllers\Reservation\ReservationController.php(26): App\Models\ReservationModel\ReservationModel->show()
#2 [internal function]: App\Controllers\Reservation\ReservationController->reservation()
#3 C:\xampp\htdocs\kinguin\vendor\yeephp\yeephp\Yee\Managers\Controller\Controller.php(23): call_user_func_array(Array, Array)
#4 [internal function]: Yee\Managers\Controller\Controller::__callStatic('reservation', Array)
#5 C:\xampp\htdocs\kinguin\vendor\yeephp\yeephp\Yee\Route.php(468): call_user_func_array('\\App\\Controller...', Array)
#6 C:\xampp\htdocs\kinguin\vendor\yeephp\yeephp\Yee\Yee.php(1374): Yee\Route->dispatch()
#7 C:\xampp\htdocs\kinguin\vendor\yeephp\yeephp\Yee\Middleware\Flash.php(85): Yee\Yee->call()
#8 C:\xampp\htdocs\kinguin\vendor\yeephp\yeephp\Yee\Middleware\MethodOverride.php(92): Yee\Middleware\Flash->call()
#9 C:\xampp\htdocs\kinguin\vendor\yeephp\yeephp\Yee\Middleware\PrettyExceptions.php(67): Yee\Middleware\MethodOverride->call()
#10 C:\xampp\htdocs\kinguin\vendor\yeephp\yeephp\Yee\Yee.php(1282): Yee\Middleware\PrettyExceptions->call()
#11 C:\xampp\htdocs\kinguin\public\index.php(25): Yee\Yee->execute()
#12 {main}
ERROR - 2017-09-08 10:19:53 - ErrorException: Illegal string offset 'daysInMonths' in C:\xampp\htdocs\kinguin\App\Controllers\Reservation\ReservationController.php:59
Stack trace:
#0 C:\xampp\htdocs\kinguin\App\Controllers\Reservation\ReservationController.php(59): Yee\Yee::handleErrors(2, 'Illegal string ...', 'C:\\xampp\\htdocs...', 59, Array)
#1 [internal function]: App\Controllers\Reservation\ReservationController->getCurentDate('10', '2017')
#2 C:\xampp\htdocs\kinguin\vendor\yeephp\yeephp\Yee\Managers\Controller\Controller.php(23): call_user_func_array(Array, Array)
#3 [internal function]: Yee\Managers\Controller\Controller::__callStatic('getCurentDate', Array)
#4 C:\xampp\htdocs\kinguin\vendor\yeephp\yeephp\Yee\Route.php(468): call_user_func_array('\\App\\Controller...', Array)
#5 C:\xampp\htdocs\kinguin\vendor\yeephp\yeephp\Yee\Yee.php(1374): Yee\Route->dispatch()
#6 C:\xampp\htdocs\kinguin\vendor\yeephp\yeephp\Yee\Middleware\Flash.php(85): Yee\Yee->call()
#7 C:\xampp\htdocs\kinguin\vendor\yeephp\yeephp\Yee\Middleware\MethodOverride.php(92): Yee\Middleware\Flash->call()
#8 C:\xampp\htdocs\kinguin\vendor\yeephp\yeephp\Yee\Middleware\PrettyExceptions.php(67): Yee\Middleware\MethodOverride->call()
#9 C:\xampp\htdocs\kinguin\vendor\yeephp\yeephp\Yee\Yee.php(1282): Yee\Middleware\PrettyExceptions->call()
#10 C:\xampp\htdocs\kinguin\public\index.php(25): Yee\Yee->execute()
#11 {main}
ERROR - 2017-09-08 10:28:11 - ErrorException: Illegal string offset 'currentDay' in C:\xampp\htdocs\kinguin\App\Controllers\Reservation\ReservationController.php:59
Stack trace:
#0 C:\xampp\htdocs\kinguin\App\Controllers\Reservation\ReservationController.php(59): Yee\Yee::handleErrors(2, 'Illegal string ...', 'C:\\xampp\\htdocs...', 59, Array)
#1 [internal function]: App\Controllers\Reservation\ReservationController->getCurentDate('10', '2017')
#2 C:\xampp\htdocs\kinguin\vendor\yeephp\yeephp\Yee\Managers\Controller\Controller.php(23): call_user_func_array(Array, Array)
#3 [internal function]: Yee\Managers\Controller\Controller::__callStatic('getCurentDate', Array)
#4 C:\xampp\htdocs\kinguin\vendor\yeephp\yeephp\Yee\Route.php(468): call_user_func_array('\\App\\Controller...', Array)
#5 C:\xampp\htdocs\kinguin\vendor\yeephp\yeephp\Yee\Yee.php(1374): Yee\Route->dispatch()
#6 C:\xampp\htdocs\kinguin\vendor\yeephp\yeephp\Yee\Middleware\Flash.php(85): Yee\Yee->call()
#7 C:\xampp\htdocs\kinguin\vendor\yeephp\yeephp\Yee\Middleware\MethodOverride.php(92): Yee\Middleware\Flash->call()
#8 C:\xampp\htdocs\kinguin\vendor\yeephp\yeephp\Yee\Middleware\PrettyExceptions.php(67): Yee\Middleware\MethodOverride->call()
#9 C:\xampp\htdocs\kinguin\vendor\yeephp\yeephp\Yee\Yee.php(1282): Yee\Middleware\PrettyExceptions->call()
#10 C:\xampp\htdocs\kinguin\public\index.php(25): Yee\Yee->execute()
#11 {main}
ERROR - 2017-09-08 10:28:31 - ErrorException: Illegal string offset 'currentDay' in C:\xampp\htdocs\kinguin\App\Controllers\Reservation\ReservationController.php:59
Stack trace:
#0 C:\xampp\htdocs\kinguin\App\Controllers\Reservation\ReservationController.php(59): Yee\Yee::handleErrors(2, 'Illegal string ...', 'C:\\xampp\\htdocs...', 59, Array)
#1 [internal function]: App\Controllers\Reservation\ReservationController->getCurentDate('10', '2017')
#2 C:\xampp\htdocs\kinguin\vendor\yeephp\yeephp\Yee\Managers\Controller\Controller.php(23): call_user_func_array(Array, Array)
#3 [internal function]: Yee\Managers\Controller\Controller::__callStatic('getCurentDate', Array)
#4 C:\xampp\htdocs\kinguin\vendor\yeephp\yeephp\Yee\Route.php(468): call_user_func_array('\\App\\Controller...', Array)
#5 C:\xampp\htdocs\kinguin\vendor\yeephp\yeephp\Yee\Yee.php(1374): Yee\Route->dispatch()
#6 C:\xampp\htdocs\kinguin\vendor\yeephp\yeephp\Yee\Middleware\Flash.php(85): Yee\Yee->call()
#7 C:\xampp\htdocs\kinguin\vendor\yeephp\yeephp\Yee\Middleware\MethodOverride.php(92): Yee\Middleware\Flash->call()
#8 C:\xampp\htdocs\kinguin\vendor\yeephp\yeephp\Yee\Middleware\PrettyExceptions.php(67): Yee\Middleware\MethodOverride->call()
#9 C:\xampp\htdocs\kinguin\vendor\yeephp\yeephp\Yee\Yee.php(1282): Yee\Middleware\PrettyExceptions->call()
#10 C:\xampp\htdocs\kinguin\public\index.php(25): Yee\Yee->execute()
#11 {main}
ERROR - 2017-09-08 10:28:36 - ErrorException: Illegal string offset 'currentDay' in C:\xampp\htdocs\kinguin\App\Controllers\Reservation\ReservationController.php:59
Stack trace:
#0 C:\xampp\htdocs\kinguin\App\Controllers\Reservation\ReservationController.php(59): Yee\Yee::handleErrors(2, 'Illegal string ...', 'C:\\xampp\\htdocs...', 59, Array)
#1 [internal function]: App\Controllers\Reservation\ReservationController->getCurentDate('8', '2017')
#2 C:\xampp\htdocs\kinguin\vendor\yeephp\yeephp\Yee\Managers\Controller\Controller.php(23): call_user_func_array(Array, Array)
#3 [internal function]: Yee\Managers\Controller\Controller::__callStatic('getCurentDate', Array)
#4 C:\xampp\htdocs\kinguin\vendor\yeephp\yeephp\Yee\Route.php(468): call_user_func_array('\\App\\Controller...', Array)
#5 C:\xampp\htdocs\kinguin\vendor\yeephp\yeephp\Yee\Yee.php(1374): Yee\Route->dispatch()
#6 C:\xampp\htdocs\kinguin\vendor\yeephp\yeephp\Yee\Middleware\Flash.php(85): Yee\Yee->call()
#7 C:\xampp\htdocs\kinguin\vendor\yeephp\yeephp\Yee\Middleware\MethodOverride.php(92): Yee\Middleware\Flash->call()
#8 C:\xampp\htdocs\kinguin\vendor\yeephp\yeephp\Yee\Middleware\PrettyExceptions.php(67): Yee\Middleware\MethodOverride->call()
#9 C:\xampp\htdocs\kinguin\vendor\yeephp\yeephp\Yee\Yee.php(1282): Yee\Middleware\PrettyExceptions->call()
#10 C:\xampp\htdocs\kinguin\public\index.php(25): Yee\Yee->execute()
#11 {main}
ERROR - 2017-09-08 10:29:34 - ErrorException: Illegal string offset 'currentDay' in C:\xampp\htdocs\kinguin\App\Controllers\Reservation\ReservationController.php:59
Stack trace:
#0 C:\xampp\htdocs\kinguin\App\Controllers\Reservation\ReservationController.php(59): Yee\Yee::handleErrors(2, 'Illegal string ...', 'C:\\xampp\\htdocs...', 59, Array)
#1 [internal function]: App\Controllers\Reservation\ReservationController->getCurentDate('10', '2017')
#2 C:\xampp\htdocs\kinguin\vendor\yeephp\yeephp\Yee\Managers\Controller\Controller.php(23): call_user_func_array(Array, Array)
#3 [internal function]: Yee\Managers\Controller\Controller::__callStatic('getCurentDate', Array)
#4 C:\xampp\htdocs\kinguin\vendor\yeephp\yeephp\Yee\Route.php(468): call_user_func_array('\\App\\Controller...', Array)
#5 C:\xampp\htdocs\kinguin\vendor\yeephp\yeephp\Yee\Yee.php(1374): Yee\Route->dispatch()
#6 C:\xampp\htdocs\kinguin\vendor\yeephp\yeephp\Yee\Middleware\Flash.php(85): Yee\Yee->call()
#7 C:\xampp\htdocs\kinguin\vendor\yeephp\yeephp\Yee\Middleware\MethodOverride.php(92): Yee\Middleware\Flash->call()
#8 C:\xampp\htdocs\kinguin\vendor\yeephp\yeephp\Yee\Middleware\PrettyExceptions.php(67): Yee\Middleware\MethodOverride->call()
#9 C:\xampp\htdocs\kinguin\vendor\yeephp\yeephp\Yee\Yee.php(1282): Yee\Middleware\PrettyExceptions->call()
#10 C:\xampp\htdocs\kinguin\public\index.php(25): Yee\Yee->execute()
#11 {main}
