ERROR - 2017-09-07 09:23:19 - ErrorException: Undefined variable: getRooms in C:\xampp\htdocs\kinguin\App\Models\ReservationModel\ReservationModel.php:68
Stack trace:
#0 C:\xampp\htdocs\kinguin\App\Models\ReservationModel\ReservationModel.php(68): Yee\Yee::handleErrors(8, 'Undefined varia...', 'C:\\xampp\\htdocs...', 68, Array)
#1 C:\xampp\htdocs\kinguin\App\Controllers\Reservation\ReservationController.php(23): App\Models\ReservationModel\ReservationModel->show()
#2 [internal function]: App\Controllers\Reservation\ReservationController->reservation()
#3 C:\xampp\htdocs\kinguin\vendor\yeephp\yeephp\Yee\Managers\Controller\Controller.php(23): call_user_func_array(Array, Array)
#4 [internal function]: Yee\Managers\Controller\Controller::__callStatic('reservation', Array)
#5 C:\xampp\htdocs\kinguin\vendor\yeephp\yeephp\Yee\Route.php(468): call_user_func_array('\\App\\Controller...', Array)
#6 C:\xampp\htdocs\kinguin\vendor\yeephp\yeephp\Yee\Yee.php(1374): Yee\Route->dispatch()
#7 C:\xampp\htdocs\kinguin\vendor\yeephp\yeephp\Yee\Middleware\Flash.php(85): Yee\Yee->call()
#8 C:\xampp\htdocs\kinguin\vendor\yeephp\yeephp\Yee\Middleware\MethodOverride.php(92): Yee\Middleware\Flash->call()
#9 C:\xampp\htdocs\kinguin\vendor\yeephp\yeephp\Yee\Middleware\PrettyExceptions.php(67): Yee\Middleware\MethodOverride->call()
#10 C:\xampp\htdocs\kinguin\vendor\yeephp\yeephp\Yee\Yee.php(1282): Yee\Middleware\PrettyExceptions->call()
#11 C:\xampp\htdocs\kinguin\public\index.php(25): Yee\Yee->execute()
#12 {main}
ERROR - 2017-09-07 09:25:09 - ErrorException: Undefined variable: getRooms in C:\xampp\htdocs\kinguin\App\Models\ReservationModel\ReservationModel.php:74
Stack trace:
#0 C:\xampp\htdocs\kinguin\App\Models\ReservationModel\ReservationModel.php(74): Yee\Yee::handleErrors(8, 'Undefined varia...', 'C:\\xampp\\htdocs...', 74, Array)
#1 C:\xampp\htdocs\kinguin\App\Controllers\Reservation\ReservationController.php(23): App\Models\ReservationModel\ReservationModel->show()
#2 [internal function]: App\Controllers\Reservation\ReservationController->reservation()
#3 C:\xampp\htdocs\kinguin\vendor\yeephp\yeephp\Yee\Managers\Controller\Controller.php(23): call_user_func_array(Array, Array)
#4 [internal function]: Yee\Managers\Controller\Controller::__callStatic('reservation', Array)
#5 C:\xampp\htdocs\kinguin\vendor\yeephp\yeephp\Yee\Route.php(468): call_user_func_array('\\App\\Controller...', Array)
#6 C:\xampp\htdocs\kinguin\vendor\yeephp\yeephp\Yee\Yee.php(1374): Yee\Route->dispatch()
#7 C:\xampp\htdocs\kinguin\vendor\yeephp\yeephp\Yee\Middleware\Flash.php(85): Yee\Yee->call()
#8 C:\xampp\htdocs\kinguin\vendor\yeephp\yeephp\Yee\Middleware\MethodOverride.php(92): Yee\Middleware\Flash->call()
#9 C:\xampp\htdocs\kinguin\vendor\yeephp\yeephp\Yee\Middleware\PrettyExceptions.php(67): Yee\Middleware\MethodOverride->call()
#10 C:\xampp\htdocs\kinguin\vendor\yeephp\yeephp\Yee\Yee.php(1282): Yee\Middleware\PrettyExceptions->call()
#11 C:\xampp\htdocs\kinguin\public\index.php(25): Yee\Yee->execute()
#12 {main}
ERROR - 2017-09-07 09:26:40 - ErrorException: Undefined index: navi in C:\xampp\htdocs\kinguin\App\Controllers\Reservation\ReservationController.php:25
Stack trace:
#0 C:\xampp\htdocs\kinguin\App\Controllers\Reservation\ReservationController.php(25): Yee\Yee::handleErrors(8, 'Undefined index...', 'C:\\xampp\\htdocs...', 25, Array)
#1 [internal function]: App\Controllers\Reservation\ReservationController->reservation()
#2 C:\xampp\htdocs\kinguin\vendor\yeephp\yeephp\Yee\Managers\Controller\Controller.php(23): call_user_func_array(Array, Array)
#3 [internal function]: Yee\Managers\Controller\Controller::__callStatic('reservation', Array)
#4 C:\xampp\htdocs\kinguin\vendor\yeephp\yeephp\Yee\Route.php(468): call_user_func_array('\\App\\Controller...', Array)
#5 C:\xampp\htdocs\kinguin\vendor\yeephp\yeephp\Yee\Yee.php(1374): Yee\Route->dispatch()
#6 C:\xampp\htdocs\kinguin\vendor\yeephp\yeephp\Yee\Middleware\Flash.php(85): Yee\Yee->call()
#7 C:\xampp\htdocs\kinguin\vendor\yeephp\yeephp\Yee\Middleware\MethodOverride.php(92): Yee\Middleware\Flash->call()
#8 C:\xampp\htdocs\kinguin\vendor\yeephp\yeephp\Yee\Middleware\PrettyExceptions.php(67): Yee\Middleware\MethodOverride->call()
#9 C:\xampp\htdocs\kinguin\vendor\yeephp\yeephp\Yee\Yee.php(1282): Yee\Middleware\PrettyExceptions->call()
#10 C:\xampp\htdocs\kinguin\public\index.php(25): Yee\Yee->execute()
#11 {main}
ERROR - 2017-09-07 09:26:58 - ErrorException: Undefined index: navi in C:\xampp\htdocs\kinguin\App\Controllers\Reservation\ReservationController.php:25
Stack trace:
#0 C:\xampp\htdocs\kinguin\App\Controllers\Reservation\ReservationController.php(25): Yee\Yee::handleErrors(8, 'Undefined index...', 'C:\\xampp\\htdocs...', 25, Array)
#1 [internal function]: App\Controllers\Reservation\ReservationController->reservation()
#2 C:\xampp\htdocs\kinguin\vendor\yeephp\yeephp\Yee\Managers\Controller\Controller.php(23): call_user_func_array(Array, Array)
#3 [internal function]: Yee\Managers\Controller\Controller::__callStatic('reservation', Array)
#4 C:\xampp\htdocs\kinguin\vendor\yeephp\yeephp\Yee\Route.php(468): call_user_func_array('\\App\\Controller...', Array)
#5 C:\xampp\htdocs\kinguin\vendor\yeephp\yeephp\Yee\Yee.php(1374): Yee\Route->dispatch()
#6 C:\xampp\htdocs\kinguin\vendor\yeephp\yeephp\Yee\Middleware\Flash.php(85): Yee\Yee->call()
#7 C:\xampp\htdocs\kinguin\vendor\yeephp\yeephp\Yee\Middleware\MethodOverride.php(92): Yee\Middleware\Flash->call()
#8 C:\xampp\htdocs\kinguin\vendor\yeephp\yeephp\Yee\Middleware\PrettyExceptions.php(67): Yee\Middleware\MethodOverride->call()
#9 C:\xampp\htdocs\kinguin\vendor\yeephp\yeephp\Yee\Yee.php(1282): Yee\Middleware\PrettyExceptions->call()
#10 C:\xampp\htdocs\kinguin\public\index.php(25): Yee\Yee->execute()
#11 {main}
ERROR - 2017-09-07 09:31:28 - ErrorException: Undefined index: rooms in C:\xampp\htdocs\kinguin\App\Controllers\Reservation\ReservationController.php:27
Stack trace:
#0 C:\xampp\htdocs\kinguin\App\Controllers\Reservation\ReservationController.php(27): Yee\Yee::handleErrors(8, 'Undefined index...', 'C:\\xampp\\htdocs...', 27, Array)
#1 [internal function]: App\Controllers\Reservation\ReservationController->reservation()
#2 C:\xampp\htdocs\kinguin\vendor\yeephp\yeephp\Yee\Managers\Controller\Controller.php(23): call_user_func_array(Array, Array)
#3 [internal function]: Yee\Managers\Controller\Controller::__callStatic('reservation', Array)
#4 C:\xampp\htdocs\kinguin\vendor\yeephp\yeephp\Yee\Route.php(468): call_user_func_array('\\App\\Controller...', Array)
#5 C:\xampp\htdocs\kinguin\vendor\yeephp\yeephp\Yee\Yee.php(1374): Yee\Route->dispatch()
#6 C:\xampp\htdocs\kinguin\vendor\yeephp\yeephp\Yee\Middleware\Flash.php(85): Yee\Yee->call()
#7 C:\xampp\htdocs\kinguin\vendor\yeephp\yeephp\Yee\Middleware\MethodOverride.php(92): Yee\Middleware\Flash->call()
#8 C:\xampp\htdocs\kinguin\vendor\yeephp\yeephp\Yee\Middleware\PrettyExceptions.php(67): Yee\Middleware\MethodOverride->call()
#9 C:\xampp\htdocs\kinguin\vendor\yeephp\yeephp\Yee\Yee.php(1282): Yee\Middleware\PrettyExceptions->call()
#10 C:\xampp\htdocs\kinguin\public\index.php(25): Yee\Yee->execute()
#11 {main}
ERROR - 2017-09-07 09:31:37 - ErrorException: Undefined index: room in C:\xampp\htdocs\kinguin\App\Controllers\Reservation\ReservationController.php:27
Stack trace:
#0 C:\xampp\htdocs\kinguin\App\Controllers\Reservation\ReservationController.php(27): Yee\Yee::handleErrors(8, 'Undefined index...', 'C:\\xampp\\htdocs...', 27, Array)
#1 [internal function]: App\Controllers\Reservation\ReservationController->reservation()
#2 C:\xampp\htdocs\kinguin\vendor\yeephp\yeephp\Yee\Managers\Controller\Controller.php(23): call_user_func_array(Array, Array)
#3 [internal function]: Yee\Managers\Controller\Controller::__callStatic('reservation', Array)
#4 C:\xampp\htdocs\kinguin\vendor\yeephp\yeephp\Yee\Route.php(468): call_user_func_array('\\App\\Controller...', Array)
#5 C:\xampp\htdocs\kinguin\vendor\yeephp\yeephp\Yee\Yee.php(1374): Yee\Route->dispatch()
#6 C:\xampp\htdocs\kinguin\vendor\yeephp\yeephp\Yee\Middleware\Flash.php(85): Yee\Yee->call()
#7 C:\xampp\htdocs\kinguin\vendor\yeephp\yeephp\Yee\Middleware\MethodOverride.php(92): Yee\Middleware\Flash->call()
#8 C:\xampp\htdocs\kinguin\vendor\yeephp\yeephp\Yee\Middleware\PrettyExceptions.php(67): Yee\Middleware\MethodOverride->call()
#9 C:\xampp\htdocs\kinguin\vendor\yeephp\yeephp\Yee\Yee.php(1282): Yee\Middleware\PrettyExceptions->call()
#10 C:\xampp\htdocs\kinguin\public\index.php(25): Yee\Yee->execute()
#11 {main}
ERROR - 2017-09-07 09:31:58 - ErrorException: Undefined index: rooms in C:\xampp\htdocs\kinguin\App\Controllers\Reservation\ReservationController.php:27
Stack trace:
#0 C:\xampp\htdocs\kinguin\App\Controllers\Reservation\ReservationController.php(27): Yee\Yee::handleErrors(8, 'Undefined index...', 'C:\\xampp\\htdocs...', 27, Array)
#1 [internal function]: App\Controllers\Reservation\ReservationController->reservation()
#2 C:\xampp\htdocs\kinguin\vendor\yeephp\yeephp\Yee\Managers\Controller\Controller.php(23): call_user_func_array(Array, Array)
#3 [internal function]: Yee\Managers\Controller\Controller::__callStatic('reservation', Array)
#4 C:\xampp\htdocs\kinguin\vendor\yeephp\yeephp\Yee\Route.php(468): call_user_func_array('\\App\\Controller...', Array)
#5 C:\xampp\htdocs\kinguin\vendor\yeephp\yeephp\Yee\Yee.php(1374): Yee\Route->dispatch()
#6 C:\xampp\htdocs\kinguin\vendor\yeephp\yeephp\Yee\Middleware\Flash.php(85): Yee\Yee->call()
#7 C:\xampp\htdocs\kinguin\vendor\yeephp\yeephp\Yee\Middleware\MethodOverride.php(92): Yee\Middleware\Flash->call()
#8 C:\xampp\htdocs\kinguin\vendor\yeephp\yeephp\Yee\Middleware\PrettyExceptions.php(67): Yee\Middleware\MethodOverride->call()
#9 C:\xampp\htdocs\kinguin\vendor\yeephp\yeephp\Yee\Yee.php(1282): Yee\Middleware\PrettyExceptions->call()
#10 C:\xampp\htdocs\kinguin\public\index.php(25): Yee\Yee->execute()
#11 {main}
ERROR - 2017-09-07 09:32:16 - ErrorException: Undefined index: rooms in C:\xampp\htdocs\kinguin\App\Controllers\Reservation\ReservationController.php:27
Stack trace:
#0 C:\xampp\htdocs\kinguin\App\Controllers\Reservation\ReservationController.php(27): Yee\Yee::handleErrors(8, 'Undefined index...', 'C:\\xampp\\htdocs...', 27, Array)
#1 [internal function]: App\Controllers\Reservation\ReservationController->reservation()
#2 C:\xampp\htdocs\kinguin\vendor\yeephp\yeephp\Yee\Managers\Controller\Controller.php(23): call_user_func_array(Array, Array)
#3 [internal function]: Yee\Managers\Controller\Controller::__callStatic('reservation', Array)
#4 C:\xampp\htdocs\kinguin\vendor\yeephp\yeephp\Yee\Route.php(468): call_user_func_array('\\App\\Controller...', Array)
#5 C:\xampp\htdocs\kinguin\vendor\yeephp\yeephp\Yee\Yee.php(1374): Yee\Route->dispatch()
#6 C:\xampp\htdocs\kinguin\vendor\yeephp\yeephp\Yee\Middleware\Flash.php(85): Yee\Yee->call()
#7 C:\xampp\htdocs\kinguin\vendor\yeephp\yeephp\Yee\Middleware\MethodOverride.php(92): Yee\Middleware\Flash->call()
#8 C:\xampp\htdocs\kinguin\vendor\yeephp\yeephp\Yee\Middleware\PrettyExceptions.php(67): Yee\Middleware\MethodOverride->call()
#9 C:\xampp\htdocs\kinguin\vendor\yeephp\yeephp\Yee\Yee.php(1282): Yee\Middleware\PrettyExceptions->call()
#10 C:\xampp\htdocs\kinguin\public\index.php(25): Yee\Yee->execute()
#11 {main}
ERROR - 2017-09-07 09:32:34 - ErrorException: Undefined index: rooms in C:\xampp\htdocs\kinguin\App\Controllers\Reservation\ReservationController.php:27
Stack trace:
#0 C:\xampp\htdocs\kinguin\App\Controllers\Reservation\ReservationController.php(27): Yee\Yee::handleErrors(8, 'Undefined index...', 'C:\\xampp\\htdocs...', 27, Array)
#1 [internal function]: App\Controllers\Reservation\ReservationController->reservation()
#2 C:\xampp\htdocs\kinguin\vendor\yeephp\yeephp\Yee\Managers\Controller\Controller.php(23): call_user_func_array(Array, Array)
#3 [internal function]: Yee\Managers\Controller\Controller::__callStatic('reservation', Array)
#4 C:\xampp\htdocs\kinguin\vendor\yeephp\yeephp\Yee\Route.php(468): call_user_func_array('\\App\\Controller...', Array)
#5 C:\xampp\htdocs\kinguin\vendor\yeephp\yeephp\Yee\Yee.php(1374): Yee\Route->dispatch()
#6 C:\xampp\htdocs\kinguin\vendor\yeephp\yeephp\Yee\Middleware\Flash.php(85): Yee\Yee->call()
#7 C:\xampp\htdocs\kinguin\vendor\yeephp\yeephp\Yee\Middleware\MethodOverride.php(92): Yee\Middleware\Flash->call()
#8 C:\xampp\htdocs\kinguin\vendor\yeephp\yeephp\Yee\Middleware\PrettyExceptions.php(67): Yee\Middleware\MethodOverride->call()
#9 C:\xampp\htdocs\kinguin\vendor\yeephp\yeephp\Yee\Yee.php(1282): Yee\Middleware\PrettyExceptions->call()
#10 C:\xampp\htdocs\kinguin\public\index.php(25): Yee\Yee->execute()
#11 {main}
ERROR - 2017-09-07 09:32:41 - ErrorException: Undefined index: navi in C:\xampp\htdocs\kinguin\App\Controllers\Reservation\ReservationController.php:25
Stack trace:
#0 C:\xampp\htdocs\kinguin\App\Controllers\Reservation\ReservationController.php(25): Yee\Yee::handleErrors(8, 'Undefined index...', 'C:\\xampp\\htdocs...', 25, Array)
#1 [internal function]: App\Controllers\Reservation\ReservationController->reservation()
#2 C:\xampp\htdocs\kinguin\vendor\yeephp\yeephp\Yee\Managers\Controller\Controller.php(23): call_user_func_array(Array, Array)
#3 [internal function]: Yee\Managers\Controller\Controller::__callStatic('reservation', Array)
#4 C:\xampp\htdocs\kinguin\vendor\yeephp\yeephp\Yee\Route.php(468): call_user_func_array('\\App\\Controller...', Array)
#5 C:\xampp\htdocs\kinguin\vendor\yeephp\yeephp\Yee\Yee.php(1374): Yee\Route->dispatch()
#6 C:\xampp\htdocs\kinguin\vendor\yeephp\yeephp\Yee\Middleware\Flash.php(85): Yee\Yee->call()
#7 C:\xampp\htdocs\kinguin\vendor\yeephp\yeephp\Yee\Middleware\MethodOverride.php(92): Yee\Middleware\Flash->call()
#8 C:\xampp\htdocs\kinguin\vendor\yeephp\yeephp\Yee\Middleware\PrettyExceptions.php(67): Yee\Middleware\MethodOverride->call()
#9 C:\xampp\htdocs\kinguin\vendor\yeephp\yeephp\Yee\Yee.php(1282): Yee\Middleware\PrettyExceptions->call()
#10 C:\xampp\htdocs\kinguin\public\index.php(25): Yee\Yee->execute()
#11 {main}
ERROR - 2017-09-07 14:39:35 - ErrorException: Undefined variable: app in C:\xampp\htdocs\kinguin\App\Models\ReservationModel\ReservationModel.php:21
Stack trace:
#0 C:\xampp\htdocs\kinguin\App\Models\ReservationModel\ReservationModel.php(21): Yee\Yee::handleErrors(8, 'Undefined varia...', 'C:\\xampp\\htdocs...', 21, Array)
#1 C:\xampp\htdocs\kinguin\App\Controllers\Reservation\ReservationController.php(23): App\Models\ReservationModel\ReservationModel->show()
#2 [internal function]: App\Controllers\Reservation\ReservationController->reservation()
#3 C:\xampp\htdocs\kinguin\vendor\yeephp\yeephp\Yee\Managers\Controller\Controller.php(23): call_user_func_array(Array, Array)
#4 [internal function]: Yee\Managers\Controller\Controller::__callStatic('reservation', Array)
#5 C:\xampp\htdocs\kinguin\vendor\yeephp\yeephp\Yee\Route.php(468): call_user_func_array('\\App\\Controller...', Array)
#6 C:\xampp\htdocs\kinguin\vendor\yeephp\yeephp\Yee\Yee.php(1374): Yee\Route->dispatch()
#7 C:\xampp\htdocs\kinguin\vendor\yeephp\yeephp\Yee\Middleware\Flash.php(85): Yee\Yee->call()
#8 C:\xampp\htdocs\kinguin\vendor\yeephp\yeephp\Yee\Middleware\MethodOverride.php(92): Yee\Middleware\Flash->call()
#9 C:\xampp\htdocs\kinguin\vendor\yeephp\yeephp\Yee\Middleware\PrettyExceptions.php(67): Yee\Middleware\MethodOverride->call()
#10 C:\xampp\htdocs\kinguin\vendor\yeephp\yeephp\Yee\Yee.php(1282): Yee\Middleware\PrettyExceptions->call()
#11 C:\xampp\htdocs\kinguin\public\index.php(25): Yee\Yee->execute()
#12 {main}
ERROR - 2017-09-07 14:39:49 - ErrorException: Undefined variable: app in C:\xampp\htdocs\kinguin\App\Models\ReservationModel\ReservationModel.php:21
Stack trace:
#0 C:\xampp\htdocs\kinguin\App\Models\ReservationModel\ReservationModel.php(21): Yee\Yee::handleErrors(8, 'Undefined varia...', 'C:\\xampp\\htdocs...', 21, Array)
#1 C:\xampp\htdocs\kinguin\App\Controllers\Reservation\ReservationController.php(23): App\Models\ReservationModel\ReservationModel->show()
#2 [internal function]: App\Controllers\Reservation\ReservationController->reservation()
#3 C:\xampp\htdocs\kinguin\vendor\yeephp\yeephp\Yee\Managers\Controller\Controller.php(23): call_user_func_array(Array, Array)
#4 [internal function]: Yee\Managers\Controller\Controller::__callStatic('reservation', Array)
#5 C:\xampp\htdocs\kinguin\vendor\yeephp\yeephp\Yee\Route.php(468): call_user_func_array('\\App\\Controller...', Array)
#6 C:\xampp\htdocs\kinguin\vendor\yeephp\yeephp\Yee\Yee.php(1374): Yee\Route->dispatch()
#7 C:\xampp\htdocs\kinguin\vendor\yeephp\yeephp\Yee\Middleware\Flash.php(85): Yee\Yee->call()
#8 C:\xampp\htdocs\kinguin\vendor\yeephp\yeephp\Yee\Middleware\MethodOverride.php(92): Yee\Middleware\Flash->call()
#9 C:\xampp\htdocs\kinguin\vendor\yeephp\yeephp\Yee\Middleware\PrettyExceptions.php(67): Yee\Middleware\MethodOverride->call()
#10 C:\xampp\htdocs\kinguin\vendor\yeephp\yeephp\Yee\Yee.php(1282): Yee\Middleware\PrettyExceptions->call()
#11 C:\xampp\htdocs\kinguin\public\index.php(25): Yee\Yee->execute()
#12 {main}
ERROR - 2017-09-07 14:40:11 - ErrorException: Undefined variable: app in C:\xampp\htdocs\kinguin\App\Models\ReservationModel\ReservationModel.php:21
Stack trace:
#0 C:\xampp\htdocs\kinguin\App\Models\ReservationModel\ReservationModel.php(21): Yee\Yee::handleErrors(8, 'Undefined varia...', 'C:\\xampp\\htdocs...', 21, Array)
#1 C:\xampp\htdocs\kinguin\App\Controllers\Reservation\ReservationController.php(23): App\Models\ReservationModel\ReservationModel->show()
#2 [internal function]: App\Controllers\Reservation\ReservationController->reservation()
#3 C:\xampp\htdocs\kinguin\vendor\yeephp\yeephp\Yee\Managers\Controller\Controller.php(23): call_user_func_array(Array, Array)
#4 [internal function]: Yee\Managers\Controller\Controller::__callStatic('reservation', Array)
#5 C:\xampp\htdocs\kinguin\vendor\yeephp\yeephp\Yee\Route.php(468): call_user_func_array('\\App\\Controller...', Array)
#6 C:\xampp\htdocs\kinguin\vendor\yeephp\yeephp\Yee\Yee.php(1374): Yee\Route->dispatch()
#7 C:\xampp\htdocs\kinguin\vendor\yeephp\yeephp\Yee\Middleware\Flash.php(85): Yee\Yee->call()
#8 C:\xampp\htdocs\kinguin\vendor\yeephp\yeephp\Yee\Middleware\MethodOverride.php(92): Yee\Middleware\Flash->call()
#9 C:\xampp\htdocs\kinguin\vendor\yeephp\yeephp\Yee\Middleware\PrettyExceptions.php(67): Yee\Middleware\MethodOverride->call()
#10 C:\xampp\htdocs\kinguin\vendor\yeephp\yeephp\Yee\Yee.php(1282): Yee\Middleware\PrettyExceptions->call()
#11 C:\xampp\htdocs\kinguin\public\index.php(25): Yee\Yee->execute()
#12 {main}
ERROR - 2017-09-07 14:41:41 - ErrorException: Undefined variable: app in C:\xampp\htdocs\kinguin\App\Models\ReservationModel\ReservationModel.php:22
Stack trace:
#0 C:\xampp\htdocs\kinguin\App\Models\ReservationModel\ReservationModel.php(22): Yee\Yee::handleErrors(8, 'Undefined varia...', 'C:\\xampp\\htdocs...', 22, Array)
#1 C:\xampp\htdocs\kinguin\App\Controllers\Reservation\ReservationController.php(23): App\Models\ReservationModel\ReservationModel->show()
#2 [internal function]: App\Controllers\Reservation\ReservationController->reservation()
#3 C:\xampp\htdocs\kinguin\vendor\yeephp\yeephp\Yee\Managers\Controller\Controller.php(23): call_user_func_array(Array, Array)
#4 [internal function]: Yee\Managers\Controller\Controller::__callStatic('reservation', Array)
#5 C:\xampp\htdocs\kinguin\vendor\yeephp\yeephp\Yee\Route.php(468): call_user_func_array('\\App\\Controller...', Array)
#6 C:\xampp\htdocs\kinguin\vendor\yeephp\yeephp\Yee\Yee.php(1374): Yee\Route->dispatch()
#7 C:\xampp\htdocs\kinguin\vendor\yeephp\yeephp\Yee\Middleware\Flash.php(85): Yee\Yee->call()
#8 C:\xampp\htdocs\kinguin\vendor\yeephp\yeephp\Yee\Middleware\MethodOverride.php(92): Yee\Middleware\Flash->call()
#9 C:\xampp\htdocs\kinguin\vendor\yeephp\yeephp\Yee\Middleware\PrettyExceptions.php(67): Yee\Middleware\MethodOverride->call()
#10 C:\xampp\htdocs\kinguin\vendor\yeephp\yeephp\Yee\Yee.php(1282): Yee\Middleware\PrettyExceptions->call()
#11 C:\xampp\htdocs\kinguin\public\index.php(25): Yee\Yee->execute()
#12 {main}
ERROR - 2017-09-07 14:42:03 - ErrorException: Undefined variable: app in C:\xampp\htdocs\kinguin\App\Models\ReservationModel\ReservationModel.php:22
Stack trace:
#0 C:\xampp\htdocs\kinguin\App\Models\ReservationModel\ReservationModel.php(22): Yee\Yee::handleErrors(8, 'Undefined varia...', 'C:\\xampp\\htdocs...', 22, Array)
#1 C:\xampp\htdocs\kinguin\App\Controllers\Reservation\ReservationController.php(23): App\Models\ReservationModel\ReservationModel->show()
#2 [internal function]: App\Controllers\Reservation\ReservationController->reservation()
#3 C:\xampp\htdocs\kinguin\vendor\yeephp\yeephp\Yee\Managers\Controller\Controller.php(23): call_user_func_array(Array, Array)
#4 [internal function]: Yee\Managers\Controller\Controller::__callStatic('reservation', Array)
#5 C:\xampp\htdocs\kinguin\vendor\yeephp\yeephp\Yee\Route.php(468): call_user_func_array('\\App\\Controller...', Array)
#6 C:\xampp\htdocs\kinguin\vendor\yeephp\yeephp\Yee\Yee.php(1374): Yee\Route->dispatch()
#7 C:\xampp\htdocs\kinguin\vendor\yeephp\yeephp\Yee\Middleware\Flash.php(85): Yee\Yee->call()
#8 C:\xampp\htdocs\kinguin\vendor\yeephp\yeephp\Yee\Middleware\MethodOverride.php(92): Yee\Middleware\Flash->call()
#9 C:\xampp\htdocs\kinguin\vendor\yeephp\yeephp\Yee\Middleware\PrettyExceptions.php(67): Yee\Middleware\MethodOverride->call()
#10 C:\xampp\htdocs\kinguin\vendor\yeephp\yeephp\Yee\Yee.php(1282): Yee\Middleware\PrettyExceptions->call()
#11 C:\xampp\htdocs\kinguin\public\index.php(25): Yee\Yee->execute()
#12 {main}
ERROR - 2017-09-07 14:42:18 - ErrorException: Undefined variable: app in C:\xampp\htdocs\kinguin\App\Models\ReservationModel\ReservationModel.php:22
Stack trace:
#0 C:\xampp\htdocs\kinguin\App\Models\ReservationModel\ReservationModel.php(22): Yee\Yee::handleErrors(8, 'Undefined varia...', 'C:\\xampp\\htdocs...', 22, Array)
#1 C:\xampp\htdocs\kinguin\App\Controllers\Reservation\ReservationController.php(23): App\Models\ReservationModel\ReservationModel->show()
#2 [internal function]: App\Controllers\Reservation\ReservationController->reservation()
#3 C:\xampp\htdocs\kinguin\vendor\yeephp\yeephp\Yee\Managers\Controller\Controller.php(23): call_user_func_array(Array, Array)
#4 [internal function]: Yee\Managers\Controller\Controller::__callStatic('reservation', Array)
#5 C:\xampp\htdocs\kinguin\vendor\yeephp\yeephp\Yee\Route.php(468): call_user_func_array('\\App\\Controller...', Array)
#6 C:\xampp\htdocs\kinguin\vendor\yeephp\yeephp\Yee\Yee.php(1374): Yee\Route->dispatch()
#7 C:\xampp\htdocs\kinguin\vendor\yeephp\yeephp\Yee\Middleware\Flash.php(85): Yee\Yee->call()
#8 C:\xampp\htdocs\kinguin\vendor\yeephp\yeephp\Yee\Middleware\MethodOverride.php(92): Yee\Middleware\Flash->call()
#9 C:\xampp\htdocs\kinguin\vendor\yeephp\yeephp\Yee\Middleware\PrettyExceptions.php(67): Yee\Middleware\MethodOverride->call()
#10 C:\xampp\htdocs\kinguin\vendor\yeephp\yeephp\Yee\Yee.php(1282): Yee\Middleware\PrettyExceptions->call()
#11 C:\xampp\htdocs\kinguin\public\index.php(25): Yee\Yee->execute()
#12 {main}
ERROR - 2017-09-07 14:43:23 - ErrorException: Undefined variable: check in C:\xampp\htdocs\kinguin\App\Models\ReservationModel\ReservationModel.php:24
Stack trace:
#0 C:\xampp\htdocs\kinguin\App\Models\ReservationModel\ReservationModel.php(24): Yee\Yee::handleErrors(8, 'Undefined varia...', 'C:\\xampp\\htdocs...', 24, Array)
#1 C:\xampp\htdocs\kinguin\App\Controllers\Reservation\ReservationController.php(23): App\Models\ReservationModel\ReservationModel->show()
#2 [internal function]: App\Controllers\Reservation\ReservationController->reservation()
#3 C:\xampp\htdocs\kinguin\vendor\yeephp\yeephp\Yee\Managers\Controller\Controller.php(23): call_user_func_array(Array, Array)
#4 [internal function]: Yee\Managers\Controller\Controller::__callStatic('reservation', Array)
#5 C:\xampp\htdocs\kinguin\vendor\yeephp\yeephp\Yee\Route.php(468): call_user_func_array('\\App\\Controller...', Array)
#6 C:\xampp\htdocs\kinguin\vendor\yeephp\yeephp\Yee\Yee.php(1374): Yee\Route->dispatch()
#7 C:\xampp\htdocs\kinguin\vendor\yeephp\yeephp\Yee\Middleware\Flash.php(85): Yee\Yee->call()
#8 C:\xampp\htdocs\kinguin\vendor\yeephp\yeephp\Yee\Middleware\MethodOverride.php(92): Yee\Middleware\Flash->call()
#9 C:\xampp\htdocs\kinguin\vendor\yeephp\yeephp\Yee\Middleware\PrettyExceptions.php(67): Yee\Middleware\MethodOverride->call()
#10 C:\xampp\htdocs\kinguin\vendor\yeephp\yeephp\Yee\Yee.php(1282): Yee\Middleware\PrettyExceptions->call()
#11 C:\xampp\htdocs\kinguin\public\index.php(25): Yee\Yee->execute()
#12 {main}
ERROR - 2017-09-07 14:52:47 - ErrorException: Undefined variable: app in C:\xampp\htdocs\kinguin\App\Controllers\Reservation\ReservationController.php:21
Stack trace:
#0 C:\xampp\htdocs\kinguin\App\Controllers\Reservation\ReservationController.php(21): Yee\Yee::handleErrors(8, 'Undefined varia...', 'C:\\xampp\\htdocs...', 21, Array)
#1 [internal function]: App\Controllers\Reservation\ReservationController->reservation()
#2 C:\xampp\htdocs\kinguin\vendor\yeephp\yeephp\Yee\Managers\Controller\Controller.php(23): call_user_func_array(Array, Array)
#3 [internal function]: Yee\Managers\Controller\Controller::__callStatic('reservation', Array)
#4 C:\xampp\htdocs\kinguin\vendor\yeephp\yeephp\Yee\Route.php(468): call_user_func_array('\\App\\Controller...', Array)
#5 C:\xampp\htdocs\kinguin\vendor\yeephp\yeephp\Yee\Yee.php(1374): Yee\Route->dispatch()
#6 C:\xampp\htdocs\kinguin\vendor\yeephp\yeephp\Yee\Middleware\Flash.php(85): Yee\Yee->call()
#7 C:\xampp\htdocs\kinguin\vendor\yeephp\yeephp\Yee\Middleware\MethodOverride.php(92): Yee\Middleware\Flash->call()
#8 C:\xampp\htdocs\kinguin\vendor\yeephp\yeephp\Yee\Middleware\PrettyExceptions.php(67): Yee\Middleware\MethodOverride->call()
#9 C:\xampp\htdocs\kinguin\vendor\yeephp\yeephp\Yee\Yee.php(1282): Yee\Middleware\PrettyExceptions->call()
#10 C:\xampp\htdocs\kinguin\public\index.php(25): Yee\Yee->execute()
#11 {main}
ERROR - 2017-09-07 15:34:21 - ErrorException: Undefined offset: 0 in C:\xampp\htdocs\kinguin\App\Controllers\Restaurant\RestaurantController.php:118
Stack trace:
#0 C:\xampp\htdocs\kinguin\App\Controllers\Restaurant\RestaurantController.php(118): Yee\Yee::handleErrors(8, 'Undefined offse...', 'C:\\xampp\\htdocs...', 118, Array)
#1 [internal function]: App\Controllers\Restaurant\RestaurantController->Edit('myscripts.js')
#2 C:\xampp\htdocs\kinguin\vendor\yeephp\yeephp\Yee\Managers\Controller\Controller.php(23): call_user_func_array(Array, Array)
#3 [internal function]: Yee\Managers\Controller\Controller::__callStatic('Edit', Array)
#4 C:\xampp\htdocs\kinguin\vendor\yeephp\yeephp\Yee\Route.php(468): call_user_func_array('\\App\\Controller...', Array)
#5 C:\xampp\htdocs\kinguin\vendor\yeephp\yeephp\Yee\Yee.php(1374): Yee\Route->dispatch()
#6 C:\xampp\htdocs\kinguin\vendor\yeephp\yeephp\Yee\Middleware\Flash.php(85): Yee\Yee->call()
#7 C:\xampp\htdocs\kinguin\vendor\yeephp\yeephp\Yee\Middleware\MethodOverride.php(92): Yee\Middleware\Flash->call()
#8 C:\xampp\htdocs\kinguin\vendor\yeephp\yeephp\Yee\Middleware\PrettyExceptions.php(67): Yee\Middleware\MethodOverride->call()
#9 C:\xampp\htdocs\kinguin\vendor\yeephp\yeephp\Yee\Yee.php(1282): Yee\Middleware\PrettyExceptions->call()
#10 C:\xampp\htdocs\kinguin\public\index.php(25): Yee\Yee->execute()
#11 {main}
ERROR - 2017-09-07 16:19:37 - ErrorException: Undefined index: year in C:\xampp\htdocs\kinguin\App\Controllers\Reservation\ReservationController.php:54
Stack trace:
#0 C:\xampp\htdocs\kinguin\App\Controllers\Reservation\ReservationController.php(54): Yee\Yee::handleErrors(8, 'Undefined index...', 'C:\\xampp\\htdocs...', 54, Array)
#1 [internal function]: App\Controllers\Reservation\ReservationController->getCurentDate('month=10', 'year=2017')
#2 C:\xampp\htdocs\kinguin\vendor\yeephp\yeephp\Yee\Managers\Controller\Controller.php(23): call_user_func_array(Array, Array)
#3 [internal function]: Yee\Managers\Controller\Controller::__callStatic('getCurentDate', Array)
#4 C:\xampp\htdocs\kinguin\vendor\yeephp\yeephp\Yee\Route.php(468): call_user_func_array('\\App\\Controller...', Array)
#5 C:\xampp\htdocs\kinguin\vendor\yeephp\yeephp\Yee\Yee.php(1374): Yee\Route->dispatch()
#6 C:\xampp\htdocs\kinguin\vendor\yeephp\yeephp\Yee\Middleware\Flash.php(85): Yee\Yee->call()
#7 C:\xampp\htdocs\kinguin\vendor\yeephp\yeephp\Yee\Middleware\MethodOverride.php(92): Yee\Middleware\Flash->call()
#8 C:\xampp\htdocs\kinguin\vendor\yeephp\yeephp\Yee\Middleware\PrettyExceptions.php(67): Yee\Middleware\MethodOverride->call()
#9 C:\xampp\htdocs\kinguin\vendor\yeephp\yeephp\Yee\Yee.php(1282): Yee\Middleware\PrettyExceptions->call()
#10 C:\xampp\htdocs\kinguin\public\index.php(25): Yee\Yee->execute()
#11 {main}
ERROR - 2017-09-07 16:19:49 - ErrorException: Undefined index: month in C:\xampp\htdocs\kinguin\App\Controllers\Reservation\ReservationController.php:54
Stack trace:
#0 C:\xampp\htdocs\kinguin\App\Controllers\Reservation\ReservationController.php(54): Yee\Yee::handleErrors(8, 'Undefined index...', 'C:\\xampp\\htdocs...', 54, Array)
#1 [internal function]: App\Controllers\Reservation\ReservationController->getCurentDate('month=10', 'year=2017')
#2 C:\xampp\htdocs\kinguin\vendor\yeephp\yeephp\Yee\Managers\Controller\Controller.php(23): call_user_func_array(Array, Array)
#3 [internal function]: Yee\Managers\Controller\Controller::__callStatic('getCurentDate', Array)
#4 C:\xampp\htdocs\kinguin\vendor\yeephp\yeephp\Yee\Route.php(468): call_user_func_array('\\App\\Controller...', Array)
#5 C:\xampp\htdocs\kinguin\vendor\yeephp\yeephp\Yee\Yee.php(1374): Yee\Route->dispatch()
#6 C:\xampp\htdocs\kinguin\vendor\yeephp\yeephp\Yee\Middleware\Flash.php(85): Yee\Yee->call()
#7 C:\xampp\htdocs\kinguin\vendor\yeephp\yeephp\Yee\Middleware\MethodOverride.php(92): Yee\Middleware\Flash->call()
#8 C:\xampp\htdocs\kinguin\vendor\yeephp\yeephp\Yee\Middleware\PrettyExceptions.php(67): Yee\Middleware\MethodOverride->call()
#9 C:\xampp\htdocs\kinguin\vendor\yeephp\yeephp\Yee\Yee.php(1282): Yee\Middleware\PrettyExceptions->call()
#10 C:\xampp\htdocs\kinguin\public\index.php(25): Yee\Yee->execute()
#11 {main}
ERROR - 2017-09-07 16:20:05 - ErrorException: Array to string conversion in C:\xampp\htdocs\kinguin\App\Controllers\Reservation\ReservationController.php:54
Stack trace:
#0 C:\xampp\htdocs\kinguin\App\Controllers\Reservation\ReservationController.php(54): Yee\Yee::handleErrors(8, 'Array to string...', 'C:\\xampp\\htdocs...', 54, Array)
#1 [internal function]: App\Controllers\Reservation\ReservationController->getCurentDate('month=10', 'year=2017')
#2 C:\xampp\htdocs\kinguin\vendor\yeephp\yeephp\Yee\Managers\Controller\Controller.php(23): call_user_func_array(Array, Array)
#3 [internal function]: Yee\Managers\Controller\Controller::__callStatic('getCurentDate', Array)
#4 C:\xampp\htdocs\kinguin\vendor\yeephp\yeephp\Yee\Route.php(468): call_user_func_array('\\App\\Controller...', Array)
#5 C:\xampp\htdocs\kinguin\vendor\yeephp\yeephp\Yee\Yee.php(1374): Yee\Route->dispatch()
#6 C:\xampp\htdocs\kinguin\vendor\yeephp\yeephp\Yee\Middleware\Flash.php(85): Yee\Yee->call()
#7 C:\xampp\htdocs\kinguin\vendor\yeephp\yeephp\Yee\Middleware\MethodOverride.php(92): Yee\Middleware\Flash->call()
#8 C:\xampp\htdocs\kinguin\vendor\yeephp\yeephp\Yee\Middleware\PrettyExceptions.php(67): Yee\Middleware\MethodOverride->call()
#9 C:\xampp\htdocs\kinguin\vendor\yeephp\yeephp\Yee\Yee.php(1282): Yee\Middleware\PrettyExceptions->call()
#10 C:\xampp\htdocs\kinguin\public\index.php(25): Yee\Yee->execute()
#11 {main}
ERROR - 2017-09-07 17:31:49 - ErrorException: Undefined variable: app in C:\xampp\htdocs\kinguin\App\Controllers\Reservation\ReservationController.php:47
Stack trace:
#0 C:\xampp\htdocs\kinguin\App\Controllers\Reservation\ReservationController.php(47): Yee\Yee::handleErrors(8, 'Undefined varia...', 'C:\\xampp\\htdocs...', 47, Array)
#1 [internal function]: App\Controllers\Reservation\ReservationController->getCurentDate('month=10', 'year=2017')
#2 C:\xampp\htdocs\kinguin\vendor\yeephp\yeephp\Yee\Managers\Controller\Controller.php(23): call_user_func_array(Array, Array)
#3 [internal function]: Yee\Managers\Controller\Controller::__callStatic('getCurentDate', Array)
#4 C:\xampp\htdocs\kinguin\vendor\yeephp\yeephp\Yee\Route.php(468): call_user_func_array('\\App\\Controller...', Array)
#5 C:\xampp\htdocs\kinguin\vendor\yeephp\yeephp\Yee\Yee.php(1374): Yee\Route->dispatch()
#6 C:\xampp\htdocs\kinguin\vendor\yeephp\yeephp\Yee\Middleware\Flash.php(85): Yee\Yee->call()
#7 C:\xampp\htdocs\kinguin\vendor\yeephp\yeephp\Yee\Middleware\MethodOverride.php(92): Yee\Middleware\Flash->call()
#8 C:\xampp\htdocs\kinguin\vendor\yeephp\yeephp\Yee\Middleware\PrettyExceptions.php(67): Yee\Middleware\MethodOverride->call()
#9 C:\xampp\htdocs\kinguin\vendor\yeephp\yeephp\Yee\Yee.php(1282): Yee\Middleware\PrettyExceptions->call()
#10 C:\xampp\htdocs\kinguin\public\index.php(25): Yee\Yee->execute()
#11 {main}
ERROR - 2017-09-07 18:59:26 - ErrorException: Undefined variable: showAll in C:\xampp\htdocs\kinguin\App\Controllers\Reservation\ReservationController.php:86
Stack trace:
#0 C:\xampp\htdocs\kinguin\App\Controllers\Reservation\ReservationController.php(86): Yee\Yee::handleErrors(8, 'Undefined varia...', 'C:\\xampp\\htdocs...', 86, Array)
#1 [internal function]: App\Controllers\Reservation\ReservationController->getCurentDate('month=8', 'year=2017')
#2 C:\xampp\htdocs\kinguin\vendor\yeephp\yeephp\Yee\Managers\Controller\Controller.php(23): call_user_func_array(Array, Array)
#3 [internal function]: Yee\Managers\Controller\Controller::__callStatic('getCurentDate', Array)
#4 C:\xampp\htdocs\kinguin\vendor\yeephp\yeephp\Yee\Route.php(468): call_user_func_array('\\App\\Controller...', Array)
#5 C:\xampp\htdocs\kinguin\vendor\yeephp\yeephp\Yee\Yee.php(1374): Yee\Route->dispatch()
#6 C:\xampp\htdocs\kinguin\vendor\yeephp\yeephp\Yee\Middleware\Flash.php(85): Yee\Yee->call()
#7 C:\xampp\htdocs\kinguin\vendor\yeephp\yeephp\Yee\Middleware\MethodOverride.php(92): Yee\Middleware\Flash->call()
#8 C:\xampp\htdocs\kinguin\vendor\yeephp\yeephp\Yee\Middleware\PrettyExceptions.php(67): Yee\Middleware\MethodOverride->call()
#9 C:\xampp\htdocs\kinguin\vendor\yeephp\yeephp\Yee\Yee.php(1282): Yee\Middleware\PrettyExceptions->call()
#10 C:\xampp\htdocs\kinguin\public\index.php(25): Yee\Yee->execute()
#11 {main}
ERROR - 2017-09-07 19:00:16 - ErrorException: Undefined variable: showAll in C:\xampp\htdocs\kinguin\App\Controllers\Reservation\ReservationController.php:86
Stack trace:
#0 C:\xampp\htdocs\kinguin\App\Controllers\Reservation\ReservationController.php(86): Yee\Yee::handleErrors(8, 'Undefined varia...', 'C:\\xampp\\htdocs...', 86, Array)
#1 [internal function]: App\Controllers\Reservation\ReservationController->getCurentDate('month=8', 'year=2017')
#2 C:\xampp\htdocs\kinguin\vendor\yeephp\yeephp\Yee\Managers\Controller\Controller.php(23): call_user_func_array(Array, Array)
#3 [internal function]: Yee\Managers\Controller\Controller::__callStatic('getCurentDate', Array)
#4 C:\xampp\htdocs\kinguin\vendor\yeephp\yeephp\Yee\Route.php(468): call_user_func_array('\\App\\Controller...', Array)
#5 C:\xampp\htdocs\kinguin\vendor\yeephp\yeephp\Yee\Yee.php(1374): Yee\Route->dispatch()
#6 C:\xampp\htdocs\kinguin\vendor\yeephp\yeephp\Yee\Middleware\Flash.php(85): Yee\Yee->call()
#7 C:\xampp\htdocs\kinguin\vendor\yeephp\yeephp\Yee\Middleware\MethodOverride.php(92): Yee\Middleware\Flash->call()
#8 C:\xampp\htdocs\kinguin\vendor\yeephp\yeephp\Yee\Middleware\PrettyExceptions.php(67): Yee\Middleware\MethodOverride->call()
#9 C:\xampp\htdocs\kinguin\vendor\yeephp\yeephp\Yee\Yee.php(1282): Yee\Middleware\PrettyExceptions->call()
#10 C:\xampp\htdocs\kinguin\public\index.php(25): Yee\Yee->execute()
#11 {main}
ERROR - 2017-09-07 19:00:33 - ErrorException: Undefined variable: showAll in C:\xampp\htdocs\kinguin\App\Controllers\Reservation\ReservationController.php:86
Stack trace:
#0 C:\xampp\htdocs\kinguin\App\Controllers\Reservation\ReservationController.php(86): Yee\Yee::handleErrors(8, 'Undefined varia...', 'C:\\xampp\\htdocs...', 86, Array)
#1 [internal function]: App\Controllers\Reservation\ReservationController->getCurentDate('month=8', 'year=2017')
#2 C:\xampp\htdocs\kinguin\vendor\yeephp\yeephp\Yee\Managers\Controller\Controller.php(23): call_user_func_array(Array, Array)
#3 [internal function]: Yee\Managers\Controller\Controller::__callStatic('getCurentDate', Array)
#4 C:\xampp\htdocs\kinguin\vendor\yeephp\yeephp\Yee\Route.php(468): call_user_func_array('\\App\\Controller...', Array)
#5 C:\xampp\htdocs\kinguin\vendor\yeephp\yeephp\Yee\Yee.php(1374): Yee\Route->dispatch()
#6 C:\xampp\htdocs\kinguin\vendor\yeephp\yeephp\Yee\Middleware\Flash.php(85): Yee\Yee->call()
#7 C:\xampp\htdocs\kinguin\vendor\yeephp\yeephp\Yee\Middleware\MethodOverride.php(92): Yee\Middleware\Flash->call()
#8 C:\xampp\htdocs\kinguin\vendor\yeephp\yeephp\Yee\Middleware\PrettyExceptions.php(67): Yee\Middleware\MethodOverride->call()
#9 C:\xampp\htdocs\kinguin\vendor\yeephp\yeephp\Yee\Yee.php(1282): Yee\Middleware\PrettyExceptions->call()
#10 C:\xampp\htdocs\kinguin\public\index.php(25): Yee\Yee->execute()
#11 {main}
ERROR - 2017-09-07 19:00:34 - ErrorException: Undefined variable: showAll in C:\xampp\htdocs\kinguin\App\Controllers\Reservation\ReservationController.php:86
Stack trace:
#0 C:\xampp\htdocs\kinguin\App\Controllers\Reservation\ReservationController.php(86): Yee\Yee::handleErrors(8, 'Undefined varia...', 'C:\\xampp\\htdocs...', 86, Array)
#1 [internal function]: App\Controllers\Reservation\ReservationController->getCurentDate('month=8', 'year=2017')
#2 C:\xampp\htdocs\kinguin\vendor\yeephp\yeephp\Yee\Managers\Controller\Controller.php(23): call_user_func_array(Array, Array)
#3 [internal function]: Yee\Managers\Controller\Controller::__callStatic('getCurentDate', Array)
#4 C:\xampp\htdocs\kinguin\vendor\yeephp\yeephp\Yee\Route.php(468): call_user_func_array('\\App\\Controller...', Array)
#5 C:\xampp\htdocs\kinguin\vendor\yeephp\yeephp\Yee\Yee.php(1374): Yee\Route->dispatch()
#6 C:\xampp\htdocs\kinguin\vendor\yeephp\yeephp\Yee\Middleware\Flash.php(85): Yee\Yee->call()
#7 C:\xampp\htdocs\kinguin\vendor\yeephp\yeephp\Yee\Middleware\MethodOverride.php(92): Yee\Middleware\Flash->call()
#8 C:\xampp\htdocs\kinguin\vendor\yeephp\yeephp\Yee\Middleware\PrettyExceptions.php(67): Yee\Middleware\MethodOverride->call()
#9 C:\xampp\htdocs\kinguin\vendor\yeephp\yeephp\Yee\Yee.php(1282): Yee\Middleware\PrettyExceptions->call()
#10 C:\xampp\htdocs\kinguin\public\index.php(25): Yee\Yee->execute()
#11 {main}
ERROR - 2017-09-07 19:00:34 - ErrorException: Undefined variable: showAll in C:\xampp\htdocs\kinguin\App\Controllers\Reservation\ReservationController.php:86
Stack trace:
#0 C:\xampp\htdocs\kinguin\App\Controllers\Reservation\ReservationController.php(86): Yee\Yee::handleErrors(8, 'Undefined varia...', 'C:\\xampp\\htdocs...', 86, Array)
#1 [internal function]: App\Controllers\Reservation\ReservationController->getCurentDate('month=8', 'year=2017')
#2 C:\xampp\htdocs\kinguin\vendor\yeephp\yeephp\Yee\Managers\Controller\Controller.php(23): call_user_func_array(Array, Array)
#3 [internal function]: Yee\Managers\Controller\Controller::__callStatic('getCurentDate', Array)
#4 C:\xampp\htdocs\kinguin\vendor\yeephp\yeephp\Yee\Route.php(468): call_user_func_array('\\App\\Controller...', Array)
#5 C:\xampp\htdocs\kinguin\vendor\yeephp\yeephp\Yee\Yee.php(1374): Yee\Route->dispatch()
#6 C:\xampp\htdocs\kinguin\vendor\yeephp\yeephp\Yee\Middleware\Flash.php(85): Yee\Yee->call()
#7 C:\xampp\htdocs\kinguin\vendor\yeephp\yeephp\Yee\Middleware\MethodOverride.php(92): Yee\Middleware\Flash->call()
#8 C:\xampp\htdocs\kinguin\vendor\yeephp\yeephp\Yee\Middleware\PrettyExceptions.php(67): Yee\Middleware\MethodOverride->call()
#9 C:\xampp\htdocs\kinguin\vendor\yeephp\yeephp\Yee\Yee.php(1282): Yee\Middleware\PrettyExceptions->call()
#10 C:\xampp\htdocs\kinguin\public\index.php(25): Yee\Yee->execute()
#11 {main}
ERROR - 2017-09-07 19:00:49 - ErrorException: Undefined variable: showAll in C:\xampp\htdocs\kinguin\App\Controllers\Reservation\ReservationController.php:86
Stack trace:
#0 C:\xampp\htdocs\kinguin\App\Controllers\Reservation\ReservationController.php(86): Yee\Yee::handleErrors(8, 'Undefined varia...', 'C:\\xampp\\htdocs...', 86, Array)
#1 [internal function]: App\Controllers\Reservation\ReservationController->getCurentDate('month=10', 'year=2017')
#2 C:\xampp\htdocs\kinguin\vendor\yeephp\yeephp\Yee\Managers\Controller\Controller.php(23): call_user_func_array(Array, Array)
#3 [internal function]: Yee\Managers\Controller\Controller::__callStatic('getCurentDate', Array)
#4 C:\xampp\htdocs\kinguin\vendor\yeephp\yeephp\Yee\Route.php(468): call_user_func_array('\\App\\Controller...', Array)
#5 C:\xampp\htdocs\kinguin\vendor\yeephp\yeephp\Yee\Yee.php(1374): Yee\Route->dispatch()
#6 C:\xampp\htdocs\kinguin\vendor\yeephp\yeephp\Yee\Middleware\Flash.php(85): Yee\Yee->call()
#7 C:\xampp\htdocs\kinguin\vendor\yeephp\yeephp\Yee\Middleware\MethodOverride.php(92): Yee\Middleware\Flash->call()
#8 C:\xampp\htdocs\kinguin\vendor\yeephp\yeephp\Yee\Middleware\PrettyExceptions.php(67): Yee\Middleware\MethodOverride->call()
#9 C:\xampp\htdocs\kinguin\vendor\yeephp\yeephp\Yee\Yee.php(1282): Yee\Middleware\PrettyExceptions->call()
#10 C:\xampp\htdocs\kinguin\public\index.php(25): Yee\Yee->execute()
#11 {main}
ERROR - 2017-09-07 19:36:33 - ErrorException: Undefined variable: year in C:\xampp\htdocs\kinguin\App\Models\ReservationModel\ReservationModel.php:26
Stack trace:
#0 C:\xampp\htdocs\kinguin\App\Models\ReservationModel\ReservationModel.php(26): Yee\Yee::handleErrors(8, 'Undefined varia...', 'C:\\xampp\\htdocs...', 26, Array)
#1 C:\xampp\htdocs\kinguin\App\Controllers\Reservation\ReservationController.php(26): App\Models\ReservationModel\ReservationModel->show()
#2 [internal function]: App\Controllers\Reservation\ReservationController->reservation()
#3 C:\xampp\htdocs\kinguin\vendor\yeephp\yeephp\Yee\Managers\Controller\Controller.php(23): call_user_func_array(Array, Array)
#4 [internal function]: Yee\Managers\Controller\Controller::__callStatic('reservation', Array)
#5 C:\xampp\htdocs\kinguin\vendor\yeephp\yeephp\Yee\Route.php(468): call_user_func_array('\\App\\Controller...', Array)
#6 C:\xampp\htdocs\kinguin\vendor\yeephp\yeephp\Yee\Yee.php(1374): Yee\Route->dispatch()
#7 C:\xampp\htdocs\kinguin\vendor\yeephp\yeephp\Yee\Middleware\Flash.php(85): Yee\Yee->call()
#8 C:\xampp\htdocs\kinguin\vendor\yeephp\yeephp\Yee\Middleware\MethodOverride.php(92): Yee\Middleware\Flash->call()
#9 C:\xampp\htdocs\kinguin\vendor\yeephp\yeephp\Yee\Middleware\PrettyExceptions.php(67): Yee\Middleware\MethodOverride->call()
#10 C:\xampp\htdocs\kinguin\vendor\yeephp\yeephp\Yee\Yee.php(1282): Yee\Middleware\PrettyExceptions->call()
#11 C:\xampp\htdocs\kinguin\public\index.php(25): Yee\Yee->execute()
#12 {main}
ERROR - 2017-09-07 20:35:31 - ErrorException: Undefined index: month in C:\xampp\htdocs\kinguin\App\Models\ReservationModel\ReservationModel.php:38
Stack trace:
#0 C:\xampp\htdocs\kinguin\App\Models\ReservationModel\ReservationModel.php(38): Yee\Yee::handleErrors(8, 'Undefined index...', 'C:\\xampp\\htdocs...', 38, Array)
#1 C:\xampp\htdocs\kinguin\App\Controllers\Reservation\ReservationController.php(26): App\Models\ReservationModel\ReservationModel->show()
#2 [internal function]: App\Controllers\Reservation\ReservationController->reservation()
#3 C:\xampp\htdocs\kinguin\vendor\yeephp\yeephp\Yee\Managers\Controller\Controller.php(23): call_user_func_array(Array, Array)
#4 [internal function]: Yee\Managers\Controller\Controller::__callStatic('reservation', Array)
#5 C:\xampp\htdocs\kinguin\vendor\yeephp\yeephp\Yee\Route.php(468): call_user_func_array('\\App\\Controller...', Array)
#6 C:\xampp\htdocs\kinguin\vendor\yeephp\yeephp\Yee\Yee.php(1374): Yee\Route->dispatch()
#7 C:\xampp\htdocs\kinguin\vendor\yeephp\yeephp\Yee\Middleware\Flash.php(85): Yee\Yee->call()
#8 C:\xampp\htdocs\kinguin\vendor\yeephp\yeephp\Yee\Middleware\MethodOverride.php(92): Yee\Middleware\Flash->call()
#9 C:\xampp\htdocs\kinguin\vendor\yeephp\yeephp\Yee\Middleware\PrettyExceptions.php(67): Yee\Middleware\MethodOverride->call()
#10 C:\xampp\htdocs\kinguin\vendor\yeephp\yeephp\Yee\Yee.php(1282): Yee\Middleware\PrettyExceptions->call()
#11 C:\xampp\htdocs\kinguin\public\index.php(25): Yee\Yee->execute()
#12 {main}
ERROR - 2017-09-07 20:36:13 - ErrorException: Undefined index: month in C:\xampp\htdocs\kinguin\App\Models\ReservationModel\ReservationModel.php:38
Stack trace:
#0 C:\xampp\htdocs\kinguin\App\Models\ReservationModel\ReservationModel.php(38): Yee\Yee::handleErrors(8, 'Undefined index...', 'C:\\xampp\\htdocs...', 38, Array)
#1 C:\xampp\htdocs\kinguin\App\Controllers\Reservation\ReservationController.php(51): App\Models\ReservationModel\ReservationModel->show()
#2 [internal function]: App\Controllers\Reservation\ReservationController->getCurentDate('month=10', 'year=2017')
#3 C:\xampp\htdocs\kinguin\vendor\yeephp\yeephp\Yee\Managers\Controller\Controller.php(23): call_user_func_array(Array, Array)
#4 [internal function]: Yee\Managers\Controller\Controller::__callStatic('getCurentDate', Array)
#5 C:\xampp\htdocs\kinguin\vendor\yeephp\yeephp\Yee\Route.php(468): call_user_func_array('\\App\\Controller...', Array)
#6 C:\xampp\htdocs\kinguin\vendor\yeephp\yeephp\Yee\Yee.php(1374): Yee\Route->dispatch()
#7 C:\xampp\htdocs\kinguin\vendor\yeephp\yeephp\Yee\Middleware\Flash.php(85): Yee\Yee->call()
#8 C:\xampp\htdocs\kinguin\vendor\yeephp\yeephp\Yee\Middleware\MethodOverride.php(92): Yee\Middleware\Flash->call()
#9 C:\xampp\htdocs\kinguin\vendor\yeephp\yeephp\Yee\Middleware\PrettyExceptions.php(67): Yee\Middleware\MethodOverride->call()
#10 C:\xampp\htdocs\kinguin\vendor\yeephp\yeephp\Yee\Yee.php(1282): Yee\Middleware\PrettyExceptions->call()
#11 C:\xampp\htdocs\kinguin\public\index.php(25): Yee\Yee->execute()
#12 {main}
ERROR - 2017-09-07 20:36:28 - ErrorException: Undefined index: month in C:\xampp\htdocs\kinguin\App\Models\ReservationModel\ReservationModel.php:38
Stack trace:
#0 C:\xampp\htdocs\kinguin\App\Models\ReservationModel\ReservationModel.php(38): Yee\Yee::handleErrors(8, 'Undefined index...', 'C:\\xampp\\htdocs...', 38, Array)
#1 C:\xampp\htdocs\kinguin\App\Controllers\Reservation\ReservationController.php(26): App\Models\ReservationModel\ReservationModel->show()
#2 [internal function]: App\Controllers\Reservation\ReservationController->reservation()
#3 C:\xampp\htdocs\kinguin\vendor\yeephp\yeephp\Yee\Managers\Controller\Controller.php(23): call_user_func_array(Array, Array)
#4 [internal function]: Yee\Managers\Controller\Controller::__callStatic('reservation', Array)
#5 C:\xampp\htdocs\kinguin\vendor\yeephp\yeephp\Yee\Route.php(468): call_user_func_array('\\App\\Controller...', Array)
#6 C:\xampp\htdocs\kinguin\vendor\yeephp\yeephp\Yee\Yee.php(1374): Yee\Route->dispatch()
#7 C:\xampp\htdocs\kinguin\vendor\yeephp\yeephp\Yee\Middleware\Flash.php(85): Yee\Yee->call()
#8 C:\xampp\htdocs\kinguin\vendor\yeephp\yeephp\Yee\Middleware\MethodOverride.php(92): Yee\Middleware\Flash->call()
#9 C:\xampp\htdocs\kinguin\vendor\yeephp\yeephp\Yee\Middleware\PrettyExceptions.php(67): Yee\Middleware\MethodOverride->call()
#10 C:\xampp\htdocs\kinguin\vendor\yeephp\yeephp\Yee\Yee.php(1282): Yee\Middleware\PrettyExceptions->call()
#11 C:\xampp\htdocs\kinguin\public\index.php(25): Yee\Yee->execute()
#12 {main}
ERROR - 2017-09-07 20:45:42 - ErrorException: Undefined variable: year in C:\xampp\htdocs\kinguin\App\Models\ReservationModel\ReservationModel.php:32
Stack trace:
#0 C:\xampp\htdocs\kinguin\App\Models\ReservationModel\ReservationModel.php(32): Yee\Yee::handleErrors(8, 'Undefined varia...', 'C:\\xampp\\htdocs...', 32, Array)
#1 C:\xampp\htdocs\kinguin\App\Controllers\Reservation\ReservationController.php(26): App\Models\ReservationModel\ReservationModel->show()
#2 [internal function]: App\Controllers\Reservation\ReservationController->reservation()
#3 C:\xampp\htdocs\kinguin\vendor\yeephp\yeephp\Yee\Managers\Controller\Controller.php(23): call_user_func_array(Array, Array)
#4 [internal function]: Yee\Managers\Controller\Controller::__callStatic('reservation', Array)
#5 C:\xampp\htdocs\kinguin\vendor\yeephp\yeephp\Yee\Route.php(468): call_user_func_array('\\App\\Controller...', Array)
#6 C:\xampp\htdocs\kinguin\vendor\yeephp\yeephp\Yee\Yee.php(1374): Yee\Route->dispatch()
#7 C:\xampp\htdocs\kinguin\vendor\yeephp\yeephp\Yee\Middleware\Flash.php(85): Yee\Yee->call()
#8 C:\xampp\htdocs\kinguin\vendor\yeephp\yeephp\Yee\Middleware\MethodOverride.php(92): Yee\Middleware\Flash->call()
#9 C:\xampp\htdocs\kinguin\vendor\yeephp\yeephp\Yee\Middleware\PrettyExceptions.php(67): Yee\Middleware\MethodOverride->call()
#10 C:\xampp\htdocs\kinguin\vendor\yeephp\yeephp\Yee\Yee.php(1282): Yee\Middleware\PrettyExceptions->call()
#11 C:\xampp\htdocs\kinguin\public\index.php(25): Yee\Yee->execute()
#12 {main}
ERROR - 2017-09-07 20:58:23 - ErrorException: Undefined index: month in C:\xampp\htdocs\kinguin\App\Controllers\Reservation\ReservationController.php:51
Stack trace:
#0 C:\xampp\htdocs\kinguin\App\Controllers\Reservation\ReservationController.php(51): Yee\Yee::handleErrors(8, 'Undefined index...', 'C:\\xampp\\htdocs...', 51, Array)
#1 [internal function]: App\Controllers\Reservation\ReservationController->getCurentDate('month=10', 'year=2017')
#2 C:\xampp\htdocs\kinguin\vendor\yeephp\yeephp\Yee\Managers\Controller\Controller.php(23): call_user_func_array(Array, Array)
#3 [internal function]: Yee\Managers\Controller\Controller::__callStatic('getCurentDate', Array)
#4 C:\xampp\htdocs\kinguin\vendor\yeephp\yeephp\Yee\Route.php(468): call_user_func_array('\\App\\Controller...', Array)
#5 C:\xampp\htdocs\kinguin\vendor\yeephp\yeephp\Yee\Yee.php(1374): Yee\Route->dispatch()
#6 C:\xampp\htdocs\kinguin\vendor\yeephp\yeephp\Yee\Middleware\Flash.php(85): Yee\Yee->call()
#7 C:\xampp\htdocs\kinguin\vendor\yeephp\yeephp\Yee\Middleware\MethodOverride.php(92): Yee\Middleware\Flash->call()
#8 C:\xampp\htdocs\kinguin\vendor\yeephp\yeephp\Yee\Middleware\PrettyExceptions.php(67): Yee\Middleware\MethodOverride->call()
#9 C:\xampp\htdocs\kinguin\vendor\yeephp\yeephp\Yee\Yee.php(1282): Yee\Middleware\PrettyExceptions->call()
#10 C:\xampp\htdocs\kinguin\public\index.php(25): Yee\Yee->execute()
#11 {main}
ERROR - 2017-09-07 21:00:21 - ErrorException: Undefined index: month in C:\xampp\htdocs\kinguin\App\Controllers\Reservation\ReservationController.php:51
Stack trace:
#0 C:\xampp\htdocs\kinguin\App\Controllers\Reservation\ReservationController.php(51): Yee\Yee::handleErrors(8, 'Undefined index...', 'C:\\xampp\\htdocs...', 51, Array)
#1 [internal function]: App\Controllers\Reservation\ReservationController->getCurentDate('month=10', 'year=2017')
#2 C:\xampp\htdocs\kinguin\vendor\yeephp\yeephp\Yee\Managers\Controller\Controller.php(23): call_user_func_array(Array, Array)
#3 [internal function]: Yee\Managers\Controller\Controller::__callStatic('getCurentDate', Array)
#4 C:\xampp\htdocs\kinguin\vendor\yeephp\yeephp\Yee\Route.php(468): call_user_func_array('\\App\\Controller...', Array)
#5 C:\xampp\htdocs\kinguin\vendor\yeephp\yeephp\Yee\Yee.php(1374): Yee\Route->dispatch()
#6 C:\xampp\htdocs\kinguin\vendor\yeephp\yeephp\Yee\Middleware\Flash.php(85): Yee\Yee->call()
#7 C:\xampp\htdocs\kinguin\vendor\yeephp\yeephp\Yee\Middleware\MethodOverride.php(92): Yee\Middleware\Flash->call()
#8 C:\xampp\htdocs\kinguin\vendor\yeephp\yeephp\Yee\Middleware\PrettyExceptions.php(67): Yee\Middleware\MethodOverride->call()
#9 C:\xampp\htdocs\kinguin\vendor\yeephp\yeephp\Yee\Yee.php(1282): Yee\Middleware\PrettyExceptions->call()
#10 C:\xampp\htdocs\kinguin\public\index.php(25): Yee\Yee->execute()
#11 {main}
ERROR - 2017-09-07 21:02:46 - InvalidArgumentException: Route callable must be callable in C:\xampp\htdocs\kinguin\vendor\yeephp\yeephp\Yee\Route.php:184
Stack trace:
#0 C:\xampp\htdocs\kinguin\vendor\yeephp\yeephp\Yee\Route.php(108): Yee\Route->setCallable(NULL)
#1 C:\xampp\htdocs\kinguin\vendor\yeephp\yeephp\Yee\Yee.php(452): Yee\Route->__construct('/:month/:year', NULL, true)
#2 C:\xampp\htdocs\kinguin\vendor\yeephp\yeephp\Yee\Yee.php(482): Yee\Yee->mapRoute(Array)
#3 C:\xampp\htdocs\kinguin\App\Controllers\Reservation\ReservationController.php(51): Yee\Yee->get('/:month/:year')
#4 [internal function]: App\Controllers\Reservation\ReservationController->getCurentDate('month=10', 'year=2017')
#5 C:\xampp\htdocs\kinguin\vendor\yeephp\yeephp\Yee\Managers\Controller\Controller.php(23): call_user_func_array(Array, Array)
#6 [internal function]: Yee\Managers\Controller\Controller::__callStatic('getCurentDate', Array)
#7 C:\xampp\htdocs\kinguin\vendor\yeephp\yeephp\Yee\Route.php(468): call_user_func_array('\\App\\Controller...', Array)
#8 C:\xampp\htdocs\kinguin\vendor\yeephp\yeephp\Yee\Yee.php(1374): Yee\Route->dispatch()
#9 C:\xampp\htdocs\kinguin\vendor\yeephp\yeephp\Yee\Middleware\Flash.php(85): Yee\Yee->call()
#10 C:\xampp\htdocs\kinguin\vendor\yeephp\yeephp\Yee\Middleware\MethodOverride.php(92): Yee\Middleware\Flash->call()
#11 C:\xampp\htdocs\kinguin\vendor\yeephp\yeephp\Yee\Middleware\PrettyExceptions.php(67): Yee\Middleware\MethodOverride->call()
#12 C:\xampp\htdocs\kinguin\vendor\yeephp\yeephp\Yee\Yee.php(1282): Yee\Middleware\PrettyExceptions->call()
#13 C:\xampp\htdocs\kinguin\public\index.php(25): Yee\Yee->execute()
#14 {main}
ERROR - 2017-09-07 21:36:18 - ErrorException: Undefined variable: app in C:\xampp\htdocs\kinguin\App\Models\ReservationModel\ReservationModel.php:36
Stack trace:
#0 C:\xampp\htdocs\kinguin\App\Models\ReservationModel\ReservationModel.php(36): Yee\Yee::handleErrors(8, 'Undefined varia...', 'C:\\xampp\\htdocs...', 36, Array)
#1 C:\xampp\htdocs\kinguin\App\Controllers\Reservation\ReservationController.php(54): App\Models\ReservationModel\ReservationModel->show()
#2 [internal function]: App\Controllers\Reservation\ReservationController->getCurentDate('month=10', 'year=2017')
#3 C:\xampp\htdocs\kinguin\vendor\yeephp\yeephp\Yee\Managers\Controller\Controller.php(23): call_user_func_array(Array, Array)
#4 [internal function]: Yee\Managers\Controller\Controller::__callStatic('getCurentDate', Array)
#5 C:\xampp\htdocs\kinguin\vendor\yeephp\yeephp\Yee\Route.php(468): call_user_func_array('\\App\\Controller...', Array)
#6 C:\xampp\htdocs\kinguin\vendor\yeephp\yeephp\Yee\Yee.php(1374): Yee\Route->dispatch()
#7 C:\xampp\htdocs\kinguin\vendor\yeephp\yeephp\Yee\Middleware\Flash.php(85): Yee\Yee->call()
#8 C:\xampp\htdocs\kinguin\vendor\yeephp\yeephp\Yee\Middleware\MethodOverride.php(92): Yee\Middleware\Flash->call()
#9 C:\xampp\htdocs\kinguin\vendor\yeephp\yeephp\Yee\Middleware\PrettyExceptions.php(67): Yee\Middleware\MethodOverride->call()
#10 C:\xampp\htdocs\kinguin\vendor\yeephp\yeephp\Yee\Yee.php(1282): Yee\Middleware\PrettyExceptions->call()
#11 C:\xampp\htdocs\kinguin\public\index.php(25): Yee\Yee->execute()
#12 {main}
ERROR - 2017-09-07 21:36:44 - ErrorException: Undefined variable: app in C:\xampp\htdocs\kinguin\App\Models\ReservationModel\ReservationModel.php:21
Stack trace:
#0 C:\xampp\htdocs\kinguin\App\Models\ReservationModel\ReservationModel.php(21): Yee\Yee::handleErrors(8, 'Undefined varia...', 'C:\\xampp\\htdocs...', 21, Array)
#1 C:\xampp\htdocs\kinguin\App\Controllers\Reservation\ReservationController.php(54): App\Models\ReservationModel\ReservationModel->show()
#2 [internal function]: App\Controllers\Reservation\ReservationController->getCurentDate('month=10', 'year=2017')
#3 C:\xampp\htdocs\kinguin\vendor\yeephp\yeephp\Yee\Managers\Controller\Controller.php(23): call_user_func_array(Array, Array)
#4 [internal function]: Yee\Managers\Controller\Controller::__callStatic('getCurentDate', Array)
#5 C:\xampp\htdocs\kinguin\vendor\yeephp\yeephp\Yee\Route.php(468): call_user_func_array('\\App\\Controller...', Array)
#6 C:\xampp\htdocs\kinguin\vendor\yeephp\yeephp\Yee\Yee.php(1374): Yee\Route->dispatch()
#7 C:\xampp\htdocs\kinguin\vendor\yeephp\yeephp\Yee\Middleware\Flash.php(85): Yee\Yee->call()
#8 C:\xampp\htdocs\kinguin\vendor\yeephp\yeephp\Yee\Middleware\MethodOverride.php(92): Yee\Middleware\Flash->call()
#9 C:\xampp\htdocs\kinguin\vendor\yeephp\yeephp\Yee\Middleware\PrettyExceptions.php(67): Yee\Middleware\MethodOverride->call()
#10 C:\xampp\htdocs\kinguin\vendor\yeephp\yeephp\Yee\Yee.php(1282): Yee\Middleware\PrettyExceptions->call()
#11 C:\xampp\htdocs\kinguin\public\index.php(25): Yee\Yee->execute()
#12 {main}
ERROR - 2017-09-07 21:36:49 - ErrorException: Undefined variable: app in C:\xampp\htdocs\kinguin\App\Models\ReservationModel\ReservationModel.php:21
Stack trace:
#0 C:\xampp\htdocs\kinguin\App\Models\ReservationModel\ReservationModel.php(21): Yee\Yee::handleErrors(8, 'Undefined varia...', 'C:\\xampp\\htdocs...', 21, Array)
#1 C:\xampp\htdocs\kinguin\App\Controllers\Reservation\ReservationController.php(26): App\Models\ReservationModel\ReservationModel->show()
#2 [internal function]: App\Controllers\Reservation\ReservationController->reservation()
#3 C:\xampp\htdocs\kinguin\vendor\yeephp\yeephp\Yee\Managers\Controller\Controller.php(23): call_user_func_array(Array, Array)
#4 [internal function]: Yee\Managers\Controller\Controller::__callStatic('reservation', Array)
#5 C:\xampp\htdocs\kinguin\vendor\yeephp\yeephp\Yee\Route.php(468): call_user_func_array('\\App\\Controller...', Array)
#6 C:\xampp\htdocs\kinguin\vendor\yeephp\yeephp\Yee\Yee.php(1374): Yee\Route->dispatch()
#7 C:\xampp\htdocs\kinguin\vendor\yeephp\yeephp\Yee\Middleware\Flash.php(85): Yee\Yee->call()
#8 C:\xampp\htdocs\kinguin\vendor\yeephp\yeephp\Yee\Middleware\MethodOverride.php(92): Yee\Middleware\Flash->call()
#9 C:\xampp\htdocs\kinguin\vendor\yeephp\yeephp\Yee\Middleware\PrettyExceptions.php(67): Yee\Middleware\MethodOverride->call()
#10 C:\xampp\htdocs\kinguin\vendor\yeephp\yeephp\Yee\Yee.php(1282): Yee\Middleware\PrettyExceptions->call()
#11 C:\xampp\htdocs\kinguin\public\index.php(25): Yee\Yee->execute()
#12 {main}
ERROR - 2017-09-07 21:37:44 - ErrorException: Undefined variable: app in C:\xampp\htdocs\kinguin\App\Models\ReservationModel\ReservationModel.php:23
Stack trace:
#0 C:\xampp\htdocs\kinguin\App\Models\ReservationModel\ReservationModel.php(23): Yee\Yee::handleErrors(8, 'Undefined varia...', 'C:\\xampp\\htdocs...', 23, Array)
#1 C:\xampp\htdocs\kinguin\App\Controllers\Reservation\ReservationController.php(26): App\Models\ReservationModel\ReservationModel->show()
#2 [internal function]: App\Controllers\Reservation\ReservationController->reservation()
#3 C:\xampp\htdocs\kinguin\vendor\yeephp\yeephp\Yee\Managers\Controller\Controller.php(23): call_user_func_array(Array, Array)
#4 [internal function]: Yee\Managers\Controller\Controller::__callStatic('reservation', Array)
#5 C:\xampp\htdocs\kinguin\vendor\yeephp\yeephp\Yee\Route.php(468): call_user_func_array('\\App\\Controller...', Array)
#6 C:\xampp\htdocs\kinguin\vendor\yeephp\yeephp\Yee\Yee.php(1374): Yee\Route->dispatch()
#7 C:\xampp\htdocs\kinguin\vendor\yeephp\yeephp\Yee\Middleware\Flash.php(85): Yee\Yee->call()
#8 C:\xampp\htdocs\kinguin\vendor\yeephp\yeephp\Yee\Middleware\MethodOverride.php(92): Yee\Middleware\Flash->call()
#9 C:\xampp\htdocs\kinguin\vendor\yeephp\yeephp\Yee\Middleware\PrettyExceptions.php(67): Yee\Middleware\MethodOverride->call()
#10 C:\xampp\htdocs\kinguin\vendor\yeephp\yeephp\Yee\Yee.php(1282): Yee\Middleware\PrettyExceptions->call()
#11 C:\xampp\htdocs\kinguin\public\index.php(25): Yee\Yee->execute()
#12 {main}
ERROR - 2017-09-07 21:43:09 - Twig_Error_Syntax: Unknown "path" function. in C:\xampp\htdocs\kinguin\templates\reservations\index.twig:10
Stack trace:
#0 C:\xampp\htdocs\kinguin\vendor\twig\twig\lib\Twig\ExpressionParser.php(374): Twig_ExpressionParser->getFunctionNodeClass('path', 10)
#1 C:\xampp\htdocs\kinguin\vendor\twig\twig\lib\Twig\ExpressionParser.php(162): Twig_ExpressionParser->getFunctionNode('path', 10)
#2 C:\xampp\htdocs\kinguin\vendor\twig\twig\lib\Twig\ExpressionParser.php(102): Twig_ExpressionParser->parsePrimaryExpression()
#3 C:\xampp\htdocs\kinguin\vendor\twig\twig\lib\Twig\ExpressionParser.php(55): Twig_ExpressionParser->getPrimary()
#4 C:\xampp\htdocs\kinguin\vendor\twig\twig\lib\Twig\Parser.php(147): Twig_ExpressionParser->parseExpression()
#5 C:\xampp\htdocs\kinguin\vendor\twig\twig\lib\Twig\TokenParser\For.php(42): Twig_Parser->subparse(Array)
#6 C:\xampp\htdocs\kinguin\vendor\twig\twig\lib\Twig\Parser.php(190): Twig_TokenParser_For->parse(Object(Twig_Token))
#7 C:\xampp\htdocs\kinguin\vendor\twig\twig\lib\Twig\TokenParser\Block.php(40): Twig_Parser->subparse(Array, true)
#8 C:\xampp\htdocs\kinguin\vendor\twig\twig\lib\Twig\Parser.php(190): Twig_TokenParser_Block->parse(Object(Twig_Token))
#9 C:\xampp\htdocs\kinguin\vendor\twig\twig\lib\Twig\Parser.php(103): Twig_Parser->subparse(NULL, false)
#10 C:\xampp\htdocs\kinguin\vendor\twig\twig\lib\Twig\Environment.php(692): Twig_Parser->parse(Object(Twig_TokenStream))
#11 C:\xampp\htdocs\kinguin\vendor\twig\twig\lib\Twig\Environment.php(750): Twig_Environment->parse(Object(Twig_TokenStream))
#12 C:\xampp\htdocs\kinguin\vendor\twig\twig\lib\Twig\Environment.php(447): Twig_Environment->compileSource(Object(Twig_Source))
#13 C:\xampp\htdocs\kinguin\vendor\yeephp\yeephp\Yee\Views\Twig.php(87): Twig_Environment->loadTemplate('reservations/in...')
#14 C:\xampp\htdocs\kinguin\vendor\yeephp\yeephp\Yee\View.php(255): Yee\Views\Twig->render('reservations/in...', NULL)
#15 C:\xampp\htdocs\kinguin\vendor\yeephp\yeephp\Yee\View.php(243): Yee\View->fetch('reservations/in...', NULL)
#16 C:\xampp\htdocs\kinguin\vendor\yeephp\yeephp\Yee\Yee.php(766): Yee\View->display('reservations/in...')
#17 C:\xampp\htdocs\kinguin\App\Controllers\Reservation\ReservationController.php(63): Yee\Yee->render('reservations/in...', Array)
#18 [internal function]: App\Controllers\Reservation\ReservationController->getCurentDate('month=10', 'year=2017')
#19 C:\xampp\htdocs\kinguin\vendor\yeephp\yeephp\Yee\Managers\Controller\Controller.php(23): call_user_func_array(Array, Array)
#20 [internal function]: Yee\Managers\Controller\Controller::__callStatic('getCurentDate', Array)
#21 C:\xampp\htdocs\kinguin\vendor\yeephp\yeephp\Yee\Route.php(468): call_user_func_array('\\App\\Controller...', Array)
#22 C:\xampp\htdocs\kinguin\vendor\yeephp\yeephp\Yee\Yee.php(1374): Yee\Route->dispatch()
#23 C:\xampp\htdocs\kinguin\vendor\yeephp\yeephp\Yee\Middleware\Flash.php(85): Yee\Yee->call()
#24 C:\xampp\htdocs\kinguin\vendor\yeephp\yeephp\Yee\Middleware\MethodOverride.php(92): Yee\Middleware\Flash->call()
#25 C:\xampp\htdocs\kinguin\vendor\yeephp\yeephp\Yee\Middleware\PrettyExceptions.php(67): Yee\Middleware\MethodOverride->call()
#26 C:\xampp\htdocs\kinguin\vendor\yeephp\yeephp\Yee\Yee.php(1282): Yee\Middleware\PrettyExceptions->call()
#27 C:\xampp\htdocs\kinguin\public\index.php(25): Yee\Yee->execute()
#28 {main}
ERROR - 2017-09-07 21:43:27 - Twig_Error_Syntax: Unknown "path" function. in C:\xampp\htdocs\kinguin\templates\reservations\index.twig:10
Stack trace:
#0 C:\xampp\htdocs\kinguin\vendor\twig\twig\lib\Twig\ExpressionParser.php(374): Twig_ExpressionParser->getFunctionNodeClass('path', 10)
#1 C:\xampp\htdocs\kinguin\vendor\twig\twig\lib\Twig\ExpressionParser.php(162): Twig_ExpressionParser->getFunctionNode('path', 10)
#2 C:\xampp\htdocs\kinguin\vendor\twig\twig\lib\Twig\ExpressionParser.php(102): Twig_ExpressionParser->parsePrimaryExpression()
#3 C:\xampp\htdocs\kinguin\vendor\twig\twig\lib\Twig\ExpressionParser.php(55): Twig_ExpressionParser->getPrimary()
#4 C:\xampp\htdocs\kinguin\vendor\twig\twig\lib\Twig\Parser.php(147): Twig_ExpressionParser->parseExpression()
#5 C:\xampp\htdocs\kinguin\vendor\twig\twig\lib\Twig\TokenParser\For.php(42): Twig_Parser->subparse(Array)
#6 C:\xampp\htdocs\kinguin\vendor\twig\twig\lib\Twig\Parser.php(190): Twig_TokenParser_For->parse(Object(Twig_Token))
#7 C:\xampp\htdocs\kinguin\vendor\twig\twig\lib\Twig\TokenParser\Block.php(40): Twig_Parser->subparse(Array, true)
#8 C:\xampp\htdocs\kinguin\vendor\twig\twig\lib\Twig\Parser.php(190): Twig_TokenParser_Block->parse(Object(Twig_Token))
#9 C:\xampp\htdocs\kinguin\vendor\twig\twig\lib\Twig\Parser.php(103): Twig_Parser->subparse(NULL, false)
#10 C:\xampp\htdocs\kinguin\vendor\twig\twig\lib\Twig\Environment.php(692): Twig_Parser->parse(Object(Twig_TokenStream))
#11 C:\xampp\htdocs\kinguin\vendor\twig\twig\lib\Twig\Environment.php(750): Twig_Environment->parse(Object(Twig_TokenStream))
#12 C:\xampp\htdocs\kinguin\vendor\twig\twig\lib\Twig\Environment.php(447): Twig_Environment->compileSource(Object(Twig_Source))
#13 C:\xampp\htdocs\kinguin\vendor\yeephp\yeephp\Yee\Views\Twig.php(87): Twig_Environment->loadTemplate('reservations/in...')
#14 C:\xampp\htdocs\kinguin\vendor\yeephp\yeephp\Yee\View.php(255): Yee\Views\Twig->render('reservations/in...', NULL)
#15 C:\xampp\htdocs\kinguin\vendor\yeephp\yeephp\Yee\View.php(243): Yee\View->fetch('reservations/in...', NULL)
#16 C:\xampp\htdocs\kinguin\vendor\yeephp\yeephp\Yee\Yee.php(766): Yee\View->display('reservations/in...')
#17 C:\xampp\htdocs\kinguin\App\Controllers\Reservation\ReservationController.php(35): Yee\Yee->render('reservations/in...', Array)
#18 [internal function]: App\Controllers\Reservation\ReservationController->reservation()
#19 C:\xampp\htdocs\kinguin\vendor\yeephp\yeephp\Yee\Managers\Controller\Controller.php(23): call_user_func_array(Array, Array)
#20 [internal function]: Yee\Managers\Controller\Controller::__callStatic('reservation', Array)
#21 C:\xampp\htdocs\kinguin\vendor\yeephp\yeephp\Yee\Route.php(468): call_user_func_array('\\App\\Controller...', Array)
#22 C:\xampp\htdocs\kinguin\vendor\yeephp\yeephp\Yee\Yee.php(1374): Yee\Route->dispatch()
#23 C:\xampp\htdocs\kinguin\vendor\yeephp\yeephp\Yee\Middleware\Flash.php(85): Yee\Yee->call()
#24 C:\xampp\htdocs\kinguin\vendor\yeephp\yeephp\Yee\Middleware\MethodOverride.php(92): Yee\Middleware\Flash->call()
#25 C:\xampp\htdocs\kinguin\vendor\yeephp\yeephp\Yee\Middleware\PrettyExceptions.php(67): Yee\Middleware\MethodOverride->call()
#26 C:\xampp\htdocs\kinguin\vendor\yeephp\yeephp\Yee\Yee.php(1282): Yee\Middleware\PrettyExceptions->call()
#27 C:\xampp\htdocs\kinguin\public\index.php(25): Yee\Yee->execute()
#28 {main}
ERROR - 2017-09-07 21:43:29 - Twig_Error_Syntax: Unknown "path" function. in C:\xampp\htdocs\kinguin\templates\reservations\index.twig:10
Stack trace:
#0 C:\xampp\htdocs\kinguin\vendor\twig\twig\lib\Twig\ExpressionParser.php(374): Twig_ExpressionParser->getFunctionNodeClass('path', 10)
#1 C:\xampp\htdocs\kinguin\vendor\twig\twig\lib\Twig\ExpressionParser.php(162): Twig_ExpressionParser->getFunctionNode('path', 10)
#2 C:\xampp\htdocs\kinguin\vendor\twig\twig\lib\Twig\ExpressionParser.php(102): Twig_ExpressionParser->parsePrimaryExpression()
#3 C:\xampp\htdocs\kinguin\vendor\twig\twig\lib\Twig\ExpressionParser.php(55): Twig_ExpressionParser->getPrimary()
#4 C:\xampp\htdocs\kinguin\vendor\twig\twig\lib\Twig\Parser.php(147): Twig_ExpressionParser->parseExpression()
#5 C:\xampp\htdocs\kinguin\vendor\twig\twig\lib\Twig\TokenParser\For.php(42): Twig_Parser->subparse(Array)
#6 C:\xampp\htdocs\kinguin\vendor\twig\twig\lib\Twig\Parser.php(190): Twig_TokenParser_For->parse(Object(Twig_Token))
#7 C:\xampp\htdocs\kinguin\vendor\twig\twig\lib\Twig\TokenParser\Block.php(40): Twig_Parser->subparse(Array, true)
#8 C:\xampp\htdocs\kinguin\vendor\twig\twig\lib\Twig\Parser.php(190): Twig_TokenParser_Block->parse(Object(Twig_Token))
#9 C:\xampp\htdocs\kinguin\vendor\twig\twig\lib\Twig\Parser.php(103): Twig_Parser->subparse(NULL, false)
#10 C:\xampp\htdocs\kinguin\vendor\twig\twig\lib\Twig\Environment.php(692): Twig_Parser->parse(Object(Twig_TokenStream))
#11 C:\xampp\htdocs\kinguin\vendor\twig\twig\lib\Twig\Environment.php(750): Twig_Environment->parse(Object(Twig_TokenStream))
#12 C:\xampp\htdocs\kinguin\vendor\twig\twig\lib\Twig\Environment.php(447): Twig_Environment->compileSource(Object(Twig_Source))
#13 C:\xampp\htdocs\kinguin\vendor\yeephp\yeephp\Yee\Views\Twig.php(87): Twig_Environment->loadTemplate('reservations/in...')
#14 C:\xampp\htdocs\kinguin\vendor\yeephp\yeephp\Yee\View.php(255): Yee\Views\Twig->render('reservations/in...', NULL)
#15 C:\xampp\htdocs\kinguin\vendor\yeephp\yeephp\Yee\View.php(243): Yee\View->fetch('reservations/in...', NULL)
#16 C:\xampp\htdocs\kinguin\vendor\yeephp\yeephp\Yee\Yee.php(766): Yee\View->display('reservations/in...')
#17 C:\xampp\htdocs\kinguin\App\Controllers\Reservation\ReservationController.php(63): Yee\Yee->render('reservations/in...', Array)
#18 [internal function]: App\Controllers\Reservation\ReservationController->getCurentDate('month=10', 'year=2017')
#19 C:\xampp\htdocs\kinguin\vendor\yeephp\yeephp\Yee\Managers\Controller\Controller.php(23): call_user_func_array(Array, Array)
#20 [internal function]: Yee\Managers\Controller\Controller::__callStatic('getCurentDate', Array)
#21 C:\xampp\htdocs\kinguin\vendor\yeephp\yeephp\Yee\Route.php(468): call_user_func_array('\\App\\Controller...', Array)
#22 C:\xampp\htdocs\kinguin\vendor\yeephp\yeephp\Yee\Yee.php(1374): Yee\Route->dispatch()
#23 C:\xampp\htdocs\kinguin\vendor\yeephp\yeephp\Yee\Middleware\Flash.php(85): Yee\Yee->call()
#24 C:\xampp\htdocs\kinguin\vendor\yeephp\yeephp\Yee\Middleware\MethodOverride.php(92): Yee\Middleware\Flash->call()
#25 C:\xampp\htdocs\kinguin\vendor\yeephp\yeephp\Yee\Middleware\PrettyExceptions.php(67): Yee\Middleware\MethodOverride->call()
#26 C:\xampp\htdocs\kinguin\vendor\yeephp\yeephp\Yee\Yee.php(1282): Yee\Middleware\PrettyExceptions->call()
#27 C:\xampp\htdocs\kinguin\public\index.php(25): Yee\Yee->execute()
#28 {main}
ERROR - 2017-09-07 22:16:55 - ErrorException: Undefined index: year in C:\xampp\htdocs\kinguin\App\Models\ReservationModel\ReservationModel.php:28
Stack trace:
#0 C:\xampp\htdocs\kinguin\App\Models\ReservationModel\ReservationModel.php(28): Yee\Yee::handleErrors(8, 'Undefined index...', 'C:\\xampp\\htdocs...', 28, Array)
#1 C:\xampp\htdocs\kinguin\App\Controllers\Reservation\ReservationController.php(26): App\Models\ReservationModel\ReservationModel->show()
#2 [internal function]: App\Controllers\Reservation\ReservationController->reservation()
#3 C:\xampp\htdocs\kinguin\vendor\yeephp\yeephp\Yee\Managers\Controller\Controller.php(23): call_user_func_array(Array, Array)
#4 [internal function]: Yee\Managers\Controller\Controller::__callStatic('reservation', Array)
#5 C:\xampp\htdocs\kinguin\vendor\yeephp\yeephp\Yee\Route.php(468): call_user_func_array('\\App\\Controller...', Array)
#6 C:\xampp\htdocs\kinguin\vendor\yeephp\yeephp\Yee\Yee.php(1374): Yee\Route->dispatch()
#7 C:\xampp\htdocs\kinguin\vendor\yeephp\yeephp\Yee\Middleware\Flash.php(85): Yee\Yee->call()
#8 C:\xampp\htdocs\kinguin\vendor\yeephp\yeephp\Yee\Middleware\MethodOverride.php(92): Yee\Middleware\Flash->call()
#9 C:\xampp\htdocs\kinguin\vendor\yeephp\yeephp\Yee\Middleware\PrettyExceptions.php(67): Yee\Middleware\MethodOverride->call()
#10 C:\xampp\htdocs\kinguin\vendor\yeephp\yeephp\Yee\Yee.php(1282): Yee\Middleware\PrettyExceptions->call()
#11 C:\xampp\htdocs\kinguin\public\index.php(25): Yee\Yee->execute()
#12 {main}
ERROR - 2017-09-07 22:17:21 - ErrorException: Undefined index: year in C:\xampp\htdocs\kinguin\App\Models\ReservationModel\ReservationModel.php:42
Stack trace:
#0 C:\xampp\htdocs\kinguin\App\Models\ReservationModel\ReservationModel.php(42): Yee\Yee::handleErrors(8, 'Undefined index...', 'C:\\xampp\\htdocs...', 42, Array)
#1 C:\xampp\htdocs\kinguin\App\Controllers\Reservation\ReservationController.php(26): App\Models\ReservationModel\ReservationModel->show()
#2 [internal function]: App\Controllers\Reservation\ReservationController->reservation()
#3 C:\xampp\htdocs\kinguin\vendor\yeephp\yeephp\Yee\Managers\Controller\Controller.php(23): call_user_func_array(Array, Array)
#4 [internal function]: Yee\Managers\Controller\Controller::__callStatic('reservation', Array)
#5 C:\xampp\htdocs\kinguin\vendor\yeephp\yeephp\Yee\Route.php(468): call_user_func_array('\\App\\Controller...', Array)
#6 C:\xampp\htdocs\kinguin\vendor\yeephp\yeephp\Yee\Yee.php(1374): Yee\Route->dispatch()
#7 C:\xampp\htdocs\kinguin\vendor\yeephp\yeephp\Yee\Middleware\Flash.php(85): Yee\Yee->call()
#8 C:\xampp\htdocs\kinguin\vendor\yeephp\yeephp\Yee\Middleware\MethodOverride.php(92): Yee\Middleware\Flash->call()
#9 C:\xampp\htdocs\kinguin\vendor\yeephp\yeephp\Yee\Middleware\PrettyExceptions.php(67): Yee\Middleware\MethodOverride->call()
#10 C:\xampp\htdocs\kinguin\vendor\yeephp\yeephp\Yee\Yee.php(1282): Yee\Middleware\PrettyExceptions->call()
#11 C:\xampp\htdocs\kinguin\public\index.php(25): Yee\Yee->execute()
#12 {main}
