ERROR - 2017-09-16 18:12:32 - ErrorException: Undefined variable: password1 in C:\xampp\htdocs\kinguin\App\Models\RegisterUserModel\RegisterUserModel.php:50
Stack trace:
#0 C:\xampp\htdocs\kinguin\App\Models\RegisterUserModel\RegisterUserModel.php(50): Yee\Yee::handleErrors(8, 'Undefined varia...', 'C:\\xampp\\htdocs...', 50, Array)
#1 C:\xampp\htdocs\kinguin\App\Controllers\RegisterController.php(41): App\Models\RegisterUserModel\RegisterUserModel->insertUser()
#2 [internal function]: App\Controllers\RegisterController->registerPost()
#3 C:\xampp\htdocs\kinguin\vendor\yeephp\yeephp\Yee\Managers\Controller\Controller.php(23): call_user_func_array(Array, Array)
#4 [internal function]: Yee\Managers\Controller\Controller::__callStatic('registerPost', Array)
#5 C:\xampp\htdocs\kinguin\vendor\yeephp\yeephp\Yee\Route.php(468): call_user_func_array('\\App\\Controller...', Array)
#6 C:\xampp\htdocs\kinguin\vendor\yeephp\yeephp\Yee\Yee.php(1374): Yee\Route->dispatch()
#7 C:\xampp\htdocs\kinguin\vendor\yeephp\yeephp\Yee\Middleware\Flash.php(85): Yee\Yee->call()
#8 C:\xampp\htdocs\kinguin\vendor\yeephp\yeephp\Yee\Middleware\MethodOverride.php(92): Yee\Middleware\Flash->call()
#9 C:\xampp\htdocs\kinguin\vendor\yeephp\yeephp\Yee\Middleware\PrettyExceptions.php(67): Yee\Middleware\MethodOverride->call()
#10 C:\xampp\htdocs\kinguin\vendor\yeephp\yeephp\Yee\Yee.php(1282): Yee\Middleware\PrettyExceptions->call()
#11 C:\xampp\htdocs\kinguin\public\index.php(25): Yee\Yee->execute()
#12 {main}
ERROR - 2017-09-16 18:16:02 - ErrorException: Undefined variable: password in C:\xampp\htdocs\kinguin\App\Models\RegisterUserModel\RegisterUserModel.php:50
Stack trace:
#0 C:\xampp\htdocs\kinguin\App\Models\RegisterUserModel\RegisterUserModel.php(50): Yee\Yee::handleErrors(8, 'Undefined varia...', 'C:\\xampp\\htdocs...', 50, Array)
#1 C:\xampp\htdocs\kinguin\App\Controllers\RegisterController.php(41): App\Models\RegisterUserModel\RegisterUserModel->insertUser()
#2 [internal function]: App\Controllers\RegisterController->registerPost()
#3 C:\xampp\htdocs\kinguin\vendor\yeephp\yeephp\Yee\Managers\Controller\Controller.php(23): call_user_func_array(Array, Array)
#4 [internal function]: Yee\Managers\Controller\Controller::__callStatic('registerPost', Array)
#5 C:\xampp\htdocs\kinguin\vendor\yeephp\yeephp\Yee\Route.php(468): call_user_func_array('\\App\\Controller...', Array)
#6 C:\xampp\htdocs\kinguin\vendor\yeephp\yeephp\Yee\Yee.php(1374): Yee\Route->dispatch()
#7 C:\xampp\htdocs\kinguin\vendor\yeephp\yeephp\Yee\Middleware\Flash.php(85): Yee\Yee->call()
#8 C:\xampp\htdocs\kinguin\vendor\yeephp\yeephp\Yee\Middleware\MethodOverride.php(92): Yee\Middleware\Flash->call()
#9 C:\xampp\htdocs\kinguin\vendor\yeephp\yeephp\Yee\Middleware\PrettyExceptions.php(67): Yee\Middleware\MethodOverride->call()
#10 C:\xampp\htdocs\kinguin\vendor\yeephp\yeephp\Yee\Yee.php(1282): Yee\Middleware\PrettyExceptions->call()
#11 C:\xampp\htdocs\kinguin\public\index.php(25): Yee\Yee->execute()
#12 {main}
ERROR - 2017-09-16 18:18:06 - ErrorException: Undefined variable: password in C:\xampp\htdocs\kinguin\App\Models\RegisterUserModel\RegisterUserModel.php:50
Stack trace:
#0 C:\xampp\htdocs\kinguin\App\Models\RegisterUserModel\RegisterUserModel.php(50): Yee\Yee::handleErrors(8, 'Undefined varia...', 'C:\\xampp\\htdocs...', 50, Array)
#1 C:\xampp\htdocs\kinguin\App\Controllers\RegisterController.php(41): App\Models\RegisterUserModel\RegisterUserModel->insertUser()
#2 [internal function]: App\Controllers\RegisterController->registerPost()
#3 C:\xampp\htdocs\kinguin\vendor\yeephp\yeephp\Yee\Managers\Controller\Controller.php(23): call_user_func_array(Array, Array)
#4 [internal function]: Yee\Managers\Controller\Controller::__callStatic('registerPost', Array)
#5 C:\xampp\htdocs\kinguin\vendor\yeephp\yeephp\Yee\Route.php(468): call_user_func_array('\\App\\Controller...', Array)
#6 C:\xampp\htdocs\kinguin\vendor\yeephp\yeephp\Yee\Yee.php(1374): Yee\Route->dispatch()
#7 C:\xampp\htdocs\kinguin\vendor\yeephp\yeephp\Yee\Middleware\Flash.php(85): Yee\Yee->call()
#8 C:\xampp\htdocs\kinguin\vendor\yeephp\yeephp\Yee\Middleware\MethodOverride.php(92): Yee\Middleware\Flash->call()
#9 C:\xampp\htdocs\kinguin\vendor\yeephp\yeephp\Yee\Middleware\PrettyExceptions.php(67): Yee\Middleware\MethodOverride->call()
#10 C:\xampp\htdocs\kinguin\vendor\yeephp\yeephp\Yee\Yee.php(1282): Yee\Middleware\PrettyExceptions->call()
#11 C:\xampp\htdocs\kinguin\public\index.php(25): Yee\Yee->execute()
#12 {main}
ERROR - 2017-09-16 18:31:25 - ErrorException: Undefined variable: app in C:\xampp\htdocs\kinguin\App\Models\RegisterUserModel\RegisterUserModel.php:93
Stack trace:
#0 C:\xampp\htdocs\kinguin\App\Models\RegisterUserModel\RegisterUserModel.php(93): Yee\Yee::handleErrors(8, 'Undefined varia...', 'C:\\xampp\\htdocs...', 93, Array)
#1 C:\xampp\htdocs\kinguin\App\Controllers\RegisterController.php(40): App\Models\RegisterUserModel\RegisterUserModel->insertUser()
#2 [internal function]: App\Controllers\RegisterController->registerPost()
#3 C:\xampp\htdocs\kinguin\vendor\yeephp\yeephp\Yee\Managers\Controller\Controller.php(23): call_user_func_array(Array, Array)
#4 [internal function]: Yee\Managers\Controller\Controller::__callStatic('registerPost', Array)
#5 C:\xampp\htdocs\kinguin\vendor\yeephp\yeephp\Yee\Route.php(468): call_user_func_array('\\App\\Controller...', Array)
#6 C:\xampp\htdocs\kinguin\vendor\yeephp\yeephp\Yee\Yee.php(1374): Yee\Route->dispatch()
#7 C:\xampp\htdocs\kinguin\vendor\yeephp\yeephp\Yee\Middleware\Flash.php(85): Yee\Yee->call()
#8 C:\xampp\htdocs\kinguin\vendor\yeephp\yeephp\Yee\Middleware\MethodOverride.php(92): Yee\Middleware\Flash->call()
#9 C:\xampp\htdocs\kinguin\vendor\yeephp\yeephp\Yee\Middleware\PrettyExceptions.php(67): Yee\Middleware\MethodOverride->call()
#10 C:\xampp\htdocs\kinguin\vendor\yeephp\yeephp\Yee\Yee.php(1282): Yee\Middleware\PrettyExceptions->call()
#11 C:\xampp\htdocs\kinguin\public\index.php(25): Yee\Yee->execute()
#12 {main}
ERROR - 2017-09-16 18:37:37 - ErrorException: Use of undefined constant fasle - assumed 'fasle' in C:\xampp\htdocs\kinguin\App\Models\RegisterUserModel\RegisterUserModel.php:73
Stack trace:
#0 C:\xampp\htdocs\kinguin\App\Models\RegisterUserModel\RegisterUserModel.php(73): Yee\Yee::handleErrors(8, 'Use of undefine...', 'C:\\xampp\\htdocs...', 73, Array)
#1 C:\xampp\htdocs\kinguin\App\Controllers\RegisterController.php(40): App\Models\RegisterUserModel\RegisterUserModel->insertUser()
#2 [internal function]: App\Controllers\RegisterController->registerPost()
#3 C:\xampp\htdocs\kinguin\vendor\yeephp\yeephp\Yee\Managers\Controller\Controller.php(23): call_user_func_array(Array, Array)
#4 [internal function]: Yee\Managers\Controller\Controller::__callStatic('registerPost', Array)
#5 C:\xampp\htdocs\kinguin\vendor\yeephp\yeephp\Yee\Route.php(468): call_user_func_array('\\App\\Controller...', Array)
#6 C:\xampp\htdocs\kinguin\vendor\yeephp\yeephp\Yee\Yee.php(1374): Yee\Route->dispatch()
#7 C:\xampp\htdocs\kinguin\vendor\yeephp\yeephp\Yee\Middleware\Flash.php(85): Yee\Yee->call()
#8 C:\xampp\htdocs\kinguin\vendor\yeephp\yeephp\Yee\Middleware\MethodOverride.php(92): Yee\Middleware\Flash->call()
#9 C:\xampp\htdocs\kinguin\vendor\yeephp\yeephp\Yee\Middleware\PrettyExceptions.php(67): Yee\Middleware\MethodOverride->call()
#10 C:\xampp\htdocs\kinguin\vendor\yeephp\yeephp\Yee\Yee.php(1282): Yee\Middleware\PrettyExceptions->call()
#11 C:\xampp\htdocs\kinguin\public\index.php(25): Yee\Yee->execute()
#12 {main}
ERROR - 2017-09-16 18:59:47 - ErrorException: Undefined variable: password in C:\xampp\htdocs\kinguin\App\Models\RegisterUserModel\RegisterUserModel.php:50
Stack trace:
#0 C:\xampp\htdocs\kinguin\App\Models\RegisterUserModel\RegisterUserModel.php(50): Yee\Yee::handleErrors(8, 'Undefined varia...', 'C:\\xampp\\htdocs...', 50, Array)
#1 C:\xampp\htdocs\kinguin\App\Controllers\RegisterController.php(40): App\Models\RegisterUserModel\RegisterUserModel->insertUser()
#2 [internal function]: App\Controllers\RegisterController->registerPost()
#3 C:\xampp\htdocs\kinguin\vendor\yeephp\yeephp\Yee\Managers\Controller\Controller.php(23): call_user_func_array(Array, Array)
#4 [internal function]: Yee\Managers\Controller\Controller::__callStatic('registerPost', Array)
#5 C:\xampp\htdocs\kinguin\vendor\yeephp\yeephp\Yee\Route.php(468): call_user_func_array('\\App\\Controller...', Array)
#6 C:\xampp\htdocs\kinguin\vendor\yeephp\yeephp\Yee\Yee.php(1374): Yee\Route->dispatch()
#7 C:\xampp\htdocs\kinguin\vendor\yeephp\yeephp\Yee\Middleware\Flash.php(85): Yee\Yee->call()
#8 C:\xampp\htdocs\kinguin\vendor\yeephp\yeephp\Yee\Middleware\MethodOverride.php(92): Yee\Middleware\Flash->call()
#9 C:\xampp\htdocs\kinguin\vendor\yeephp\yeephp\Yee\Middleware\PrettyExceptions.php(67): Yee\Middleware\MethodOverride->call()
#10 C:\xampp\htdocs\kinguin\vendor\yeephp\yeephp\Yee\Yee.php(1282): Yee\Middleware\PrettyExceptions->call()
#11 C:\xampp\htdocs\kinguin\public\index.php(25): Yee\Yee->execute()
#12 {main}
ERROR - 2017-09-16 19:16:15 - ErrorException: Undefined property: Yee\Libraries\Database\MysqliDB::$get in C:\xampp\htdocs\kinguin\App\Models\RegisterUserModel\RegisterUserModel.php:105
Stack trace:
#0 C:\xampp\htdocs\kinguin\App\Models\RegisterUserModel\RegisterUserModel.php(105): Yee\Yee::handleErrors(8, 'Undefined prope...', 'C:\\xampp\\htdocs...', 105, Array)
#1 C:\xampp\htdocs\kinguin\App\Controllers\RegisterController.php(40): App\Models\RegisterUserModel\RegisterUserModel->insertUser()
#2 [internal function]: App\Controllers\RegisterController->registerPost()
#3 C:\xampp\htdocs\kinguin\vendor\yeephp\yeephp\Yee\Managers\Controller\Controller.php(23): call_user_func_array(Array, Array)
#4 [internal function]: Yee\Managers\Controller\Controller::__callStatic('registerPost', Array)
#5 C:\xampp\htdocs\kinguin\vendor\yeephp\yeephp\Yee\Route.php(468): call_user_func_array('\\App\\Controller...', Array)
#6 C:\xampp\htdocs\kinguin\vendor\yeephp\yeephp\Yee\Yee.php(1374): Yee\Route->dispatch()
#7 C:\xampp\htdocs\kinguin\vendor\yeephp\yeephp\Yee\Middleware\Flash.php(85): Yee\Yee->call()
#8 C:\xampp\htdocs\kinguin\vendor\yeephp\yeephp\Yee\Middleware\MethodOverride.php(92): Yee\Middleware\Flash->call()
#9 C:\xampp\htdocs\kinguin\vendor\yeephp\yeephp\Yee\Middleware\PrettyExceptions.php(67): Yee\Middleware\MethodOverride->call()
#10 C:\xampp\htdocs\kinguin\vendor\yeephp\yeephp\Yee\Yee.php(1282): Yee\Middleware\PrettyExceptions->call()
#11 C:\xampp\htdocs\kinguin\public\index.php(25): Yee\Yee->execute()
#12 {main}
ERROR - 2017-09-16 19:39:29 - ErrorException: Problem preparing query (user) You have an error in your SQL syntax; check the manual that corresponds to your MariaDB server version for the right syntax to use near 'user' at line 1 in C:\xampp\htdocs\kinguin\vendor\yeephp\yeephp\Yee\Libraries\Database\MysqliDB.php:909
Stack trace:
#0 [internal function]: Yee\Yee::handleErrors(256, 'Problem prepari...', 'C:\\xampp\\htdocs...', 909, Array)
#1 C:\xampp\htdocs\kinguin\vendor\yeephp\yeephp\Yee\Libraries\Database\MysqliDB.php(909): trigger_error('Problem prepari...', 256)
#2 C:\xampp\htdocs\kinguin\vendor\yeephp\yeephp\Yee\Libraries\Database\MysqliDB.php(214): Yee\Libraries\Database\MysqliDB->_prepareQuery()
#3 C:\xampp\htdocs\kinguin\App\Models\RegisterUserModel\RegisterUserModel.php(108): Yee\Libraries\Database\MysqliDB->rawQuery('user')
#4 C:\xampp\htdocs\kinguin\App\Controllers\RegisterController.php(40): App\Models\RegisterUserModel\RegisterUserModel->insertUser()
#5 [internal function]: App\Controllers\RegisterController->registerPost()
#6 C:\xampp\htdocs\kinguin\vendor\yeephp\yeephp\Yee\Managers\Controller\Controller.php(23): call_user_func_array(Array, Array)
#7 [internal function]: Yee\Managers\Controller\Controller::__callStatic('registerPost', Array)
#8 C:\xampp\htdocs\kinguin\vendor\yeephp\yeephp\Yee\Route.php(468): call_user_func_array('\\App\\Controller...', Array)
#9 C:\xampp\htdocs\kinguin\vendor\yeephp\yeephp\Yee\Yee.php(1374): Yee\Route->dispatch()
#10 C:\xampp\htdocs\kinguin\vendor\yeephp\yeephp\Yee\Middleware\Flash.php(85): Yee\Yee->call()
#11 C:\xampp\htdocs\kinguin\vendor\yeephp\yeephp\Yee\Middleware\MethodOverride.php(92): Yee\Middleware\Flash->call()
#12 C:\xampp\htdocs\kinguin\vendor\yeephp\yeephp\Yee\Middleware\PrettyExceptions.php(67): Yee\Middleware\MethodOverride->call()
#13 C:\xampp\htdocs\kinguin\vendor\yeephp\yeephp\Yee\Yee.php(1282): Yee\Middleware\PrettyExceptions->call()
#14 C:\xampp\htdocs\kinguin\public\index.php(25): Yee\Yee->execute()
#15 {main}
ERROR - 2017-09-16 20:23:10 - ErrorException: Problem preparing query (SELECT * FROM user WHERE   email = $this->email) You have an error in your SQL syntax; check the manual that corresponds to your MariaDB server version for the right syntax to use near '>email' at line 1 in C:\xampp\htdocs\kinguin\vendor\yeephp\yeephp\Yee\Libraries\Database\MysqliDB.php:909
Stack trace:
#0 [internal function]: Yee\Yee::handleErrors(256, 'Problem prepari...', 'C:\\xampp\\htdocs...', 909, Array)
#1 C:\xampp\htdocs\kinguin\vendor\yeephp\yeephp\Yee\Libraries\Database\MysqliDB.php(909): trigger_error('Problem prepari...', 256)
#2 C:\xampp\htdocs\kinguin\vendor\yeephp\yeephp\Yee\Libraries\Database\MysqliDB.php(648): Yee\Libraries\Database\MysqliDB->_prepareQuery()
#3 C:\xampp\htdocs\kinguin\vendor\yeephp\yeephp\Yee\Libraries\Database\MysqliDB.php(273): Yee\Libraries\Database\MysqliDB->_buildQuery(NULL)
#4 C:\xampp\htdocs\kinguin\App\Models\RegisterUserModel\RegisterUserModel.php(105): Yee\Libraries\Database\MysqliDB->get('user')
#5 C:\xampp\htdocs\kinguin\App\Controllers\RegisterController.php(40): App\Models\RegisterUserModel\RegisterUserModel->insertUser()
#6 [internal function]: App\Controllers\RegisterController->registerPost()
#7 C:\xampp\htdocs\kinguin\vendor\yeephp\yeephp\Yee\Managers\Controller\Controller.php(23): call_user_func_array(Array, Array)
#8 [internal function]: Yee\Managers\Controller\Controller::__callStatic('registerPost', Array)
#9 C:\xampp\htdocs\kinguin\vendor\yeephp\yeephp\Yee\Route.php(468): call_user_func_array('\\App\\Controller...', Array)
#10 C:\xampp\htdocs\kinguin\vendor\yeephp\yeephp\Yee\Yee.php(1374): Yee\Route->dispatch()
#11 C:\xampp\htdocs\kinguin\vendor\yeephp\yeephp\Yee\Middleware\Flash.php(85): Yee\Yee->call()
#12 C:\xampp\htdocs\kinguin\vendor\yeephp\yeephp\Yee\Middleware\MethodOverride.php(92): Yee\Middleware\Flash->call()
#13 C:\xampp\htdocs\kinguin\vendor\yeephp\yeephp\Yee\Middleware\PrettyExceptions.php(67): Yee\Middleware\MethodOverride->call()
#14 C:\xampp\htdocs\kinguin\vendor\yeephp\yeephp\Yee\Yee.php(1282): Yee\Middleware\PrettyExceptions->call()
#15 C:\xampp\htdocs\kinguin\public\index.php(25): Yee\Yee->execute()
#16 {main}
ERROR - 2017-09-16 20:23:43 - ErrorException: Problem preparing query (SELECT * FROM user WHERE   email , $this->email) You have an error in your SQL syntax; check the manual that corresponds to your MariaDB server version for the right syntax to use near ' $this->email' at line 1 in C:\xampp\htdocs\kinguin\vendor\yeephp\yeephp\Yee\Libraries\Database\MysqliDB.php:909
Stack trace:
#0 [internal function]: Yee\Yee::handleErrors(256, 'Problem prepari...', 'C:\\xampp\\htdocs...', 909, Array)
#1 C:\xampp\htdocs\kinguin\vendor\yeephp\yeephp\Yee\Libraries\Database\MysqliDB.php(909): trigger_error('Problem prepari...', 256)
#2 C:\xampp\htdocs\kinguin\vendor\yeephp\yeephp\Yee\Libraries\Database\MysqliDB.php(648): Yee\Libraries\Database\MysqliDB->_prepareQuery()
#3 C:\xampp\htdocs\kinguin\vendor\yeephp\yeephp\Yee\Libraries\Database\MysqliDB.php(273): Yee\Libraries\Database\MysqliDB->_buildQuery(NULL)
#4 C:\xampp\htdocs\kinguin\App\Models\RegisterUserModel\RegisterUserModel.php(105): Yee\Libraries\Database\MysqliDB->get('user')
#5 C:\xampp\htdocs\kinguin\App\Controllers\RegisterController.php(40): App\Models\RegisterUserModel\RegisterUserModel->insertUser()
#6 [internal function]: App\Controllers\RegisterController->registerPost()
#7 C:\xampp\htdocs\kinguin\vendor\yeephp\yeephp\Yee\Managers\Controller\Controller.php(23): call_user_func_array(Array, Array)
#8 [internal function]: Yee\Managers\Controller\Controller::__callStatic('registerPost', Array)
#9 C:\xampp\htdocs\kinguin\vendor\yeephp\yeephp\Yee\Route.php(468): call_user_func_array('\\App\\Controller...', Array)
#10 C:\xampp\htdocs\kinguin\vendor\yeephp\yeephp\Yee\Yee.php(1374): Yee\Route->dispatch()
#11 C:\xampp\htdocs\kinguin\vendor\yeephp\yeephp\Yee\Middleware\Flash.php(85): Yee\Yee->call()
#12 C:\xampp\htdocs\kinguin\vendor\yeephp\yeephp\Yee\Middleware\MethodOverride.php(92): Yee\Middleware\Flash->call()
#13 C:\xampp\htdocs\kinguin\vendor\yeephp\yeephp\Yee\Middleware\PrettyExceptions.php(67): Yee\Middleware\MethodOverride->call()
#14 C:\xampp\htdocs\kinguin\vendor\yeephp\yeephp\Yee\Yee.php(1282): Yee\Middleware\PrettyExceptions->call()
#15 C:\xampp\htdocs\kinguin\public\index.php(25): Yee\Yee->execute()
#16 {main}
ERROR - 2017-09-16 20:35:29 - ErrorException: Object of class Yee\Libraries\Database\MysqliDB could not be converted to int in C:\xampp\htdocs\kinguin\App\Models\RegisterUserModel\RegisterUserModel.php:107
Stack trace:
#0 C:\xampp\htdocs\kinguin\App\Models\RegisterUserModel\RegisterUserModel.php(107): Yee\Yee::handleErrors(8, 'Object of class...', 'C:\\xampp\\htdocs...', 107, Array)
#1 C:\xampp\htdocs\kinguin\App\Controllers\RegisterController.php(40): App\Models\RegisterUserModel\RegisterUserModel->insertUser()
#2 [internal function]: App\Controllers\RegisterController->registerPost()
#3 C:\xampp\htdocs\kinguin\vendor\yeephp\yeephp\Yee\Managers\Controller\Controller.php(23): call_user_func_array(Array, Array)
#4 [internal function]: Yee\Managers\Controller\Controller::__callStatic('registerPost', Array)
#5 C:\xampp\htdocs\kinguin\vendor\yeephp\yeephp\Yee\Route.php(468): call_user_func_array('\\App\\Controller...', Array)
#6 C:\xampp\htdocs\kinguin\vendor\yeephp\yeephp\Yee\Yee.php(1374): Yee\Route->dispatch()
#7 C:\xampp\htdocs\kinguin\vendor\yeephp\yeephp\Yee\Middleware\Flash.php(85): Yee\Yee->call()
#8 C:\xampp\htdocs\kinguin\vendor\yeephp\yeephp\Yee\Middleware\MethodOverride.php(92): Yee\Middleware\Flash->call()
#9 C:\xampp\htdocs\kinguin\vendor\yeephp\yeephp\Yee\Middleware\PrettyExceptions.php(67): Yee\Middleware\MethodOverride->call()
#10 C:\xampp\htdocs\kinguin\vendor\yeephp\yeephp\Yee\Yee.php(1282): Yee\Middleware\PrettyExceptions->call()
#11 C:\xampp\htdocs\kinguin\public\index.php(25): Yee\Yee->execute()
#12 {main}
ERROR - 2017-09-16 20:37:04 - ErrorException: Object of class Yee\Libraries\Database\MysqliDB could not be converted to int in C:\xampp\htdocs\kinguin\App\Models\RegisterUserModel\RegisterUserModel.php:107
Stack trace:
#0 C:\xampp\htdocs\kinguin\App\Models\RegisterUserModel\RegisterUserModel.php(107): Yee\Yee::handleErrors(8, 'Object of class...', 'C:\\xampp\\htdocs...', 107, Array)
#1 C:\xampp\htdocs\kinguin\App\Controllers\RegisterController.php(40): App\Models\RegisterUserModel\RegisterUserModel->insertUser()
#2 [internal function]: App\Controllers\RegisterController->registerPost()
#3 C:\xampp\htdocs\kinguin\vendor\yeephp\yeephp\Yee\Managers\Controller\Controller.php(23): call_user_func_array(Array, Array)
#4 [internal function]: Yee\Managers\Controller\Controller::__callStatic('registerPost', Array)
#5 C:\xampp\htdocs\kinguin\vendor\yeephp\yeephp\Yee\Route.php(468): call_user_func_array('\\App\\Controller...', Array)
#6 C:\xampp\htdocs\kinguin\vendor\yeephp\yeephp\Yee\Yee.php(1374): Yee\Route->dispatch()
#7 C:\xampp\htdocs\kinguin\vendor\yeephp\yeephp\Yee\Middleware\Flash.php(85): Yee\Yee->call()
#8 C:\xampp\htdocs\kinguin\vendor\yeephp\yeephp\Yee\Middleware\MethodOverride.php(92): Yee\Middleware\Flash->call()
#9 C:\xampp\htdocs\kinguin\vendor\yeephp\yeephp\Yee\Middleware\PrettyExceptions.php(67): Yee\Middleware\MethodOverride->call()
#10 C:\xampp\htdocs\kinguin\vendor\yeephp\yeephp\Yee\Yee.php(1282): Yee\Middleware\PrettyExceptions->call()
#11 C:\xampp\htdocs\kinguin\public\index.php(25): Yee\Yee->execute()
#12 {main}
ERROR - 2017-09-16 20:37:59 - ErrorException: Object of class Yee\Libraries\Database\MysqliDB could not be converted to int in C:\xampp\htdocs\kinguin\App\Models\RegisterUserModel\RegisterUserModel.php:107
Stack trace:
#0 C:\xampp\htdocs\kinguin\App\Models\RegisterUserModel\RegisterUserModel.php(107): Yee\Yee::handleErrors(8, 'Object of class...', 'C:\\xampp\\htdocs...', 107, Array)
#1 C:\xampp\htdocs\kinguin\App\Controllers\RegisterController.php(40): App\Models\RegisterUserModel\RegisterUserModel->insertUser()
#2 [internal function]: App\Controllers\RegisterController->registerPost()
#3 C:\xampp\htdocs\kinguin\vendor\yeephp\yeephp\Yee\Managers\Controller\Controller.php(23): call_user_func_array(Array, Array)
#4 [internal function]: Yee\Managers\Controller\Controller::__callStatic('registerPost', Array)
#5 C:\xampp\htdocs\kinguin\vendor\yeephp\yeephp\Yee\Route.php(468): call_user_func_array('\\App\\Controller...', Array)
#6 C:\xampp\htdocs\kinguin\vendor\yeephp\yeephp\Yee\Yee.php(1374): Yee\Route->dispatch()
#7 C:\xampp\htdocs\kinguin\vendor\yeephp\yeephp\Yee\Middleware\Flash.php(85): Yee\Yee->call()
#8 C:\xampp\htdocs\kinguin\vendor\yeephp\yeephp\Yee\Middleware\MethodOverride.php(92): Yee\Middleware\Flash->call()
#9 C:\xampp\htdocs\kinguin\vendor\yeephp\yeephp\Yee\Middleware\PrettyExceptions.php(67): Yee\Middleware\MethodOverride->call()
#10 C:\xampp\htdocs\kinguin\vendor\yeephp\yeephp\Yee\Yee.php(1282): Yee\Middleware\PrettyExceptions->call()
#11 C:\xampp\htdocs\kinguin\public\index.php(25): Yee\Yee->execute()
#12 {main}
ERROR - 2017-09-16 20:38:44 - ErrorException: Object of class App\Models\RegisterUserModel\RegisterUserModel could not be converted to string in C:\xampp\htdocs\kinguin\App\Models\RegisterUserModel\RegisterUserModel.php:105
Stack trace:
#0 C:\xampp\htdocs\kinguin\App\Models\RegisterUserModel\RegisterUserModel.php(105): Yee\Yee::handleErrors(4096, 'Object of class...', 'C:\\xampp\\htdocs...', 105, Array)
#1 C:\xampp\htdocs\kinguin\App\Controllers\RegisterController.php(40): App\Models\RegisterUserModel\RegisterUserModel->insertUser()
#2 [internal function]: App\Controllers\RegisterController->registerPost()
#3 C:\xampp\htdocs\kinguin\vendor\yeephp\yeephp\Yee\Managers\Controller\Controller.php(23): call_user_func_array(Array, Array)
#4 [internal function]: Yee\Managers\Controller\Controller::__callStatic('registerPost', Array)
#5 C:\xampp\htdocs\kinguin\vendor\yeephp\yeephp\Yee\Route.php(468): call_user_func_array('\\App\\Controller...', Array)
#6 C:\xampp\htdocs\kinguin\vendor\yeephp\yeephp\Yee\Yee.php(1374): Yee\Route->dispatch()
#7 C:\xampp\htdocs\kinguin\vendor\yeephp\yeephp\Yee\Middleware\Flash.php(85): Yee\Yee->call()
#8 C:\xampp\htdocs\kinguin\vendor\yeephp\yeephp\Yee\Middleware\MethodOverride.php(92): Yee\Middleware\Flash->call()
#9 C:\xampp\htdocs\kinguin\vendor\yeephp\yeephp\Yee\Middleware\PrettyExceptions.php(67): Yee\Middleware\MethodOverride->call()
#10 C:\xampp\htdocs\kinguin\vendor\yeephp\yeephp\Yee\Yee.php(1282): Yee\Middleware\PrettyExceptions->call()
#11 C:\xampp\htdocs\kinguin\public\index.php(25): Yee\Yee->execute()
#12 {main}
ERROR - 2017-09-16 20:38:54 - ErrorException: Object of class Yee\Libraries\Database\MysqliDB could not be converted to int in C:\xampp\htdocs\kinguin\App\Models\RegisterUserModel\RegisterUserModel.php:107
Stack trace:
#0 C:\xampp\htdocs\kinguin\App\Models\RegisterUserModel\RegisterUserModel.php(107): Yee\Yee::handleErrors(8, 'Object of class...', 'C:\\xampp\\htdocs...', 107, Array)
#1 C:\xampp\htdocs\kinguin\App\Controllers\RegisterController.php(40): App\Models\RegisterUserModel\RegisterUserModel->insertUser()
#2 [internal function]: App\Controllers\RegisterController->registerPost()
#3 C:\xampp\htdocs\kinguin\vendor\yeephp\yeephp\Yee\Managers\Controller\Controller.php(23): call_user_func_array(Array, Array)
#4 [internal function]: Yee\Managers\Controller\Controller::__callStatic('registerPost', Array)
#5 C:\xampp\htdocs\kinguin\vendor\yeephp\yeephp\Yee\Route.php(468): call_user_func_array('\\App\\Controller...', Array)
#6 C:\xampp\htdocs\kinguin\vendor\yeephp\yeephp\Yee\Yee.php(1374): Yee\Route->dispatch()
#7 C:\xampp\htdocs\kinguin\vendor\yeephp\yeephp\Yee\Middleware\Flash.php(85): Yee\Yee->call()
#8 C:\xampp\htdocs\kinguin\vendor\yeephp\yeephp\Yee\Middleware\MethodOverride.php(92): Yee\Middleware\Flash->call()
#9 C:\xampp\htdocs\kinguin\vendor\yeephp\yeephp\Yee\Middleware\PrettyExceptions.php(67): Yee\Middleware\MethodOverride->call()
#10 C:\xampp\htdocs\kinguin\vendor\yeephp\yeephp\Yee\Yee.php(1282): Yee\Middleware\PrettyExceptions->call()
#11 C:\xampp\htdocs\kinguin\public\index.php(25): Yee\Yee->execute()
#12 {main}
ERROR - 2017-09-16 20:39:00 - ErrorException: Object of class App\Models\RegisterUserModel\RegisterUserModel could not be converted to string in C:\xampp\htdocs\kinguin\App\Models\RegisterUserModel\RegisterUserModel.php:105
Stack trace:
#0 C:\xampp\htdocs\kinguin\App\Models\RegisterUserModel\RegisterUserModel.php(105): Yee\Yee::handleErrors(4096, 'Object of class...', 'C:\\xampp\\htdocs...', 105, Array)
#1 C:\xampp\htdocs\kinguin\App\Controllers\RegisterController.php(40): App\Models\RegisterUserModel\RegisterUserModel->insertUser()
#2 [internal function]: App\Controllers\RegisterController->registerPost()
#3 C:\xampp\htdocs\kinguin\vendor\yeephp\yeephp\Yee\Managers\Controller\Controller.php(23): call_user_func_array(Array, Array)
#4 [internal function]: Yee\Managers\Controller\Controller::__callStatic('registerPost', Array)
#5 C:\xampp\htdocs\kinguin\vendor\yeephp\yeephp\Yee\Route.php(468): call_user_func_array('\\App\\Controller...', Array)
#6 C:\xampp\htdocs\kinguin\vendor\yeephp\yeephp\Yee\Yee.php(1374): Yee\Route->dispatch()
#7 C:\xampp\htdocs\kinguin\vendor\yeephp\yeephp\Yee\Middleware\Flash.php(85): Yee\Yee->call()
#8 C:\xampp\htdocs\kinguin\vendor\yeephp\yeephp\Yee\Middleware\MethodOverride.php(92): Yee\Middleware\Flash->call()
#9 C:\xampp\htdocs\kinguin\vendor\yeephp\yeephp\Yee\Middleware\PrettyExceptions.php(67): Yee\Middleware\MethodOverride->call()
#10 C:\xampp\htdocs\kinguin\vendor\yeephp\yeephp\Yee\Yee.php(1282): Yee\Middleware\PrettyExceptions->call()
#11 C:\xampp\htdocs\kinguin\public\index.php(25): Yee\Yee->execute()
#12 {main}
ERROR - 2017-09-16 20:39:06 - ErrorException: Object of class Yee\Libraries\Database\MysqliDB could not be converted to int in C:\xampp\htdocs\kinguin\App\Models\RegisterUserModel\RegisterUserModel.php:107
Stack trace:
#0 C:\xampp\htdocs\kinguin\App\Models\RegisterUserModel\RegisterUserModel.php(107): Yee\Yee::handleErrors(8, 'Object of class...', 'C:\\xampp\\htdocs...', 107, Array)
#1 C:\xampp\htdocs\kinguin\App\Controllers\RegisterController.php(40): App\Models\RegisterUserModel\RegisterUserModel->insertUser()
#2 [internal function]: App\Controllers\RegisterController->registerPost()
#3 C:\xampp\htdocs\kinguin\vendor\yeephp\yeephp\Yee\Managers\Controller\Controller.php(23): call_user_func_array(Array, Array)
#4 [internal function]: Yee\Managers\Controller\Controller::__callStatic('registerPost', Array)
#5 C:\xampp\htdocs\kinguin\vendor\yeephp\yeephp\Yee\Route.php(468): call_user_func_array('\\App\\Controller...', Array)
#6 C:\xampp\htdocs\kinguin\vendor\yeephp\yeephp\Yee\Yee.php(1374): Yee\Route->dispatch()
#7 C:\xampp\htdocs\kinguin\vendor\yeephp\yeephp\Yee\Middleware\Flash.php(85): Yee\Yee->call()
#8 C:\xampp\htdocs\kinguin\vendor\yeephp\yeephp\Yee\Middleware\MethodOverride.php(92): Yee\Middleware\Flash->call()
#9 C:\xampp\htdocs\kinguin\vendor\yeephp\yeephp\Yee\Middleware\PrettyExceptions.php(67): Yee\Middleware\MethodOverride->call()
#10 C:\xampp\htdocs\kinguin\vendor\yeephp\yeephp\Yee\Yee.php(1282): Yee\Middleware\PrettyExceptions->call()
#11 C:\xampp\htdocs\kinguin\public\index.php(25): Yee\Yee->execute()
#12 {main}
ERROR - 2017-09-16 20:39:14 - ErrorException: Object of class Yee\Libraries\Database\MysqliDB could not be converted to int in C:\xampp\htdocs\kinguin\App\Models\RegisterUserModel\RegisterUserModel.php:107
Stack trace:
#0 C:\xampp\htdocs\kinguin\App\Models\RegisterUserModel\RegisterUserModel.php(107): Yee\Yee::handleErrors(8, 'Object of class...', 'C:\\xampp\\htdocs...', 107, Array)
#1 C:\xampp\htdocs\kinguin\App\Controllers\RegisterController.php(40): App\Models\RegisterUserModel\RegisterUserModel->insertUser()
#2 [internal function]: App\Controllers\RegisterController->registerPost()
#3 C:\xampp\htdocs\kinguin\vendor\yeephp\yeephp\Yee\Managers\Controller\Controller.php(23): call_user_func_array(Array, Array)
#4 [internal function]: Yee\Managers\Controller\Controller::__callStatic('registerPost', Array)
#5 C:\xampp\htdocs\kinguin\vendor\yeephp\yeephp\Yee\Route.php(468): call_user_func_array('\\App\\Controller...', Array)
#6 C:\xampp\htdocs\kinguin\vendor\yeephp\yeephp\Yee\Yee.php(1374): Yee\Route->dispatch()
#7 C:\xampp\htdocs\kinguin\vendor\yeephp\yeephp\Yee\Middleware\Flash.php(85): Yee\Yee->call()
#8 C:\xampp\htdocs\kinguin\vendor\yeephp\yeephp\Yee\Middleware\MethodOverride.php(92): Yee\Middleware\Flash->call()
#9 C:\xampp\htdocs\kinguin\vendor\yeephp\yeephp\Yee\Middleware\PrettyExceptions.php(67): Yee\Middleware\MethodOverride->call()
#10 C:\xampp\htdocs\kinguin\vendor\yeephp\yeephp\Yee\Yee.php(1282): Yee\Middleware\PrettyExceptions->call()
#11 C:\xampp\htdocs\kinguin\public\index.php(25): Yee\Yee->execute()
#12 {main}
ERROR - 2017-09-16 20:48:49 - ErrorException: Object of class App\Models\RegisterUserModel\RegisterUserModel could not be converted to string in C:\xampp\htdocs\kinguin\App\Models\RegisterUserModel\RegisterUserModel.php:105
Stack trace:
#0 C:\xampp\htdocs\kinguin\App\Models\RegisterUserModel\RegisterUserModel.php(105): Yee\Yee::handleErrors(4096, 'Object of class...', 'C:\\xampp\\htdocs...', 105, Array)
#1 C:\xampp\htdocs\kinguin\App\Controllers\RegisterController.php(40): App\Models\RegisterUserModel\RegisterUserModel->insertUser()
#2 [internal function]: App\Controllers\RegisterController->registerPost()
#3 C:\xampp\htdocs\kinguin\vendor\yeephp\yeephp\Yee\Managers\Controller\Controller.php(23): call_user_func_array(Array, Array)
#4 [internal function]: Yee\Managers\Controller\Controller::__callStatic('registerPost', Array)
#5 C:\xampp\htdocs\kinguin\vendor\yeephp\yeephp\Yee\Route.php(468): call_user_func_array('\\App\\Controller...', Array)
#6 C:\xampp\htdocs\kinguin\vendor\yeephp\yeephp\Yee\Yee.php(1374): Yee\Route->dispatch()
#7 C:\xampp\htdocs\kinguin\vendor\yeephp\yeephp\Yee\Middleware\Flash.php(85): Yee\Yee->call()
#8 C:\xampp\htdocs\kinguin\vendor\yeephp\yeephp\Yee\Middleware\MethodOverride.php(92): Yee\Middleware\Flash->call()
#9 C:\xampp\htdocs\kinguin\vendor\yeephp\yeephp\Yee\Middleware\PrettyExceptions.php(67): Yee\Middleware\MethodOverride->call()
#10 C:\xampp\htdocs\kinguin\vendor\yeephp\yeephp\Yee\Yee.php(1282): Yee\Middleware\PrettyExceptions->call()
#11 C:\xampp\htdocs\kinguin\public\index.php(25): Yee\Yee->execute()
#12 {main}
ERROR - 2017-09-16 20:49:30 - ErrorException: Object of class App\Models\RegisterUserModel\RegisterUserModel could not be converted to string in C:\xampp\htdocs\kinguin\App\Models\RegisterUserModel\RegisterUserModel.php:105
Stack trace:
#0 C:\xampp\htdocs\kinguin\App\Models\RegisterUserModel\RegisterUserModel.php(105): Yee\Yee::handleErrors(4096, 'Object of class...', 'C:\\xampp\\htdocs...', 105, Array)
#1 C:\xampp\htdocs\kinguin\App\Controllers\RegisterController.php(40): App\Models\RegisterUserModel\RegisterUserModel->insertUser()
#2 [internal function]: App\Controllers\RegisterController->registerPost()
#3 C:\xampp\htdocs\kinguin\vendor\yeephp\yeephp\Yee\Managers\Controller\Controller.php(23): call_user_func_array(Array, Array)
#4 [internal function]: Yee\Managers\Controller\Controller::__callStatic('registerPost', Array)
#5 C:\xampp\htdocs\kinguin\vendor\yeephp\yeephp\Yee\Route.php(468): call_user_func_array('\\App\\Controller...', Array)
#6 C:\xampp\htdocs\kinguin\vendor\yeephp\yeephp\Yee\Yee.php(1374): Yee\Route->dispatch()
#7 C:\xampp\htdocs\kinguin\vendor\yeephp\yeephp\Yee\Middleware\Flash.php(85): Yee\Yee->call()
#8 C:\xampp\htdocs\kinguin\vendor\yeephp\yeephp\Yee\Middleware\MethodOverride.php(92): Yee\Middleware\Flash->call()
#9 C:\xampp\htdocs\kinguin\vendor\yeephp\yeephp\Yee\Middleware\PrettyExceptions.php(67): Yee\Middleware\MethodOverride->call()
#10 C:\xampp\htdocs\kinguin\vendor\yeephp\yeephp\Yee\Yee.php(1282): Yee\Middleware\PrettyExceptions->call()
#11 C:\xampp\htdocs\kinguin\public\index.php(25): Yee\Yee->execute()
#12 {main}
ERROR - 2017-09-16 21:36:01 - ErrorException: Invalid argument supplied for foreach() in C:\xampp\htdocs\kinguin\vendor\yeephp\yeephp\Yee\Libraries\Database\MysqliDB.php:594
Stack trace:
#0 C:\xampp\htdocs\kinguin\vendor\yeephp\yeephp\Yee\Libraries\Database\MysqliDB.php(594): Yee\Yee::handleErrors(2, 'Invalid argumen...', 'C:\\xampp\\htdocs...', 594, Array)
#1 C:\xampp\htdocs\kinguin\vendor\yeephp\yeephp\Yee\Libraries\Database\MysqliDB.php(615): Yee\Libraries\Database\MysqliDB->_bindParams(NULL)
#2 C:\xampp\htdocs\kinguin\vendor\yeephp\yeephp\Yee\Libraries\Database\MysqliDB.php(746): Yee\Libraries\Database\MysqliDB->_buildPair('', Object(Yee\Libraries\Database\MysqliDB))
#3 C:\xampp\htdocs\kinguin\vendor\yeephp\yeephp\Yee\Libraries\Database\MysqliDB.php(636): Yee\Libraries\Database\MysqliDB->_buildTableData(Array)
#4 C:\xampp\htdocs\kinguin\vendor\yeephp\yeephp\Yee\Libraries\Database\MysqliDB.php(324): Yee\Libraries\Database\MysqliDB->_buildQuery(NULL, Array)
#5 C:\xampp\htdocs\kinguin\App\Models\RegisterUserModel\RegisterUserModel.php(124): Yee\Libraries\Database\MysqliDB->insert('user', Array)
#6 C:\xampp\htdocs\kinguin\App\Controllers\RegisterController.php(40): App\Models\RegisterUserModel\RegisterUserModel->insertUser()
#7 [internal function]: App\Controllers\RegisterController->registerPost()
#8 C:\xampp\htdocs\kinguin\vendor\yeephp\yeephp\Yee\Managers\Controller\Controller.php(23): call_user_func_array(Array, Array)
#9 [internal function]: Yee\Managers\Controller\Controller::__callStatic('registerPost', Array)
#10 C:\xampp\htdocs\kinguin\vendor\yeephp\yeephp\Yee\Route.php(468): call_user_func_array('\\App\\Controller...', Array)
#11 C:\xampp\htdocs\kinguin\vendor\yeephp\yeephp\Yee\Yee.php(1374): Yee\Route->dispatch()
#12 C:\xampp\htdocs\kinguin\vendor\yeephp\yeephp\Yee\Middleware\Flash.php(85): Yee\Yee->call()
#13 C:\xampp\htdocs\kinguin\vendor\yeephp\yeephp\Yee\Middleware\MethodOverride.php(92): Yee\Middleware\Flash->call()
#14 C:\xampp\htdocs\kinguin\vendor\yeephp\yeephp\Yee\Middleware\PrettyExceptions.php(67): Yee\Middleware\MethodOverride->call()
#15 C:\xampp\htdocs\kinguin\vendor\yeephp\yeephp\Yee\Yee.php(1282): Yee\Middleware\PrettyExceptions->call()
#16 C:\xampp\htdocs\kinguin\public\index.php(25): Yee\Yee->execute()
#17 {main}
ERROR - 2017-09-16 21:38:26 - ErrorException: Undefined property: App\Models\RegisterUserModel\RegisterUserModel::$hashPassword1 in C:\xampp\htdocs\kinguin\App\Models\RegisterUserModel\RegisterUserModel.php:119
Stack trace:
#0 C:\xampp\htdocs\kinguin\App\Models\RegisterUserModel\RegisterUserModel.php(119): Yee\Yee::handleErrors(8, 'Undefined prope...', 'C:\\xampp\\htdocs...', 119, Array)
#1 C:\xampp\htdocs\kinguin\App\Controllers\RegisterController.php(40): App\Models\RegisterUserModel\RegisterUserModel->insertUser()
#2 [internal function]: App\Controllers\RegisterController->registerPost()
#3 C:\xampp\htdocs\kinguin\vendor\yeephp\yeephp\Yee\Managers\Controller\Controller.php(23): call_user_func_array(Array, Array)
#4 [internal function]: Yee\Managers\Controller\Controller::__callStatic('registerPost', Array)
#5 C:\xampp\htdocs\kinguin\vendor\yeephp\yeephp\Yee\Route.php(468): call_user_func_array('\\App\\Controller...', Array)
#6 C:\xampp\htdocs\kinguin\vendor\yeephp\yeephp\Yee\Yee.php(1374): Yee\Route->dispatch()
#7 C:\xampp\htdocs\kinguin\vendor\yeephp\yeephp\Yee\Middleware\Flash.php(85): Yee\Yee->call()
#8 C:\xampp\htdocs\kinguin\vendor\yeephp\yeephp\Yee\Middleware\MethodOverride.php(92): Yee\Middleware\Flash->call()
#9 C:\xampp\htdocs\kinguin\vendor\yeephp\yeephp\Yee\Middleware\PrettyExceptions.php(67): Yee\Middleware\MethodOverride->call()
#10 C:\xampp\htdocs\kinguin\vendor\yeephp\yeephp\Yee\Yee.php(1282): Yee\Middleware\PrettyExceptions->call()
#11 C:\xampp\htdocs\kinguin\public\index.php(25): Yee\Yee->execute()
#12 {main}
