ERROR - 2017-07-28 09:18:25 - ErrorException: call_user_func_array() expects parameter 1 to be a valid callback, class 'App\Controllers\InternController' does not have a method 'table' in C:\xampp\htdocs\kinguin\vendor\yeephp\yeephp\Yee\Managers\Controller\Controller.php:23
Stack trace:
#0 [internal function]: Yee\Yee::handleErrors(2, 'call_user_func_...', 'C:\\xampp\\htdocs...', 23, Array)
#1 C:\xampp\htdocs\kinguin\vendor\yeephp\yeephp\Yee\Managers\Controller\Controller.php(23): call_user_func_array(Array, Array)
#2 [internal function]: Yee\Managers\Controller\Controller::__callStatic('table', Array)
#3 C:\xampp\htdocs\kinguin\vendor\yeephp\yeephp\Yee\Route.php(468): call_user_func_array('\\App\\Controller...', Array)
#4 C:\xampp\htdocs\kinguin\vendor\yeephp\yeephp\Yee\Yee.php(1374): Yee\Route->dispatch()
#5 C:\xampp\htdocs\kinguin\vendor\yeephp\yeephp\Yee\Middleware\Flash.php(85): Yee\Yee->call()
#6 C:\xampp\htdocs\kinguin\vendor\yeephp\yeephp\Yee\Middleware\MethodOverride.php(92): Yee\Middleware\Flash->call()
#7 C:\xampp\htdocs\kinguin\vendor\yeephp\yeephp\Yee\Middleware\PrettyExceptions.php(67): Yee\Middleware\MethodOverride->call()
#8 C:\xampp\htdocs\kinguin\vendor\yeephp\yeephp\Yee\Yee.php(1282): Yee\Middleware\PrettyExceptions->call()
#9 C:\xampp\htdocs\kinguin\public\index.php(25): Yee\Yee->execute()
#10 {main}
ERROR - 2017-07-28 09:19:02 - ErrorException: call_user_func_array() expects parameter 1 to be a valid callback, class 'App\Controllers\InternController' does not have a method 'table' in C:\xampp\htdocs\kinguin\vendor\yeephp\yeephp\Yee\Managers\Controller\Controller.php:23
Stack trace:
#0 [internal function]: Yee\Yee::handleErrors(2, 'call_user_func_...', 'C:\\xampp\\htdocs...', 23, Array)
#1 C:\xampp\htdocs\kinguin\vendor\yeephp\yeephp\Yee\Managers\Controller\Controller.php(23): call_user_func_array(Array, Array)
#2 [internal function]: Yee\Managers\Controller\Controller::__callStatic('table', Array)
#3 C:\xampp\htdocs\kinguin\vendor\yeephp\yeephp\Yee\Route.php(468): call_user_func_array('\\App\\Controller...', Array)
#4 C:\xampp\htdocs\kinguin\vendor\yeephp\yeephp\Yee\Yee.php(1374): Yee\Route->dispatch()
#5 C:\xampp\htdocs\kinguin\vendor\yeephp\yeephp\Yee\Middleware\Flash.php(85): Yee\Yee->call()
#6 C:\xampp\htdocs\kinguin\vendor\yeephp\yeephp\Yee\Middleware\MethodOverride.php(92): Yee\Middleware\Flash->call()
#7 C:\xampp\htdocs\kinguin\vendor\yeephp\yeephp\Yee\Middleware\PrettyExceptions.php(67): Yee\Middleware\MethodOverride->call()
#8 C:\xampp\htdocs\kinguin\vendor\yeephp\yeephp\Yee\Yee.php(1282): Yee\Middleware\PrettyExceptions->call()
#9 C:\xampp\htdocs\kinguin\public\index.php(25): Yee\Yee->execute()
#10 {main}
ERROR - 2017-07-28 09:19:12 - ErrorException: call_user_func_array() expects parameter 1 to be a valid callback, class 'App\Controllers\InternController' does not have a method 'table' in C:\xampp\htdocs\kinguin\vendor\yeephp\yeephp\Yee\Managers\Controller\Controller.php:23
Stack trace:
#0 [internal function]: Yee\Yee::handleErrors(2, 'call_user_func_...', 'C:\\xampp\\htdocs...', 23, Array)
#1 C:\xampp\htdocs\kinguin\vendor\yeephp\yeephp\Yee\Managers\Controller\Controller.php(23): call_user_func_array(Array, Array)
#2 [internal function]: Yee\Managers\Controller\Controller::__callStatic('table', Array)
#3 C:\xampp\htdocs\kinguin\vendor\yeephp\yeephp\Yee\Route.php(468): call_user_func_array('\\App\\Controller...', Array)
#4 C:\xampp\htdocs\kinguin\vendor\yeephp\yeephp\Yee\Yee.php(1374): Yee\Route->dispatch()
#5 C:\xampp\htdocs\kinguin\vendor\yeephp\yeephp\Yee\Middleware\Flash.php(85): Yee\Yee->call()
#6 C:\xampp\htdocs\kinguin\vendor\yeephp\yeephp\Yee\Middleware\MethodOverride.php(92): Yee\Middleware\Flash->call()
#7 C:\xampp\htdocs\kinguin\vendor\yeephp\yeephp\Yee\Middleware\PrettyExceptions.php(67): Yee\Middleware\MethodOverride->call()
#8 C:\xampp\htdocs\kinguin\vendor\yeephp\yeephp\Yee\Yee.php(1282): Yee\Middleware\PrettyExceptions->call()
#9 C:\xampp\htdocs\kinguin\public\index.php(25): Yee\Yee->execute()
#10 {main}
ERROR - 2017-07-28 09:19:13 - ErrorException: call_user_func_array() expects parameter 1 to be a valid callback, class 'App\Controllers\InternController' does not have a method 'table' in C:\xampp\htdocs\kinguin\vendor\yeephp\yeephp\Yee\Managers\Controller\Controller.php:23
Stack trace:
#0 [internal function]: Yee\Yee::handleErrors(2, 'call_user_func_...', 'C:\\xampp\\htdocs...', 23, Array)
#1 C:\xampp\htdocs\kinguin\vendor\yeephp\yeephp\Yee\Managers\Controller\Controller.php(23): call_user_func_array(Array, Array)
#2 [internal function]: Yee\Managers\Controller\Controller::__callStatic('table', Array)
#3 C:\xampp\htdocs\kinguin\vendor\yeephp\yeephp\Yee\Route.php(468): call_user_func_array('\\App\\Controller...', Array)
#4 C:\xampp\htdocs\kinguin\vendor\yeephp\yeephp\Yee\Yee.php(1374): Yee\Route->dispatch()
#5 C:\xampp\htdocs\kinguin\vendor\yeephp\yeephp\Yee\Middleware\Flash.php(85): Yee\Yee->call()
#6 C:\xampp\htdocs\kinguin\vendor\yeephp\yeephp\Yee\Middleware\MethodOverride.php(92): Yee\Middleware\Flash->call()
#7 C:\xampp\htdocs\kinguin\vendor\yeephp\yeephp\Yee\Middleware\PrettyExceptions.php(67): Yee\Middleware\MethodOverride->call()
#8 C:\xampp\htdocs\kinguin\vendor\yeephp\yeephp\Yee\Yee.php(1282): Yee\Middleware\PrettyExceptions->call()
#9 C:\xampp\htdocs\kinguin\public\index.php(25): Yee\Yee->execute()
#10 {main}
ERROR - 2017-07-28 09:19:13 - ErrorException: call_user_func_array() expects parameter 1 to be a valid callback, class 'App\Controllers\InternController' does not have a method 'table' in C:\xampp\htdocs\kinguin\vendor\yeephp\yeephp\Yee\Managers\Controller\Controller.php:23
Stack trace:
#0 [internal function]: Yee\Yee::handleErrors(2, 'call_user_func_...', 'C:\\xampp\\htdocs...', 23, Array)
#1 C:\xampp\htdocs\kinguin\vendor\yeephp\yeephp\Yee\Managers\Controller\Controller.php(23): call_user_func_array(Array, Array)
#2 [internal function]: Yee\Managers\Controller\Controller::__callStatic('table', Array)
#3 C:\xampp\htdocs\kinguin\vendor\yeephp\yeephp\Yee\Route.php(468): call_user_func_array('\\App\\Controller...', Array)
#4 C:\xampp\htdocs\kinguin\vendor\yeephp\yeephp\Yee\Yee.php(1374): Yee\Route->dispatch()
#5 C:\xampp\htdocs\kinguin\vendor\yeephp\yeephp\Yee\Middleware\Flash.php(85): Yee\Yee->call()
#6 C:\xampp\htdocs\kinguin\vendor\yeephp\yeephp\Yee\Middleware\MethodOverride.php(92): Yee\Middleware\Flash->call()
#7 C:\xampp\htdocs\kinguin\vendor\yeephp\yeephp\Yee\Middleware\PrettyExceptions.php(67): Yee\Middleware\MethodOverride->call()
#8 C:\xampp\htdocs\kinguin\vendor\yeephp\yeephp\Yee\Yee.php(1282): Yee\Middleware\PrettyExceptions->call()
#9 C:\xampp\htdocs\kinguin\public\index.php(25): Yee\Yee->execute()
#10 {main}
ERROR - 2017-07-28 09:19:22 - ErrorException: call_user_func_array() expects parameter 1 to be a valid callback, class 'App\Controllers\InternController' does not have a method 'table' in C:\xampp\htdocs\kinguin\vendor\yeephp\yeephp\Yee\Managers\Controller\Controller.php:23
Stack trace:
#0 [internal function]: Yee\Yee::handleErrors(2, 'call_user_func_...', 'C:\\xampp\\htdocs...', 23, Array)
#1 C:\xampp\htdocs\kinguin\vendor\yeephp\yeephp\Yee\Managers\Controller\Controller.php(23): call_user_func_array(Array, Array)
#2 [internal function]: Yee\Managers\Controller\Controller::__callStatic('table', Array)
#3 C:\xampp\htdocs\kinguin\vendor\yeephp\yeephp\Yee\Route.php(468): call_user_func_array('\\App\\Controller...', Array)
#4 C:\xampp\htdocs\kinguin\vendor\yeephp\yeephp\Yee\Yee.php(1374): Yee\Route->dispatch()
#5 C:\xampp\htdocs\kinguin\vendor\yeephp\yeephp\Yee\Middleware\Flash.php(85): Yee\Yee->call()
#6 C:\xampp\htdocs\kinguin\vendor\yeephp\yeephp\Yee\Middleware\MethodOverride.php(92): Yee\Middleware\Flash->call()
#7 C:\xampp\htdocs\kinguin\vendor\yeephp\yeephp\Yee\Middleware\PrettyExceptions.php(67): Yee\Middleware\MethodOverride->call()
#8 C:\xampp\htdocs\kinguin\vendor\yeephp\yeephp\Yee\Yee.php(1282): Yee\Middleware\PrettyExceptions->call()
#9 C:\xampp\htdocs\kinguin\public\index.php(25): Yee\Yee->execute()
#10 {main}
ERROR - 2017-07-28 13:15:26 - Twig_Error_Syntax: Unexpected token "operator" of value "%". in C:\xampp\htdocs\kinguin\templates\tableMenu.twig:2
Stack trace:
#0 C:\xampp\htdocs\kinguin\vendor\twig\twig\lib\Twig\ExpressionParser.php(102): Twig_ExpressionParser->parsePrimaryExpression()
#1 C:\xampp\htdocs\kinguin\vendor\twig\twig\lib\Twig\ExpressionParser.php(55): Twig_ExpressionParser->getPrimary()
#2 C:\xampp\htdocs\kinguin\vendor\twig\twig\lib\Twig\Parser.php(147): Twig_ExpressionParser->parseExpression()
#3 C:\xampp\htdocs\kinguin\vendor\twig\twig\lib\Twig\Parser.php(103): Twig_Parser->subparse(NULL, false)
#4 C:\xampp\htdocs\kinguin\vendor\twig\twig\lib\Twig\Environment.php(692): Twig_Parser->parse(Object(Twig_TokenStream))
#5 C:\xampp\htdocs\kinguin\vendor\twig\twig\lib\Twig\Environment.php(750): Twig_Environment->parse(Object(Twig_TokenStream))
#6 C:\xampp\htdocs\kinguin\vendor\twig\twig\lib\Twig\Environment.php(447): Twig_Environment->compileSource(Object(Twig_Source))
#7 C:\xampp\htdocs\kinguin\vendor\yeephp\yeephp\Yee\Views\Twig.php(87): Twig_Environment->loadTemplate('tableMenu.twig')
#8 C:\xampp\htdocs\kinguin\vendor\yeephp\yeephp\Yee\View.php(255): Yee\Views\Twig->render('tableMenu.twig', NULL)
#9 C:\xampp\htdocs\kinguin\vendor\yeephp\yeephp\Yee\View.php(243): Yee\View->fetch('tableMenu.twig', NULL)
#10 C:\xampp\htdocs\kinguin\vendor\yeephp\yeephp\Yee\Yee.php(766): Yee\View->display('tableMenu.twig')
#11 C:\xampp\htdocs\kinguin\App\Controllers\Table\TableController.php(50): Yee\Yee->render('tableMenu.twig', Array)
#12 [internal function]: App\Controllers\Table\TableController->showSubCategory('1')
#13 C:\xampp\htdocs\kinguin\vendor\yeephp\yeephp\Yee\Managers\Controller\Controller.php(23): call_user_func_array(Array, Array)
#14 [internal function]: Yee\Managers\Controller\Controller::__callStatic('showSubCategory', Array)
#15 C:\xampp\htdocs\kinguin\vendor\yeephp\yeephp\Yee\Route.php(468): call_user_func_array('\\App\\Controller...', Array)
#16 C:\xampp\htdocs\kinguin\vendor\yeephp\yeephp\Yee\Yee.php(1374): Yee\Route->dispatch()
#17 C:\xampp\htdocs\kinguin\vendor\yeephp\yeephp\Yee\Middleware\Flash.php(85): Yee\Yee->call()
#18 C:\xampp\htdocs\kinguin\vendor\yeephp\yeephp\Yee\Middleware\MethodOverride.php(92): Yee\Middleware\Flash->call()
#19 C:\xampp\htdocs\kinguin\vendor\yeephp\yeephp\Yee\Middleware\PrettyExceptions.php(67): Yee\Middleware\MethodOverride->call()
#20 C:\xampp\htdocs\kinguin\vendor\yeephp\yeephp\Yee\Yee.php(1282): Yee\Middleware\PrettyExceptions->call()
#21 C:\xampp\htdocs\kinguin\public\index.php(25): Yee\Yee->execute()
#22 {main}
ERROR - 2017-07-28 13:15:30 - Twig_Error_Syntax: Unexpected token "operator" of value "%". in C:\xampp\htdocs\kinguin\templates\tableMenu.twig:2
Stack trace:
#0 C:\xampp\htdocs\kinguin\vendor\twig\twig\lib\Twig\ExpressionParser.php(102): Twig_ExpressionParser->parsePrimaryExpression()
#1 C:\xampp\htdocs\kinguin\vendor\twig\twig\lib\Twig\ExpressionParser.php(55): Twig_ExpressionParser->getPrimary()
#2 C:\xampp\htdocs\kinguin\vendor\twig\twig\lib\Twig\Parser.php(147): Twig_ExpressionParser->parseExpression()
#3 C:\xampp\htdocs\kinguin\vendor\twig\twig\lib\Twig\Parser.php(103): Twig_Parser->subparse(NULL, false)
#4 C:\xampp\htdocs\kinguin\vendor\twig\twig\lib\Twig\Environment.php(692): Twig_Parser->parse(Object(Twig_TokenStream))
#5 C:\xampp\htdocs\kinguin\vendor\twig\twig\lib\Twig\Environment.php(750): Twig_Environment->parse(Object(Twig_TokenStream))
#6 C:\xampp\htdocs\kinguin\vendor\twig\twig\lib\Twig\Environment.php(447): Twig_Environment->compileSource(Object(Twig_Source))
#7 C:\xampp\htdocs\kinguin\vendor\yeephp\yeephp\Yee\Views\Twig.php(87): Twig_Environment->loadTemplate('tableMenu.twig')
#8 C:\xampp\htdocs\kinguin\vendor\yeephp\yeephp\Yee\View.php(255): Yee\Views\Twig->render('tableMenu.twig', NULL)
#9 C:\xampp\htdocs\kinguin\vendor\yeephp\yeephp\Yee\View.php(243): Yee\View->fetch('tableMenu.twig', NULL)
#10 C:\xampp\htdocs\kinguin\vendor\yeephp\yeephp\Yee\Yee.php(766): Yee\View->display('tableMenu.twig')
#11 C:\xampp\htdocs\kinguin\App\Controllers\Table\TableController.php(50): Yee\Yee->render('tableMenu.twig', Array)
#12 [internal function]: App\Controllers\Table\TableController->showSubCategory('2')
#13 C:\xampp\htdocs\kinguin\vendor\yeephp\yeephp\Yee\Managers\Controller\Controller.php(23): call_user_func_array(Array, Array)
#14 [internal function]: Yee\Managers\Controller\Controller::__callStatic('showSubCategory', Array)
#15 C:\xampp\htdocs\kinguin\vendor\yeephp\yeephp\Yee\Route.php(468): call_user_func_array('\\App\\Controller...', Array)
#16 C:\xampp\htdocs\kinguin\vendor\yeephp\yeephp\Yee\Yee.php(1374): Yee\Route->dispatch()
#17 C:\xampp\htdocs\kinguin\vendor\yeephp\yeephp\Yee\Middleware\Flash.php(85): Yee\Yee->call()
#18 C:\xampp\htdocs\kinguin\vendor\yeephp\yeephp\Yee\Middleware\MethodOverride.php(92): Yee\Middleware\Flash->call()
#19 C:\xampp\htdocs\kinguin\vendor\yeephp\yeephp\Yee\Middleware\PrettyExceptions.php(67): Yee\Middleware\MethodOverride->call()
#20 C:\xampp\htdocs\kinguin\vendor\yeephp\yeephp\Yee\Yee.php(1282): Yee\Middleware\PrettyExceptions->call()
#21 C:\xampp\htdocs\kinguin\public\index.php(25): Yee\Yee->execute()
#22 {main}
ERROR - 2017-07-28 13:15:31 - Twig_Error_Syntax: Unexpected token "operator" of value "%". in C:\xampp\htdocs\kinguin\templates\tableMenu.twig:2
Stack trace:
#0 C:\xampp\htdocs\kinguin\vendor\twig\twig\lib\Twig\ExpressionParser.php(102): Twig_ExpressionParser->parsePrimaryExpression()
#1 C:\xampp\htdocs\kinguin\vendor\twig\twig\lib\Twig\ExpressionParser.php(55): Twig_ExpressionParser->getPrimary()
#2 C:\xampp\htdocs\kinguin\vendor\twig\twig\lib\Twig\Parser.php(147): Twig_ExpressionParser->parseExpression()
#3 C:\xampp\htdocs\kinguin\vendor\twig\twig\lib\Twig\Parser.php(103): Twig_Parser->subparse(NULL, false)
#4 C:\xampp\htdocs\kinguin\vendor\twig\twig\lib\Twig\Environment.php(692): Twig_Parser->parse(Object(Twig_TokenStream))
#5 C:\xampp\htdocs\kinguin\vendor\twig\twig\lib\Twig\Environment.php(750): Twig_Environment->parse(Object(Twig_TokenStream))
#6 C:\xampp\htdocs\kinguin\vendor\twig\twig\lib\Twig\Environment.php(447): Twig_Environment->compileSource(Object(Twig_Source))
#7 C:\xampp\htdocs\kinguin\vendor\yeephp\yeephp\Yee\Views\Twig.php(87): Twig_Environment->loadTemplate('tableMenu.twig')
#8 C:\xampp\htdocs\kinguin\vendor\yeephp\yeephp\Yee\View.php(255): Yee\Views\Twig->render('tableMenu.twig', NULL)
#9 C:\xampp\htdocs\kinguin\vendor\yeephp\yeephp\Yee\View.php(243): Yee\View->fetch('tableMenu.twig', NULL)
#10 C:\xampp\htdocs\kinguin\vendor\yeephp\yeephp\Yee\Yee.php(766): Yee\View->display('tableMenu.twig')
#11 C:\xampp\htdocs\kinguin\App\Controllers\Table\TableController.php(50): Yee\Yee->render('tableMenu.twig', Array)
#12 [internal function]: App\Controllers\Table\TableController->showSubCategory('1')
#13 C:\xampp\htdocs\kinguin\vendor\yeephp\yeephp\Yee\Managers\Controller\Controller.php(23): call_user_func_array(Array, Array)
#14 [internal function]: Yee\Managers\Controller\Controller::__callStatic('showSubCategory', Array)
#15 C:\xampp\htdocs\kinguin\vendor\yeephp\yeephp\Yee\Route.php(468): call_user_func_array('\\App\\Controller...', Array)
#16 C:\xampp\htdocs\kinguin\vendor\yeephp\yeephp\Yee\Yee.php(1374): Yee\Route->dispatch()
#17 C:\xampp\htdocs\kinguin\vendor\yeephp\yeephp\Yee\Middleware\Flash.php(85): Yee\Yee->call()
#18 C:\xampp\htdocs\kinguin\vendor\yeephp\yeephp\Yee\Middleware\MethodOverride.php(92): Yee\Middleware\Flash->call()
#19 C:\xampp\htdocs\kinguin\vendor\yeephp\yeephp\Yee\Middleware\PrettyExceptions.php(67): Yee\Middleware\MethodOverride->call()
#20 C:\xampp\htdocs\kinguin\vendor\yeephp\yeephp\Yee\Yee.php(1282): Yee\Middleware\PrettyExceptions->call()
#21 C:\xampp\htdocs\kinguin\public\index.php(25): Yee\Yee->execute()
#22 {main}
ERROR - 2017-07-28 13:15:33 - Twig_Error_Syntax: Unexpected token "operator" of value "%". in C:\xampp\htdocs\kinguin\templates\tableMenu.twig:2
Stack trace:
#0 C:\xampp\htdocs\kinguin\vendor\twig\twig\lib\Twig\ExpressionParser.php(102): Twig_ExpressionParser->parsePrimaryExpression()
#1 C:\xampp\htdocs\kinguin\vendor\twig\twig\lib\Twig\ExpressionParser.php(55): Twig_ExpressionParser->getPrimary()
#2 C:\xampp\htdocs\kinguin\vendor\twig\twig\lib\Twig\Parser.php(147): Twig_ExpressionParser->parseExpression()
#3 C:\xampp\htdocs\kinguin\vendor\twig\twig\lib\Twig\Parser.php(103): Twig_Parser->subparse(NULL, false)
#4 C:\xampp\htdocs\kinguin\vendor\twig\twig\lib\Twig\Environment.php(692): Twig_Parser->parse(Object(Twig_TokenStream))
#5 C:\xampp\htdocs\kinguin\vendor\twig\twig\lib\Twig\Environment.php(750): Twig_Environment->parse(Object(Twig_TokenStream))
#6 C:\xampp\htdocs\kinguin\vendor\twig\twig\lib\Twig\Environment.php(447): Twig_Environment->compileSource(Object(Twig_Source))
#7 C:\xampp\htdocs\kinguin\vendor\yeephp\yeephp\Yee\Views\Twig.php(87): Twig_Environment->loadTemplate('tableMenu.twig')
#8 C:\xampp\htdocs\kinguin\vendor\yeephp\yeephp\Yee\View.php(255): Yee\Views\Twig->render('tableMenu.twig', NULL)
#9 C:\xampp\htdocs\kinguin\vendor\yeephp\yeephp\Yee\View.php(243): Yee\View->fetch('tableMenu.twig', NULL)
#10 C:\xampp\htdocs\kinguin\vendor\yeephp\yeephp\Yee\Yee.php(766): Yee\View->display('tableMenu.twig')
#11 C:\xampp\htdocs\kinguin\App\Controllers\Table\TableController.php(50): Yee\Yee->render('tableMenu.twig', Array)
#12 [internal function]: App\Controllers\Table\TableController->showSubCategory('3')
#13 C:\xampp\htdocs\kinguin\vendor\yeephp\yeephp\Yee\Managers\Controller\Controller.php(23): call_user_func_array(Array, Array)
#14 [internal function]: Yee\Managers\Controller\Controller::__callStatic('showSubCategory', Array)
#15 C:\xampp\htdocs\kinguin\vendor\yeephp\yeephp\Yee\Route.php(468): call_user_func_array('\\App\\Controller...', Array)
#16 C:\xampp\htdocs\kinguin\vendor\yeephp\yeephp\Yee\Yee.php(1374): Yee\Route->dispatch()
#17 C:\xampp\htdocs\kinguin\vendor\yeephp\yeephp\Yee\Middleware\Flash.php(85): Yee\Yee->call()
#18 C:\xampp\htdocs\kinguin\vendor\yeephp\yeephp\Yee\Middleware\MethodOverride.php(92): Yee\Middleware\Flash->call()
#19 C:\xampp\htdocs\kinguin\vendor\yeephp\yeephp\Yee\Middleware\PrettyExceptions.php(67): Yee\Middleware\MethodOverride->call()
#20 C:\xampp\htdocs\kinguin\vendor\yeephp\yeephp\Yee\Yee.php(1282): Yee\Middleware\PrettyExceptions->call()
#21 C:\xampp\htdocs\kinguin\public\index.php(25): Yee\Yee->execute()
#22 {main}
ERROR - 2017-07-28 13:15:46 - Twig_Error_Syntax: Unexpected token "operator" of value "%". in C:\xampp\htdocs\kinguin\templates\tableMenu.twig:2
Stack trace:
#0 C:\xampp\htdocs\kinguin\vendor\twig\twig\lib\Twig\ExpressionParser.php(102): Twig_ExpressionParser->parsePrimaryExpression()
#1 C:\xampp\htdocs\kinguin\vendor\twig\twig\lib\Twig\ExpressionParser.php(55): Twig_ExpressionParser->getPrimary()
#2 C:\xampp\htdocs\kinguin\vendor\twig\twig\lib\Twig\Parser.php(147): Twig_ExpressionParser->parseExpression()
#3 C:\xampp\htdocs\kinguin\vendor\twig\twig\lib\Twig\Parser.php(103): Twig_Parser->subparse(NULL, false)
#4 C:\xampp\htdocs\kinguin\vendor\twig\twig\lib\Twig\Environment.php(692): Twig_Parser->parse(Object(Twig_TokenStream))
#5 C:\xampp\htdocs\kinguin\vendor\twig\twig\lib\Twig\Environment.php(750): Twig_Environment->parse(Object(Twig_TokenStream))
#6 C:\xampp\htdocs\kinguin\vendor\twig\twig\lib\Twig\Environment.php(447): Twig_Environment->compileSource(Object(Twig_Source))
#7 C:\xampp\htdocs\kinguin\vendor\yeephp\yeephp\Yee\Views\Twig.php(87): Twig_Environment->loadTemplate('tableMenu.twig')
#8 C:\xampp\htdocs\kinguin\vendor\yeephp\yeephp\Yee\View.php(255): Yee\Views\Twig->render('tableMenu.twig', NULL)
#9 C:\xampp\htdocs\kinguin\vendor\yeephp\yeephp\Yee\View.php(243): Yee\View->fetch('tableMenu.twig', NULL)
#10 C:\xampp\htdocs\kinguin\vendor\yeephp\yeephp\Yee\Yee.php(766): Yee\View->display('tableMenu.twig')
#11 C:\xampp\htdocs\kinguin\App\Controllers\Table\TableController.php(50): Yee\Yee->render('tableMenu.twig', Array)
#12 [internal function]: App\Controllers\Table\TableController->showSubCategory('1')
#13 C:\xampp\htdocs\kinguin\vendor\yeephp\yeephp\Yee\Managers\Controller\Controller.php(23): call_user_func_array(Array, Array)
#14 [internal function]: Yee\Managers\Controller\Controller::__callStatic('showSubCategory', Array)
#15 C:\xampp\htdocs\kinguin\vendor\yeephp\yeephp\Yee\Route.php(468): call_user_func_array('\\App\\Controller...', Array)
#16 C:\xampp\htdocs\kinguin\vendor\yeephp\yeephp\Yee\Yee.php(1374): Yee\Route->dispatch()
#17 C:\xampp\htdocs\kinguin\vendor\yeephp\yeephp\Yee\Middleware\Flash.php(85): Yee\Yee->call()
#18 C:\xampp\htdocs\kinguin\vendor\yeephp\yeephp\Yee\Middleware\MethodOverride.php(92): Yee\Middleware\Flash->call()
#19 C:\xampp\htdocs\kinguin\vendor\yeephp\yeephp\Yee\Middleware\PrettyExceptions.php(67): Yee\Middleware\MethodOverride->call()
#20 C:\xampp\htdocs\kinguin\vendor\yeephp\yeephp\Yee\Yee.php(1282): Yee\Middleware\PrettyExceptions->call()
#21 C:\xampp\htdocs\kinguin\public\index.php(25): Yee\Yee->execute()
#22 {main}
ERROR - 2017-07-28 13:18:43 - Twig_Error_Syntax: Unexpected token "end of statement block" of value "" ("name" expected). in C:\xampp\htdocs\kinguin\templates\table.twig:4
Stack trace:
#0 C:\xampp\htdocs\kinguin\vendor\twig\twig\lib\Twig\TokenParser\Block.php(31): Twig_TokenStream->expect(5)
#1 C:\xampp\htdocs\kinguin\vendor\twig\twig\lib\Twig\Parser.php(190): Twig_TokenParser_Block->parse(Object(Twig_Token))
#2 C:\xampp\htdocs\kinguin\vendor\twig\twig\lib\Twig\Parser.php(103): Twig_Parser->subparse(NULL, false)
#3 C:\xampp\htdocs\kinguin\vendor\twig\twig\lib\Twig\Environment.php(692): Twig_Parser->parse(Object(Twig_TokenStream))
#4 C:\xampp\htdocs\kinguin\vendor\twig\twig\lib\Twig\Environment.php(750): Twig_Environment->parse(Object(Twig_TokenStream))
#5 C:\xampp\htdocs\kinguin\vendor\twig\twig\lib\Twig\Environment.php(447): Twig_Environment->compileSource(Object(Twig_Source))
#6 C:\xampp\htdocs\kinguin\vendor\yeephp\yeephp\Yee\Views\Twig.php(87): Twig_Environment->loadTemplate('table.twig')
#7 C:\xampp\htdocs\kinguin\vendor\yeephp\yeephp\Yee\View.php(255): Yee\Views\Twig->render('table.twig', NULL)
#8 C:\xampp\htdocs\kinguin\vendor\yeephp\yeephp\Yee\View.php(243): Yee\View->fetch('table.twig', NULL)
#9 C:\xampp\htdocs\kinguin\vendor\yeephp\yeephp\Yee\Yee.php(766): Yee\View->display('table.twig')
#10 C:\xampp\htdocs\kinguin\App\Controllers\Table\TableController.php(29): Yee\Yee->render('table.twig', Array)
#11 [internal function]: App\Controllers\Table\TableController->showCategory()
#12 C:\xampp\htdocs\kinguin\vendor\yeephp\yeephp\Yee\Managers\Controller\Controller.php(23): call_user_func_array(Array, Array)
#13 [internal function]: Yee\Managers\Controller\Controller::__callStatic('showCategory', Array)
#14 C:\xampp\htdocs\kinguin\vendor\yeephp\yeephp\Yee\Route.php(468): call_user_func_array('\\App\\Controller...', Array)
#15 C:\xampp\htdocs\kinguin\vendor\yeephp\yeephp\Yee\Yee.php(1374): Yee\Route->dispatch()
#16 C:\xampp\htdocs\kinguin\vendor\yeephp\yeephp\Yee\Middleware\Flash.php(85): Yee\Yee->call()
#17 C:\xampp\htdocs\kinguin\vendor\yeephp\yeephp\Yee\Middleware\MethodOverride.php(92): Yee\Middleware\Flash->call()
#18 C:\xampp\htdocs\kinguin\vendor\yeephp\yeephp\Yee\Middleware\PrettyExceptions.php(67): Yee\Middleware\MethodOverride->call()
#19 C:\xampp\htdocs\kinguin\vendor\yeephp\yeephp\Yee\Yee.php(1282): Yee\Middleware\PrettyExceptions->call()
#20 C:\xampp\htdocs\kinguin\public\index.php(25): Yee\Yee->execute()
#21 {main}
ERROR - 2017-07-28 13:19:15 - Twig_Error_Syntax: Unexpected token "operator" of value "%". in C:\xampp\htdocs\kinguin\templates\tableMenu.twig:2
Stack trace:
#0 C:\xampp\htdocs\kinguin\vendor\twig\twig\lib\Twig\ExpressionParser.php(102): Twig_ExpressionParser->parsePrimaryExpression()
#1 C:\xampp\htdocs\kinguin\vendor\twig\twig\lib\Twig\ExpressionParser.php(55): Twig_ExpressionParser->getPrimary()
#2 C:\xampp\htdocs\kinguin\vendor\twig\twig\lib\Twig\Parser.php(147): Twig_ExpressionParser->parseExpression()
#3 C:\xampp\htdocs\kinguin\vendor\twig\twig\lib\Twig\Parser.php(103): Twig_Parser->subparse(NULL, false)
#4 C:\xampp\htdocs\kinguin\vendor\twig\twig\lib\Twig\Environment.php(692): Twig_Parser->parse(Object(Twig_TokenStream))
#5 C:\xampp\htdocs\kinguin\vendor\twig\twig\lib\Twig\Environment.php(750): Twig_Environment->parse(Object(Twig_TokenStream))
#6 C:\xampp\htdocs\kinguin\vendor\twig\twig\lib\Twig\Environment.php(447): Twig_Environment->compileSource(Object(Twig_Source))
#7 C:\xampp\htdocs\kinguin\vendor\yeephp\yeephp\Yee\Views\Twig.php(87): Twig_Environment->loadTemplate('tableMenu.twig')
#8 C:\xampp\htdocs\kinguin\vendor\yeephp\yeephp\Yee\View.php(255): Yee\Views\Twig->render('tableMenu.twig', NULL)
#9 C:\xampp\htdocs\kinguin\vendor\yeephp\yeephp\Yee\View.php(243): Yee\View->fetch('tableMenu.twig', NULL)
#10 C:\xampp\htdocs\kinguin\vendor\yeephp\yeephp\Yee\Yee.php(766): Yee\View->display('tableMenu.twig')
#11 C:\xampp\htdocs\kinguin\App\Controllers\Table\TableController.php(50): Yee\Yee->render('tableMenu.twig', Array)
#12 [internal function]: App\Controllers\Table\TableController->showSubCategory('1')
#13 C:\xampp\htdocs\kinguin\vendor\yeephp\yeephp\Yee\Managers\Controller\Controller.php(23): call_user_func_array(Array, Array)
#14 [internal function]: Yee\Managers\Controller\Controller::__callStatic('showSubCategory', Array)
#15 C:\xampp\htdocs\kinguin\vendor\yeephp\yeephp\Yee\Route.php(468): call_user_func_array('\\App\\Controller...', Array)
#16 C:\xampp\htdocs\kinguin\vendor\yeephp\yeephp\Yee\Yee.php(1374): Yee\Route->dispatch()
#17 C:\xampp\htdocs\kinguin\vendor\yeephp\yeephp\Yee\Middleware\Flash.php(85): Yee\Yee->call()
#18 C:\xampp\htdocs\kinguin\vendor\yeephp\yeephp\Yee\Middleware\MethodOverride.php(92): Yee\Middleware\Flash->call()
#19 C:\xampp\htdocs\kinguin\vendor\yeephp\yeephp\Yee\Middleware\PrettyExceptions.php(67): Yee\Middleware\MethodOverride->call()
#20 C:\xampp\htdocs\kinguin\vendor\yeephp\yeephp\Yee\Yee.php(1282): Yee\Middleware\PrettyExceptions->call()
#21 C:\xampp\htdocs\kinguin\public\index.php(25): Yee\Yee->execute()
#22 {main}
ERROR - 2017-07-28 13:19:17 - Twig_Error_Syntax: Unexpected token "operator" of value "%". in C:\xampp\htdocs\kinguin\templates\tableMenu.twig:2
Stack trace:
#0 C:\xampp\htdocs\kinguin\vendor\twig\twig\lib\Twig\ExpressionParser.php(102): Twig_ExpressionParser->parsePrimaryExpression()
#1 C:\xampp\htdocs\kinguin\vendor\twig\twig\lib\Twig\ExpressionParser.php(55): Twig_ExpressionParser->getPrimary()
#2 C:\xampp\htdocs\kinguin\vendor\twig\twig\lib\Twig\Parser.php(147): Twig_ExpressionParser->parseExpression()
#3 C:\xampp\htdocs\kinguin\vendor\twig\twig\lib\Twig\Parser.php(103): Twig_Parser->subparse(NULL, false)
#4 C:\xampp\htdocs\kinguin\vendor\twig\twig\lib\Twig\Environment.php(692): Twig_Parser->parse(Object(Twig_TokenStream))
#5 C:\xampp\htdocs\kinguin\vendor\twig\twig\lib\Twig\Environment.php(750): Twig_Environment->parse(Object(Twig_TokenStream))
#6 C:\xampp\htdocs\kinguin\vendor\twig\twig\lib\Twig\Environment.php(447): Twig_Environment->compileSource(Object(Twig_Source))
#7 C:\xampp\htdocs\kinguin\vendor\yeephp\yeephp\Yee\Views\Twig.php(87): Twig_Environment->loadTemplate('tableMenu.twig')
#8 C:\xampp\htdocs\kinguin\vendor\yeephp\yeephp\Yee\View.php(255): Yee\Views\Twig->render('tableMenu.twig', NULL)
#9 C:\xampp\htdocs\kinguin\vendor\yeephp\yeephp\Yee\View.php(243): Yee\View->fetch('tableMenu.twig', NULL)
#10 C:\xampp\htdocs\kinguin\vendor\yeephp\yeephp\Yee\Yee.php(766): Yee\View->display('tableMenu.twig')
#11 C:\xampp\htdocs\kinguin\App\Controllers\Table\TableController.php(50): Yee\Yee->render('tableMenu.twig', Array)
#12 [internal function]: App\Controllers\Table\TableController->showSubCategory('2')
#13 C:\xampp\htdocs\kinguin\vendor\yeephp\yeephp\Yee\Managers\Controller\Controller.php(23): call_user_func_array(Array, Array)
#14 [internal function]: Yee\Managers\Controller\Controller::__callStatic('showSubCategory', Array)
#15 C:\xampp\htdocs\kinguin\vendor\yeephp\yeephp\Yee\Route.php(468): call_user_func_array('\\App\\Controller...', Array)
#16 C:\xampp\htdocs\kinguin\vendor\yeephp\yeephp\Yee\Yee.php(1374): Yee\Route->dispatch()
#17 C:\xampp\htdocs\kinguin\vendor\yeephp\yeephp\Yee\Middleware\Flash.php(85): Yee\Yee->call()
#18 C:\xampp\htdocs\kinguin\vendor\yeephp\yeephp\Yee\Middleware\MethodOverride.php(92): Yee\Middleware\Flash->call()
#19 C:\xampp\htdocs\kinguin\vendor\yeephp\yeephp\Yee\Middleware\PrettyExceptions.php(67): Yee\Middleware\MethodOverride->call()
#20 C:\xampp\htdocs\kinguin\vendor\yeephp\yeephp\Yee\Yee.php(1282): Yee\Middleware\PrettyExceptions->call()
#21 C:\xampp\htdocs\kinguin\public\index.php(25): Yee\Yee->execute()
#22 {main}
ERROR - 2017-07-28 13:19:19 - Twig_Error_Syntax: Unexpected token "operator" of value "%". in C:\xampp\htdocs\kinguin\templates\tableMenu.twig:2
Stack trace:
#0 C:\xampp\htdocs\kinguin\vendor\twig\twig\lib\Twig\ExpressionParser.php(102): Twig_ExpressionParser->parsePrimaryExpression()
#1 C:\xampp\htdocs\kinguin\vendor\twig\twig\lib\Twig\ExpressionParser.php(55): Twig_ExpressionParser->getPrimary()
#2 C:\xampp\htdocs\kinguin\vendor\twig\twig\lib\Twig\Parser.php(147): Twig_ExpressionParser->parseExpression()
#3 C:\xampp\htdocs\kinguin\vendor\twig\twig\lib\Twig\Parser.php(103): Twig_Parser->subparse(NULL, false)
#4 C:\xampp\htdocs\kinguin\vendor\twig\twig\lib\Twig\Environment.php(692): Twig_Parser->parse(Object(Twig_TokenStream))
#5 C:\xampp\htdocs\kinguin\vendor\twig\twig\lib\Twig\Environment.php(750): Twig_Environment->parse(Object(Twig_TokenStream))
#6 C:\xampp\htdocs\kinguin\vendor\twig\twig\lib\Twig\Environment.php(447): Twig_Environment->compileSource(Object(Twig_Source))
#7 C:\xampp\htdocs\kinguin\vendor\yeephp\yeephp\Yee\Views\Twig.php(87): Twig_Environment->loadTemplate('tableMenu.twig')
#8 C:\xampp\htdocs\kinguin\vendor\yeephp\yeephp\Yee\View.php(255): Yee\Views\Twig->render('tableMenu.twig', NULL)
#9 C:\xampp\htdocs\kinguin\vendor\yeephp\yeephp\Yee\View.php(243): Yee\View->fetch('tableMenu.twig', NULL)
#10 C:\xampp\htdocs\kinguin\vendor\yeephp\yeephp\Yee\Yee.php(766): Yee\View->display('tableMenu.twig')
#11 C:\xampp\htdocs\kinguin\App\Controllers\Table\TableController.php(50): Yee\Yee->render('tableMenu.twig', Array)
#12 [internal function]: App\Controllers\Table\TableController->showSubCategory('3')
#13 C:\xampp\htdocs\kinguin\vendor\yeephp\yeephp\Yee\Managers\Controller\Controller.php(23): call_user_func_array(Array, Array)
#14 [internal function]: Yee\Managers\Controller\Controller::__callStatic('showSubCategory', Array)
#15 C:\xampp\htdocs\kinguin\vendor\yeephp\yeephp\Yee\Route.php(468): call_user_func_array('\\App\\Controller...', Array)
#16 C:\xampp\htdocs\kinguin\vendor\yeephp\yeephp\Yee\Yee.php(1374): Yee\Route->dispatch()
#17 C:\xampp\htdocs\kinguin\vendor\yeephp\yeephp\Yee\Middleware\Flash.php(85): Yee\Yee->call()
#18 C:\xampp\htdocs\kinguin\vendor\yeephp\yeephp\Yee\Middleware\MethodOverride.php(92): Yee\Middleware\Flash->call()
#19 C:\xampp\htdocs\kinguin\vendor\yeephp\yeephp\Yee\Middleware\PrettyExceptions.php(67): Yee\Middleware\MethodOverride->call()
#20 C:\xampp\htdocs\kinguin\vendor\yeephp\yeephp\Yee\Yee.php(1282): Yee\Middleware\PrettyExceptions->call()
#21 C:\xampp\htdocs\kinguin\public\index.php(25): Yee\Yee->execute()
#22 {main}
ERROR - 2017-07-28 13:19:20 - Twig_Error_Syntax: Unexpected token "operator" of value "%". in C:\xampp\htdocs\kinguin\templates\tableMenu.twig:2
Stack trace:
#0 C:\xampp\htdocs\kinguin\vendor\twig\twig\lib\Twig\ExpressionParser.php(102): Twig_ExpressionParser->parsePrimaryExpression()
#1 C:\xampp\htdocs\kinguin\vendor\twig\twig\lib\Twig\ExpressionParser.php(55): Twig_ExpressionParser->getPrimary()
#2 C:\xampp\htdocs\kinguin\vendor\twig\twig\lib\Twig\Parser.php(147): Twig_ExpressionParser->parseExpression()
#3 C:\xampp\htdocs\kinguin\vendor\twig\twig\lib\Twig\Parser.php(103): Twig_Parser->subparse(NULL, false)
#4 C:\xampp\htdocs\kinguin\vendor\twig\twig\lib\Twig\Environment.php(692): Twig_Parser->parse(Object(Twig_TokenStream))
#5 C:\xampp\htdocs\kinguin\vendor\twig\twig\lib\Twig\Environment.php(750): Twig_Environment->parse(Object(Twig_TokenStream))
#6 C:\xampp\htdocs\kinguin\vendor\twig\twig\lib\Twig\Environment.php(447): Twig_Environment->compileSource(Object(Twig_Source))
#7 C:\xampp\htdocs\kinguin\vendor\yeephp\yeephp\Yee\Views\Twig.php(87): Twig_Environment->loadTemplate('tableMenu.twig')
#8 C:\xampp\htdocs\kinguin\vendor\yeephp\yeephp\Yee\View.php(255): Yee\Views\Twig->render('tableMenu.twig', NULL)
#9 C:\xampp\htdocs\kinguin\vendor\yeephp\yeephp\Yee\View.php(243): Yee\View->fetch('tableMenu.twig', NULL)
#10 C:\xampp\htdocs\kinguin\vendor\yeephp\yeephp\Yee\Yee.php(766): Yee\View->display('tableMenu.twig')
#11 C:\xampp\htdocs\kinguin\App\Controllers\Table\TableController.php(50): Yee\Yee->render('tableMenu.twig', Array)
#12 [internal function]: App\Controllers\Table\TableController->showSubCategory('1')
#13 C:\xampp\htdocs\kinguin\vendor\yeephp\yeephp\Yee\Managers\Controller\Controller.php(23): call_user_func_array(Array, Array)
#14 [internal function]: Yee\Managers\Controller\Controller::__callStatic('showSubCategory', Array)
#15 C:\xampp\htdocs\kinguin\vendor\yeephp\yeephp\Yee\Route.php(468): call_user_func_array('\\App\\Controller...', Array)
#16 C:\xampp\htdocs\kinguin\vendor\yeephp\yeephp\Yee\Yee.php(1374): Yee\Route->dispatch()
#17 C:\xampp\htdocs\kinguin\vendor\yeephp\yeephp\Yee\Middleware\Flash.php(85): Yee\Yee->call()
#18 C:\xampp\htdocs\kinguin\vendor\yeephp\yeephp\Yee\Middleware\MethodOverride.php(92): Yee\Middleware\Flash->call()
#19 C:\xampp\htdocs\kinguin\vendor\yeephp\yeephp\Yee\Middleware\PrettyExceptions.php(67): Yee\Middleware\MethodOverride->call()
#20 C:\xampp\htdocs\kinguin\vendor\yeephp\yeephp\Yee\Yee.php(1282): Yee\Middleware\PrettyExceptions->call()
#21 C:\xampp\htdocs\kinguin\public\index.php(25): Yee\Yee->execute()
#22 {main}
ERROR - 2017-07-28 13:20:43 - Twig_Error_Syntax: Unexpected token "punctuation" of value ".". in C:\xampp\htdocs\kinguin\templates\table.twig:4
Stack trace:
#0 C:\xampp\htdocs\kinguin\vendor\twig\twig\lib\Twig\ExpressionParser.php(102): Twig_ExpressionParser->parsePrimaryExpression()
#1 C:\xampp\htdocs\kinguin\vendor\twig\twig\lib\Twig\ExpressionParser.php(55): Twig_ExpressionParser->getPrimary()
#2 C:\xampp\htdocs\kinguin\vendor\twig\twig\lib\Twig\TokenParser\Block.php(50): Twig_ExpressionParser->parseExpression()
#3 C:\xampp\htdocs\kinguin\vendor\twig\twig\lib\Twig\Parser.php(190): Twig_TokenParser_Block->parse(Object(Twig_Token))
#4 C:\xampp\htdocs\kinguin\vendor\twig\twig\lib\Twig\Parser.php(103): Twig_Parser->subparse(NULL, false)
#5 C:\xampp\htdocs\kinguin\vendor\twig\twig\lib\Twig\Environment.php(692): Twig_Parser->parse(Object(Twig_TokenStream))
#6 C:\xampp\htdocs\kinguin\vendor\twig\twig\lib\Twig\Environment.php(750): Twig_Environment->parse(Object(Twig_TokenStream))
#7 C:\xampp\htdocs\kinguin\vendor\twig\twig\lib\Twig\Environment.php(447): Twig_Environment->compileSource(Object(Twig_Source))
#8 C:\xampp\htdocs\kinguin\vendor\yeephp\yeephp\Yee\Views\Twig.php(87): Twig_Environment->loadTemplate('table.twig')
#9 C:\xampp\htdocs\kinguin\vendor\yeephp\yeephp\Yee\View.php(255): Yee\Views\Twig->render('table.twig', NULL)
#10 C:\xampp\htdocs\kinguin\vendor\yeephp\yeephp\Yee\View.php(243): Yee\View->fetch('table.twig', NULL)
#11 C:\xampp\htdocs\kinguin\vendor\yeephp\yeephp\Yee\Yee.php(766): Yee\View->display('table.twig')
#12 C:\xampp\htdocs\kinguin\App\Controllers\Table\TableController.php(29): Yee\Yee->render('table.twig', Array)
#13 [internal function]: App\Controllers\Table\TableController->showCategory()
#14 C:\xampp\htdocs\kinguin\vendor\yeephp\yeephp\Yee\Managers\Controller\Controller.php(23): call_user_func_array(Array, Array)
#15 [internal function]: Yee\Managers\Controller\Controller::__callStatic('showCategory', Array)
#16 C:\xampp\htdocs\kinguin\vendor\yeephp\yeephp\Yee\Route.php(468): call_user_func_array('\\App\\Controller...', Array)
#17 C:\xampp\htdocs\kinguin\vendor\yeephp\yeephp\Yee\Yee.php(1374): Yee\Route->dispatch()
#18 C:\xampp\htdocs\kinguin\vendor\yeephp\yeephp\Yee\Middleware\Flash.php(85): Yee\Yee->call()
#19 C:\xampp\htdocs\kinguin\vendor\yeephp\yeephp\Yee\Middleware\MethodOverride.php(92): Yee\Middleware\Flash->call()
#20 C:\xampp\htdocs\kinguin\vendor\yeephp\yeephp\Yee\Middleware\PrettyExceptions.php(67): Yee\Middleware\MethodOverride->call()
#21 C:\xampp\htdocs\kinguin\vendor\yeephp\yeephp\Yee\Yee.php(1282): Yee\Middleware\PrettyExceptions->call()
#22 C:\xampp\htdocs\kinguin\public\index.php(25): Yee\Yee->execute()
#23 {main}
ERROR - 2017-07-28 13:21:14 - Twig_Error_Syntax: Unexpected token "string" of value "header.twig" ("name" expected). in C:\xampp\htdocs\kinguin\templates\table.twig:4
Stack trace:
#0 C:\xampp\htdocs\kinguin\vendor\twig\twig\lib\Twig\TokenParser\Block.php(31): Twig_TokenStream->expect(5)
#1 C:\xampp\htdocs\kinguin\vendor\twig\twig\lib\Twig\Parser.php(190): Twig_TokenParser_Block->parse(Object(Twig_Token))
#2 C:\xampp\htdocs\kinguin\vendor\twig\twig\lib\Twig\Parser.php(103): Twig_Parser->subparse(NULL, false)
#3 C:\xampp\htdocs\kinguin\vendor\twig\twig\lib\Twig\Environment.php(692): Twig_Parser->parse(Object(Twig_TokenStream))
#4 C:\xampp\htdocs\kinguin\vendor\twig\twig\lib\Twig\Environment.php(750): Twig_Environment->parse(Object(Twig_TokenStream))
#5 C:\xampp\htdocs\kinguin\vendor\twig\twig\lib\Twig\Environment.php(447): Twig_Environment->compileSource(Object(Twig_Source))
#6 C:\xampp\htdocs\kinguin\vendor\yeephp\yeephp\Yee\Views\Twig.php(87): Twig_Environment->loadTemplate('table.twig')
#7 C:\xampp\htdocs\kinguin\vendor\yeephp\yeephp\Yee\View.php(255): Yee\Views\Twig->render('table.twig', NULL)
#8 C:\xampp\htdocs\kinguin\vendor\yeephp\yeephp\Yee\View.php(243): Yee\View->fetch('table.twig', NULL)
#9 C:\xampp\htdocs\kinguin\vendor\yeephp\yeephp\Yee\Yee.php(766): Yee\View->display('table.twig')
#10 C:\xampp\htdocs\kinguin\App\Controllers\Table\TableController.php(29): Yee\Yee->render('table.twig', Array)
#11 [internal function]: App\Controllers\Table\TableController->showCategory()
#12 C:\xampp\htdocs\kinguin\vendor\yeephp\yeephp\Yee\Managers\Controller\Controller.php(23): call_user_func_array(Array, Array)
#13 [internal function]: Yee\Managers\Controller\Controller::__callStatic('showCategory', Array)
#14 C:\xampp\htdocs\kinguin\vendor\yeephp\yeephp\Yee\Route.php(468): call_user_func_array('\\App\\Controller...', Array)
#15 C:\xampp\htdocs\kinguin\vendor\yeephp\yeephp\Yee\Yee.php(1374): Yee\Route->dispatch()
#16 C:\xampp\htdocs\kinguin\vendor\yeephp\yeephp\Yee\Middleware\Flash.php(85): Yee\Yee->call()
#17 C:\xampp\htdocs\kinguin\vendor\yeephp\yeephp\Yee\Middleware\MethodOverride.php(92): Yee\Middleware\Flash->call()
#18 C:\xampp\htdocs\kinguin\vendor\yeephp\yeephp\Yee\Middleware\PrettyExceptions.php(67): Yee\Middleware\MethodOverride->call()
#19 C:\xampp\htdocs\kinguin\vendor\yeephp\yeephp\Yee\Yee.php(1282): Yee\Middleware\PrettyExceptions->call()
#20 C:\xampp\htdocs\kinguin\public\index.php(25): Yee\Yee->execute()
#21 {main}
ERROR - 2017-07-28 13:21:27 - Twig_Error_Syntax: Unexpected token "punctuation" of value ".". in C:\xampp\htdocs\kinguin\templates\table.twig:4
Stack trace:
#0 C:\xampp\htdocs\kinguin\vendor\twig\twig\lib\Twig\ExpressionParser.php(102): Twig_ExpressionParser->parsePrimaryExpression()
#1 C:\xampp\htdocs\kinguin\vendor\twig\twig\lib\Twig\ExpressionParser.php(55): Twig_ExpressionParser->getPrimary()
#2 C:\xampp\htdocs\kinguin\vendor\twig\twig\lib\Twig\TokenParser\Block.php(50): Twig_ExpressionParser->parseExpression()
#3 C:\xampp\htdocs\kinguin\vendor\twig\twig\lib\Twig\Parser.php(190): Twig_TokenParser_Block->parse(Object(Twig_Token))
#4 C:\xampp\htdocs\kinguin\vendor\twig\twig\lib\Twig\Parser.php(103): Twig_Parser->subparse(NULL, false)
#5 C:\xampp\htdocs\kinguin\vendor\twig\twig\lib\Twig\Environment.php(692): Twig_Parser->parse(Object(Twig_TokenStream))
#6 C:\xampp\htdocs\kinguin\vendor\twig\twig\lib\Twig\Environment.php(750): Twig_Environment->parse(Object(Twig_TokenStream))
#7 C:\xampp\htdocs\kinguin\vendor\twig\twig\lib\Twig\Environment.php(447): Twig_Environment->compileSource(Object(Twig_Source))
#8 C:\xampp\htdocs\kinguin\vendor\yeephp\yeephp\Yee\Views\Twig.php(87): Twig_Environment->loadTemplate('table.twig')
#9 C:\xampp\htdocs\kinguin\vendor\yeephp\yeephp\Yee\View.php(255): Yee\Views\Twig->render('table.twig', NULL)
#10 C:\xampp\htdocs\kinguin\vendor\yeephp\yeephp\Yee\View.php(243): Yee\View->fetch('table.twig', NULL)
#11 C:\xampp\htdocs\kinguin\vendor\yeephp\yeephp\Yee\Yee.php(766): Yee\View->display('table.twig')
#12 C:\xampp\htdocs\kinguin\App\Controllers\Table\TableController.php(29): Yee\Yee->render('table.twig', Array)
#13 [internal function]: App\Controllers\Table\TableController->showCategory()
#14 C:\xampp\htdocs\kinguin\vendor\yeephp\yeephp\Yee\Managers\Controller\Controller.php(23): call_user_func_array(Array, Array)
#15 [internal function]: Yee\Managers\Controller\Controller::__callStatic('showCategory', Array)
#16 C:\xampp\htdocs\kinguin\vendor\yeephp\yeephp\Yee\Route.php(468): call_user_func_array('\\App\\Controller...', Array)
#17 C:\xampp\htdocs\kinguin\vendor\yeephp\yeephp\Yee\Yee.php(1374): Yee\Route->dispatch()
#18 C:\xampp\htdocs\kinguin\vendor\yeephp\yeephp\Yee\Middleware\Flash.php(85): Yee\Yee->call()
#19 C:\xampp\htdocs\kinguin\vendor\yeephp\yeephp\Yee\Middleware\MethodOverride.php(92): Yee\Middleware\Flash->call()
#20 C:\xampp\htdocs\kinguin\vendor\yeephp\yeephp\Yee\Middleware\PrettyExceptions.php(67): Yee\Middleware\MethodOverride->call()
#21 C:\xampp\htdocs\kinguin\vendor\yeephp\yeephp\Yee\Yee.php(1282): Yee\Middleware\PrettyExceptions->call()
#22 C:\xampp\htdocs\kinguin\public\index.php(25): Yee\Yee->execute()
#23 {main}
ERROR - 2017-07-28 13:21:58 - Twig_Error_Syntax: Unexpected token "operator" of value "%". in C:\xampp\htdocs\kinguin\templates\tableMenu.twig:2
Stack trace:
#0 C:\xampp\htdocs\kinguin\vendor\twig\twig\lib\Twig\ExpressionParser.php(102): Twig_ExpressionParser->parsePrimaryExpression()
#1 C:\xampp\htdocs\kinguin\vendor\twig\twig\lib\Twig\ExpressionParser.php(55): Twig_ExpressionParser->getPrimary()
#2 C:\xampp\htdocs\kinguin\vendor\twig\twig\lib\Twig\Parser.php(147): Twig_ExpressionParser->parseExpression()
#3 C:\xampp\htdocs\kinguin\vendor\twig\twig\lib\Twig\Parser.php(103): Twig_Parser->subparse(NULL, false)
#4 C:\xampp\htdocs\kinguin\vendor\twig\twig\lib\Twig\Environment.php(692): Twig_Parser->parse(Object(Twig_TokenStream))
#5 C:\xampp\htdocs\kinguin\vendor\twig\twig\lib\Twig\Environment.php(750): Twig_Environment->parse(Object(Twig_TokenStream))
#6 C:\xampp\htdocs\kinguin\vendor\twig\twig\lib\Twig\Environment.php(447): Twig_Environment->compileSource(Object(Twig_Source))
#7 C:\xampp\htdocs\kinguin\vendor\yeephp\yeephp\Yee\Views\Twig.php(87): Twig_Environment->loadTemplate('tableMenu.twig')
#8 C:\xampp\htdocs\kinguin\vendor\yeephp\yeephp\Yee\View.php(255): Yee\Views\Twig->render('tableMenu.twig', NULL)
#9 C:\xampp\htdocs\kinguin\vendor\yeephp\yeephp\Yee\View.php(243): Yee\View->fetch('tableMenu.twig', NULL)
#10 C:\xampp\htdocs\kinguin\vendor\yeephp\yeephp\Yee\Yee.php(766): Yee\View->display('tableMenu.twig')
#11 C:\xampp\htdocs\kinguin\App\Controllers\Table\TableController.php(50): Yee\Yee->render('tableMenu.twig', Array)
#12 [internal function]: App\Controllers\Table\TableController->showSubCategory('1')
#13 C:\xampp\htdocs\kinguin\vendor\yeephp\yeephp\Yee\Managers\Controller\Controller.php(23): call_user_func_array(Array, Array)
#14 [internal function]: Yee\Managers\Controller\Controller::__callStatic('showSubCategory', Array)
#15 C:\xampp\htdocs\kinguin\vendor\yeephp\yeephp\Yee\Route.php(468): call_user_func_array('\\App\\Controller...', Array)
#16 C:\xampp\htdocs\kinguin\vendor\yeephp\yeephp\Yee\Yee.php(1374): Yee\Route->dispatch()
#17 C:\xampp\htdocs\kinguin\vendor\yeephp\yeephp\Yee\Middleware\Flash.php(85): Yee\Yee->call()
#18 C:\xampp\htdocs\kinguin\vendor\yeephp\yeephp\Yee\Middleware\MethodOverride.php(92): Yee\Middleware\Flash->call()
#19 C:\xampp\htdocs\kinguin\vendor\yeephp\yeephp\Yee\Middleware\PrettyExceptions.php(67): Yee\Middleware\MethodOverride->call()
#20 C:\xampp\htdocs\kinguin\vendor\yeephp\yeephp\Yee\Yee.php(1282): Yee\Middleware\PrettyExceptions->call()
#21 C:\xampp\htdocs\kinguin\public\index.php(25): Yee\Yee->execute()
#22 {main}
ERROR - 2017-07-28 13:22:27 - Twig_Error_Syntax: Unexpected token "end of statement block" of value "" ("name" expected). in C:\xampp\htdocs\kinguin\templates\table.twig:4
Stack trace:
#0 C:\xampp\htdocs\kinguin\vendor\twig\twig\lib\Twig\TokenParser\Block.php(31): Twig_TokenStream->expect(5)
#1 C:\xampp\htdocs\kinguin\vendor\twig\twig\lib\Twig\Parser.php(190): Twig_TokenParser_Block->parse(Object(Twig_Token))
#2 C:\xampp\htdocs\kinguin\vendor\twig\twig\lib\Twig\Parser.php(103): Twig_Parser->subparse(NULL, false)
#3 C:\xampp\htdocs\kinguin\vendor\twig\twig\lib\Twig\Environment.php(692): Twig_Parser->parse(Object(Twig_TokenStream))
#4 C:\xampp\htdocs\kinguin\vendor\twig\twig\lib\Twig\Environment.php(750): Twig_Environment->parse(Object(Twig_TokenStream))
#5 C:\xampp\htdocs\kinguin\vendor\twig\twig\lib\Twig\Environment.php(447): Twig_Environment->compileSource(Object(Twig_Source))
#6 C:\xampp\htdocs\kinguin\vendor\yeephp\yeephp\Yee\Views\Twig.php(87): Twig_Environment->loadTemplate('table.twig')
#7 C:\xampp\htdocs\kinguin\vendor\yeephp\yeephp\Yee\View.php(255): Yee\Views\Twig->render('table.twig', NULL)
#8 C:\xampp\htdocs\kinguin\vendor\yeephp\yeephp\Yee\View.php(243): Yee\View->fetch('table.twig', NULL)
#9 C:\xampp\htdocs\kinguin\vendor\yeephp\yeephp\Yee\Yee.php(766): Yee\View->display('table.twig')
#10 C:\xampp\htdocs\kinguin\App\Controllers\Table\TableController.php(29): Yee\Yee->render('table.twig', Array)
#11 [internal function]: App\Controllers\Table\TableController->showCategory()
#12 C:\xampp\htdocs\kinguin\vendor\yeephp\yeephp\Yee\Managers\Controller\Controller.php(23): call_user_func_array(Array, Array)
#13 [internal function]: Yee\Managers\Controller\Controller::__callStatic('showCategory', Array)
#14 C:\xampp\htdocs\kinguin\vendor\yeephp\yeephp\Yee\Route.php(468): call_user_func_array('\\App\\Controller...', Array)
#15 C:\xampp\htdocs\kinguin\vendor\yeephp\yeephp\Yee\Yee.php(1374): Yee\Route->dispatch()
#16 C:\xampp\htdocs\kinguin\vendor\yeephp\yeephp\Yee\Middleware\Flash.php(85): Yee\Yee->call()
#17 C:\xampp\htdocs\kinguin\vendor\yeephp\yeephp\Yee\Middleware\MethodOverride.php(92): Yee\Middleware\Flash->call()
#18 C:\xampp\htdocs\kinguin\vendor\yeephp\yeephp\Yee\Middleware\PrettyExceptions.php(67): Yee\Middleware\MethodOverride->call()
#19 C:\xampp\htdocs\kinguin\vendor\yeephp\yeephp\Yee\Yee.php(1282): Yee\Middleware\PrettyExceptions->call()
#20 C:\xampp\htdocs\kinguin\public\index.php(25): Yee\Yee->execute()
#21 {main}
ERROR - 2017-07-28 13:26:26 - Twig_Error_Syntax: Unexpected token "operator" of value "%". in C:\xampp\htdocs\kinguin\templates\tableMenu.twig:2
Stack trace:
#0 C:\xampp\htdocs\kinguin\vendor\twig\twig\lib\Twig\ExpressionParser.php(102): Twig_ExpressionParser->parsePrimaryExpression()
#1 C:\xampp\htdocs\kinguin\vendor\twig\twig\lib\Twig\ExpressionParser.php(55): Twig_ExpressionParser->getPrimary()
#2 C:\xampp\htdocs\kinguin\vendor\twig\twig\lib\Twig\Parser.php(147): Twig_ExpressionParser->parseExpression()
#3 C:\xampp\htdocs\kinguin\vendor\twig\twig\lib\Twig\Parser.php(103): Twig_Parser->subparse(NULL, false)
#4 C:\xampp\htdocs\kinguin\vendor\twig\twig\lib\Twig\Environment.php(692): Twig_Parser->parse(Object(Twig_TokenStream))
#5 C:\xampp\htdocs\kinguin\vendor\twig\twig\lib\Twig\Environment.php(750): Twig_Environment->parse(Object(Twig_TokenStream))
#6 C:\xampp\htdocs\kinguin\vendor\twig\twig\lib\Twig\Environment.php(447): Twig_Environment->compileSource(Object(Twig_Source))
#7 C:\xampp\htdocs\kinguin\vendor\yeephp\yeephp\Yee\Views\Twig.php(87): Twig_Environment->loadTemplate('tableMenu.twig')
#8 C:\xampp\htdocs\kinguin\vendor\yeephp\yeephp\Yee\View.php(255): Yee\Views\Twig->render('tableMenu.twig', NULL)
#9 C:\xampp\htdocs\kinguin\vendor\yeephp\yeephp\Yee\View.php(243): Yee\View->fetch('tableMenu.twig', NULL)
#10 C:\xampp\htdocs\kinguin\vendor\yeephp\yeephp\Yee\Yee.php(766): Yee\View->display('tableMenu.twig')
#11 C:\xampp\htdocs\kinguin\App\Controllers\Table\TableController.php(50): Yee\Yee->render('tableMenu.twig', Array)
#12 [internal function]: App\Controllers\Table\TableController->showSubCategory('1')
#13 C:\xampp\htdocs\kinguin\vendor\yeephp\yeephp\Yee\Managers\Controller\Controller.php(23): call_user_func_array(Array, Array)
#14 [internal function]: Yee\Managers\Controller\Controller::__callStatic('showSubCategory', Array)
#15 C:\xampp\htdocs\kinguin\vendor\yeephp\yeephp\Yee\Route.php(468): call_user_func_array('\\App\\Controller...', Array)
#16 C:\xampp\htdocs\kinguin\vendor\yeephp\yeephp\Yee\Yee.php(1374): Yee\Route->dispatch()
#17 C:\xampp\htdocs\kinguin\vendor\yeephp\yeephp\Yee\Middleware\Flash.php(85): Yee\Yee->call()
#18 C:\xampp\htdocs\kinguin\vendor\yeephp\yeephp\Yee\Middleware\MethodOverride.php(92): Yee\Middleware\Flash->call()
#19 C:\xampp\htdocs\kinguin\vendor\yeephp\yeephp\Yee\Middleware\PrettyExceptions.php(67): Yee\Middleware\MethodOverride->call()
#20 C:\xampp\htdocs\kinguin\vendor\yeephp\yeephp\Yee\Yee.php(1282): Yee\Middleware\PrettyExceptions->call()
#21 C:\xampp\htdocs\kinguin\public\index.php(25): Yee\Yee->execute()
#22 {main}
ERROR - 2017-07-28 13:26:39 - Twig_Error_Syntax: Unexpected token "operator" of value "%". in C:\xampp\htdocs\kinguin\templates\tableMenu.twig:2
Stack trace:
#0 C:\xampp\htdocs\kinguin\vendor\twig\twig\lib\Twig\ExpressionParser.php(102): Twig_ExpressionParser->parsePrimaryExpression()
#1 C:\xampp\htdocs\kinguin\vendor\twig\twig\lib\Twig\ExpressionParser.php(55): Twig_ExpressionParser->getPrimary()
#2 C:\xampp\htdocs\kinguin\vendor\twig\twig\lib\Twig\Parser.php(147): Twig_ExpressionParser->parseExpression()
#3 C:\xampp\htdocs\kinguin\vendor\twig\twig\lib\Twig\Parser.php(103): Twig_Parser->subparse(NULL, false)
#4 C:\xampp\htdocs\kinguin\vendor\twig\twig\lib\Twig\Environment.php(692): Twig_Parser->parse(Object(Twig_TokenStream))
#5 C:\xampp\htdocs\kinguin\vendor\twig\twig\lib\Twig\Environment.php(750): Twig_Environment->parse(Object(Twig_TokenStream))
#6 C:\xampp\htdocs\kinguin\vendor\twig\twig\lib\Twig\Environment.php(447): Twig_Environment->compileSource(Object(Twig_Source))
#7 C:\xampp\htdocs\kinguin\vendor\yeephp\yeephp\Yee\Views\Twig.php(87): Twig_Environment->loadTemplate('tableMenu.twig')
#8 C:\xampp\htdocs\kinguin\vendor\yeephp\yeephp\Yee\View.php(255): Yee\Views\Twig->render('tableMenu.twig', NULL)
#9 C:\xampp\htdocs\kinguin\vendor\yeephp\yeephp\Yee\View.php(243): Yee\View->fetch('tableMenu.twig', NULL)
#10 C:\xampp\htdocs\kinguin\vendor\yeephp\yeephp\Yee\Yee.php(766): Yee\View->display('tableMenu.twig')
#11 C:\xampp\htdocs\kinguin\App\Controllers\Table\TableController.php(50): Yee\Yee->render('tableMenu.twig', Array)
#12 [internal function]: App\Controllers\Table\TableController->showSubCategory('1')
#13 C:\xampp\htdocs\kinguin\vendor\yeephp\yeephp\Yee\Managers\Controller\Controller.php(23): call_user_func_array(Array, Array)
#14 [internal function]: Yee\Managers\Controller\Controller::__callStatic('showSubCategory', Array)
#15 C:\xampp\htdocs\kinguin\vendor\yeephp\yeephp\Yee\Route.php(468): call_user_func_array('\\App\\Controller...', Array)
#16 C:\xampp\htdocs\kinguin\vendor\yeephp\yeephp\Yee\Yee.php(1374): Yee\Route->dispatch()
#17 C:\xampp\htdocs\kinguin\vendor\yeephp\yeephp\Yee\Middleware\Flash.php(85): Yee\Yee->call()
#18 C:\xampp\htdocs\kinguin\vendor\yeephp\yeephp\Yee\Middleware\MethodOverride.php(92): Yee\Middleware\Flash->call()
#19 C:\xampp\htdocs\kinguin\vendor\yeephp\yeephp\Yee\Middleware\PrettyExceptions.php(67): Yee\Middleware\MethodOverride->call()
#20 C:\xampp\htdocs\kinguin\vendor\yeephp\yeephp\Yee\Yee.php(1282): Yee\Middleware\PrettyExceptions->call()
#21 C:\xampp\htdocs\kinguin\public\index.php(25): Yee\Yee->execute()
#22 {main}
ERROR - 2017-07-28 13:26:42 - Twig_Error_Syntax: Unexpected token "operator" of value "%". in C:\xampp\htdocs\kinguin\templates\tableMenu.twig:2
Stack trace:
#0 C:\xampp\htdocs\kinguin\vendor\twig\twig\lib\Twig\ExpressionParser.php(102): Twig_ExpressionParser->parsePrimaryExpression()
#1 C:\xampp\htdocs\kinguin\vendor\twig\twig\lib\Twig\ExpressionParser.php(55): Twig_ExpressionParser->getPrimary()
#2 C:\xampp\htdocs\kinguin\vendor\twig\twig\lib\Twig\Parser.php(147): Twig_ExpressionParser->parseExpression()
#3 C:\xampp\htdocs\kinguin\vendor\twig\twig\lib\Twig\Parser.php(103): Twig_Parser->subparse(NULL, false)
#4 C:\xampp\htdocs\kinguin\vendor\twig\twig\lib\Twig\Environment.php(692): Twig_Parser->parse(Object(Twig_TokenStream))
#5 C:\xampp\htdocs\kinguin\vendor\twig\twig\lib\Twig\Environment.php(750): Twig_Environment->parse(Object(Twig_TokenStream))
#6 C:\xampp\htdocs\kinguin\vendor\twig\twig\lib\Twig\Environment.php(447): Twig_Environment->compileSource(Object(Twig_Source))
#7 C:\xampp\htdocs\kinguin\vendor\yeephp\yeephp\Yee\Views\Twig.php(87): Twig_Environment->loadTemplate('tableMenu.twig')
#8 C:\xampp\htdocs\kinguin\vendor\yeephp\yeephp\Yee\View.php(255): Yee\Views\Twig->render('tableMenu.twig', NULL)
#9 C:\xampp\htdocs\kinguin\vendor\yeephp\yeephp\Yee\View.php(243): Yee\View->fetch('tableMenu.twig', NULL)
#10 C:\xampp\htdocs\kinguin\vendor\yeephp\yeephp\Yee\Yee.php(766): Yee\View->display('tableMenu.twig')
#11 C:\xampp\htdocs\kinguin\App\Controllers\Table\TableController.php(50): Yee\Yee->render('tableMenu.twig', Array)
#12 [internal function]: App\Controllers\Table\TableController->showSubCategory('3')
#13 C:\xampp\htdocs\kinguin\vendor\yeephp\yeephp\Yee\Managers\Controller\Controller.php(23): call_user_func_array(Array, Array)
#14 [internal function]: Yee\Managers\Controller\Controller::__callStatic('showSubCategory', Array)
#15 C:\xampp\htdocs\kinguin\vendor\yeephp\yeephp\Yee\Route.php(468): call_user_func_array('\\App\\Controller...', Array)
#16 C:\xampp\htdocs\kinguin\vendor\yeephp\yeephp\Yee\Yee.php(1374): Yee\Route->dispatch()
#17 C:\xampp\htdocs\kinguin\vendor\yeephp\yeephp\Yee\Middleware\Flash.php(85): Yee\Yee->call()
#18 C:\xampp\htdocs\kinguin\vendor\yeephp\yeephp\Yee\Middleware\MethodOverride.php(92): Yee\Middleware\Flash->call()
#19 C:\xampp\htdocs\kinguin\vendor\yeephp\yeephp\Yee\Middleware\PrettyExceptions.php(67): Yee\Middleware\MethodOverride->call()
#20 C:\xampp\htdocs\kinguin\vendor\yeephp\yeephp\Yee\Yee.php(1282): Yee\Middleware\PrettyExceptions->call()
#21 C:\xampp\htdocs\kinguin\public\index.php(25): Yee\Yee->execute()
#22 {main}
ERROR - 2017-07-28 13:27:02 - Twig_Error_Syntax: Unexpected token "operator" of value "%". in C:\xampp\htdocs\kinguin\templates\tableMenu.twig:2
Stack trace:
#0 C:\xampp\htdocs\kinguin\vendor\twig\twig\lib\Twig\ExpressionParser.php(102): Twig_ExpressionParser->parsePrimaryExpression()
#1 C:\xampp\htdocs\kinguin\vendor\twig\twig\lib\Twig\ExpressionParser.php(55): Twig_ExpressionParser->getPrimary()
#2 C:\xampp\htdocs\kinguin\vendor\twig\twig\lib\Twig\Parser.php(147): Twig_ExpressionParser->parseExpression()
#3 C:\xampp\htdocs\kinguin\vendor\twig\twig\lib\Twig\Parser.php(103): Twig_Parser->subparse(NULL, false)
#4 C:\xampp\htdocs\kinguin\vendor\twig\twig\lib\Twig\Environment.php(692): Twig_Parser->parse(Object(Twig_TokenStream))
#5 C:\xampp\htdocs\kinguin\vendor\twig\twig\lib\Twig\Environment.php(750): Twig_Environment->parse(Object(Twig_TokenStream))
#6 C:\xampp\htdocs\kinguin\vendor\twig\twig\lib\Twig\Environment.php(447): Twig_Environment->compileSource(Object(Twig_Source))
#7 C:\xampp\htdocs\kinguin\vendor\yeephp\yeephp\Yee\Views\Twig.php(87): Twig_Environment->loadTemplate('tableMenu.twig')
#8 C:\xampp\htdocs\kinguin\vendor\yeephp\yeephp\Yee\View.php(255): Yee\Views\Twig->render('tableMenu.twig', NULL)
#9 C:\xampp\htdocs\kinguin\vendor\yeephp\yeephp\Yee\View.php(243): Yee\View->fetch('tableMenu.twig', NULL)
#10 C:\xampp\htdocs\kinguin\vendor\yeephp\yeephp\Yee\Yee.php(766): Yee\View->display('tableMenu.twig')
#11 C:\xampp\htdocs\kinguin\App\Controllers\Table\TableController.php(50): Yee\Yee->render('tableMenu.twig', Array)
#12 [internal function]: App\Controllers\Table\TableController->showSubCategory('1')
#13 C:\xampp\htdocs\kinguin\vendor\yeephp\yeephp\Yee\Managers\Controller\Controller.php(23): call_user_func_array(Array, Array)
#14 [internal function]: Yee\Managers\Controller\Controller::__callStatic('showSubCategory', Array)
#15 C:\xampp\htdocs\kinguin\vendor\yeephp\yeephp\Yee\Route.php(468): call_user_func_array('\\App\\Controller...', Array)
#16 C:\xampp\htdocs\kinguin\vendor\yeephp\yeephp\Yee\Yee.php(1374): Yee\Route->dispatch()
#17 C:\xampp\htdocs\kinguin\vendor\yeephp\yeephp\Yee\Middleware\Flash.php(85): Yee\Yee->call()
#18 C:\xampp\htdocs\kinguin\vendor\yeephp\yeephp\Yee\Middleware\MethodOverride.php(92): Yee\Middleware\Flash->call()
#19 C:\xampp\htdocs\kinguin\vendor\yeephp\yeephp\Yee\Middleware\PrettyExceptions.php(67): Yee\Middleware\MethodOverride->call()
#20 C:\xampp\htdocs\kinguin\vendor\yeephp\yeephp\Yee\Yee.php(1282): Yee\Middleware\PrettyExceptions->call()
#21 C:\xampp\htdocs\kinguin\public\index.php(25): Yee\Yee->execute()
#22 {main}
ERROR - 2017-07-28 13:31:02 - Twig_Error_Syntax: Unexpected token "operator" of value "%". in C:\xampp\htdocs\kinguin\templates\tableMenu.twig:2
Stack trace:
#0 C:\xampp\htdocs\kinguin\vendor\twig\twig\lib\Twig\ExpressionParser.php(102): Twig_ExpressionParser->parsePrimaryExpression()
#1 C:\xampp\htdocs\kinguin\vendor\twig\twig\lib\Twig\ExpressionParser.php(55): Twig_ExpressionParser->getPrimary()
#2 C:\xampp\htdocs\kinguin\vendor\twig\twig\lib\Twig\Parser.php(147): Twig_ExpressionParser->parseExpression()
#3 C:\xampp\htdocs\kinguin\vendor\twig\twig\lib\Twig\Parser.php(103): Twig_Parser->subparse(NULL, false)
#4 C:\xampp\htdocs\kinguin\vendor\twig\twig\lib\Twig\Environment.php(692): Twig_Parser->parse(Object(Twig_TokenStream))
#5 C:\xampp\htdocs\kinguin\vendor\twig\twig\lib\Twig\Environment.php(750): Twig_Environment->parse(Object(Twig_TokenStream))
#6 C:\xampp\htdocs\kinguin\vendor\twig\twig\lib\Twig\Environment.php(447): Twig_Environment->compileSource(Object(Twig_Source))
#7 C:\xampp\htdocs\kinguin\vendor\yeephp\yeephp\Yee\Views\Twig.php(87): Twig_Environment->loadTemplate('tableMenu.twig')
#8 C:\xampp\htdocs\kinguin\vendor\yeephp\yeephp\Yee\View.php(255): Yee\Views\Twig->render('tableMenu.twig', NULL)
#9 C:\xampp\htdocs\kinguin\vendor\yeephp\yeephp\Yee\View.php(243): Yee\View->fetch('tableMenu.twig', NULL)
#10 C:\xampp\htdocs\kinguin\vendor\yeephp\yeephp\Yee\Yee.php(766): Yee\View->display('tableMenu.twig')
#11 C:\xampp\htdocs\kinguin\App\Controllers\Table\TableController.php(50): Yee\Yee->render('tableMenu.twig', Array)
#12 [internal function]: App\Controllers\Table\TableController->showSubCategory('1')
#13 C:\xampp\htdocs\kinguin\vendor\yeephp\yeephp\Yee\Managers\Controller\Controller.php(23): call_user_func_array(Array, Array)
#14 [internal function]: Yee\Managers\Controller\Controller::__callStatic('showSubCategory', Array)
#15 C:\xampp\htdocs\kinguin\vendor\yeephp\yeephp\Yee\Route.php(468): call_user_func_array('\\App\\Controller...', Array)
#16 C:\xampp\htdocs\kinguin\vendor\yeephp\yeephp\Yee\Yee.php(1374): Yee\Route->dispatch()
#17 C:\xampp\htdocs\kinguin\vendor\yeephp\yeephp\Yee\Middleware\Flash.php(85): Yee\Yee->call()
#18 C:\xampp\htdocs\kinguin\vendor\yeephp\yeephp\Yee\Middleware\MethodOverride.php(92): Yee\Middleware\Flash->call()
#19 C:\xampp\htdocs\kinguin\vendor\yeephp\yeephp\Yee\Middleware\PrettyExceptions.php(67): Yee\Middleware\MethodOverride->call()
#20 C:\xampp\htdocs\kinguin\vendor\yeephp\yeephp\Yee\Yee.php(1282): Yee\Middleware\PrettyExceptions->call()
#21 C:\xampp\htdocs\kinguin\public\index.php(25): Yee\Yee->execute()
#22 {main}
ERROR - 2017-07-28 13:43:17 - Twig_Error_Syntax: A template that extends another one cannot include contents outside Twig blocks. Did you forget to put the contents inside a {% block %} tag? in C:\xampp\htdocs\kinguin\templates\tableMenu.twig:3
Stack trace:
#0 C:\xampp\htdocs\kinguin\vendor\twig\twig\lib\Twig\Parser.php(399): Twig_Parser->filterBodyNodes(Object(Twig_Node_Text))
#1 C:\xampp\htdocs\kinguin\vendor\twig\twig\lib\Twig\Parser.php(105): Twig_Parser->filterBodyNodes(Object(Twig_Node))
#2 C:\xampp\htdocs\kinguin\vendor\twig\twig\lib\Twig\Environment.php(692): Twig_Parser->parse(Object(Twig_TokenStream))
#3 C:\xampp\htdocs\kinguin\vendor\twig\twig\lib\Twig\Environment.php(750): Twig_Environment->parse(Object(Twig_TokenStream))
#4 C:\xampp\htdocs\kinguin\vendor\twig\twig\lib\Twig\Environment.php(447): Twig_Environment->compileSource(Object(Twig_Source))
#5 C:\xampp\htdocs\kinguin\vendor\yeephp\yeephp\Yee\Views\Twig.php(87): Twig_Environment->loadTemplate('tableMenu.twig')
#6 C:\xampp\htdocs\kinguin\vendor\yeephp\yeephp\Yee\View.php(255): Yee\Views\Twig->render('tableMenu.twig', NULL)
#7 C:\xampp\htdocs\kinguin\vendor\yeephp\yeephp\Yee\View.php(243): Yee\View->fetch('tableMenu.twig', NULL)
#8 C:\xampp\htdocs\kinguin\vendor\yeephp\yeephp\Yee\Yee.php(766): Yee\View->display('tableMenu.twig')
#9 C:\xampp\htdocs\kinguin\App\Controllers\Table\TableController.php(50): Yee\Yee->render('tableMenu.twig', Array)
#10 [internal function]: App\Controllers\Table\TableController->showSubCategory('1')
#11 C:\xampp\htdocs\kinguin\vendor\yeephp\yeephp\Yee\Managers\Controller\Controller.php(23): call_user_func_array(Array, Array)
#12 [internal function]: Yee\Managers\Controller\Controller::__callStatic('showSubCategory', Array)
#13 C:\xampp\htdocs\kinguin\vendor\yeephp\yeephp\Yee\Route.php(468): call_user_func_array('\\App\\Controller...', Array)
#14 C:\xampp\htdocs\kinguin\vendor\yeephp\yeephp\Yee\Yee.php(1374): Yee\Route->dispatch()
#15 C:\xampp\htdocs\kinguin\vendor\yeephp\yeephp\Yee\Middleware\Flash.php(85): Yee\Yee->call()
#16 C:\xampp\htdocs\kinguin\vendor\yeephp\yeephp\Yee\Middleware\MethodOverride.php(92): Yee\Middleware\Flash->call()
#17 C:\xampp\htdocs\kinguin\vendor\yeephp\yeephp\Yee\Middleware\PrettyExceptions.php(67): Yee\Middleware\MethodOverride->call()
#18 C:\xampp\htdocs\kinguin\vendor\yeephp\yeephp\Yee\Yee.php(1282): Yee\Middleware\PrettyExceptions->call()
#19 C:\xampp\htdocs\kinguin\public\index.php(25): Yee\Yee->execute()
#20 {main}
ERROR - 2017-07-28 13:43:19 - Twig_Error_Syntax: A template that extends another one cannot include contents outside Twig blocks. Did you forget to put the contents inside a {% block %} tag? in C:\xampp\htdocs\kinguin\templates\tableMenu.twig:3
Stack trace:
#0 C:\xampp\htdocs\kinguin\vendor\twig\twig\lib\Twig\Parser.php(399): Twig_Parser->filterBodyNodes(Object(Twig_Node_Text))
#1 C:\xampp\htdocs\kinguin\vendor\twig\twig\lib\Twig\Parser.php(105): Twig_Parser->filterBodyNodes(Object(Twig_Node))
#2 C:\xampp\htdocs\kinguin\vendor\twig\twig\lib\Twig\Environment.php(692): Twig_Parser->parse(Object(Twig_TokenStream))
#3 C:\xampp\htdocs\kinguin\vendor\twig\twig\lib\Twig\Environment.php(750): Twig_Environment->parse(Object(Twig_TokenStream))
#4 C:\xampp\htdocs\kinguin\vendor\twig\twig\lib\Twig\Environment.php(447): Twig_Environment->compileSource(Object(Twig_Source))
#5 C:\xampp\htdocs\kinguin\vendor\yeephp\yeephp\Yee\Views\Twig.php(87): Twig_Environment->loadTemplate('tableMenu.twig')
#6 C:\xampp\htdocs\kinguin\vendor\yeephp\yeephp\Yee\View.php(255): Yee\Views\Twig->render('tableMenu.twig', NULL)
#7 C:\xampp\htdocs\kinguin\vendor\yeephp\yeephp\Yee\View.php(243): Yee\View->fetch('tableMenu.twig', NULL)
#8 C:\xampp\htdocs\kinguin\vendor\yeephp\yeephp\Yee\Yee.php(766): Yee\View->display('tableMenu.twig')
#9 C:\xampp\htdocs\kinguin\App\Controllers\Table\TableController.php(50): Yee\Yee->render('tableMenu.twig', Array)
#10 [internal function]: App\Controllers\Table\TableController->showSubCategory('3')
#11 C:\xampp\htdocs\kinguin\vendor\yeephp\yeephp\Yee\Managers\Controller\Controller.php(23): call_user_func_array(Array, Array)
#12 [internal function]: Yee\Managers\Controller\Controller::__callStatic('showSubCategory', Array)
#13 C:\xampp\htdocs\kinguin\vendor\yeephp\yeephp\Yee\Route.php(468): call_user_func_array('\\App\\Controller...', Array)
#14 C:\xampp\htdocs\kinguin\vendor\yeephp\yeephp\Yee\Yee.php(1374): Yee\Route->dispatch()
#15 C:\xampp\htdocs\kinguin\vendor\yeephp\yeephp\Yee\Middleware\Flash.php(85): Yee\Yee->call()
#16 C:\xampp\htdocs\kinguin\vendor\yeephp\yeephp\Yee\Middleware\MethodOverride.php(92): Yee\Middleware\Flash->call()
#17 C:\xampp\htdocs\kinguin\vendor\yeephp\yeephp\Yee\Middleware\PrettyExceptions.php(67): Yee\Middleware\MethodOverride->call()
#18 C:\xampp\htdocs\kinguin\vendor\yeephp\yeephp\Yee\Yee.php(1282): Yee\Middleware\PrettyExceptions->call()
#19 C:\xampp\htdocs\kinguin\public\index.php(25): Yee\Yee->execute()
#20 {main}
ERROR - 2017-07-28 13:43:21 - Twig_Error_Syntax: A template that extends another one cannot include contents outside Twig blocks. Did you forget to put the contents inside a {% block %} tag? in C:\xampp\htdocs\kinguin\templates\tableMenu.twig:3
Stack trace:
#0 C:\xampp\htdocs\kinguin\vendor\twig\twig\lib\Twig\Parser.php(399): Twig_Parser->filterBodyNodes(Object(Twig_Node_Text))
#1 C:\xampp\htdocs\kinguin\vendor\twig\twig\lib\Twig\Parser.php(105): Twig_Parser->filterBodyNodes(Object(Twig_Node))
#2 C:\xampp\htdocs\kinguin\vendor\twig\twig\lib\Twig\Environment.php(692): Twig_Parser->parse(Object(Twig_TokenStream))
#3 C:\xampp\htdocs\kinguin\vendor\twig\twig\lib\Twig\Environment.php(750): Twig_Environment->parse(Object(Twig_TokenStream))
#4 C:\xampp\htdocs\kinguin\vendor\twig\twig\lib\Twig\Environment.php(447): Twig_Environment->compileSource(Object(Twig_Source))
#5 C:\xampp\htdocs\kinguin\vendor\yeephp\yeephp\Yee\Views\Twig.php(87): Twig_Environment->loadTemplate('tableMenu.twig')
#6 C:\xampp\htdocs\kinguin\vendor\yeephp\yeephp\Yee\View.php(255): Yee\Views\Twig->render('tableMenu.twig', NULL)
#7 C:\xampp\htdocs\kinguin\vendor\yeephp\yeephp\Yee\View.php(243): Yee\View->fetch('tableMenu.twig', NULL)
#8 C:\xampp\htdocs\kinguin\vendor\yeephp\yeephp\Yee\Yee.php(766): Yee\View->display('tableMenu.twig')
#9 C:\xampp\htdocs\kinguin\App\Controllers\Table\TableController.php(50): Yee\Yee->render('tableMenu.twig', Array)
#10 [internal function]: App\Controllers\Table\TableController->showSubCategory('1')
#11 C:\xampp\htdocs\kinguin\vendor\yeephp\yeephp\Yee\Managers\Controller\Controller.php(23): call_user_func_array(Array, Array)
#12 [internal function]: Yee\Managers\Controller\Controller::__callStatic('showSubCategory', Array)
#13 C:\xampp\htdocs\kinguin\vendor\yeephp\yeephp\Yee\Route.php(468): call_user_func_array('\\App\\Controller...', Array)
#14 C:\xampp\htdocs\kinguin\vendor\yeephp\yeephp\Yee\Yee.php(1374): Yee\Route->dispatch()
#15 C:\xampp\htdocs\kinguin\vendor\yeephp\yeephp\Yee\Middleware\Flash.php(85): Yee\Yee->call()
#16 C:\xampp\htdocs\kinguin\vendor\yeephp\yeephp\Yee\Middleware\MethodOverride.php(92): Yee\Middleware\Flash->call()
#17 C:\xampp\htdocs\kinguin\vendor\yeephp\yeephp\Yee\Middleware\PrettyExceptions.php(67): Yee\Middleware\MethodOverride->call()
#18 C:\xampp\htdocs\kinguin\vendor\yeephp\yeephp\Yee\Yee.php(1282): Yee\Middleware\PrettyExceptions->call()
#19 C:\xampp\htdocs\kinguin\public\index.php(25): Yee\Yee->execute()
#20 {main}
ERROR - 2017-07-28 13:43:24 - Twig_Error_Syntax: A template that extends another one cannot include contents outside Twig blocks. Did you forget to put the contents inside a {% block %} tag? in C:\xampp\htdocs\kinguin\templates\tableMenu.twig:3
Stack trace:
#0 C:\xampp\htdocs\kinguin\vendor\twig\twig\lib\Twig\Parser.php(399): Twig_Parser->filterBodyNodes(Object(Twig_Node_Text))
#1 C:\xampp\htdocs\kinguin\vendor\twig\twig\lib\Twig\Parser.php(105): Twig_Parser->filterBodyNodes(Object(Twig_Node))
#2 C:\xampp\htdocs\kinguin\vendor\twig\twig\lib\Twig\Environment.php(692): Twig_Parser->parse(Object(Twig_TokenStream))
#3 C:\xampp\htdocs\kinguin\vendor\twig\twig\lib\Twig\Environment.php(750): Twig_Environment->parse(Object(Twig_TokenStream))
#4 C:\xampp\htdocs\kinguin\vendor\twig\twig\lib\Twig\Environment.php(447): Twig_Environment->compileSource(Object(Twig_Source))
#5 C:\xampp\htdocs\kinguin\vendor\yeephp\yeephp\Yee\Views\Twig.php(87): Twig_Environment->loadTemplate('tableMenu.twig')
#6 C:\xampp\htdocs\kinguin\vendor\yeephp\yeephp\Yee\View.php(255): Yee\Views\Twig->render('tableMenu.twig', NULL)
#7 C:\xampp\htdocs\kinguin\vendor\yeephp\yeephp\Yee\View.php(243): Yee\View->fetch('tableMenu.twig', NULL)
#8 C:\xampp\htdocs\kinguin\vendor\yeephp\yeephp\Yee\Yee.php(766): Yee\View->display('tableMenu.twig')
#9 C:\xampp\htdocs\kinguin\App\Controllers\Table\TableController.php(50): Yee\Yee->render('tableMenu.twig', Array)
#10 [internal function]: App\Controllers\Table\TableController->showSubCategory('3')
#11 C:\xampp\htdocs\kinguin\vendor\yeephp\yeephp\Yee\Managers\Controller\Controller.php(23): call_user_func_array(Array, Array)
#12 [internal function]: Yee\Managers\Controller\Controller::__callStatic('showSubCategory', Array)
#13 C:\xampp\htdocs\kinguin\vendor\yeephp\yeephp\Yee\Route.php(468): call_user_func_array('\\App\\Controller...', Array)
#14 C:\xampp\htdocs\kinguin\vendor\yeephp\yeephp\Yee\Yee.php(1374): Yee\Route->dispatch()
#15 C:\xampp\htdocs\kinguin\vendor\yeephp\yeephp\Yee\Middleware\Flash.php(85): Yee\Yee->call()
#16 C:\xampp\htdocs\kinguin\vendor\yeephp\yeephp\Yee\Middleware\MethodOverride.php(92): Yee\Middleware\Flash->call()
#17 C:\xampp\htdocs\kinguin\vendor\yeephp\yeephp\Yee\Middleware\PrettyExceptions.php(67): Yee\Middleware\MethodOverride->call()
#18 C:\xampp\htdocs\kinguin\vendor\yeephp\yeephp\Yee\Yee.php(1282): Yee\Middleware\PrettyExceptions->call()
#19 C:\xampp\htdocs\kinguin\public\index.php(25): Yee\Yee->execute()
#20 {main}
ERROR - 2017-07-28 13:43:46 - Twig_Error_Syntax: A template that extends another one cannot include contents outside Twig blocks. Did you forget to put the contents inside a {% block %} tag? in C:\xampp\htdocs\kinguin\templates\tableMenu.twig:3
Stack trace:
#0 C:\xampp\htdocs\kinguin\vendor\twig\twig\lib\Twig\Parser.php(399): Twig_Parser->filterBodyNodes(Object(Twig_Node_Text))
#1 C:\xampp\htdocs\kinguin\vendor\twig\twig\lib\Twig\Parser.php(105): Twig_Parser->filterBodyNodes(Object(Twig_Node))
#2 C:\xampp\htdocs\kinguin\vendor\twig\twig\lib\Twig\Environment.php(692): Twig_Parser->parse(Object(Twig_TokenStream))
#3 C:\xampp\htdocs\kinguin\vendor\twig\twig\lib\Twig\Environment.php(750): Twig_Environment->parse(Object(Twig_TokenStream))
#4 C:\xampp\htdocs\kinguin\vendor\twig\twig\lib\Twig\Environment.php(447): Twig_Environment->compileSource(Object(Twig_Source))
#5 C:\xampp\htdocs\kinguin\vendor\yeephp\yeephp\Yee\Views\Twig.php(87): Twig_Environment->loadTemplate('tableMenu.twig')
#6 C:\xampp\htdocs\kinguin\vendor\yeephp\yeephp\Yee\View.php(255): Yee\Views\Twig->render('tableMenu.twig', NULL)
#7 C:\xampp\htdocs\kinguin\vendor\yeephp\yeephp\Yee\View.php(243): Yee\View->fetch('tableMenu.twig', NULL)
#8 C:\xampp\htdocs\kinguin\vendor\yeephp\yeephp\Yee\Yee.php(766): Yee\View->display('tableMenu.twig')
#9 C:\xampp\htdocs\kinguin\App\Controllers\Table\TableController.php(50): Yee\Yee->render('tableMenu.twig', Array)
#10 [internal function]: App\Controllers\Table\TableController->showSubCategory('1')
#11 C:\xampp\htdocs\kinguin\vendor\yeephp\yeephp\Yee\Managers\Controller\Controller.php(23): call_user_func_array(Array, Array)
#12 [internal function]: Yee\Managers\Controller\Controller::__callStatic('showSubCategory', Array)
#13 C:\xampp\htdocs\kinguin\vendor\yeephp\yeephp\Yee\Route.php(468): call_user_func_array('\\App\\Controller...', Array)
#14 C:\xampp\htdocs\kinguin\vendor\yeephp\yeephp\Yee\Yee.php(1374): Yee\Route->dispatch()
#15 C:\xampp\htdocs\kinguin\vendor\yeephp\yeephp\Yee\Middleware\Flash.php(85): Yee\Yee->call()
#16 C:\xampp\htdocs\kinguin\vendor\yeephp\yeephp\Yee\Middleware\MethodOverride.php(92): Yee\Middleware\Flash->call()
#17 C:\xampp\htdocs\kinguin\vendor\yeephp\yeephp\Yee\Middleware\PrettyExceptions.php(67): Yee\Middleware\MethodOverride->call()
#18 C:\xampp\htdocs\kinguin\vendor\yeephp\yeephp\Yee\Yee.php(1282): Yee\Middleware\PrettyExceptions->call()
#19 C:\xampp\htdocs\kinguin\public\index.php(25): Yee\Yee->execute()
#20 {main}
ERROR - 2017-07-28 14:47:26 - Twig_Error_Syntax: Unknown "endblock" tag. in C:\xampp\htdocs\kinguin\templates\table.twig:13
Stack trace:
#0 C:\xampp\htdocs\kinguin\vendor\twig\twig\lib\Twig\Parser.php(103): Twig_Parser->subparse(NULL, false)
#1 C:\xampp\htdocs\kinguin\vendor\twig\twig\lib\Twig\Environment.php(692): Twig_Parser->parse(Object(Twig_TokenStream))
#2 C:\xampp\htdocs\kinguin\vendor\twig\twig\lib\Twig\Environment.php(750): Twig_Environment->parse(Object(Twig_TokenStream))
#3 C:\xampp\htdocs\kinguin\vendor\twig\twig\lib\Twig\Environment.php(447): Twig_Environment->compileSource(Object(Twig_Source))
#4 C:\xampp\htdocs\kinguin\vendor\yeephp\yeephp\Yee\Views\Twig.php(87): Twig_Environment->loadTemplate('table.twig')
#5 C:\xampp\htdocs\kinguin\vendor\yeephp\yeephp\Yee\View.php(255): Yee\Views\Twig->render('table.twig', NULL)
#6 C:\xampp\htdocs\kinguin\vendor\yeephp\yeephp\Yee\View.php(243): Yee\View->fetch('table.twig', NULL)
#7 C:\xampp\htdocs\kinguin\vendor\yeephp\yeephp\Yee\Yee.php(766): Yee\View->display('table.twig')
#8 C:\xampp\htdocs\kinguin\App\Controllers\Table\TableController.php(29): Yee\Yee->render('table.twig', Array)
#9 [internal function]: App\Controllers\Table\TableController->showCategory()
#10 C:\xampp\htdocs\kinguin\vendor\yeephp\yeephp\Yee\Managers\Controller\Controller.php(23): call_user_func_array(Array, Array)
#11 [internal function]: Yee\Managers\Controller\Controller::__callStatic('showCategory', Array)
#12 C:\xampp\htdocs\kinguin\vendor\yeephp\yeephp\Yee\Route.php(468): call_user_func_array('\\App\\Controller...', Array)
#13 C:\xampp\htdocs\kinguin\vendor\yeephp\yeephp\Yee\Yee.php(1374): Yee\Route->dispatch()
#14 C:\xampp\htdocs\kinguin\vendor\yeephp\yeephp\Yee\Middleware\Flash.php(85): Yee\Yee->call()
#15 C:\xampp\htdocs\kinguin\vendor\yeephp\yeephp\Yee\Middleware\MethodOverride.php(92): Yee\Middleware\Flash->call()
#16 C:\xampp\htdocs\kinguin\vendor\yeephp\yeephp\Yee\Middleware\PrettyExceptions.php(67): Yee\Middleware\MethodOverride->call()
#17 C:\xampp\htdocs\kinguin\vendor\yeephp\yeephp\Yee\Yee.php(1282): Yee\Middleware\PrettyExceptions->call()
#18 C:\xampp\htdocs\kinguin\public\index.php(25): Yee\Yee->execute()
#19 {main}
ERROR - 2017-07-28 14:47:36 - Twig_Error_Syntax: Unknown "endblock" tag. in C:\xampp\htdocs\kinguin\templates\table.twig:13
Stack trace:
#0 C:\xampp\htdocs\kinguin\vendor\twig\twig\lib\Twig\Parser.php(103): Twig_Parser->subparse(NULL, false)
#1 C:\xampp\htdocs\kinguin\vendor\twig\twig\lib\Twig\Environment.php(692): Twig_Parser->parse(Object(Twig_TokenStream))
#2 C:\xampp\htdocs\kinguin\vendor\twig\twig\lib\Twig\Environment.php(750): Twig_Environment->parse(Object(Twig_TokenStream))
#3 C:\xampp\htdocs\kinguin\vendor\twig\twig\lib\Twig\Environment.php(447): Twig_Environment->compileSource(Object(Twig_Source))
#4 C:\xampp\htdocs\kinguin\vendor\yeephp\yeephp\Yee\Views\Twig.php(87): Twig_Environment->loadTemplate('table.twig')
#5 C:\xampp\htdocs\kinguin\vendor\yeephp\yeephp\Yee\View.php(255): Yee\Views\Twig->render('table.twig', NULL)
#6 C:\xampp\htdocs\kinguin\vendor\yeephp\yeephp\Yee\View.php(243): Yee\View->fetch('table.twig', NULL)
#7 C:\xampp\htdocs\kinguin\vendor\yeephp\yeephp\Yee\Yee.php(766): Yee\View->display('table.twig')
#8 C:\xampp\htdocs\kinguin\App\Controllers\Table\TableController.php(29): Yee\Yee->render('table.twig', Array)
#9 [internal function]: App\Controllers\Table\TableController->showCategory()
#10 C:\xampp\htdocs\kinguin\vendor\yeephp\yeephp\Yee\Managers\Controller\Controller.php(23): call_user_func_array(Array, Array)
#11 [internal function]: Yee\Managers\Controller\Controller::__callStatic('showCategory', Array)
#12 C:\xampp\htdocs\kinguin\vendor\yeephp\yeephp\Yee\Route.php(468): call_user_func_array('\\App\\Controller...', Array)
#13 C:\xampp\htdocs\kinguin\vendor\yeephp\yeephp\Yee\Yee.php(1374): Yee\Route->dispatch()
#14 C:\xampp\htdocs\kinguin\vendor\yeephp\yeephp\Yee\Middleware\Flash.php(85): Yee\Yee->call()
#15 C:\xampp\htdocs\kinguin\vendor\yeephp\yeephp\Yee\Middleware\MethodOverride.php(92): Yee\Middleware\Flash->call()
#16 C:\xampp\htdocs\kinguin\vendor\yeephp\yeephp\Yee\Middleware\PrettyExceptions.php(67): Yee\Middleware\MethodOverride->call()
#17 C:\xampp\htdocs\kinguin\vendor\yeephp\yeephp\Yee\Yee.php(1282): Yee\Middleware\PrettyExceptions->call()
#18 C:\xampp\htdocs\kinguin\public\index.php(25): Yee\Yee->execute()
#19 {main}
ERROR - 2017-07-28 14:47:41 - Twig_Error_Syntax: Unknown "endblock" tag. in C:\xampp\htdocs\kinguin\templates\table.twig:13
Stack trace:
#0 C:\xampp\htdocs\kinguin\vendor\twig\twig\lib\Twig\Parser.php(103): Twig_Parser->subparse(NULL, false)
#1 C:\xampp\htdocs\kinguin\vendor\twig\twig\lib\Twig\Environment.php(692): Twig_Parser->parse(Object(Twig_TokenStream))
#2 C:\xampp\htdocs\kinguin\vendor\twig\twig\lib\Twig\Environment.php(750): Twig_Environment->parse(Object(Twig_TokenStream))
#3 C:\xampp\htdocs\kinguin\vendor\twig\twig\lib\Twig\Environment.php(447): Twig_Environment->compileSource(Object(Twig_Source))
#4 C:\xampp\htdocs\kinguin\vendor\yeephp\yeephp\Yee\Views\Twig.php(87): Twig_Environment->loadTemplate('table.twig')
#5 C:\xampp\htdocs\kinguin\vendor\yeephp\yeephp\Yee\View.php(255): Yee\Views\Twig->render('table.twig', NULL)
#6 C:\xampp\htdocs\kinguin\vendor\yeephp\yeephp\Yee\View.php(243): Yee\View->fetch('table.twig', NULL)
#7 C:\xampp\htdocs\kinguin\vendor\yeephp\yeephp\Yee\Yee.php(766): Yee\View->display('table.twig')
#8 C:\xampp\htdocs\kinguin\App\Controllers\Table\TableController.php(29): Yee\Yee->render('table.twig', Array)
#9 [internal function]: App\Controllers\Table\TableController->showCategory()
#10 C:\xampp\htdocs\kinguin\vendor\yeephp\yeephp\Yee\Managers\Controller\Controller.php(23): call_user_func_array(Array, Array)
#11 [internal function]: Yee\Managers\Controller\Controller::__callStatic('showCategory', Array)
#12 C:\xampp\htdocs\kinguin\vendor\yeephp\yeephp\Yee\Route.php(468): call_user_func_array('\\App\\Controller...', Array)
#13 C:\xampp\htdocs\kinguin\vendor\yeephp\yeephp\Yee\Yee.php(1374): Yee\Route->dispatch()
#14 C:\xampp\htdocs\kinguin\vendor\yeephp\yeephp\Yee\Middleware\Flash.php(85): Yee\Yee->call()
#15 C:\xampp\htdocs\kinguin\vendor\yeephp\yeephp\Yee\Middleware\MethodOverride.php(92): Yee\Middleware\Flash->call()
#16 C:\xampp\htdocs\kinguin\vendor\yeephp\yeephp\Yee\Middleware\PrettyExceptions.php(67): Yee\Middleware\MethodOverride->call()
#17 C:\xampp\htdocs\kinguin\vendor\yeephp\yeephp\Yee\Yee.php(1282): Yee\Middleware\PrettyExceptions->call()
#18 C:\xampp\htdocs\kinguin\public\index.php(25): Yee\Yee->execute()
#19 {main}
ERROR - 2017-07-28 14:47:41 - Twig_Error_Syntax: Unknown "endblock" tag. in C:\xampp\htdocs\kinguin\templates\table.twig:13
Stack trace:
#0 C:\xampp\htdocs\kinguin\vendor\twig\twig\lib\Twig\Parser.php(103): Twig_Parser->subparse(NULL, false)
#1 C:\xampp\htdocs\kinguin\vendor\twig\twig\lib\Twig\Environment.php(692): Twig_Parser->parse(Object(Twig_TokenStream))
#2 C:\xampp\htdocs\kinguin\vendor\twig\twig\lib\Twig\Environment.php(750): Twig_Environment->parse(Object(Twig_TokenStream))
#3 C:\xampp\htdocs\kinguin\vendor\twig\twig\lib\Twig\Environment.php(447): Twig_Environment->compileSource(Object(Twig_Source))
#4 C:\xampp\htdocs\kinguin\vendor\yeephp\yeephp\Yee\Views\Twig.php(87): Twig_Environment->loadTemplate('table.twig')
#5 C:\xampp\htdocs\kinguin\vendor\yeephp\yeephp\Yee\View.php(255): Yee\Views\Twig->render('table.twig', NULL)
#6 C:\xampp\htdocs\kinguin\vendor\yeephp\yeephp\Yee\View.php(243): Yee\View->fetch('table.twig', NULL)
#7 C:\xampp\htdocs\kinguin\vendor\yeephp\yeephp\Yee\Yee.php(766): Yee\View->display('table.twig')
#8 C:\xampp\htdocs\kinguin\App\Controllers\Table\TableController.php(29): Yee\Yee->render('table.twig', Array)
#9 [internal function]: App\Controllers\Table\TableController->showCategory()
#10 C:\xampp\htdocs\kinguin\vendor\yeephp\yeephp\Yee\Managers\Controller\Controller.php(23): call_user_func_array(Array, Array)
#11 [internal function]: Yee\Managers\Controller\Controller::__callStatic('showCategory', Array)
#12 C:\xampp\htdocs\kinguin\vendor\yeephp\yeephp\Yee\Route.php(468): call_user_func_array('\\App\\Controller...', Array)
#13 C:\xampp\htdocs\kinguin\vendor\yeephp\yeephp\Yee\Yee.php(1374): Yee\Route->dispatch()
#14 C:\xampp\htdocs\kinguin\vendor\yeephp\yeephp\Yee\Middleware\Flash.php(85): Yee\Yee->call()
#15 C:\xampp\htdocs\kinguin\vendor\yeephp\yeephp\Yee\Middleware\MethodOverride.php(92): Yee\Middleware\Flash->call()
#16 C:\xampp\htdocs\kinguin\vendor\yeephp\yeephp\Yee\Middleware\PrettyExceptions.php(67): Yee\Middleware\MethodOverride->call()
#17 C:\xampp\htdocs\kinguin\vendor\yeephp\yeephp\Yee\Yee.php(1282): Yee\Middleware\PrettyExceptions->call()
#18 C:\xampp\htdocs\kinguin\public\index.php(25): Yee\Yee->execute()
#19 {main}
ERROR - 2017-07-28 14:47:42 - Twig_Error_Syntax: Unknown "endblock" tag. in C:\xampp\htdocs\kinguin\templates\table.twig:13
Stack trace:
#0 C:\xampp\htdocs\kinguin\vendor\twig\twig\lib\Twig\Parser.php(103): Twig_Parser->subparse(NULL, false)
#1 C:\xampp\htdocs\kinguin\vendor\twig\twig\lib\Twig\Environment.php(692): Twig_Parser->parse(Object(Twig_TokenStream))
#2 C:\xampp\htdocs\kinguin\vendor\twig\twig\lib\Twig\Environment.php(750): Twig_Environment->parse(Object(Twig_TokenStream))
#3 C:\xampp\htdocs\kinguin\vendor\twig\twig\lib\Twig\Environment.php(447): Twig_Environment->compileSource(Object(Twig_Source))
#4 C:\xampp\htdocs\kinguin\vendor\yeephp\yeephp\Yee\Views\Twig.php(87): Twig_Environment->loadTemplate('table.twig')
#5 C:\xampp\htdocs\kinguin\vendor\yeephp\yeephp\Yee\View.php(255): Yee\Views\Twig->render('table.twig', NULL)
#6 C:\xampp\htdocs\kinguin\vendor\yeephp\yeephp\Yee\View.php(243): Yee\View->fetch('table.twig', NULL)
#7 C:\xampp\htdocs\kinguin\vendor\yeephp\yeephp\Yee\Yee.php(766): Yee\View->display('table.twig')
#8 C:\xampp\htdocs\kinguin\App\Controllers\Table\TableController.php(29): Yee\Yee->render('table.twig', Array)
#9 [internal function]: App\Controllers\Table\TableController->showCategory()
#10 C:\xampp\htdocs\kinguin\vendor\yeephp\yeephp\Yee\Managers\Controller\Controller.php(23): call_user_func_array(Array, Array)
#11 [internal function]: Yee\Managers\Controller\Controller::__callStatic('showCategory', Array)
#12 C:\xampp\htdocs\kinguin\vendor\yeephp\yeephp\Yee\Route.php(468): call_user_func_array('\\App\\Controller...', Array)
#13 C:\xampp\htdocs\kinguin\vendor\yeephp\yeephp\Yee\Yee.php(1374): Yee\Route->dispatch()
#14 C:\xampp\htdocs\kinguin\vendor\yeephp\yeephp\Yee\Middleware\Flash.php(85): Yee\Yee->call()
#15 C:\xampp\htdocs\kinguin\vendor\yeephp\yeephp\Yee\Middleware\MethodOverride.php(92): Yee\Middleware\Flash->call()
#16 C:\xampp\htdocs\kinguin\vendor\yeephp\yeephp\Yee\Middleware\PrettyExceptions.php(67): Yee\Middleware\MethodOverride->call()
#17 C:\xampp\htdocs\kinguin\vendor\yeephp\yeephp\Yee\Yee.php(1282): Yee\Middleware\PrettyExceptions->call()
#18 C:\xampp\htdocs\kinguin\public\index.php(25): Yee\Yee->execute()
#19 {main}
ERROR - 2017-07-28 14:47:50 - Twig_Error_Syntax: A template that extends another one cannot include contents outside Twig blocks. Did you forget to put the contents inside a {% block %} tag? in C:\xampp\htdocs\kinguin\templates\table.twig:12
Stack trace:
#0 C:\xampp\htdocs\kinguin\vendor\twig\twig\lib\Twig\Parser.php(399): Twig_Parser->filterBodyNodes(Object(Twig_Node_Text))
#1 C:\xampp\htdocs\kinguin\vendor\twig\twig\lib\Twig\Parser.php(105): Twig_Parser->filterBodyNodes(Object(Twig_Node))
#2 C:\xampp\htdocs\kinguin\vendor\twig\twig\lib\Twig\Environment.php(692): Twig_Parser->parse(Object(Twig_TokenStream))
#3 C:\xampp\htdocs\kinguin\vendor\twig\twig\lib\Twig\Environment.php(750): Twig_Environment->parse(Object(Twig_TokenStream))
#4 C:\xampp\htdocs\kinguin\vendor\twig\twig\lib\Twig\Environment.php(447): Twig_Environment->compileSource(Object(Twig_Source))
#5 C:\xampp\htdocs\kinguin\vendor\yeephp\yeephp\Yee\Views\Twig.php(87): Twig_Environment->loadTemplate('table.twig')
#6 C:\xampp\htdocs\kinguin\vendor\yeephp\yeephp\Yee\View.php(255): Yee\Views\Twig->render('table.twig', NULL)
#7 C:\xampp\htdocs\kinguin\vendor\yeephp\yeephp\Yee\View.php(243): Yee\View->fetch('table.twig', NULL)
#8 C:\xampp\htdocs\kinguin\vendor\yeephp\yeephp\Yee\Yee.php(766): Yee\View->display('table.twig')
#9 C:\xampp\htdocs\kinguin\App\Controllers\Table\TableController.php(29): Yee\Yee->render('table.twig', Array)
#10 [internal function]: App\Controllers\Table\TableController->showCategory()
#11 C:\xampp\htdocs\kinguin\vendor\yeephp\yeephp\Yee\Managers\Controller\Controller.php(23): call_user_func_array(Array, Array)
#12 [internal function]: Yee\Managers\Controller\Controller::__callStatic('showCategory', Array)
#13 C:\xampp\htdocs\kinguin\vendor\yeephp\yeephp\Yee\Route.php(468): call_user_func_array('\\App\\Controller...', Array)
#14 C:\xampp\htdocs\kinguin\vendor\yeephp\yeephp\Yee\Yee.php(1374): Yee\Route->dispatch()
#15 C:\xampp\htdocs\kinguin\vendor\yeephp\yeephp\Yee\Middleware\Flash.php(85): Yee\Yee->call()
#16 C:\xampp\htdocs\kinguin\vendor\yeephp\yeephp\Yee\Middleware\MethodOverride.php(92): Yee\Middleware\Flash->call()
#17 C:\xampp\htdocs\kinguin\vendor\yeephp\yeephp\Yee\Middleware\PrettyExceptions.php(67): Yee\Middleware\MethodOverride->call()
#18 C:\xampp\htdocs\kinguin\vendor\yeephp\yeephp\Yee\Yee.php(1282): Yee\Middleware\PrettyExceptions->call()
#19 C:\xampp\htdocs\kinguin\public\index.php(25): Yee\Yee->execute()
#20 {main}
ERROR - 2017-07-28 14:49:31 - Twig_Error_Syntax: A template that extends another one cannot include contents outside Twig blocks. Did you forget to put the contents inside a {% block %} tag? in C:\xampp\htdocs\kinguin\templates\table.twig:12
Stack trace:
#0 C:\xampp\htdocs\kinguin\vendor\twig\twig\lib\Twig\Parser.php(399): Twig_Parser->filterBodyNodes(Object(Twig_Node_Text))
#1 C:\xampp\htdocs\kinguin\vendor\twig\twig\lib\Twig\Parser.php(105): Twig_Parser->filterBodyNodes(Object(Twig_Node))
#2 C:\xampp\htdocs\kinguin\vendor\twig\twig\lib\Twig\Environment.php(692): Twig_Parser->parse(Object(Twig_TokenStream))
#3 C:\xampp\htdocs\kinguin\vendor\twig\twig\lib\Twig\Environment.php(750): Twig_Environment->parse(Object(Twig_TokenStream))
#4 C:\xampp\htdocs\kinguin\vendor\twig\twig\lib\Twig\Environment.php(447): Twig_Environment->compileSource(Object(Twig_Source))
#5 C:\xampp\htdocs\kinguin\vendor\yeephp\yeephp\Yee\Views\Twig.php(87): Twig_Environment->loadTemplate('table.twig')
#6 C:\xampp\htdocs\kinguin\vendor\yeephp\yeephp\Yee\View.php(255): Yee\Views\Twig->render('table.twig', NULL)
#7 C:\xampp\htdocs\kinguin\vendor\yeephp\yeephp\Yee\View.php(243): Yee\View->fetch('table.twig', NULL)
#8 C:\xampp\htdocs\kinguin\vendor\yeephp\yeephp\Yee\Yee.php(766): Yee\View->display('table.twig')
#9 C:\xampp\htdocs\kinguin\App\Controllers\Table\TableController.php(29): Yee\Yee->render('table.twig', Array)
#10 [internal function]: App\Controllers\Table\TableController->showCategory()
#11 C:\xampp\htdocs\kinguin\vendor\yeephp\yeephp\Yee\Managers\Controller\Controller.php(23): call_user_func_array(Array, Array)
#12 [internal function]: Yee\Managers\Controller\Controller::__callStatic('showCategory', Array)
#13 C:\xampp\htdocs\kinguin\vendor\yeephp\yeephp\Yee\Route.php(468): call_user_func_array('\\App\\Controller...', Array)
#14 C:\xampp\htdocs\kinguin\vendor\yeephp\yeephp\Yee\Yee.php(1374): Yee\Route->dispatch()
#15 C:\xampp\htdocs\kinguin\vendor\yeephp\yeephp\Yee\Middleware\Flash.php(85): Yee\Yee->call()
#16 C:\xampp\htdocs\kinguin\vendor\yeephp\yeephp\Yee\Middleware\MethodOverride.php(92): Yee\Middleware\Flash->call()
#17 C:\xampp\htdocs\kinguin\vendor\yeephp\yeephp\Yee\Middleware\PrettyExceptions.php(67): Yee\Middleware\MethodOverride->call()
#18 C:\xampp\htdocs\kinguin\vendor\yeephp\yeephp\Yee\Yee.php(1282): Yee\Middleware\PrettyExceptions->call()
#19 C:\xampp\htdocs\kinguin\public\index.php(25): Yee\Yee->execute()
#20 {main}
ERROR - 2017-07-28 14:51:28 - Twig_Error_Syntax: Unexpected token "end of statement block" of value "" ("name" expected). in C:\xampp\htdocs\kinguin\templates\table.twig:11
Stack trace:
#0 C:\xampp\htdocs\kinguin\vendor\twig\twig\lib\Twig\TokenParser\Block.php(31): Twig_TokenStream->expect(5)
#1 C:\xampp\htdocs\kinguin\vendor\twig\twig\lib\Twig\Parser.php(190): Twig_TokenParser_Block->parse(Object(Twig_Token))
#2 C:\xampp\htdocs\kinguin\vendor\twig\twig\lib\Twig\Parser.php(103): Twig_Parser->subparse(NULL, false)
#3 C:\xampp\htdocs\kinguin\vendor\twig\twig\lib\Twig\Environment.php(692): Twig_Parser->parse(Object(Twig_TokenStream))
#4 C:\xampp\htdocs\kinguin\vendor\twig\twig\lib\Twig\Environment.php(750): Twig_Environment->parse(Object(Twig_TokenStream))
#5 C:\xampp\htdocs\kinguin\vendor\twig\twig\lib\Twig\Environment.php(447): Twig_Environment->compileSource(Object(Twig_Source))
#6 C:\xampp\htdocs\kinguin\vendor\yeephp\yeephp\Yee\Views\Twig.php(87): Twig_Environment->loadTemplate('table.twig')
#7 C:\xampp\htdocs\kinguin\vendor\yeephp\yeephp\Yee\View.php(255): Yee\Views\Twig->render('table.twig', NULL)
#8 C:\xampp\htdocs\kinguin\vendor\yeephp\yeephp\Yee\View.php(243): Yee\View->fetch('table.twig', NULL)
#9 C:\xampp\htdocs\kinguin\vendor\yeephp\yeephp\Yee\Yee.php(766): Yee\View->display('table.twig')
#10 C:\xampp\htdocs\kinguin\App\Controllers\Table\TableController.php(29): Yee\Yee->render('table.twig', Array)
#11 [internal function]: App\Controllers\Table\TableController->showCategory()
#12 C:\xampp\htdocs\kinguin\vendor\yeephp\yeephp\Yee\Managers\Controller\Controller.php(23): call_user_func_array(Array, Array)
#13 [internal function]: Yee\Managers\Controller\Controller::__callStatic('showCategory', Array)
#14 C:\xampp\htdocs\kinguin\vendor\yeephp\yeephp\Yee\Route.php(468): call_user_func_array('\\App\\Controller...', Array)
#15 C:\xampp\htdocs\kinguin\vendor\yeephp\yeephp\Yee\Yee.php(1374): Yee\Route->dispatch()
#16 C:\xampp\htdocs\kinguin\vendor\yeephp\yeephp\Yee\Middleware\Flash.php(85): Yee\Yee->call()
#17 C:\xampp\htdocs\kinguin\vendor\yeephp\yeephp\Yee\Middleware\MethodOverride.php(92): Yee\Middleware\Flash->call()
#18 C:\xampp\htdocs\kinguin\vendor\yeephp\yeephp\Yee\Middleware\PrettyExceptions.php(67): Yee\Middleware\MethodOverride->call()
#19 C:\xampp\htdocs\kinguin\vendor\yeephp\yeephp\Yee\Yee.php(1282): Yee\Middleware\PrettyExceptions->call()
#20 C:\xampp\htdocs\kinguin\public\index.php(25): Yee\Yee->execute()
#21 {main}
ERROR - 2017-07-28 14:54:06 - Twig_Error_Syntax: Unexpected token "end of statement block" of value "" ("name" expected). in C:\xampp\htdocs\kinguin\templates\Layout\layout.twig:5
Stack trace:
#0 C:\xampp\htdocs\kinguin\vendor\twig\twig\lib\Twig\TokenParser\Block.php(31): Twig_TokenStream->expect(5)
#1 C:\xampp\htdocs\kinguin\vendor\twig\twig\lib\Twig\Parser.php(190): Twig_TokenParser_Block->parse(Object(Twig_Token))
#2 C:\xampp\htdocs\kinguin\vendor\twig\twig\lib\Twig\Parser.php(103): Twig_Parser->subparse(NULL, false)
#3 C:\xampp\htdocs\kinguin\vendor\twig\twig\lib\Twig\Environment.php(692): Twig_Parser->parse(Object(Twig_TokenStream))
#4 C:\xampp\htdocs\kinguin\vendor\twig\twig\lib\Twig\Environment.php(750): Twig_Environment->parse(Object(Twig_TokenStream))
#5 C:\xampp\htdocs\kinguin\vendor\twig\twig\lib\Twig\Environment.php(447): Twig_Environment->compileSource(Object(Twig_Source))
#6 C:\xampp\htdocs\kinguin\vendor\twig\twig\lib\Twig\Template.php(366): Twig_Environment->loadTemplate('Layout/layout.t...', NULL)
#7 C:\xampp\htdocs\kinguin\vendor\twig\twig\lib\Twig\Environment.php(462) : eval()'d code(11): Twig_Template->loadTemplate('Layout/layout.t...', 'table.twig', 2)
#8 C:\xampp\htdocs\kinguin\vendor\twig\twig\lib\Twig\Environment.php(475): __TwigTemplate_c79fc7a03c7d4aeaab53659730e6c15e4c182440c1bebd9315b57f155c28b36f->__construct(Object(Twig_Environment))
#9 C:\xampp\htdocs\kinguin\vendor\yeephp\yeephp\Yee\Views\Twig.php(87): Twig_Environment->loadTemplate('table.twig')
#10 C:\xampp\htdocs\kinguin\vendor\yeephp\yeephp\Yee\View.php(255): Yee\Views\Twig->render('table.twig', NULL)
#11 C:\xampp\htdocs\kinguin\vendor\yeephp\yeephp\Yee\View.php(243): Yee\View->fetch('table.twig', NULL)
#12 C:\xampp\htdocs\kinguin\vendor\yeephp\yeephp\Yee\Yee.php(766): Yee\View->display('table.twig')
#13 C:\xampp\htdocs\kinguin\App\Controllers\Table\TableController.php(29): Yee\Yee->render('table.twig', Array)
#14 [internal function]: App\Controllers\Table\TableController->showCategory()
#15 C:\xampp\htdocs\kinguin\vendor\yeephp\yeephp\Yee\Managers\Controller\Controller.php(23): call_user_func_array(Array, Array)
#16 [internal function]: Yee\Managers\Controller\Controller::__callStatic('showCategory', Array)
#17 C:\xampp\htdocs\kinguin\vendor\yeephp\yeephp\Yee\Route.php(468): call_user_func_array('\\App\\Controller...', Array)
#18 C:\xampp\htdocs\kinguin\vendor\yeephp\yeephp\Yee\Yee.php(1374): Yee\Route->dispatch()
#19 C:\xampp\htdocs\kinguin\vendor\yeephp\yeephp\Yee\Middleware\Flash.php(85): Yee\Yee->call()
#20 C:\xampp\htdocs\kinguin\vendor\yeephp\yeephp\Yee\Middleware\MethodOverride.php(92): Yee\Middleware\Flash->call()
#21 C:\xampp\htdocs\kinguin\vendor\yeephp\yeephp\Yee\Middleware\PrettyExceptions.php(67): Yee\Middleware\MethodOverride->call()
#22 C:\xampp\htdocs\kinguin\vendor\yeephp\yeephp\Yee\Yee.php(1282): Yee\Middleware\PrettyExceptions->call()
#23 C:\xampp\htdocs\kinguin\public\index.php(25): Yee\Yee->execute()
#24 {main}
ERROR - 2017-07-28 14:56:23 - Twig_Error_Syntax: Unclosed "block". in C:\xampp\htdocs\kinguin\templates\Layout\layout.twig:5
Stack trace:
#0 C:\xampp\htdocs\kinguin\vendor\twig\twig\lib\Twig\Lexer.php(216): Twig_Lexer->lexExpression()
#1 C:\xampp\htdocs\kinguin\vendor\twig\twig\lib\Twig\Lexer.php(122): Twig_Lexer->lexBlock()
#2 C:\xampp\htdocs\kinguin\vendor\twig\twig\lib\Twig\Environment.php(653): Twig_Lexer->tokenize(Object(Twig_Source))
#3 C:\xampp\htdocs\kinguin\vendor\twig\twig\lib\Twig\Environment.php(750): Twig_Environment->tokenize(Object(Twig_Source))
#4 C:\xampp\htdocs\kinguin\vendor\twig\twig\lib\Twig\Environment.php(447): Twig_Environment->compileSource(Object(Twig_Source))
#5 C:\xampp\htdocs\kinguin\vendor\twig\twig\lib\Twig\Template.php(366): Twig_Environment->loadTemplate('Layout/layout.t...', NULL)
#6 C:\xampp\htdocs\kinguin\vendor\twig\twig\lib\Twig\Environment.php(462) : eval()'d code(11): Twig_Template->loadTemplate('Layout/layout.t...', 'table.twig', 2)
#7 C:\xampp\htdocs\kinguin\vendor\twig\twig\lib\Twig\Environment.php(475): __TwigTemplate_c79fc7a03c7d4aeaab53659730e6c15e4c182440c1bebd9315b57f155c28b36f->__construct(Object(Twig_Environment))
#8 C:\xampp\htdocs\kinguin\vendor\yeephp\yeephp\Yee\Views\Twig.php(87): Twig_Environment->loadTemplate('table.twig')
#9 C:\xampp\htdocs\kinguin\vendor\yeephp\yeephp\Yee\View.php(255): Yee\Views\Twig->render('table.twig', NULL)
#10 C:\xampp\htdocs\kinguin\vendor\yeephp\yeephp\Yee\View.php(243): Yee\View->fetch('table.twig', NULL)
#11 C:\xampp\htdocs\kinguin\vendor\yeephp\yeephp\Yee\Yee.php(766): Yee\View->display('table.twig')
#12 C:\xampp\htdocs\kinguin\App\Controllers\Table\TableController.php(29): Yee\Yee->render('table.twig', Array)
#13 [internal function]: App\Controllers\Table\TableController->showCategory()
#14 C:\xampp\htdocs\kinguin\vendor\yeephp\yeephp\Yee\Managers\Controller\Controller.php(23): call_user_func_array(Array, Array)
#15 [internal function]: Yee\Managers\Controller\Controller::__callStatic('showCategory', Array)
#16 C:\xampp\htdocs\kinguin\vendor\yeephp\yeephp\Yee\Route.php(468): call_user_func_array('\\App\\Controller...', Array)
#17 C:\xampp\htdocs\kinguin\vendor\yeephp\yeephp\Yee\Yee.php(1374): Yee\Route->dispatch()
#18 C:\xampp\htdocs\kinguin\vendor\yeephp\yeephp\Yee\Middleware\Flash.php(85): Yee\Yee->call()
#19 C:\xampp\htdocs\kinguin\vendor\yeephp\yeephp\Yee\Middleware\MethodOverride.php(92): Yee\Middleware\Flash->call()
#20 C:\xampp\htdocs\kinguin\vendor\yeephp\yeephp\Yee\Middleware\PrettyExceptions.php(67): Yee\Middleware\MethodOverride->call()
#21 C:\xampp\htdocs\kinguin\vendor\yeephp\yeephp\Yee\Yee.php(1282): Yee\Middleware\PrettyExceptions->call()
#22 C:\xampp\htdocs\kinguin\public\index.php(25): Yee\Yee->execute()
#23 {main}
ERROR - 2017-07-28 14:56:37 - Twig_Error_Syntax: Unclosed "block". in C:\xampp\htdocs\kinguin\templates\Layout\layout.twig:5
Stack trace:
#0 C:\xampp\htdocs\kinguin\vendor\twig\twig\lib\Twig\Lexer.php(216): Twig_Lexer->lexExpression()
#1 C:\xampp\htdocs\kinguin\vendor\twig\twig\lib\Twig\Lexer.php(122): Twig_Lexer->lexBlock()
#2 C:\xampp\htdocs\kinguin\vendor\twig\twig\lib\Twig\Environment.php(653): Twig_Lexer->tokenize(Object(Twig_Source))
#3 C:\xampp\htdocs\kinguin\vendor\twig\twig\lib\Twig\Environment.php(750): Twig_Environment->tokenize(Object(Twig_Source))
#4 C:\xampp\htdocs\kinguin\vendor\twig\twig\lib\Twig\Environment.php(447): Twig_Environment->compileSource(Object(Twig_Source))
#5 C:\xampp\htdocs\kinguin\vendor\twig\twig\lib\Twig\Template.php(366): Twig_Environment->loadTemplate('Layout/layout.t...', NULL)
#6 C:\xampp\htdocs\kinguin\vendor\twig\twig\lib\Twig\Environment.php(462) : eval()'d code(11): Twig_Template->loadTemplate('Layout/layout.t...', 'table.twig', 2)
#7 C:\xampp\htdocs\kinguin\vendor\twig\twig\lib\Twig\Environment.php(475): __TwigTemplate_c79fc7a03c7d4aeaab53659730e6c15e4c182440c1bebd9315b57f155c28b36f->__construct(Object(Twig_Environment))
#8 C:\xampp\htdocs\kinguin\vendor\yeephp\yeephp\Yee\Views\Twig.php(87): Twig_Environment->loadTemplate('table.twig')
#9 C:\xampp\htdocs\kinguin\vendor\yeephp\yeephp\Yee\View.php(255): Yee\Views\Twig->render('table.twig', NULL)
#10 C:\xampp\htdocs\kinguin\vendor\yeephp\yeephp\Yee\View.php(243): Yee\View->fetch('table.twig', NULL)
#11 C:\xampp\htdocs\kinguin\vendor\yeephp\yeephp\Yee\Yee.php(766): Yee\View->display('table.twig')
#12 C:\xampp\htdocs\kinguin\App\Controllers\Table\TableController.php(29): Yee\Yee->render('table.twig', Array)
#13 [internal function]: App\Controllers\Table\TableController->showCategory()
#14 C:\xampp\htdocs\kinguin\vendor\yeephp\yeephp\Yee\Managers\Controller\Controller.php(23): call_user_func_array(Array, Array)
#15 [internal function]: Yee\Managers\Controller\Controller::__callStatic('showCategory', Array)
#16 C:\xampp\htdocs\kinguin\vendor\yeephp\yeephp\Yee\Route.php(468): call_user_func_array('\\App\\Controller...', Array)
#17 C:\xampp\htdocs\kinguin\vendor\yeephp\yeephp\Yee\Yee.php(1374): Yee\Route->dispatch()
#18 C:\xampp\htdocs\kinguin\vendor\yeephp\yeephp\Yee\Middleware\Flash.php(85): Yee\Yee->call()
#19 C:\xampp\htdocs\kinguin\vendor\yeephp\yeephp\Yee\Middleware\MethodOverride.php(92): Yee\Middleware\Flash->call()
#20 C:\xampp\htdocs\kinguin\vendor\yeephp\yeephp\Yee\Middleware\PrettyExceptions.php(67): Yee\Middleware\MethodOverride->call()
#21 C:\xampp\htdocs\kinguin\vendor\yeephp\yeephp\Yee\Yee.php(1282): Yee\Middleware\PrettyExceptions->call()
#22 C:\xampp\htdocs\kinguin\public\index.php(25): Yee\Yee->execute()
#23 {main}
