ERROR - 2017-09-24 18:58:35 - Twig_Error_Syntax: A template that extends another one cannot include contents outside Twig blocks. Did you forget to put the contents inside a {% block %} tag? in C:\xampp\htdocs\kinguin\templates\reservations\editRoom.twig:5
Stack trace:
#0 C:\xampp\htdocs\kinguin\vendor\twig\twig\lib\Twig\Parser.php(399): Twig_Parser->filterBodyNodes(Object(Twig_Node_Text))
#1 C:\xampp\htdocs\kinguin\vendor\twig\twig\lib\Twig\Parser.php(399): Twig_Parser->filterBodyNodes(Object(Twig_Node))
#2 C:\xampp\htdocs\kinguin\vendor\twig\twig\lib\Twig\Parser.php(399): Twig_Parser->filterBodyNodes(Object(Twig_Node))
#3 C:\xampp\htdocs\kinguin\vendor\twig\twig\lib\Twig\Parser.php(399): Twig_Parser->filterBodyNodes(Object(Twig_Node_For))
#4 C:\xampp\htdocs\kinguin\vendor\twig\twig\lib\Twig\Parser.php(105): Twig_Parser->filterBodyNodes(Object(Twig_Node))
#5 C:\xampp\htdocs\kinguin\vendor\twig\twig\lib\Twig\Environment.php(692): Twig_Parser->parse(Object(Twig_TokenStream))
#6 C:\xampp\htdocs\kinguin\vendor\twig\twig\lib\Twig\Environment.php(750): Twig_Environment->parse(Object(Twig_TokenStream))
#7 C:\xampp\htdocs\kinguin\vendor\twig\twig\lib\Twig\Environment.php(447): Twig_Environment->compileSource(Object(Twig_Source))
#8 C:\xampp\htdocs\kinguin\vendor\yeephp\yeephp\Yee\Views\Twig.php(87): Twig_Environment->loadTemplate('reservations/ed...')
#9 C:\xampp\htdocs\kinguin\vendor\yeephp\yeephp\Yee\View.php(255): Yee\Views\Twig->render('reservations/ed...', NULL)
#10 C:\xampp\htdocs\kinguin\vendor\yeephp\yeephp\Yee\View.php(243): Yee\View->fetch('reservations/ed...', NULL)
#11 C:\xampp\htdocs\kinguin\vendor\yeephp\yeephp\Yee\Yee.php(766): Yee\View->display('reservations/ed...')
#12 C:\xampp\htdocs\kinguin\App\Controllers\Reservation\ReservationController.php(109): Yee\Yee->render('reservations/ed...', Array)
#13 [internal function]: App\Controllers\Reservation\ReservationController->editRoom('1')
#14 C:\xampp\htdocs\kinguin\vendor\yeephp\yeephp\Yee\Managers\Controller\Controller.php(23): call_user_func_array(Array, Array)
#15 [internal function]: Yee\Managers\Controller\Controller::__callStatic('editRoom', Array)
#16 C:\xampp\htdocs\kinguin\vendor\yeephp\yeephp\Yee\Route.php(468): call_user_func_array('\\App\\Controller...', Array)
#17 C:\xampp\htdocs\kinguin\vendor\yeephp\yeephp\Yee\Yee.php(1374): Yee\Route->dispatch()
#18 C:\xampp\htdocs\kinguin\vendor\yeephp\yeephp\Yee\Middleware\Flash.php(85): Yee\Yee->call()
#19 C:\xampp\htdocs\kinguin\vendor\yeephp\yeephp\Yee\Middleware\MethodOverride.php(92): Yee\Middleware\Flash->call()
#20 C:\xampp\htdocs\kinguin\vendor\yeephp\yeephp\Yee\Middleware\PrettyExceptions.php(67): Yee\Middleware\MethodOverride->call()
#21 C:\xampp\htdocs\kinguin\vendor\yeephp\yeephp\Yee\Yee.php(1282): Yee\Middleware\PrettyExceptions->call()
#22 C:\xampp\htdocs\kinguin\public\index.php(25): Yee\Yee->execute()
#23 {main}
ERROR - 2017-09-24 18:58:45 - Twig_Error_Syntax: A template that extends another one cannot include contents outside Twig blocks. Did you forget to put the contents inside a {% block %} tag? in C:\xampp\htdocs\kinguin\templates\reservations\editRoom.twig:5
Stack trace:
#0 C:\xampp\htdocs\kinguin\vendor\twig\twig\lib\Twig\Parser.php(399): Twig_Parser->filterBodyNodes(Object(Twig_Node_Text))
#1 C:\xampp\htdocs\kinguin\vendor\twig\twig\lib\Twig\Parser.php(399): Twig_Parser->filterBodyNodes(Object(Twig_Node))
#2 C:\xampp\htdocs\kinguin\vendor\twig\twig\lib\Twig\Parser.php(399): Twig_Parser->filterBodyNodes(Object(Twig_Node))
#3 C:\xampp\htdocs\kinguin\vendor\twig\twig\lib\Twig\Parser.php(399): Twig_Parser->filterBodyNodes(Object(Twig_Node_For))
#4 C:\xampp\htdocs\kinguin\vendor\twig\twig\lib\Twig\Parser.php(105): Twig_Parser->filterBodyNodes(Object(Twig_Node))
#5 C:\xampp\htdocs\kinguin\vendor\twig\twig\lib\Twig\Environment.php(692): Twig_Parser->parse(Object(Twig_TokenStream))
#6 C:\xampp\htdocs\kinguin\vendor\twig\twig\lib\Twig\Environment.php(750): Twig_Environment->parse(Object(Twig_TokenStream))
#7 C:\xampp\htdocs\kinguin\vendor\twig\twig\lib\Twig\Environment.php(447): Twig_Environment->compileSource(Object(Twig_Source))
#8 C:\xampp\htdocs\kinguin\vendor\yeephp\yeephp\Yee\Views\Twig.php(87): Twig_Environment->loadTemplate('reservations/ed...')
#9 C:\xampp\htdocs\kinguin\vendor\yeephp\yeephp\Yee\View.php(255): Yee\Views\Twig->render('reservations/ed...', NULL)
#10 C:\xampp\htdocs\kinguin\vendor\yeephp\yeephp\Yee\View.php(243): Yee\View->fetch('reservations/ed...', NULL)
#11 C:\xampp\htdocs\kinguin\vendor\yeephp\yeephp\Yee\Yee.php(766): Yee\View->display('reservations/ed...')
#12 C:\xampp\htdocs\kinguin\App\Controllers\Reservation\ReservationController.php(109): Yee\Yee->render('reservations/ed...', Array)
#13 [internal function]: App\Controllers\Reservation\ReservationController->editRoom('1')
#14 C:\xampp\htdocs\kinguin\vendor\yeephp\yeephp\Yee\Managers\Controller\Controller.php(23): call_user_func_array(Array, Array)
#15 [internal function]: Yee\Managers\Controller\Controller::__callStatic('editRoom', Array)
#16 C:\xampp\htdocs\kinguin\vendor\yeephp\yeephp\Yee\Route.php(468): call_user_func_array('\\App\\Controller...', Array)
#17 C:\xampp\htdocs\kinguin\vendor\yeephp\yeephp\Yee\Yee.php(1374): Yee\Route->dispatch()
#18 C:\xampp\htdocs\kinguin\vendor\yeephp\yeephp\Yee\Middleware\Flash.php(85): Yee\Yee->call()
#19 C:\xampp\htdocs\kinguin\vendor\yeephp\yeephp\Yee\Middleware\MethodOverride.php(92): Yee\Middleware\Flash->call()
#20 C:\xampp\htdocs\kinguin\vendor\yeephp\yeephp\Yee\Middleware\PrettyExceptions.php(67): Yee\Middleware\MethodOverride->call()
#21 C:\xampp\htdocs\kinguin\vendor\yeephp\yeephp\Yee\Yee.php(1282): Yee\Middleware\PrettyExceptions->call()
#22 C:\xampp\htdocs\kinguin\public\index.php(25): Yee\Yee->execute()
#23 {main}
ERROR - 2017-09-24 18:58:45 - Twig_Error_Syntax: A template that extends another one cannot include contents outside Twig blocks. Did you forget to put the contents inside a {% block %} tag? in C:\xampp\htdocs\kinguin\templates\reservations\editRoom.twig:5
Stack trace:
#0 C:\xampp\htdocs\kinguin\vendor\twig\twig\lib\Twig\Parser.php(399): Twig_Parser->filterBodyNodes(Object(Twig_Node_Text))
#1 C:\xampp\htdocs\kinguin\vendor\twig\twig\lib\Twig\Parser.php(399): Twig_Parser->filterBodyNodes(Object(Twig_Node))
#2 C:\xampp\htdocs\kinguin\vendor\twig\twig\lib\Twig\Parser.php(399): Twig_Parser->filterBodyNodes(Object(Twig_Node))
#3 C:\xampp\htdocs\kinguin\vendor\twig\twig\lib\Twig\Parser.php(399): Twig_Parser->filterBodyNodes(Object(Twig_Node_For))
#4 C:\xampp\htdocs\kinguin\vendor\twig\twig\lib\Twig\Parser.php(105): Twig_Parser->filterBodyNodes(Object(Twig_Node))
#5 C:\xampp\htdocs\kinguin\vendor\twig\twig\lib\Twig\Environment.php(692): Twig_Parser->parse(Object(Twig_TokenStream))
#6 C:\xampp\htdocs\kinguin\vendor\twig\twig\lib\Twig\Environment.php(750): Twig_Environment->parse(Object(Twig_TokenStream))
#7 C:\xampp\htdocs\kinguin\vendor\twig\twig\lib\Twig\Environment.php(447): Twig_Environment->compileSource(Object(Twig_Source))
#8 C:\xampp\htdocs\kinguin\vendor\yeephp\yeephp\Yee\Views\Twig.php(87): Twig_Environment->loadTemplate('reservations/ed...')
#9 C:\xampp\htdocs\kinguin\vendor\yeephp\yeephp\Yee\View.php(255): Yee\Views\Twig->render('reservations/ed...', NULL)
#10 C:\xampp\htdocs\kinguin\vendor\yeephp\yeephp\Yee\View.php(243): Yee\View->fetch('reservations/ed...', NULL)
#11 C:\xampp\htdocs\kinguin\vendor\yeephp\yeephp\Yee\Yee.php(766): Yee\View->display('reservations/ed...')
#12 C:\xampp\htdocs\kinguin\App\Controllers\Reservation\ReservationController.php(109): Yee\Yee->render('reservations/ed...', Array)
#13 [internal function]: App\Controllers\Reservation\ReservationController->editRoom('1')
#14 C:\xampp\htdocs\kinguin\vendor\yeephp\yeephp\Yee\Managers\Controller\Controller.php(23): call_user_func_array(Array, Array)
#15 [internal function]: Yee\Managers\Controller\Controller::__callStatic('editRoom', Array)
#16 C:\xampp\htdocs\kinguin\vendor\yeephp\yeephp\Yee\Route.php(468): call_user_func_array('\\App\\Controller...', Array)
#17 C:\xampp\htdocs\kinguin\vendor\yeephp\yeephp\Yee\Yee.php(1374): Yee\Route->dispatch()
#18 C:\xampp\htdocs\kinguin\vendor\yeephp\yeephp\Yee\Middleware\Flash.php(85): Yee\Yee->call()
#19 C:\xampp\htdocs\kinguin\vendor\yeephp\yeephp\Yee\Middleware\MethodOverride.php(92): Yee\Middleware\Flash->call()
#20 C:\xampp\htdocs\kinguin\vendor\yeephp\yeephp\Yee\Middleware\PrettyExceptions.php(67): Yee\Middleware\MethodOverride->call()
#21 C:\xampp\htdocs\kinguin\vendor\yeephp\yeephp\Yee\Yee.php(1282): Yee\Middleware\PrettyExceptions->call()
#22 C:\xampp\htdocs\kinguin\public\index.php(25): Yee\Yee->execute()
#23 {main}
ERROR - 2017-09-24 18:58:45 - Twig_Error_Syntax: A template that extends another one cannot include contents outside Twig blocks. Did you forget to put the contents inside a {% block %} tag? in C:\xampp\htdocs\kinguin\templates\reservations\editRoom.twig:5
Stack trace:
#0 C:\xampp\htdocs\kinguin\vendor\twig\twig\lib\Twig\Parser.php(399): Twig_Parser->filterBodyNodes(Object(Twig_Node_Text))
#1 C:\xampp\htdocs\kinguin\vendor\twig\twig\lib\Twig\Parser.php(399): Twig_Parser->filterBodyNodes(Object(Twig_Node))
#2 C:\xampp\htdocs\kinguin\vendor\twig\twig\lib\Twig\Parser.php(399): Twig_Parser->filterBodyNodes(Object(Twig_Node))
#3 C:\xampp\htdocs\kinguin\vendor\twig\twig\lib\Twig\Parser.php(399): Twig_Parser->filterBodyNodes(Object(Twig_Node_For))
#4 C:\xampp\htdocs\kinguin\vendor\twig\twig\lib\Twig\Parser.php(105): Twig_Parser->filterBodyNodes(Object(Twig_Node))
#5 C:\xampp\htdocs\kinguin\vendor\twig\twig\lib\Twig\Environment.php(692): Twig_Parser->parse(Object(Twig_TokenStream))
#6 C:\xampp\htdocs\kinguin\vendor\twig\twig\lib\Twig\Environment.php(750): Twig_Environment->parse(Object(Twig_TokenStream))
#7 C:\xampp\htdocs\kinguin\vendor\twig\twig\lib\Twig\Environment.php(447): Twig_Environment->compileSource(Object(Twig_Source))
#8 C:\xampp\htdocs\kinguin\vendor\yeephp\yeephp\Yee\Views\Twig.php(87): Twig_Environment->loadTemplate('reservations/ed...')
#9 C:\xampp\htdocs\kinguin\vendor\yeephp\yeephp\Yee\View.php(255): Yee\Views\Twig->render('reservations/ed...', NULL)
#10 C:\xampp\htdocs\kinguin\vendor\yeephp\yeephp\Yee\View.php(243): Yee\View->fetch('reservations/ed...', NULL)
#11 C:\xampp\htdocs\kinguin\vendor\yeephp\yeephp\Yee\Yee.php(766): Yee\View->display('reservations/ed...')
#12 C:\xampp\htdocs\kinguin\App\Controllers\Reservation\ReservationController.php(109): Yee\Yee->render('reservations/ed...', Array)
#13 [internal function]: App\Controllers\Reservation\ReservationController->editRoom('1')
#14 C:\xampp\htdocs\kinguin\vendor\yeephp\yeephp\Yee\Managers\Controller\Controller.php(23): call_user_func_array(Array, Array)
#15 [internal function]: Yee\Managers\Controller\Controller::__callStatic('editRoom', Array)
#16 C:\xampp\htdocs\kinguin\vendor\yeephp\yeephp\Yee\Route.php(468): call_user_func_array('\\App\\Controller...', Array)
#17 C:\xampp\htdocs\kinguin\vendor\yeephp\yeephp\Yee\Yee.php(1374): Yee\Route->dispatch()
#18 C:\xampp\htdocs\kinguin\vendor\yeephp\yeephp\Yee\Middleware\Flash.php(85): Yee\Yee->call()
#19 C:\xampp\htdocs\kinguin\vendor\yeephp\yeephp\Yee\Middleware\MethodOverride.php(92): Yee\Middleware\Flash->call()
#20 C:\xampp\htdocs\kinguin\vendor\yeephp\yeephp\Yee\Middleware\PrettyExceptions.php(67): Yee\Middleware\MethodOverride->call()
#21 C:\xampp\htdocs\kinguin\vendor\yeephp\yeephp\Yee\Yee.php(1282): Yee\Middleware\PrettyExceptions->call()
#22 C:\xampp\htdocs\kinguin\public\index.php(25): Yee\Yee->execute()
#23 {main}
ERROR - 2017-09-24 18:59:10 - Twig_Error_Syntax: Multiple extends tags are forbidden. in C:\xampp\htdocs\kinguin\templates\reservations\editRoom.twig:28
Stack trace:
#0 C:\xampp\htdocs\kinguin\vendor\twig\twig\lib\Twig\Parser.php(190): Twig_TokenParser_Extends->parse(Object(Twig_Token))
#1 C:\xampp\htdocs\kinguin\vendor\twig\twig\lib\Twig\Parser.php(103): Twig_Parser->subparse(NULL, false)
#2 C:\xampp\htdocs\kinguin\vendor\twig\twig\lib\Twig\Environment.php(692): Twig_Parser->parse(Object(Twig_TokenStream))
#3 C:\xampp\htdocs\kinguin\vendor\twig\twig\lib\Twig\Environment.php(750): Twig_Environment->parse(Object(Twig_TokenStream))
#4 C:\xampp\htdocs\kinguin\vendor\twig\twig\lib\Twig\Environment.php(447): Twig_Environment->compileSource(Object(Twig_Source))
#5 C:\xampp\htdocs\kinguin\vendor\yeephp\yeephp\Yee\Views\Twig.php(87): Twig_Environment->loadTemplate('reservations/ed...')
#6 C:\xampp\htdocs\kinguin\vendor\yeephp\yeephp\Yee\View.php(255): Yee\Views\Twig->render('reservations/ed...', NULL)
#7 C:\xampp\htdocs\kinguin\vendor\yeephp\yeephp\Yee\View.php(243): Yee\View->fetch('reservations/ed...', NULL)
#8 C:\xampp\htdocs\kinguin\vendor\yeephp\yeephp\Yee\Yee.php(766): Yee\View->display('reservations/ed...')
#9 C:\xampp\htdocs\kinguin\App\Controllers\Reservation\ReservationController.php(109): Yee\Yee->render('reservations/ed...', Array)
#10 [internal function]: App\Controllers\Reservation\ReservationController->editRoom('1')
#11 C:\xampp\htdocs\kinguin\vendor\yeephp\yeephp\Yee\Managers\Controller\Controller.php(23): call_user_func_array(Array, Array)
#12 [internal function]: Yee\Managers\Controller\Controller::__callStatic('editRoom', Array)
#13 C:\xampp\htdocs\kinguin\vendor\yeephp\yeephp\Yee\Route.php(468): call_user_func_array('\\App\\Controller...', Array)
#14 C:\xampp\htdocs\kinguin\vendor\yeephp\yeephp\Yee\Yee.php(1374): Yee\Route->dispatch()
#15 C:\xampp\htdocs\kinguin\vendor\yeephp\yeephp\Yee\Middleware\Flash.php(85): Yee\Yee->call()
#16 C:\xampp\htdocs\kinguin\vendor\yeephp\yeephp\Yee\Middleware\MethodOverride.php(92): Yee\Middleware\Flash->call()
#17 C:\xampp\htdocs\kinguin\vendor\yeephp\yeephp\Yee\Middleware\PrettyExceptions.php(67): Yee\Middleware\MethodOverride->call()
#18 C:\xampp\htdocs\kinguin\vendor\yeephp\yeephp\Yee\Yee.php(1282): Yee\Middleware\PrettyExceptions->call()
#19 C:\xampp\htdocs\kinguin\public\index.php(25): Yee\Yee->execute()
#20 {main}
ERROR - 2017-09-24 18:59:11 - Twig_Error_Syntax: Multiple extends tags are forbidden. in C:\xampp\htdocs\kinguin\templates\reservations\editRoom.twig:28
Stack trace:
#0 C:\xampp\htdocs\kinguin\vendor\twig\twig\lib\Twig\Parser.php(190): Twig_TokenParser_Extends->parse(Object(Twig_Token))
#1 C:\xampp\htdocs\kinguin\vendor\twig\twig\lib\Twig\Parser.php(103): Twig_Parser->subparse(NULL, false)
#2 C:\xampp\htdocs\kinguin\vendor\twig\twig\lib\Twig\Environment.php(692): Twig_Parser->parse(Object(Twig_TokenStream))
#3 C:\xampp\htdocs\kinguin\vendor\twig\twig\lib\Twig\Environment.php(750): Twig_Environment->parse(Object(Twig_TokenStream))
#4 C:\xampp\htdocs\kinguin\vendor\twig\twig\lib\Twig\Environment.php(447): Twig_Environment->compileSource(Object(Twig_Source))
#5 C:\xampp\htdocs\kinguin\vendor\yeephp\yeephp\Yee\Views\Twig.php(87): Twig_Environment->loadTemplate('reservations/ed...')
#6 C:\xampp\htdocs\kinguin\vendor\yeephp\yeephp\Yee\View.php(255): Yee\Views\Twig->render('reservations/ed...', NULL)
#7 C:\xampp\htdocs\kinguin\vendor\yeephp\yeephp\Yee\View.php(243): Yee\View->fetch('reservations/ed...', NULL)
#8 C:\xampp\htdocs\kinguin\vendor\yeephp\yeephp\Yee\Yee.php(766): Yee\View->display('reservations/ed...')
#9 C:\xampp\htdocs\kinguin\App\Controllers\Reservation\ReservationController.php(109): Yee\Yee->render('reservations/ed...', Array)
#10 [internal function]: App\Controllers\Reservation\ReservationController->editRoom('1')
#11 C:\xampp\htdocs\kinguin\vendor\yeephp\yeephp\Yee\Managers\Controller\Controller.php(23): call_user_func_array(Array, Array)
#12 [internal function]: Yee\Managers\Controller\Controller::__callStatic('editRoom', Array)
#13 C:\xampp\htdocs\kinguin\vendor\yeephp\yeephp\Yee\Route.php(468): call_user_func_array('\\App\\Controller...', Array)
#14 C:\xampp\htdocs\kinguin\vendor\yeephp\yeephp\Yee\Yee.php(1374): Yee\Route->dispatch()
#15 C:\xampp\htdocs\kinguin\vendor\yeephp\yeephp\Yee\Middleware\Flash.php(85): Yee\Yee->call()
#16 C:\xampp\htdocs\kinguin\vendor\yeephp\yeephp\Yee\Middleware\MethodOverride.php(92): Yee\Middleware\Flash->call()
#17 C:\xampp\htdocs\kinguin\vendor\yeephp\yeephp\Yee\Middleware\PrettyExceptions.php(67): Yee\Middleware\MethodOverride->call()
#18 C:\xampp\htdocs\kinguin\vendor\yeephp\yeephp\Yee\Yee.php(1282): Yee\Middleware\PrettyExceptions->call()
#19 C:\xampp\htdocs\kinguin\public\index.php(25): Yee\Yee->execute()
#20 {main}
ERROR - 2017-09-24 18:59:11 - Twig_Error_Syntax: Multiple extends tags are forbidden. in C:\xampp\htdocs\kinguin\templates\reservations\editRoom.twig:28
Stack trace:
#0 C:\xampp\htdocs\kinguin\vendor\twig\twig\lib\Twig\Parser.php(190): Twig_TokenParser_Extends->parse(Object(Twig_Token))
#1 C:\xampp\htdocs\kinguin\vendor\twig\twig\lib\Twig\Parser.php(103): Twig_Parser->subparse(NULL, false)
#2 C:\xampp\htdocs\kinguin\vendor\twig\twig\lib\Twig\Environment.php(692): Twig_Parser->parse(Object(Twig_TokenStream))
#3 C:\xampp\htdocs\kinguin\vendor\twig\twig\lib\Twig\Environment.php(750): Twig_Environment->parse(Object(Twig_TokenStream))
#4 C:\xampp\htdocs\kinguin\vendor\twig\twig\lib\Twig\Environment.php(447): Twig_Environment->compileSource(Object(Twig_Source))
#5 C:\xampp\htdocs\kinguin\vendor\yeephp\yeephp\Yee\Views\Twig.php(87): Twig_Environment->loadTemplate('reservations/ed...')
#6 C:\xampp\htdocs\kinguin\vendor\yeephp\yeephp\Yee\View.php(255): Yee\Views\Twig->render('reservations/ed...', NULL)
#7 C:\xampp\htdocs\kinguin\vendor\yeephp\yeephp\Yee\View.php(243): Yee\View->fetch('reservations/ed...', NULL)
#8 C:\xampp\htdocs\kinguin\vendor\yeephp\yeephp\Yee\Yee.php(766): Yee\View->display('reservations/ed...')
#9 C:\xampp\htdocs\kinguin\App\Controllers\Reservation\ReservationController.php(109): Yee\Yee->render('reservations/ed...', Array)
#10 [internal function]: App\Controllers\Reservation\ReservationController->editRoom('1')
#11 C:\xampp\htdocs\kinguin\vendor\yeephp\yeephp\Yee\Managers\Controller\Controller.php(23): call_user_func_array(Array, Array)
#12 [internal function]: Yee\Managers\Controller\Controller::__callStatic('editRoom', Array)
#13 C:\xampp\htdocs\kinguin\vendor\yeephp\yeephp\Yee\Route.php(468): call_user_func_array('\\App\\Controller...', Array)
#14 C:\xampp\htdocs\kinguin\vendor\yeephp\yeephp\Yee\Yee.php(1374): Yee\Route->dispatch()
#15 C:\xampp\htdocs\kinguin\vendor\yeephp\yeephp\Yee\Middleware\Flash.php(85): Yee\Yee->call()
#16 C:\xampp\htdocs\kinguin\vendor\yeephp\yeephp\Yee\Middleware\MethodOverride.php(92): Yee\Middleware\Flash->call()
#17 C:\xampp\htdocs\kinguin\vendor\yeephp\yeephp\Yee\Middleware\PrettyExceptions.php(67): Yee\Middleware\MethodOverride->call()
#18 C:\xampp\htdocs\kinguin\vendor\yeephp\yeephp\Yee\Yee.php(1282): Yee\Middleware\PrettyExceptions->call()
#19 C:\xampp\htdocs\kinguin\public\index.php(25): Yee\Yee->execute()
#20 {main}
ERROR - 2017-09-24 18:59:11 - Twig_Error_Syntax: Multiple extends tags are forbidden. in C:\xampp\htdocs\kinguin\templates\reservations\editRoom.twig:28
Stack trace:
#0 C:\xampp\htdocs\kinguin\vendor\twig\twig\lib\Twig\Parser.php(190): Twig_TokenParser_Extends->parse(Object(Twig_Token))
#1 C:\xampp\htdocs\kinguin\vendor\twig\twig\lib\Twig\Parser.php(103): Twig_Parser->subparse(NULL, false)
#2 C:\xampp\htdocs\kinguin\vendor\twig\twig\lib\Twig\Environment.php(692): Twig_Parser->parse(Object(Twig_TokenStream))
#3 C:\xampp\htdocs\kinguin\vendor\twig\twig\lib\Twig\Environment.php(750): Twig_Environment->parse(Object(Twig_TokenStream))
#4 C:\xampp\htdocs\kinguin\vendor\twig\twig\lib\Twig\Environment.php(447): Twig_Environment->compileSource(Object(Twig_Source))
#5 C:\xampp\htdocs\kinguin\vendor\yeephp\yeephp\Yee\Views\Twig.php(87): Twig_Environment->loadTemplate('reservations/ed...')
#6 C:\xampp\htdocs\kinguin\vendor\yeephp\yeephp\Yee\View.php(255): Yee\Views\Twig->render('reservations/ed...', NULL)
#7 C:\xampp\htdocs\kinguin\vendor\yeephp\yeephp\Yee\View.php(243): Yee\View->fetch('reservations/ed...', NULL)
#8 C:\xampp\htdocs\kinguin\vendor\yeephp\yeephp\Yee\Yee.php(766): Yee\View->display('reservations/ed...')
#9 C:\xampp\htdocs\kinguin\App\Controllers\Reservation\ReservationController.php(109): Yee\Yee->render('reservations/ed...', Array)
#10 [internal function]: App\Controllers\Reservation\ReservationController->editRoom('1')
#11 C:\xampp\htdocs\kinguin\vendor\yeephp\yeephp\Yee\Managers\Controller\Controller.php(23): call_user_func_array(Array, Array)
#12 [internal function]: Yee\Managers\Controller\Controller::__callStatic('editRoom', Array)
#13 C:\xampp\htdocs\kinguin\vendor\yeephp\yeephp\Yee\Route.php(468): call_user_func_array('\\App\\Controller...', Array)
#14 C:\xampp\htdocs\kinguin\vendor\yeephp\yeephp\Yee\Yee.php(1374): Yee\Route->dispatch()
#15 C:\xampp\htdocs\kinguin\vendor\yeephp\yeephp\Yee\Middleware\Flash.php(85): Yee\Yee->call()
#16 C:\xampp\htdocs\kinguin\vendor\yeephp\yeephp\Yee\Middleware\MethodOverride.php(92): Yee\Middleware\Flash->call()
#17 C:\xampp\htdocs\kinguin\vendor\yeephp\yeephp\Yee\Middleware\PrettyExceptions.php(67): Yee\Middleware\MethodOverride->call()
#18 C:\xampp\htdocs\kinguin\vendor\yeephp\yeephp\Yee\Yee.php(1282): Yee\Middleware\PrettyExceptions->call()
#19 C:\xampp\htdocs\kinguin\public\index.php(25): Yee\Yee->execute()
#20 {main}
ERROR - 2017-09-24 18:59:32 - Twig_Error_Syntax: Multiple extends tags are forbidden. in C:\xampp\htdocs\kinguin\templates\reservations\editRoom.twig:28
Stack trace:
#0 C:\xampp\htdocs\kinguin\vendor\twig\twig\lib\Twig\Parser.php(190): Twig_TokenParser_Extends->parse(Object(Twig_Token))
#1 C:\xampp\htdocs\kinguin\vendor\twig\twig\lib\Twig\Parser.php(103): Twig_Parser->subparse(NULL, false)
#2 C:\xampp\htdocs\kinguin\vendor\twig\twig\lib\Twig\Environment.php(692): Twig_Parser->parse(Object(Twig_TokenStream))
#3 C:\xampp\htdocs\kinguin\vendor\twig\twig\lib\Twig\Environment.php(750): Twig_Environment->parse(Object(Twig_TokenStream))
#4 C:\xampp\htdocs\kinguin\vendor\twig\twig\lib\Twig\Environment.php(447): Twig_Environment->compileSource(Object(Twig_Source))
#5 C:\xampp\htdocs\kinguin\vendor\yeephp\yeephp\Yee\Views\Twig.php(87): Twig_Environment->loadTemplate('reservations/ed...')
#6 C:\xampp\htdocs\kinguin\vendor\yeephp\yeephp\Yee\View.php(255): Yee\Views\Twig->render('reservations/ed...', NULL)
#7 C:\xampp\htdocs\kinguin\vendor\yeephp\yeephp\Yee\View.php(243): Yee\View->fetch('reservations/ed...', NULL)
#8 C:\xampp\htdocs\kinguin\vendor\yeephp\yeephp\Yee\Yee.php(766): Yee\View->display('reservations/ed...')
#9 C:\xampp\htdocs\kinguin\App\Controllers\Reservation\ReservationController.php(109): Yee\Yee->render('reservations/ed...', Array)
#10 [internal function]: App\Controllers\Reservation\ReservationController->editRoom('1')
#11 C:\xampp\htdocs\kinguin\vendor\yeephp\yeephp\Yee\Managers\Controller\Controller.php(23): call_user_func_array(Array, Array)
#12 [internal function]: Yee\Managers\Controller\Controller::__callStatic('editRoom', Array)
#13 C:\xampp\htdocs\kinguin\vendor\yeephp\yeephp\Yee\Route.php(468): call_user_func_array('\\App\\Controller...', Array)
#14 C:\xampp\htdocs\kinguin\vendor\yeephp\yeephp\Yee\Yee.php(1374): Yee\Route->dispatch()
#15 C:\xampp\htdocs\kinguin\vendor\yeephp\yeephp\Yee\Middleware\Flash.php(85): Yee\Yee->call()
#16 C:\xampp\htdocs\kinguin\vendor\yeephp\yeephp\Yee\Middleware\MethodOverride.php(92): Yee\Middleware\Flash->call()
#17 C:\xampp\htdocs\kinguin\vendor\yeephp\yeephp\Yee\Middleware\PrettyExceptions.php(67): Yee\Middleware\MethodOverride->call()
#18 C:\xampp\htdocs\kinguin\vendor\yeephp\yeephp\Yee\Yee.php(1282): Yee\Middleware\PrettyExceptions->call()
#19 C:\xampp\htdocs\kinguin\public\index.php(25): Yee\Yee->execute()
#20 {main}
ERROR - 2017-09-24 18:59:32 - Twig_Error_Syntax: Multiple extends tags are forbidden. in C:\xampp\htdocs\kinguin\templates\reservations\editRoom.twig:28
Stack trace:
#0 C:\xampp\htdocs\kinguin\vendor\twig\twig\lib\Twig\Parser.php(190): Twig_TokenParser_Extends->parse(Object(Twig_Token))
#1 C:\xampp\htdocs\kinguin\vendor\twig\twig\lib\Twig\Parser.php(103): Twig_Parser->subparse(NULL, false)
#2 C:\xampp\htdocs\kinguin\vendor\twig\twig\lib\Twig\Environment.php(692): Twig_Parser->parse(Object(Twig_TokenStream))
#3 C:\xampp\htdocs\kinguin\vendor\twig\twig\lib\Twig\Environment.php(750): Twig_Environment->parse(Object(Twig_TokenStream))
#4 C:\xampp\htdocs\kinguin\vendor\twig\twig\lib\Twig\Environment.php(447): Twig_Environment->compileSource(Object(Twig_Source))
#5 C:\xampp\htdocs\kinguin\vendor\yeephp\yeephp\Yee\Views\Twig.php(87): Twig_Environment->loadTemplate('reservations/ed...')
#6 C:\xampp\htdocs\kinguin\vendor\yeephp\yeephp\Yee\View.php(255): Yee\Views\Twig->render('reservations/ed...', NULL)
#7 C:\xampp\htdocs\kinguin\vendor\yeephp\yeephp\Yee\View.php(243): Yee\View->fetch('reservations/ed...', NULL)
#8 C:\xampp\htdocs\kinguin\vendor\yeephp\yeephp\Yee\Yee.php(766): Yee\View->display('reservations/ed...')
#9 C:\xampp\htdocs\kinguin\App\Controllers\Reservation\ReservationController.php(109): Yee\Yee->render('reservations/ed...', Array)
#10 [internal function]: App\Controllers\Reservation\ReservationController->editRoom('1')
#11 C:\xampp\htdocs\kinguin\vendor\yeephp\yeephp\Yee\Managers\Controller\Controller.php(23): call_user_func_array(Array, Array)
#12 [internal function]: Yee\Managers\Controller\Controller::__callStatic('editRoom', Array)
#13 C:\xampp\htdocs\kinguin\vendor\yeephp\yeephp\Yee\Route.php(468): call_user_func_array('\\App\\Controller...', Array)
#14 C:\xampp\htdocs\kinguin\vendor\yeephp\yeephp\Yee\Yee.php(1374): Yee\Route->dispatch()
#15 C:\xampp\htdocs\kinguin\vendor\yeephp\yeephp\Yee\Middleware\Flash.php(85): Yee\Yee->call()
#16 C:\xampp\htdocs\kinguin\vendor\yeephp\yeephp\Yee\Middleware\MethodOverride.php(92): Yee\Middleware\Flash->call()
#17 C:\xampp\htdocs\kinguin\vendor\yeephp\yeephp\Yee\Middleware\PrettyExceptions.php(67): Yee\Middleware\MethodOverride->call()
#18 C:\xampp\htdocs\kinguin\vendor\yeephp\yeephp\Yee\Yee.php(1282): Yee\Middleware\PrettyExceptions->call()
#19 C:\xampp\htdocs\kinguin\public\index.php(25): Yee\Yee->execute()
#20 {main}
ERROR - 2017-09-24 18:59:32 - Twig_Error_Syntax: Multiple extends tags are forbidden. in C:\xampp\htdocs\kinguin\templates\reservations\editRoom.twig:28
Stack trace:
#0 C:\xampp\htdocs\kinguin\vendor\twig\twig\lib\Twig\Parser.php(190): Twig_TokenParser_Extends->parse(Object(Twig_Token))
#1 C:\xampp\htdocs\kinguin\vendor\twig\twig\lib\Twig\Parser.php(103): Twig_Parser->subparse(NULL, false)
#2 C:\xampp\htdocs\kinguin\vendor\twig\twig\lib\Twig\Environment.php(692): Twig_Parser->parse(Object(Twig_TokenStream))
#3 C:\xampp\htdocs\kinguin\vendor\twig\twig\lib\Twig\Environment.php(750): Twig_Environment->parse(Object(Twig_TokenStream))
#4 C:\xampp\htdocs\kinguin\vendor\twig\twig\lib\Twig\Environment.php(447): Twig_Environment->compileSource(Object(Twig_Source))
#5 C:\xampp\htdocs\kinguin\vendor\yeephp\yeephp\Yee\Views\Twig.php(87): Twig_Environment->loadTemplate('reservations/ed...')
#6 C:\xampp\htdocs\kinguin\vendor\yeephp\yeephp\Yee\View.php(255): Yee\Views\Twig->render('reservations/ed...', NULL)
#7 C:\xampp\htdocs\kinguin\vendor\yeephp\yeephp\Yee\View.php(243): Yee\View->fetch('reservations/ed...', NULL)
#8 C:\xampp\htdocs\kinguin\vendor\yeephp\yeephp\Yee\Yee.php(766): Yee\View->display('reservations/ed...')
#9 C:\xampp\htdocs\kinguin\App\Controllers\Reservation\ReservationController.php(109): Yee\Yee->render('reservations/ed...', Array)
#10 [internal function]: App\Controllers\Reservation\ReservationController->editRoom('1')
#11 C:\xampp\htdocs\kinguin\vendor\yeephp\yeephp\Yee\Managers\Controller\Controller.php(23): call_user_func_array(Array, Array)
#12 [internal function]: Yee\Managers\Controller\Controller::__callStatic('editRoom', Array)
#13 C:\xampp\htdocs\kinguin\vendor\yeephp\yeephp\Yee\Route.php(468): call_user_func_array('\\App\\Controller...', Array)
#14 C:\xampp\htdocs\kinguin\vendor\yeephp\yeephp\Yee\Yee.php(1374): Yee\Route->dispatch()
#15 C:\xampp\htdocs\kinguin\vendor\yeephp\yeephp\Yee\Middleware\Flash.php(85): Yee\Yee->call()
#16 C:\xampp\htdocs\kinguin\vendor\yeephp\yeephp\Yee\Middleware\MethodOverride.php(92): Yee\Middleware\Flash->call()
#17 C:\xampp\htdocs\kinguin\vendor\yeephp\yeephp\Yee\Middleware\PrettyExceptions.php(67): Yee\Middleware\MethodOverride->call()
#18 C:\xampp\htdocs\kinguin\vendor\yeephp\yeephp\Yee\Yee.php(1282): Yee\Middleware\PrettyExceptions->call()
#19 C:\xampp\htdocs\kinguin\public\index.php(25): Yee\Yee->execute()
#20 {main}
ERROR - 2017-09-24 18:59:33 - Twig_Error_Syntax: Multiple extends tags are forbidden. in C:\xampp\htdocs\kinguin\templates\reservations\editRoom.twig:28
Stack trace:
#0 C:\xampp\htdocs\kinguin\vendor\twig\twig\lib\Twig\Parser.php(190): Twig_TokenParser_Extends->parse(Object(Twig_Token))
#1 C:\xampp\htdocs\kinguin\vendor\twig\twig\lib\Twig\Parser.php(103): Twig_Parser->subparse(NULL, false)
#2 C:\xampp\htdocs\kinguin\vendor\twig\twig\lib\Twig\Environment.php(692): Twig_Parser->parse(Object(Twig_TokenStream))
#3 C:\xampp\htdocs\kinguin\vendor\twig\twig\lib\Twig\Environment.php(750): Twig_Environment->parse(Object(Twig_TokenStream))
#4 C:\xampp\htdocs\kinguin\vendor\twig\twig\lib\Twig\Environment.php(447): Twig_Environment->compileSource(Object(Twig_Source))
#5 C:\xampp\htdocs\kinguin\vendor\yeephp\yeephp\Yee\Views\Twig.php(87): Twig_Environment->loadTemplate('reservations/ed...')
#6 C:\xampp\htdocs\kinguin\vendor\yeephp\yeephp\Yee\View.php(255): Yee\Views\Twig->render('reservations/ed...', NULL)
#7 C:\xampp\htdocs\kinguin\vendor\yeephp\yeephp\Yee\View.php(243): Yee\View->fetch('reservations/ed...', NULL)
#8 C:\xampp\htdocs\kinguin\vendor\yeephp\yeephp\Yee\Yee.php(766): Yee\View->display('reservations/ed...')
#9 C:\xampp\htdocs\kinguin\App\Controllers\Reservation\ReservationController.php(109): Yee\Yee->render('reservations/ed...', Array)
#10 [internal function]: App\Controllers\Reservation\ReservationController->editRoom('1')
#11 C:\xampp\htdocs\kinguin\vendor\yeephp\yeephp\Yee\Managers\Controller\Controller.php(23): call_user_func_array(Array, Array)
#12 [internal function]: Yee\Managers\Controller\Controller::__callStatic('editRoom', Array)
#13 C:\xampp\htdocs\kinguin\vendor\yeephp\yeephp\Yee\Route.php(468): call_user_func_array('\\App\\Controller...', Array)
#14 C:\xampp\htdocs\kinguin\vendor\yeephp\yeephp\Yee\Yee.php(1374): Yee\Route->dispatch()
#15 C:\xampp\htdocs\kinguin\vendor\yeephp\yeephp\Yee\Middleware\Flash.php(85): Yee\Yee->call()
#16 C:\xampp\htdocs\kinguin\vendor\yeephp\yeephp\Yee\Middleware\MethodOverride.php(92): Yee\Middleware\Flash->call()
#17 C:\xampp\htdocs\kinguin\vendor\yeephp\yeephp\Yee\Middleware\PrettyExceptions.php(67): Yee\Middleware\MethodOverride->call()
#18 C:\xampp\htdocs\kinguin\vendor\yeephp\yeephp\Yee\Yee.php(1282): Yee\Middleware\PrettyExceptions->call()
#19 C:\xampp\htdocs\kinguin\public\index.php(25): Yee\Yee->execute()
#20 {main}
ERROR - 2017-09-24 18:59:33 - Twig_Error_Syntax: Multiple extends tags are forbidden. in C:\xampp\htdocs\kinguin\templates\reservations\editRoom.twig:28
Stack trace:
#0 C:\xampp\htdocs\kinguin\vendor\twig\twig\lib\Twig\Parser.php(190): Twig_TokenParser_Extends->parse(Object(Twig_Token))
#1 C:\xampp\htdocs\kinguin\vendor\twig\twig\lib\Twig\Parser.php(103): Twig_Parser->subparse(NULL, false)
#2 C:\xampp\htdocs\kinguin\vendor\twig\twig\lib\Twig\Environment.php(692): Twig_Parser->parse(Object(Twig_TokenStream))
#3 C:\xampp\htdocs\kinguin\vendor\twig\twig\lib\Twig\Environment.php(750): Twig_Environment->parse(Object(Twig_TokenStream))
#4 C:\xampp\htdocs\kinguin\vendor\twig\twig\lib\Twig\Environment.php(447): Twig_Environment->compileSource(Object(Twig_Source))
#5 C:\xampp\htdocs\kinguin\vendor\yeephp\yeephp\Yee\Views\Twig.php(87): Twig_Environment->loadTemplate('reservations/ed...')
#6 C:\xampp\htdocs\kinguin\vendor\yeephp\yeephp\Yee\View.php(255): Yee\Views\Twig->render('reservations/ed...', NULL)
#7 C:\xampp\htdocs\kinguin\vendor\yeephp\yeephp\Yee\View.php(243): Yee\View->fetch('reservations/ed...', NULL)
#8 C:\xampp\htdocs\kinguin\vendor\yeephp\yeephp\Yee\Yee.php(766): Yee\View->display('reservations/ed...')
#9 C:\xampp\htdocs\kinguin\App\Controllers\Reservation\ReservationController.php(109): Yee\Yee->render('reservations/ed...', Array)
#10 [internal function]: App\Controllers\Reservation\ReservationController->editRoom('1')
#11 C:\xampp\htdocs\kinguin\vendor\yeephp\yeephp\Yee\Managers\Controller\Controller.php(23): call_user_func_array(Array, Array)
#12 [internal function]: Yee\Managers\Controller\Controller::__callStatic('editRoom', Array)
#13 C:\xampp\htdocs\kinguin\vendor\yeephp\yeephp\Yee\Route.php(468): call_user_func_array('\\App\\Controller...', Array)
#14 C:\xampp\htdocs\kinguin\vendor\yeephp\yeephp\Yee\Yee.php(1374): Yee\Route->dispatch()
#15 C:\xampp\htdocs\kinguin\vendor\yeephp\yeephp\Yee\Middleware\Flash.php(85): Yee\Yee->call()
#16 C:\xampp\htdocs\kinguin\vendor\yeephp\yeephp\Yee\Middleware\MethodOverride.php(92): Yee\Middleware\Flash->call()
#17 C:\xampp\htdocs\kinguin\vendor\yeephp\yeephp\Yee\Middleware\PrettyExceptions.php(67): Yee\Middleware\MethodOverride->call()
#18 C:\xampp\htdocs\kinguin\vendor\yeephp\yeephp\Yee\Yee.php(1282): Yee\Middleware\PrettyExceptions->call()
#19 C:\xampp\htdocs\kinguin\public\index.php(25): Yee\Yee->execute()
#20 {main}
ERROR - 2017-09-24 18:59:33 - Twig_Error_Syntax: Multiple extends tags are forbidden. in C:\xampp\htdocs\kinguin\templates\reservations\editRoom.twig:28
Stack trace:
#0 C:\xampp\htdocs\kinguin\vendor\twig\twig\lib\Twig\Parser.php(190): Twig_TokenParser_Extends->parse(Object(Twig_Token))
#1 C:\xampp\htdocs\kinguin\vendor\twig\twig\lib\Twig\Parser.php(103): Twig_Parser->subparse(NULL, false)
#2 C:\xampp\htdocs\kinguin\vendor\twig\twig\lib\Twig\Environment.php(692): Twig_Parser->parse(Object(Twig_TokenStream))
#3 C:\xampp\htdocs\kinguin\vendor\twig\twig\lib\Twig\Environment.php(750): Twig_Environment->parse(Object(Twig_TokenStream))
#4 C:\xampp\htdocs\kinguin\vendor\twig\twig\lib\Twig\Environment.php(447): Twig_Environment->compileSource(Object(Twig_Source))
#5 C:\xampp\htdocs\kinguin\vendor\yeephp\yeephp\Yee\Views\Twig.php(87): Twig_Environment->loadTemplate('reservations/ed...')
#6 C:\xampp\htdocs\kinguin\vendor\yeephp\yeephp\Yee\View.php(255): Yee\Views\Twig->render('reservations/ed...', NULL)
#7 C:\xampp\htdocs\kinguin\vendor\yeephp\yeephp\Yee\View.php(243): Yee\View->fetch('reservations/ed...', NULL)
#8 C:\xampp\htdocs\kinguin\vendor\yeephp\yeephp\Yee\Yee.php(766): Yee\View->display('reservations/ed...')
#9 C:\xampp\htdocs\kinguin\App\Controllers\Reservation\ReservationController.php(109): Yee\Yee->render('reservations/ed...', Array)
#10 [internal function]: App\Controllers\Reservation\ReservationController->editRoom('1')
#11 C:\xampp\htdocs\kinguin\vendor\yeephp\yeephp\Yee\Managers\Controller\Controller.php(23): call_user_func_array(Array, Array)
#12 [internal function]: Yee\Managers\Controller\Controller::__callStatic('editRoom', Array)
#13 C:\xampp\htdocs\kinguin\vendor\yeephp\yeephp\Yee\Route.php(468): call_user_func_array('\\App\\Controller...', Array)
#14 C:\xampp\htdocs\kinguin\vendor\yeephp\yeephp\Yee\Yee.php(1374): Yee\Route->dispatch()
#15 C:\xampp\htdocs\kinguin\vendor\yeephp\yeephp\Yee\Middleware\Flash.php(85): Yee\Yee->call()
#16 C:\xampp\htdocs\kinguin\vendor\yeephp\yeephp\Yee\Middleware\MethodOverride.php(92): Yee\Middleware\Flash->call()
#17 C:\xampp\htdocs\kinguin\vendor\yeephp\yeephp\Yee\Middleware\PrettyExceptions.php(67): Yee\Middleware\MethodOverride->call()
#18 C:\xampp\htdocs\kinguin\vendor\yeephp\yeephp\Yee\Yee.php(1282): Yee\Middleware\PrettyExceptions->call()
#19 C:\xampp\htdocs\kinguin\public\index.php(25): Yee\Yee->execute()
#20 {main}
