ERROR - 2017-07-26 09:20:02 - ErrorException: A non-numeric value encountered in C:\xampp\htdocs\kinguin\App\Controllers\TableController\TableController.php:44
Stack trace:
#0 C:\xampp\htdocs\kinguin\App\Controllers\TableController\TableController.php(44): Yee\Yee::handleErrors(2, 'A non-numeric v...', 'C:\\xampp\\htdocs...', 44, Array)
#1 [internal function]: App\Controllers\TableController\TableController->showSubCategory('4')
#2 C:\xampp\htdocs\kinguin\vendor\yeephp\yeephp\Yee\Managers\Controller\Controller.php(23): call_user_func_array(Array, Array)
#3 [internal function]: Yee\Managers\Controller\Controller::__callStatic('showSubCategory', Array)
#4 C:\xampp\htdocs\kinguin\vendor\yeephp\yeephp\Yee\Route.php(468): call_user_func_array('\\App\\Controller...', Array)
#5 C:\xampp\htdocs\kinguin\vendor\yeephp\yeephp\Yee\Yee.php(1374): Yee\Route->dispatch()
#6 C:\xampp\htdocs\kinguin\vendor\yeephp\yeephp\Yee\Middleware\Flash.php(85): Yee\Yee->call()
#7 C:\xampp\htdocs\kinguin\vendor\yeephp\yeephp\Yee\Middleware\MethodOverride.php(92): Yee\Middleware\Flash->call()
#8 C:\xampp\htdocs\kinguin\vendor\yeephp\yeephp\Yee\Middleware\PrettyExceptions.php(67): Yee\Middleware\MethodOverride->call()
#9 C:\xampp\htdocs\kinguin\vendor\yeephp\yeephp\Yee\Yee.php(1282): Yee\Middleware\PrettyExceptions->call()
#10 C:\xampp\htdocs\kinguin\public\index.php(25): Yee\Yee->execute()
#11 {main}
ERROR - 2017-07-26 09:20:10 - ErrorException: A non-numeric value encountered in C:\xampp\htdocs\kinguin\App\Controllers\TableController\TableController.php:44
Stack trace:
#0 C:\xampp\htdocs\kinguin\App\Controllers\TableController\TableController.php(44): Yee\Yee::handleErrors(2, 'A non-numeric v...', 'C:\\xampp\\htdocs...', 44, Array)
#1 [internal function]: App\Controllers\TableController\TableController->showSubCategory('5')
#2 C:\xampp\htdocs\kinguin\vendor\yeephp\yeephp\Yee\Managers\Controller\Controller.php(23): call_user_func_array(Array, Array)
#3 [internal function]: Yee\Managers\Controller\Controller::__callStatic('showSubCategory', Array)
#4 C:\xampp\htdocs\kinguin\vendor\yeephp\yeephp\Yee\Route.php(468): call_user_func_array('\\App\\Controller...', Array)
#5 C:\xampp\htdocs\kinguin\vendor\yeephp\yeephp\Yee\Yee.php(1374): Yee\Route->dispatch()
#6 C:\xampp\htdocs\kinguin\vendor\yeephp\yeephp\Yee\Middleware\Flash.php(85): Yee\Yee->call()
#7 C:\xampp\htdocs\kinguin\vendor\yeephp\yeephp\Yee\Middleware\MethodOverride.php(92): Yee\Middleware\Flash->call()
#8 C:\xampp\htdocs\kinguin\vendor\yeephp\yeephp\Yee\Middleware\PrettyExceptions.php(67): Yee\Middleware\MethodOverride->call()
#9 C:\xampp\htdocs\kinguin\vendor\yeephp\yeephp\Yee\Yee.php(1282): Yee\Middleware\PrettyExceptions->call()
#10 C:\xampp\htdocs\kinguin\public\index.php(25): Yee\Yee->execute()
#11 {main}
ERROR - 2017-07-26 14:39:00 - Twig_Error_Loader: Unable to find template "tableMenu.twig" (looked into: C:\xampp\htdocs\kinguin/templates). in C:\xampp\htdocs\kinguin\vendor\twig\twig\lib\Twig\Loader\Filesystem.php:232
Stack trace:
#0 C:\xampp\htdocs\kinguin\vendor\twig\twig\lib\Twig\Loader\Filesystem.php(150): Twig_Loader_Filesystem->findTemplate('tableMenu.twig')
#1 C:\xampp\htdocs\kinguin\vendor\twig\twig\lib\Twig\Environment.php(329): Twig_Loader_Filesystem->getCacheKey('tableMenu.twig')
#2 C:\xampp\htdocs\kinguin\vendor\twig\twig\lib\Twig\Environment.php(419): Twig_Environment->getTemplateClass('tableMenu.twig')
#3 C:\xampp\htdocs\kinguin\vendor\yeephp\yeephp\Yee\Views\Twig.php(87): Twig_Environment->loadTemplate('tableMenu.twig')
#4 C:\xampp\htdocs\kinguin\vendor\yeephp\yeephp\Yee\View.php(255): Yee\Views\Twig->render('tableMenu.twig', NULL)
#5 C:\xampp\htdocs\kinguin\vendor\yeephp\yeephp\Yee\View.php(243): Yee\View->fetch('tableMenu.twig', NULL)
#6 C:\xampp\htdocs\kinguin\vendor\yeephp\yeephp\Yee\Yee.php(766): Yee\View->display('tableMenu.twig')
#7 C:\xampp\htdocs\kinguin\App\Controllers\TableController\TableController.php(52): Yee\Yee->render('tableMenu.twig', Array)
#8 [internal function]: App\Controllers\TableController\TableController->showSubCategory('1')
#9 C:\xampp\htdocs\kinguin\vendor\yeephp\yeephp\Yee\Managers\Controller\Controller.php(23): call_user_func_array(Array, Array)
#10 [internal function]: Yee\Managers\Controller\Controller::__callStatic('showSubCategory', Array)
#11 C:\xampp\htdocs\kinguin\vendor\yeephp\yeephp\Yee\Route.php(468): call_user_func_array('\\App\\Controller...', Array)
#12 C:\xampp\htdocs\kinguin\vendor\yeephp\yeephp\Yee\Yee.php(1374): Yee\Route->dispatch()
#13 C:\xampp\htdocs\kinguin\vendor\yeephp\yeephp\Yee\Middleware\Flash.php(85): Yee\Yee->call()
#14 C:\xampp\htdocs\kinguin\vendor\yeephp\yeephp\Yee\Middleware\MethodOverride.php(92): Yee\Middleware\Flash->call()
#15 C:\xampp\htdocs\kinguin\vendor\yeephp\yeephp\Yee\Middleware\PrettyExceptions.php(67): Yee\Middleware\MethodOverride->call()
#16 C:\xampp\htdocs\kinguin\vendor\yeephp\yeephp\Yee\Yee.php(1282): Yee\Middleware\PrettyExceptions->call()
#17 C:\xampp\htdocs\kinguin\public\index.php(25): Yee\Yee->execute()
#18 {main}
ERROR - 2017-07-26 14:39:02 - Twig_Error_Loader: Unable to find template "tableMenu.twig" (looked into: C:\xampp\htdocs\kinguin/templates). in C:\xampp\htdocs\kinguin\vendor\twig\twig\lib\Twig\Loader\Filesystem.php:232
Stack trace:
#0 C:\xampp\htdocs\kinguin\vendor\twig\twig\lib\Twig\Loader\Filesystem.php(150): Twig_Loader_Filesystem->findTemplate('tableMenu.twig')
#1 C:\xampp\htdocs\kinguin\vendor\twig\twig\lib\Twig\Environment.php(329): Twig_Loader_Filesystem->getCacheKey('tableMenu.twig')
#2 C:\xampp\htdocs\kinguin\vendor\twig\twig\lib\Twig\Environment.php(419): Twig_Environment->getTemplateClass('tableMenu.twig')
#3 C:\xampp\htdocs\kinguin\vendor\yeephp\yeephp\Yee\Views\Twig.php(87): Twig_Environment->loadTemplate('tableMenu.twig')
#4 C:\xampp\htdocs\kinguin\vendor\yeephp\yeephp\Yee\View.php(255): Yee\Views\Twig->render('tableMenu.twig', NULL)
#5 C:\xampp\htdocs\kinguin\vendor\yeephp\yeephp\Yee\View.php(243): Yee\View->fetch('tableMenu.twig', NULL)
#6 C:\xampp\htdocs\kinguin\vendor\yeephp\yeephp\Yee\Yee.php(766): Yee\View->display('tableMenu.twig')
#7 C:\xampp\htdocs\kinguin\App\Controllers\TableController\TableController.php(52): Yee\Yee->render('tableMenu.twig', Array)
#8 [internal function]: App\Controllers\TableController\TableController->showSubCategory('2')
#9 C:\xampp\htdocs\kinguin\vendor\yeephp\yeephp\Yee\Managers\Controller\Controller.php(23): call_user_func_array(Array, Array)
#10 [internal function]: Yee\Managers\Controller\Controller::__callStatic('showSubCategory', Array)
#11 C:\xampp\htdocs\kinguin\vendor\yeephp\yeephp\Yee\Route.php(468): call_user_func_array('\\App\\Controller...', Array)
#12 C:\xampp\htdocs\kinguin\vendor\yeephp\yeephp\Yee\Yee.php(1374): Yee\Route->dispatch()
#13 C:\xampp\htdocs\kinguin\vendor\yeephp\yeephp\Yee\Middleware\Flash.php(85): Yee\Yee->call()
#14 C:\xampp\htdocs\kinguin\vendor\yeephp\yeephp\Yee\Middleware\MethodOverride.php(92): Yee\Middleware\Flash->call()
#15 C:\xampp\htdocs\kinguin\vendor\yeephp\yeephp\Yee\Middleware\PrettyExceptions.php(67): Yee\Middleware\MethodOverride->call()
#16 C:\xampp\htdocs\kinguin\vendor\yeephp\yeephp\Yee\Yee.php(1282): Yee\Middleware\PrettyExceptions->call()
#17 C:\xampp\htdocs\kinguin\public\index.php(25): Yee\Yee->execute()
#18 {main}
ERROR - 2017-07-26 14:39:02 - Twig_Error_Loader: Unable to find template "tableMenu.twig" (looked into: C:\xampp\htdocs\kinguin/templates). in C:\xampp\htdocs\kinguin\vendor\twig\twig\lib\Twig\Loader\Filesystem.php:232
Stack trace:
#0 C:\xampp\htdocs\kinguin\vendor\twig\twig\lib\Twig\Loader\Filesystem.php(150): Twig_Loader_Filesystem->findTemplate('tableMenu.twig')
#1 C:\xampp\htdocs\kinguin\vendor\twig\twig\lib\Twig\Environment.php(329): Twig_Loader_Filesystem->getCacheKey('tableMenu.twig')
#2 C:\xampp\htdocs\kinguin\vendor\twig\twig\lib\Twig\Environment.php(419): Twig_Environment->getTemplateClass('tableMenu.twig')
#3 C:\xampp\htdocs\kinguin\vendor\yeephp\yeephp\Yee\Views\Twig.php(87): Twig_Environment->loadTemplate('tableMenu.twig')
#4 C:\xampp\htdocs\kinguin\vendor\yeephp\yeephp\Yee\View.php(255): Yee\Views\Twig->render('tableMenu.twig', NULL)
#5 C:\xampp\htdocs\kinguin\vendor\yeephp\yeephp\Yee\View.php(243): Yee\View->fetch('tableMenu.twig', NULL)
#6 C:\xampp\htdocs\kinguin\vendor\yeephp\yeephp\Yee\Yee.php(766): Yee\View->display('tableMenu.twig')
#7 C:\xampp\htdocs\kinguin\App\Controllers\TableController\TableController.php(52): Yee\Yee->render('tableMenu.twig', Array)
#8 [internal function]: App\Controllers\TableController\TableController->showSubCategory('3')
#9 C:\xampp\htdocs\kinguin\vendor\yeephp\yeephp\Yee\Managers\Controller\Controller.php(23): call_user_func_array(Array, Array)
#10 [internal function]: Yee\Managers\Controller\Controller::__callStatic('showSubCategory', Array)
#11 C:\xampp\htdocs\kinguin\vendor\yeephp\yeephp\Yee\Route.php(468): call_user_func_array('\\App\\Controller...', Array)
#12 C:\xampp\htdocs\kinguin\vendor\yeephp\yeephp\Yee\Yee.php(1374): Yee\Route->dispatch()
#13 C:\xampp\htdocs\kinguin\vendor\yeephp\yeephp\Yee\Middleware\Flash.php(85): Yee\Yee->call()
#14 C:\xampp\htdocs\kinguin\vendor\yeephp\yeephp\Yee\Middleware\MethodOverride.php(92): Yee\Middleware\Flash->call()
#15 C:\xampp\htdocs\kinguin\vendor\yeephp\yeephp\Yee\Middleware\PrettyExceptions.php(67): Yee\Middleware\MethodOverride->call()
#16 C:\xampp\htdocs\kinguin\vendor\yeephp\yeephp\Yee\Yee.php(1282): Yee\Middleware\PrettyExceptions->call()
#17 C:\xampp\htdocs\kinguin\public\index.php(25): Yee\Yee->execute()
#18 {main}
ERROR - 2017-07-26 14:39:03 - Twig_Error_Loader: Unable to find template "tableMenu.twig" (looked into: C:\xampp\htdocs\kinguin/templates). in C:\xampp\htdocs\kinguin\vendor\twig\twig\lib\Twig\Loader\Filesystem.php:232
Stack trace:
#0 C:\xampp\htdocs\kinguin\vendor\twig\twig\lib\Twig\Loader\Filesystem.php(150): Twig_Loader_Filesystem->findTemplate('tableMenu.twig')
#1 C:\xampp\htdocs\kinguin\vendor\twig\twig\lib\Twig\Environment.php(329): Twig_Loader_Filesystem->getCacheKey('tableMenu.twig')
#2 C:\xampp\htdocs\kinguin\vendor\twig\twig\lib\Twig\Environment.php(419): Twig_Environment->getTemplateClass('tableMenu.twig')
#3 C:\xampp\htdocs\kinguin\vendor\yeephp\yeephp\Yee\Views\Twig.php(87): Twig_Environment->loadTemplate('tableMenu.twig')
#4 C:\xampp\htdocs\kinguin\vendor\yeephp\yeephp\Yee\View.php(255): Yee\Views\Twig->render('tableMenu.twig', NULL)
#5 C:\xampp\htdocs\kinguin\vendor\yeephp\yeephp\Yee\View.php(243): Yee\View->fetch('tableMenu.twig', NULL)
#6 C:\xampp\htdocs\kinguin\vendor\yeephp\yeephp\Yee\Yee.php(766): Yee\View->display('tableMenu.twig')
#7 C:\xampp\htdocs\kinguin\App\Controllers\TableController\TableController.php(52): Yee\Yee->render('tableMenu.twig', Array)
#8 [internal function]: App\Controllers\TableController\TableController->showSubCategory('4')
#9 C:\xampp\htdocs\kinguin\vendor\yeephp\yeephp\Yee\Managers\Controller\Controller.php(23): call_user_func_array(Array, Array)
#10 [internal function]: Yee\Managers\Controller\Controller::__callStatic('showSubCategory', Array)
#11 C:\xampp\htdocs\kinguin\vendor\yeephp\yeephp\Yee\Route.php(468): call_user_func_array('\\App\\Controller...', Array)
#12 C:\xampp\htdocs\kinguin\vendor\yeephp\yeephp\Yee\Yee.php(1374): Yee\Route->dispatch()
#13 C:\xampp\htdocs\kinguin\vendor\yeephp\yeephp\Yee\Middleware\Flash.php(85): Yee\Yee->call()
#14 C:\xampp\htdocs\kinguin\vendor\yeephp\yeephp\Yee\Middleware\MethodOverride.php(92): Yee\Middleware\Flash->call()
#15 C:\xampp\htdocs\kinguin\vendor\yeephp\yeephp\Yee\Middleware\PrettyExceptions.php(67): Yee\Middleware\MethodOverride->call()
#16 C:\xampp\htdocs\kinguin\vendor\yeephp\yeephp\Yee\Yee.php(1282): Yee\Middleware\PrettyExceptions->call()
#17 C:\xampp\htdocs\kinguin\public\index.php(25): Yee\Yee->execute()
#18 {main}
ERROR - 2017-07-26 14:39:03 - Twig_Error_Loader: Unable to find template "tableMenu.twig" (looked into: C:\xampp\htdocs\kinguin/templates). in C:\xampp\htdocs\kinguin\vendor\twig\twig\lib\Twig\Loader\Filesystem.php:232
Stack trace:
#0 C:\xampp\htdocs\kinguin\vendor\twig\twig\lib\Twig\Loader\Filesystem.php(150): Twig_Loader_Filesystem->findTemplate('tableMenu.twig')
#1 C:\xampp\htdocs\kinguin\vendor\twig\twig\lib\Twig\Environment.php(329): Twig_Loader_Filesystem->getCacheKey('tableMenu.twig')
#2 C:\xampp\htdocs\kinguin\vendor\twig\twig\lib\Twig\Environment.php(419): Twig_Environment->getTemplateClass('tableMenu.twig')
#3 C:\xampp\htdocs\kinguin\vendor\yeephp\yeephp\Yee\Views\Twig.php(87): Twig_Environment->loadTemplate('tableMenu.twig')
#4 C:\xampp\htdocs\kinguin\vendor\yeephp\yeephp\Yee\View.php(255): Yee\Views\Twig->render('tableMenu.twig', NULL)
#5 C:\xampp\htdocs\kinguin\vendor\yeephp\yeephp\Yee\View.php(243): Yee\View->fetch('tableMenu.twig', NULL)
#6 C:\xampp\htdocs\kinguin\vendor\yeephp\yeephp\Yee\Yee.php(766): Yee\View->display('tableMenu.twig')
#7 C:\xampp\htdocs\kinguin\App\Controllers\TableController\TableController.php(52): Yee\Yee->render('tableMenu.twig', Array)
#8 [internal function]: App\Controllers\TableController\TableController->showSubCategory('5')
#9 C:\xampp\htdocs\kinguin\vendor\yeephp\yeephp\Yee\Managers\Controller\Controller.php(23): call_user_func_array(Array, Array)
#10 [internal function]: Yee\Managers\Controller\Controller::__callStatic('showSubCategory', Array)
#11 C:\xampp\htdocs\kinguin\vendor\yeephp\yeephp\Yee\Route.php(468): call_user_func_array('\\App\\Controller...', Array)
#12 C:\xampp\htdocs\kinguin\vendor\yeephp\yeephp\Yee\Yee.php(1374): Yee\Route->dispatch()
#13 C:\xampp\htdocs\kinguin\vendor\yeephp\yeephp\Yee\Middleware\Flash.php(85): Yee\Yee->call()
#14 C:\xampp\htdocs\kinguin\vendor\yeephp\yeephp\Yee\Middleware\MethodOverride.php(92): Yee\Middleware\Flash->call()
#15 C:\xampp\htdocs\kinguin\vendor\yeephp\yeephp\Yee\Middleware\PrettyExceptions.php(67): Yee\Middleware\MethodOverride->call()
#16 C:\xampp\htdocs\kinguin\vendor\yeephp\yeephp\Yee\Yee.php(1282): Yee\Middleware\PrettyExceptions->call()
#17 C:\xampp\htdocs\kinguin\public\index.php(25): Yee\Yee->execute()
#18 {main}
ERROR - 2017-07-26 14:39:04 - Twig_Error_Loader: Unable to find template "tableMenu.twig" (looked into: C:\xampp\htdocs\kinguin/templates). in C:\xampp\htdocs\kinguin\vendor\twig\twig\lib\Twig\Loader\Filesystem.php:232
Stack trace:
#0 C:\xampp\htdocs\kinguin\vendor\twig\twig\lib\Twig\Loader\Filesystem.php(150): Twig_Loader_Filesystem->findTemplate('tableMenu.twig')
#1 C:\xampp\htdocs\kinguin\vendor\twig\twig\lib\Twig\Environment.php(329): Twig_Loader_Filesystem->getCacheKey('tableMenu.twig')
#2 C:\xampp\htdocs\kinguin\vendor\twig\twig\lib\Twig\Environment.php(419): Twig_Environment->getTemplateClass('tableMenu.twig')
#3 C:\xampp\htdocs\kinguin\vendor\yeephp\yeephp\Yee\Views\Twig.php(87): Twig_Environment->loadTemplate('tableMenu.twig')
#4 C:\xampp\htdocs\kinguin\vendor\yeephp\yeephp\Yee\View.php(255): Yee\Views\Twig->render('tableMenu.twig', NULL)
#5 C:\xampp\htdocs\kinguin\vendor\yeephp\yeephp\Yee\View.php(243): Yee\View->fetch('tableMenu.twig', NULL)
#6 C:\xampp\htdocs\kinguin\vendor\yeephp\yeephp\Yee\Yee.php(766): Yee\View->display('tableMenu.twig')
#7 C:\xampp\htdocs\kinguin\App\Controllers\TableController\TableController.php(52): Yee\Yee->render('tableMenu.twig', Array)
#8 [internal function]: App\Controllers\TableController\TableController->showSubCategory('1')
#9 C:\xampp\htdocs\kinguin\vendor\yeephp\yeephp\Yee\Managers\Controller\Controller.php(23): call_user_func_array(Array, Array)
#10 [internal function]: Yee\Managers\Controller\Controller::__callStatic('showSubCategory', Array)
#11 C:\xampp\htdocs\kinguin\vendor\yeephp\yeephp\Yee\Route.php(468): call_user_func_array('\\App\\Controller...', Array)
#12 C:\xampp\htdocs\kinguin\vendor\yeephp\yeephp\Yee\Yee.php(1374): Yee\Route->dispatch()
#13 C:\xampp\htdocs\kinguin\vendor\yeephp\yeephp\Yee\Middleware\Flash.php(85): Yee\Yee->call()
#14 C:\xampp\htdocs\kinguin\vendor\yeephp\yeephp\Yee\Middleware\MethodOverride.php(92): Yee\Middleware\Flash->call()
#15 C:\xampp\htdocs\kinguin\vendor\yeephp\yeephp\Yee\Middleware\PrettyExceptions.php(67): Yee\Middleware\MethodOverride->call()
#16 C:\xampp\htdocs\kinguin\vendor\yeephp\yeephp\Yee\Yee.php(1282): Yee\Middleware\PrettyExceptions->call()
#17 C:\xampp\htdocs\kinguin\public\index.php(25): Yee\Yee->execute()
#18 {main}
ERROR - 2017-07-26 14:39:05 - Twig_Error_Loader: Unable to find template "tableMenu.twig" (looked into: C:\xampp\htdocs\kinguin/templates). in C:\xampp\htdocs\kinguin\vendor\twig\twig\lib\Twig\Loader\Filesystem.php:232
Stack trace:
#0 C:\xampp\htdocs\kinguin\vendor\twig\twig\lib\Twig\Loader\Filesystem.php(150): Twig_Loader_Filesystem->findTemplate('tableMenu.twig')
#1 C:\xampp\htdocs\kinguin\vendor\twig\twig\lib\Twig\Environment.php(329): Twig_Loader_Filesystem->getCacheKey('tableMenu.twig')
#2 C:\xampp\htdocs\kinguin\vendor\twig\twig\lib\Twig\Environment.php(419): Twig_Environment->getTemplateClass('tableMenu.twig')
#3 C:\xampp\htdocs\kinguin\vendor\yeephp\yeephp\Yee\Views\Twig.php(87): Twig_Environment->loadTemplate('tableMenu.twig')
#4 C:\xampp\htdocs\kinguin\vendor\yeephp\yeephp\Yee\View.php(255): Yee\Views\Twig->render('tableMenu.twig', NULL)
#5 C:\xampp\htdocs\kinguin\vendor\yeephp\yeephp\Yee\View.php(243): Yee\View->fetch('tableMenu.twig', NULL)
#6 C:\xampp\htdocs\kinguin\vendor\yeephp\yeephp\Yee\Yee.php(766): Yee\View->display('tableMenu.twig')
#7 C:\xampp\htdocs\kinguin\App\Controllers\TableController\TableController.php(52): Yee\Yee->render('tableMenu.twig', Array)
#8 [internal function]: App\Controllers\TableController\TableController->showSubCategory('2')
#9 C:\xampp\htdocs\kinguin\vendor\yeephp\yeephp\Yee\Managers\Controller\Controller.php(23): call_user_func_array(Array, Array)
#10 [internal function]: Yee\Managers\Controller\Controller::__callStatic('showSubCategory', Array)
#11 C:\xampp\htdocs\kinguin\vendor\yeephp\yeephp\Yee\Route.php(468): call_user_func_array('\\App\\Controller...', Array)
#12 C:\xampp\htdocs\kinguin\vendor\yeephp\yeephp\Yee\Yee.php(1374): Yee\Route->dispatch()
#13 C:\xampp\htdocs\kinguin\vendor\yeephp\yeephp\Yee\Middleware\Flash.php(85): Yee\Yee->call()
#14 C:\xampp\htdocs\kinguin\vendor\yeephp\yeephp\Yee\Middleware\MethodOverride.php(92): Yee\Middleware\Flash->call()
#15 C:\xampp\htdocs\kinguin\vendor\yeephp\yeephp\Yee\Middleware\PrettyExceptions.php(67): Yee\Middleware\MethodOverride->call()
#16 C:\xampp\htdocs\kinguin\vendor\yeephp\yeephp\Yee\Yee.php(1282): Yee\Middleware\PrettyExceptions->call()
#17 C:\xampp\htdocs\kinguin\public\index.php(25): Yee\Yee->execute()
#18 {main}
ERROR - 2017-07-26 14:39:05 - Twig_Error_Loader: Unable to find template "tableMenu.twig" (looked into: C:\xampp\htdocs\kinguin/templates). in C:\xampp\htdocs\kinguin\vendor\twig\twig\lib\Twig\Loader\Filesystem.php:232
Stack trace:
#0 C:\xampp\htdocs\kinguin\vendor\twig\twig\lib\Twig\Loader\Filesystem.php(150): Twig_Loader_Filesystem->findTemplate('tableMenu.twig')
#1 C:\xampp\htdocs\kinguin\vendor\twig\twig\lib\Twig\Environment.php(329): Twig_Loader_Filesystem->getCacheKey('tableMenu.twig')
#2 C:\xampp\htdocs\kinguin\vendor\twig\twig\lib\Twig\Environment.php(419): Twig_Environment->getTemplateClass('tableMenu.twig')
#3 C:\xampp\htdocs\kinguin\vendor\yeephp\yeephp\Yee\Views\Twig.php(87): Twig_Environment->loadTemplate('tableMenu.twig')
#4 C:\xampp\htdocs\kinguin\vendor\yeephp\yeephp\Yee\View.php(255): Yee\Views\Twig->render('tableMenu.twig', NULL)
#5 C:\xampp\htdocs\kinguin\vendor\yeephp\yeephp\Yee\View.php(243): Yee\View->fetch('tableMenu.twig', NULL)
#6 C:\xampp\htdocs\kinguin\vendor\yeephp\yeephp\Yee\Yee.php(766): Yee\View->display('tableMenu.twig')
#7 C:\xampp\htdocs\kinguin\App\Controllers\TableController\TableController.php(52): Yee\Yee->render('tableMenu.twig', Array)
#8 [internal function]: App\Controllers\TableController\TableController->showSubCategory('3')
#9 C:\xampp\htdocs\kinguin\vendor\yeephp\yeephp\Yee\Managers\Controller\Controller.php(23): call_user_func_array(Array, Array)
#10 [internal function]: Yee\Managers\Controller\Controller::__callStatic('showSubCategory', Array)
#11 C:\xampp\htdocs\kinguin\vendor\yeephp\yeephp\Yee\Route.php(468): call_user_func_array('\\App\\Controller...', Array)
#12 C:\xampp\htdocs\kinguin\vendor\yeephp\yeephp\Yee\Yee.php(1374): Yee\Route->dispatch()
#13 C:\xampp\htdocs\kinguin\vendor\yeephp\yeephp\Yee\Middleware\Flash.php(85): Yee\Yee->call()
#14 C:\xampp\htdocs\kinguin\vendor\yeephp\yeephp\Yee\Middleware\MethodOverride.php(92): Yee\Middleware\Flash->call()
#15 C:\xampp\htdocs\kinguin\vendor\yeephp\yeephp\Yee\Middleware\PrettyExceptions.php(67): Yee\Middleware\MethodOverride->call()
#16 C:\xampp\htdocs\kinguin\vendor\yeephp\yeephp\Yee\Yee.php(1282): Yee\Middleware\PrettyExceptions->call()
#17 C:\xampp\htdocs\kinguin\public\index.php(25): Yee\Yee->execute()
#18 {main}
ERROR - 2017-07-26 14:39:06 - Twig_Error_Loader: Unable to find template "tableMenu.twig" (looked into: C:\xampp\htdocs\kinguin/templates). in C:\xampp\htdocs\kinguin\vendor\twig\twig\lib\Twig\Loader\Filesystem.php:232
Stack trace:
#0 C:\xampp\htdocs\kinguin\vendor\twig\twig\lib\Twig\Loader\Filesystem.php(150): Twig_Loader_Filesystem->findTemplate('tableMenu.twig')
#1 C:\xampp\htdocs\kinguin\vendor\twig\twig\lib\Twig\Environment.php(329): Twig_Loader_Filesystem->getCacheKey('tableMenu.twig')
#2 C:\xampp\htdocs\kinguin\vendor\twig\twig\lib\Twig\Environment.php(419): Twig_Environment->getTemplateClass('tableMenu.twig')
#3 C:\xampp\htdocs\kinguin\vendor\yeephp\yeephp\Yee\Views\Twig.php(87): Twig_Environment->loadTemplate('tableMenu.twig')
#4 C:\xampp\htdocs\kinguin\vendor\yeephp\yeephp\Yee\View.php(255): Yee\Views\Twig->render('tableMenu.twig', NULL)
#5 C:\xampp\htdocs\kinguin\vendor\yeephp\yeephp\Yee\View.php(243): Yee\View->fetch('tableMenu.twig', NULL)
#6 C:\xampp\htdocs\kinguin\vendor\yeephp\yeephp\Yee\Yee.php(766): Yee\View->display('tableMenu.twig')
#7 C:\xampp\htdocs\kinguin\App\Controllers\TableController\TableController.php(52): Yee\Yee->render('tableMenu.twig', Array)
#8 [internal function]: App\Controllers\TableController\TableController->showSubCategory('4')
#9 C:\xampp\htdocs\kinguin\vendor\yeephp\yeephp\Yee\Managers\Controller\Controller.php(23): call_user_func_array(Array, Array)
#10 [internal function]: Yee\Managers\Controller\Controller::__callStatic('showSubCategory', Array)
#11 C:\xampp\htdocs\kinguin\vendor\yeephp\yeephp\Yee\Route.php(468): call_user_func_array('\\App\\Controller...', Array)
#12 C:\xampp\htdocs\kinguin\vendor\yeephp\yeephp\Yee\Yee.php(1374): Yee\Route->dispatch()
#13 C:\xampp\htdocs\kinguin\vendor\yeephp\yeephp\Yee\Middleware\Flash.php(85): Yee\Yee->call()
#14 C:\xampp\htdocs\kinguin\vendor\yeephp\yeephp\Yee\Middleware\MethodOverride.php(92): Yee\Middleware\Flash->call()
#15 C:\xampp\htdocs\kinguin\vendor\yeephp\yeephp\Yee\Middleware\PrettyExceptions.php(67): Yee\Middleware\MethodOverride->call()
#16 C:\xampp\htdocs\kinguin\vendor\yeephp\yeephp\Yee\Yee.php(1282): Yee\Middleware\PrettyExceptions->call()
#17 C:\xampp\htdocs\kinguin\public\index.php(25): Yee\Yee->execute()
#18 {main}
ERROR - 2017-07-26 14:39:06 - Twig_Error_Loader: Unable to find template "tableMenu.twig" (looked into: C:\xampp\htdocs\kinguin/templates). in C:\xampp\htdocs\kinguin\vendor\twig\twig\lib\Twig\Loader\Filesystem.php:232
Stack trace:
#0 C:\xampp\htdocs\kinguin\vendor\twig\twig\lib\Twig\Loader\Filesystem.php(150): Twig_Loader_Filesystem->findTemplate('tableMenu.twig')
#1 C:\xampp\htdocs\kinguin\vendor\twig\twig\lib\Twig\Environment.php(329): Twig_Loader_Filesystem->getCacheKey('tableMenu.twig')
#2 C:\xampp\htdocs\kinguin\vendor\twig\twig\lib\Twig\Environment.php(419): Twig_Environment->getTemplateClass('tableMenu.twig')
#3 C:\xampp\htdocs\kinguin\vendor\yeephp\yeephp\Yee\Views\Twig.php(87): Twig_Environment->loadTemplate('tableMenu.twig')
#4 C:\xampp\htdocs\kinguin\vendor\yeephp\yeephp\Yee\View.php(255): Yee\Views\Twig->render('tableMenu.twig', NULL)
#5 C:\xampp\htdocs\kinguin\vendor\yeephp\yeephp\Yee\View.php(243): Yee\View->fetch('tableMenu.twig', NULL)
#6 C:\xampp\htdocs\kinguin\vendor\yeephp\yeephp\Yee\Yee.php(766): Yee\View->display('tableMenu.twig')
#7 C:\xampp\htdocs\kinguin\App\Controllers\TableController\TableController.php(52): Yee\Yee->render('tableMenu.twig', Array)
#8 [internal function]: App\Controllers\TableController\TableController->showSubCategory('5')
#9 C:\xampp\htdocs\kinguin\vendor\yeephp\yeephp\Yee\Managers\Controller\Controller.php(23): call_user_func_array(Array, Array)
#10 [internal function]: Yee\Managers\Controller\Controller::__callStatic('showSubCategory', Array)
#11 C:\xampp\htdocs\kinguin\vendor\yeephp\yeephp\Yee\Route.php(468): call_user_func_array('\\App\\Controller...', Array)
#12 C:\xampp\htdocs\kinguin\vendor\yeephp\yeephp\Yee\Yee.php(1374): Yee\Route->dispatch()
#13 C:\xampp\htdocs\kinguin\vendor\yeephp\yeephp\Yee\Middleware\Flash.php(85): Yee\Yee->call()
#14 C:\xampp\htdocs\kinguin\vendor\yeephp\yeephp\Yee\Middleware\MethodOverride.php(92): Yee\Middleware\Flash->call()
#15 C:\xampp\htdocs\kinguin\vendor\yeephp\yeephp\Yee\Middleware\PrettyExceptions.php(67): Yee\Middleware\MethodOverride->call()
#16 C:\xampp\htdocs\kinguin\vendor\yeephp\yeephp\Yee\Yee.php(1282): Yee\Middleware\PrettyExceptions->call()
#17 C:\xampp\htdocs\kinguin\public\index.php(25): Yee\Yee->execute()
#18 {main}
ERROR - 2017-07-26 14:39:07 - Twig_Error_Loader: Unable to find template "tableMenu.twig" (looked into: C:\xampp\htdocs\kinguin/templates). in C:\xampp\htdocs\kinguin\vendor\twig\twig\lib\Twig\Loader\Filesystem.php:232
Stack trace:
#0 C:\xampp\htdocs\kinguin\vendor\twig\twig\lib\Twig\Loader\Filesystem.php(150): Twig_Loader_Filesystem->findTemplate('tableMenu.twig')
#1 C:\xampp\htdocs\kinguin\vendor\twig\twig\lib\Twig\Environment.php(329): Twig_Loader_Filesystem->getCacheKey('tableMenu.twig')
#2 C:\xampp\htdocs\kinguin\vendor\twig\twig\lib\Twig\Environment.php(419): Twig_Environment->getTemplateClass('tableMenu.twig')
#3 C:\xampp\htdocs\kinguin\vendor\yeephp\yeephp\Yee\Views\Twig.php(87): Twig_Environment->loadTemplate('tableMenu.twig')
#4 C:\xampp\htdocs\kinguin\vendor\yeephp\yeephp\Yee\View.php(255): Yee\Views\Twig->render('tableMenu.twig', NULL)
#5 C:\xampp\htdocs\kinguin\vendor\yeephp\yeephp\Yee\View.php(243): Yee\View->fetch('tableMenu.twig', NULL)
#6 C:\xampp\htdocs\kinguin\vendor\yeephp\yeephp\Yee\Yee.php(766): Yee\View->display('tableMenu.twig')
#7 C:\xampp\htdocs\kinguin\App\Controllers\TableController\TableController.php(52): Yee\Yee->render('tableMenu.twig', Array)
#8 [internal function]: App\Controllers\TableController\TableController->showSubCategory('2')
#9 C:\xampp\htdocs\kinguin\vendor\yeephp\yeephp\Yee\Managers\Controller\Controller.php(23): call_user_func_array(Array, Array)
#10 [internal function]: Yee\Managers\Controller\Controller::__callStatic('showSubCategory', Array)
#11 C:\xampp\htdocs\kinguin\vendor\yeephp\yeephp\Yee\Route.php(468): call_user_func_array('\\App\\Controller...', Array)
#12 C:\xampp\htdocs\kinguin\vendor\yeephp\yeephp\Yee\Yee.php(1374): Yee\Route->dispatch()
#13 C:\xampp\htdocs\kinguin\vendor\yeephp\yeephp\Yee\Middleware\Flash.php(85): Yee\Yee->call()
#14 C:\xampp\htdocs\kinguin\vendor\yeephp\yeephp\Yee\Middleware\MethodOverride.php(92): Yee\Middleware\Flash->call()
#15 C:\xampp\htdocs\kinguin\vendor\yeephp\yeephp\Yee\Middleware\PrettyExceptions.php(67): Yee\Middleware\MethodOverride->call()
#16 C:\xampp\htdocs\kinguin\vendor\yeephp\yeephp\Yee\Yee.php(1282): Yee\Middleware\PrettyExceptions->call()
#17 C:\xampp\htdocs\kinguin\public\index.php(25): Yee\Yee->execute()
#18 {main}
ERROR - 2017-07-26 14:39:07 - Twig_Error_Loader: Unable to find template "tableMenu.twig" (looked into: C:\xampp\htdocs\kinguin/templates). in C:\xampp\htdocs\kinguin\vendor\twig\twig\lib\Twig\Loader\Filesystem.php:232
Stack trace:
#0 C:\xampp\htdocs\kinguin\vendor\twig\twig\lib\Twig\Loader\Filesystem.php(150): Twig_Loader_Filesystem->findTemplate('tableMenu.twig')
#1 C:\xampp\htdocs\kinguin\vendor\twig\twig\lib\Twig\Environment.php(329): Twig_Loader_Filesystem->getCacheKey('tableMenu.twig')
#2 C:\xampp\htdocs\kinguin\vendor\twig\twig\lib\Twig\Environment.php(419): Twig_Environment->getTemplateClass('tableMenu.twig')
#3 C:\xampp\htdocs\kinguin\vendor\yeephp\yeephp\Yee\Views\Twig.php(87): Twig_Environment->loadTemplate('tableMenu.twig')
#4 C:\xampp\htdocs\kinguin\vendor\yeephp\yeephp\Yee\View.php(255): Yee\Views\Twig->render('tableMenu.twig', NULL)
#5 C:\xampp\htdocs\kinguin\vendor\yeephp\yeephp\Yee\View.php(243): Yee\View->fetch('tableMenu.twig', NULL)
#6 C:\xampp\htdocs\kinguin\vendor\yeephp\yeephp\Yee\Yee.php(766): Yee\View->display('tableMenu.twig')
#7 C:\xampp\htdocs\kinguin\App\Controllers\TableController\TableController.php(52): Yee\Yee->render('tableMenu.twig', Array)
#8 [internal function]: App\Controllers\TableController\TableController->showSubCategory('1')
#9 C:\xampp\htdocs\kinguin\vendor\yeephp\yeephp\Yee\Managers\Controller\Controller.php(23): call_user_func_array(Array, Array)
#10 [internal function]: Yee\Managers\Controller\Controller::__callStatic('showSubCategory', Array)
#11 C:\xampp\htdocs\kinguin\vendor\yeephp\yeephp\Yee\Route.php(468): call_user_func_array('\\App\\Controller...', Array)
#12 C:\xampp\htdocs\kinguin\vendor\yeephp\yeephp\Yee\Yee.php(1374): Yee\Route->dispatch()
#13 C:\xampp\htdocs\kinguin\vendor\yeephp\yeephp\Yee\Middleware\Flash.php(85): Yee\Yee->call()
#14 C:\xampp\htdocs\kinguin\vendor\yeephp\yeephp\Yee\Middleware\MethodOverride.php(92): Yee\Middleware\Flash->call()
#15 C:\xampp\htdocs\kinguin\vendor\yeephp\yeephp\Yee\Middleware\PrettyExceptions.php(67): Yee\Middleware\MethodOverride->call()
#16 C:\xampp\htdocs\kinguin\vendor\yeephp\yeephp\Yee\Yee.php(1282): Yee\Middleware\PrettyExceptions->call()
#17 C:\xampp\htdocs\kinguin\public\index.php(25): Yee\Yee->execute()
#18 {main}
ERROR - 2017-07-26 14:39:07 - Twig_Error_Loader: Unable to find template "tableMenu.twig" (looked into: C:\xampp\htdocs\kinguin/templates). in C:\xampp\htdocs\kinguin\vendor\twig\twig\lib\Twig\Loader\Filesystem.php:232
Stack trace:
#0 C:\xampp\htdocs\kinguin\vendor\twig\twig\lib\Twig\Loader\Filesystem.php(150): Twig_Loader_Filesystem->findTemplate('tableMenu.twig')
#1 C:\xampp\htdocs\kinguin\vendor\twig\twig\lib\Twig\Environment.php(329): Twig_Loader_Filesystem->getCacheKey('tableMenu.twig')
#2 C:\xampp\htdocs\kinguin\vendor\twig\twig\lib\Twig\Environment.php(419): Twig_Environment->getTemplateClass('tableMenu.twig')
#3 C:\xampp\htdocs\kinguin\vendor\yeephp\yeephp\Yee\Views\Twig.php(87): Twig_Environment->loadTemplate('tableMenu.twig')
#4 C:\xampp\htdocs\kinguin\vendor\yeephp\yeephp\Yee\View.php(255): Yee\Views\Twig->render('tableMenu.twig', NULL)
#5 C:\xampp\htdocs\kinguin\vendor\yeephp\yeephp\Yee\View.php(243): Yee\View->fetch('tableMenu.twig', NULL)
#6 C:\xampp\htdocs\kinguin\vendor\yeephp\yeephp\Yee\Yee.php(766): Yee\View->display('tableMenu.twig')
#7 C:\xampp\htdocs\kinguin\App\Controllers\TableController\TableController.php(52): Yee\Yee->render('tableMenu.twig', Array)
#8 [internal function]: App\Controllers\TableController\TableController->showSubCategory('2')
#9 C:\xampp\htdocs\kinguin\vendor\yeephp\yeephp\Yee\Managers\Controller\Controller.php(23): call_user_func_array(Array, Array)
#10 [internal function]: Yee\Managers\Controller\Controller::__callStatic('showSubCategory', Array)
#11 C:\xampp\htdocs\kinguin\vendor\yeephp\yeephp\Yee\Route.php(468): call_user_func_array('\\App\\Controller...', Array)
#12 C:\xampp\htdocs\kinguin\vendor\yeephp\yeephp\Yee\Yee.php(1374): Yee\Route->dispatch()
#13 C:\xampp\htdocs\kinguin\vendor\yeephp\yeephp\Yee\Middleware\Flash.php(85): Yee\Yee->call()
#14 C:\xampp\htdocs\kinguin\vendor\yeephp\yeephp\Yee\Middleware\MethodOverride.php(92): Yee\Middleware\Flash->call()
#15 C:\xampp\htdocs\kinguin\vendor\yeephp\yeephp\Yee\Middleware\PrettyExceptions.php(67): Yee\Middleware\MethodOverride->call()
#16 C:\xampp\htdocs\kinguin\vendor\yeephp\yeephp\Yee\Yee.php(1282): Yee\Middleware\PrettyExceptions->call()
#17 C:\xampp\htdocs\kinguin\public\index.php(25): Yee\Yee->execute()
#18 {main}
ERROR - 2017-07-26 14:39:08 - Twig_Error_Loader: Unable to find template "tableMenu.twig" (looked into: C:\xampp\htdocs\kinguin/templates). in C:\xampp\htdocs\kinguin\vendor\twig\twig\lib\Twig\Loader\Filesystem.php:232
Stack trace:
#0 C:\xampp\htdocs\kinguin\vendor\twig\twig\lib\Twig\Loader\Filesystem.php(150): Twig_Loader_Filesystem->findTemplate('tableMenu.twig')
#1 C:\xampp\htdocs\kinguin\vendor\twig\twig\lib\Twig\Environment.php(329): Twig_Loader_Filesystem->getCacheKey('tableMenu.twig')
#2 C:\xampp\htdocs\kinguin\vendor\twig\twig\lib\Twig\Environment.php(419): Twig_Environment->getTemplateClass('tableMenu.twig')
#3 C:\xampp\htdocs\kinguin\vendor\yeephp\yeephp\Yee\Views\Twig.php(87): Twig_Environment->loadTemplate('tableMenu.twig')
#4 C:\xampp\htdocs\kinguin\vendor\yeephp\yeephp\Yee\View.php(255): Yee\Views\Twig->render('tableMenu.twig', NULL)
#5 C:\xampp\htdocs\kinguin\vendor\yeephp\yeephp\Yee\View.php(243): Yee\View->fetch('tableMenu.twig', NULL)
#6 C:\xampp\htdocs\kinguin\vendor\yeephp\yeephp\Yee\Yee.php(766): Yee\View->display('tableMenu.twig')
#7 C:\xampp\htdocs\kinguin\App\Controllers\TableController\TableController.php(52): Yee\Yee->render('tableMenu.twig', Array)
#8 [internal function]: App\Controllers\TableController\TableController->showSubCategory('3')
#9 C:\xampp\htdocs\kinguin\vendor\yeephp\yeephp\Yee\Managers\Controller\Controller.php(23): call_user_func_array(Array, Array)
#10 [internal function]: Yee\Managers\Controller\Controller::__callStatic('showSubCategory', Array)
#11 C:\xampp\htdocs\kinguin\vendor\yeephp\yeephp\Yee\Route.php(468): call_user_func_array('\\App\\Controller...', Array)
#12 C:\xampp\htdocs\kinguin\vendor\yeephp\yeephp\Yee\Yee.php(1374): Yee\Route->dispatch()
#13 C:\xampp\htdocs\kinguin\vendor\yeephp\yeephp\Yee\Middleware\Flash.php(85): Yee\Yee->call()
#14 C:\xampp\htdocs\kinguin\vendor\yeephp\yeephp\Yee\Middleware\MethodOverride.php(92): Yee\Middleware\Flash->call()
#15 C:\xampp\htdocs\kinguin\vendor\yeephp\yeephp\Yee\Middleware\PrettyExceptions.php(67): Yee\Middleware\MethodOverride->call()
#16 C:\xampp\htdocs\kinguin\vendor\yeephp\yeephp\Yee\Yee.php(1282): Yee\Middleware\PrettyExceptions->call()
#17 C:\xampp\htdocs\kinguin\public\index.php(25): Yee\Yee->execute()
#18 {main}
ERROR - 2017-07-26 14:39:08 - Twig_Error_Loader: Unable to find template "tableMenu.twig" (looked into: C:\xampp\htdocs\kinguin/templates). in C:\xampp\htdocs\kinguin\vendor\twig\twig\lib\Twig\Loader\Filesystem.php:232
Stack trace:
#0 C:\xampp\htdocs\kinguin\vendor\twig\twig\lib\Twig\Loader\Filesystem.php(150): Twig_Loader_Filesystem->findTemplate('tableMenu.twig')
#1 C:\xampp\htdocs\kinguin\vendor\twig\twig\lib\Twig\Environment.php(329): Twig_Loader_Filesystem->getCacheKey('tableMenu.twig')
#2 C:\xampp\htdocs\kinguin\vendor\twig\twig\lib\Twig\Environment.php(419): Twig_Environment->getTemplateClass('tableMenu.twig')
#3 C:\xampp\htdocs\kinguin\vendor\yeephp\yeephp\Yee\Views\Twig.php(87): Twig_Environment->loadTemplate('tableMenu.twig')
#4 C:\xampp\htdocs\kinguin\vendor\yeephp\yeephp\Yee\View.php(255): Yee\Views\Twig->render('tableMenu.twig', NULL)
#5 C:\xampp\htdocs\kinguin\vendor\yeephp\yeephp\Yee\View.php(243): Yee\View->fetch('tableMenu.twig', NULL)
#6 C:\xampp\htdocs\kinguin\vendor\yeephp\yeephp\Yee\Yee.php(766): Yee\View->display('tableMenu.twig')
#7 C:\xampp\htdocs\kinguin\App\Controllers\TableController\TableController.php(52): Yee\Yee->render('tableMenu.twig', Array)
#8 [internal function]: App\Controllers\TableController\TableController->showSubCategory('4')
#9 C:\xampp\htdocs\kinguin\vendor\yeephp\yeephp\Yee\Managers\Controller\Controller.php(23): call_user_func_array(Array, Array)
#10 [internal function]: Yee\Managers\Controller\Controller::__callStatic('showSubCategory', Array)
#11 C:\xampp\htdocs\kinguin\vendor\yeephp\yeephp\Yee\Route.php(468): call_user_func_array('\\App\\Controller...', Array)
#12 C:\xampp\htdocs\kinguin\vendor\yeephp\yeephp\Yee\Yee.php(1374): Yee\Route->dispatch()
#13 C:\xampp\htdocs\kinguin\vendor\yeephp\yeephp\Yee\Middleware\Flash.php(85): Yee\Yee->call()
#14 C:\xampp\htdocs\kinguin\vendor\yeephp\yeephp\Yee\Middleware\MethodOverride.php(92): Yee\Middleware\Flash->call()
#15 C:\xampp\htdocs\kinguin\vendor\yeephp\yeephp\Yee\Middleware\PrettyExceptions.php(67): Yee\Middleware\MethodOverride->call()
#16 C:\xampp\htdocs\kinguin\vendor\yeephp\yeephp\Yee\Yee.php(1282): Yee\Middleware\PrettyExceptions->call()
#17 C:\xampp\htdocs\kinguin\public\index.php(25): Yee\Yee->execute()
#18 {main}
ERROR - 2017-07-26 14:39:08 - Twig_Error_Loader: Unable to find template "tableMenu.twig" (looked into: C:\xampp\htdocs\kinguin/templates). in C:\xampp\htdocs\kinguin\vendor\twig\twig\lib\Twig\Loader\Filesystem.php:232
Stack trace:
#0 C:\xampp\htdocs\kinguin\vendor\twig\twig\lib\Twig\Loader\Filesystem.php(150): Twig_Loader_Filesystem->findTemplate('tableMenu.twig')
#1 C:\xampp\htdocs\kinguin\vendor\twig\twig\lib\Twig\Environment.php(329): Twig_Loader_Filesystem->getCacheKey('tableMenu.twig')
#2 C:\xampp\htdocs\kinguin\vendor\twig\twig\lib\Twig\Environment.php(419): Twig_Environment->getTemplateClass('tableMenu.twig')
#3 C:\xampp\htdocs\kinguin\vendor\yeephp\yeephp\Yee\Views\Twig.php(87): Twig_Environment->loadTemplate('tableMenu.twig')
#4 C:\xampp\htdocs\kinguin\vendor\yeephp\yeephp\Yee\View.php(255): Yee\Views\Twig->render('tableMenu.twig', NULL)
#5 C:\xampp\htdocs\kinguin\vendor\yeephp\yeephp\Yee\View.php(243): Yee\View->fetch('tableMenu.twig', NULL)
#6 C:\xampp\htdocs\kinguin\vendor\yeephp\yeephp\Yee\Yee.php(766): Yee\View->display('tableMenu.twig')
#7 C:\xampp\htdocs\kinguin\App\Controllers\TableController\TableController.php(52): Yee\Yee->render('tableMenu.twig', Array)
#8 [internal function]: App\Controllers\TableController\TableController->showSubCategory('5')
#9 C:\xampp\htdocs\kinguin\vendor\yeephp\yeephp\Yee\Managers\Controller\Controller.php(23): call_user_func_array(Array, Array)
#10 [internal function]: Yee\Managers\Controller\Controller::__callStatic('showSubCategory', Array)
#11 C:\xampp\htdocs\kinguin\vendor\yeephp\yeephp\Yee\Route.php(468): call_user_func_array('\\App\\Controller...', Array)
#12 C:\xampp\htdocs\kinguin\vendor\yeephp\yeephp\Yee\Yee.php(1374): Yee\Route->dispatch()
#13 C:\xampp\htdocs\kinguin\vendor\yeephp\yeephp\Yee\Middleware\Flash.php(85): Yee\Yee->call()
#14 C:\xampp\htdocs\kinguin\vendor\yeephp\yeephp\Yee\Middleware\MethodOverride.php(92): Yee\Middleware\Flash->call()
#15 C:\xampp\htdocs\kinguin\vendor\yeephp\yeephp\Yee\Middleware\PrettyExceptions.php(67): Yee\Middleware\MethodOverride->call()
#16 C:\xampp\htdocs\kinguin\vendor\yeephp\yeephp\Yee\Yee.php(1282): Yee\Middleware\PrettyExceptions->call()
#17 C:\xampp\htdocs\kinguin\public\index.php(25): Yee\Yee->execute()
#18 {main}
ERROR - 2017-07-26 14:39:09 - Twig_Error_Loader: Unable to find template "tableMenu.twig" (looked into: C:\xampp\htdocs\kinguin/templates). in C:\xampp\htdocs\kinguin\vendor\twig\twig\lib\Twig\Loader\Filesystem.php:232
Stack trace:
#0 C:\xampp\htdocs\kinguin\vendor\twig\twig\lib\Twig\Loader\Filesystem.php(150): Twig_Loader_Filesystem->findTemplate('tableMenu.twig')
#1 C:\xampp\htdocs\kinguin\vendor\twig\twig\lib\Twig\Environment.php(329): Twig_Loader_Filesystem->getCacheKey('tableMenu.twig')
#2 C:\xampp\htdocs\kinguin\vendor\twig\twig\lib\Twig\Environment.php(419): Twig_Environment->getTemplateClass('tableMenu.twig')
#3 C:\xampp\htdocs\kinguin\vendor\yeephp\yeephp\Yee\Views\Twig.php(87): Twig_Environment->loadTemplate('tableMenu.twig')
#4 C:\xampp\htdocs\kinguin\vendor\yeephp\yeephp\Yee\View.php(255): Yee\Views\Twig->render('tableMenu.twig', NULL)
#5 C:\xampp\htdocs\kinguin\vendor\yeephp\yeephp\Yee\View.php(243): Yee\View->fetch('tableMenu.twig', NULL)
#6 C:\xampp\htdocs\kinguin\vendor\yeephp\yeephp\Yee\Yee.php(766): Yee\View->display('tableMenu.twig')
#7 C:\xampp\htdocs\kinguin\App\Controllers\TableController\TableController.php(52): Yee\Yee->render('tableMenu.twig', Array)
#8 [internal function]: App\Controllers\TableController\TableController->showSubCategory('2')
#9 C:\xampp\htdocs\kinguin\vendor\yeephp\yeephp\Yee\Managers\Controller\Controller.php(23): call_user_func_array(Array, Array)
#10 [internal function]: Yee\Managers\Controller\Controller::__callStatic('showSubCategory', Array)
#11 C:\xampp\htdocs\kinguin\vendor\yeephp\yeephp\Yee\Route.php(468): call_user_func_array('\\App\\Controller...', Array)
#12 C:\xampp\htdocs\kinguin\vendor\yeephp\yeephp\Yee\Yee.php(1374): Yee\Route->dispatch()
#13 C:\xampp\htdocs\kinguin\vendor\yeephp\yeephp\Yee\Middleware\Flash.php(85): Yee\Yee->call()
#14 C:\xampp\htdocs\kinguin\vendor\yeephp\yeephp\Yee\Middleware\MethodOverride.php(92): Yee\Middleware\Flash->call()
#15 C:\xampp\htdocs\kinguin\vendor\yeephp\yeephp\Yee\Middleware\PrettyExceptions.php(67): Yee\Middleware\MethodOverride->call()
#16 C:\xampp\htdocs\kinguin\vendor\yeephp\yeephp\Yee\Yee.php(1282): Yee\Middleware\PrettyExceptions->call()
#17 C:\xampp\htdocs\kinguin\public\index.php(25): Yee\Yee->execute()
#18 {main}
ERROR - 2017-07-26 14:39:09 - Twig_Error_Loader: Unable to find template "tableMenu.twig" (looked into: C:\xampp\htdocs\kinguin/templates). in C:\xampp\htdocs\kinguin\vendor\twig\twig\lib\Twig\Loader\Filesystem.php:232
Stack trace:
#0 C:\xampp\htdocs\kinguin\vendor\twig\twig\lib\Twig\Loader\Filesystem.php(150): Twig_Loader_Filesystem->findTemplate('tableMenu.twig')
#1 C:\xampp\htdocs\kinguin\vendor\twig\twig\lib\Twig\Environment.php(329): Twig_Loader_Filesystem->getCacheKey('tableMenu.twig')
#2 C:\xampp\htdocs\kinguin\vendor\twig\twig\lib\Twig\Environment.php(419): Twig_Environment->getTemplateClass('tableMenu.twig')
#3 C:\xampp\htdocs\kinguin\vendor\yeephp\yeephp\Yee\Views\Twig.php(87): Twig_Environment->loadTemplate('tableMenu.twig')
#4 C:\xampp\htdocs\kinguin\vendor\yeephp\yeephp\Yee\View.php(255): Yee\Views\Twig->render('tableMenu.twig', NULL)
#5 C:\xampp\htdocs\kinguin\vendor\yeephp\yeephp\Yee\View.php(243): Yee\View->fetch('tableMenu.twig', NULL)
#6 C:\xampp\htdocs\kinguin\vendor\yeephp\yeephp\Yee\Yee.php(766): Yee\View->display('tableMenu.twig')
#7 C:\xampp\htdocs\kinguin\App\Controllers\TableController\TableController.php(52): Yee\Yee->render('tableMenu.twig', Array)
#8 [internal function]: App\Controllers\TableController\TableController->showSubCategory('1')
#9 C:\xampp\htdocs\kinguin\vendor\yeephp\yeephp\Yee\Managers\Controller\Controller.php(23): call_user_func_array(Array, Array)
#10 [internal function]: Yee\Managers\Controller\Controller::__callStatic('showSubCategory', Array)
#11 C:\xampp\htdocs\kinguin\vendor\yeephp\yeephp\Yee\Route.php(468): call_user_func_array('\\App\\Controller...', Array)
#12 C:\xampp\htdocs\kinguin\vendor\yeephp\yeephp\Yee\Yee.php(1374): Yee\Route->dispatch()
#13 C:\xampp\htdocs\kinguin\vendor\yeephp\yeephp\Yee\Middleware\Flash.php(85): Yee\Yee->call()
#14 C:\xampp\htdocs\kinguin\vendor\yeephp\yeephp\Yee\Middleware\MethodOverride.php(92): Yee\Middleware\Flash->call()
#15 C:\xampp\htdocs\kinguin\vendor\yeephp\yeephp\Yee\Middleware\PrettyExceptions.php(67): Yee\Middleware\MethodOverride->call()
#16 C:\xampp\htdocs\kinguin\vendor\yeephp\yeephp\Yee\Yee.php(1282): Yee\Middleware\PrettyExceptions->call()
#17 C:\xampp\htdocs\kinguin\public\index.php(25): Yee\Yee->execute()
#18 {main}
ERROR - 2017-07-26 14:39:09 - Twig_Error_Loader: Unable to find template "tableMenu.twig" (looked into: C:\xampp\htdocs\kinguin/templates). in C:\xampp\htdocs\kinguin\vendor\twig\twig\lib\Twig\Loader\Filesystem.php:232
Stack trace:
#0 C:\xampp\htdocs\kinguin\vendor\twig\twig\lib\Twig\Loader\Filesystem.php(150): Twig_Loader_Filesystem->findTemplate('tableMenu.twig')
#1 C:\xampp\htdocs\kinguin\vendor\twig\twig\lib\Twig\Environment.php(329): Twig_Loader_Filesystem->getCacheKey('tableMenu.twig')
#2 C:\xampp\htdocs\kinguin\vendor\twig\twig\lib\Twig\Environment.php(419): Twig_Environment->getTemplateClass('tableMenu.twig')
#3 C:\xampp\htdocs\kinguin\vendor\yeephp\yeephp\Yee\Views\Twig.php(87): Twig_Environment->loadTemplate('tableMenu.twig')
#4 C:\xampp\htdocs\kinguin\vendor\yeephp\yeephp\Yee\View.php(255): Yee\Views\Twig->render('tableMenu.twig', NULL)
#5 C:\xampp\htdocs\kinguin\vendor\yeephp\yeephp\Yee\View.php(243): Yee\View->fetch('tableMenu.twig', NULL)
#6 C:\xampp\htdocs\kinguin\vendor\yeephp\yeephp\Yee\Yee.php(766): Yee\View->display('tableMenu.twig')
#7 C:\xampp\htdocs\kinguin\App\Controllers\TableController\TableController.php(52): Yee\Yee->render('tableMenu.twig', Array)
#8 [internal function]: App\Controllers\TableController\TableController->showSubCategory('2')
#9 C:\xampp\htdocs\kinguin\vendor\yeephp\yeephp\Yee\Managers\Controller\Controller.php(23): call_user_func_array(Array, Array)
#10 [internal function]: Yee\Managers\Controller\Controller::__callStatic('showSubCategory', Array)
#11 C:\xampp\htdocs\kinguin\vendor\yeephp\yeephp\Yee\Route.php(468): call_user_func_array('\\App\\Controller...', Array)
#12 C:\xampp\htdocs\kinguin\vendor\yeephp\yeephp\Yee\Yee.php(1374): Yee\Route->dispatch()
#13 C:\xampp\htdocs\kinguin\vendor\yeephp\yeephp\Yee\Middleware\Flash.php(85): Yee\Yee->call()
#14 C:\xampp\htdocs\kinguin\vendor\yeephp\yeephp\Yee\Middleware\MethodOverride.php(92): Yee\Middleware\Flash->call()
#15 C:\xampp\htdocs\kinguin\vendor\yeephp\yeephp\Yee\Middleware\PrettyExceptions.php(67): Yee\Middleware\MethodOverride->call()
#16 C:\xampp\htdocs\kinguin\vendor\yeephp\yeephp\Yee\Yee.php(1282): Yee\Middleware\PrettyExceptions->call()
#17 C:\xampp\htdocs\kinguin\public\index.php(25): Yee\Yee->execute()
#18 {main}
ERROR - 2017-07-26 14:40:48 - Twig_Error_Loader: Unable to find template "tableMenu.twig" (looked into: C:\xampp\htdocs\kinguin/templates). in C:\xampp\htdocs\kinguin\vendor\twig\twig\lib\Twig\Loader\Filesystem.php:232
Stack trace:
#0 C:\xampp\htdocs\kinguin\vendor\twig\twig\lib\Twig\Loader\Filesystem.php(150): Twig_Loader_Filesystem->findTemplate('tableMenu.twig')
#1 C:\xampp\htdocs\kinguin\vendor\twig\twig\lib\Twig\Environment.php(329): Twig_Loader_Filesystem->getCacheKey('tableMenu.twig')
#2 C:\xampp\htdocs\kinguin\vendor\twig\twig\lib\Twig\Environment.php(419): Twig_Environment->getTemplateClass('tableMenu.twig')
#3 C:\xampp\htdocs\kinguin\vendor\yeephp\yeephp\Yee\Views\Twig.php(87): Twig_Environment->loadTemplate('tableMenu.twig')
#4 C:\xampp\htdocs\kinguin\vendor\yeephp\yeephp\Yee\View.php(255): Yee\Views\Twig->render('tableMenu.twig', NULL)
#5 C:\xampp\htdocs\kinguin\vendor\yeephp\yeephp\Yee\View.php(243): Yee\View->fetch('tableMenu.twig', NULL)
#6 C:\xampp\htdocs\kinguin\vendor\yeephp\yeephp\Yee\Yee.php(766): Yee\View->display('tableMenu.twig')
#7 C:\xampp\htdocs\kinguin\App\Controllers\TableController\TableController.php(52): Yee\Yee->render('tableMenu.twig', Array)
#8 [internal function]: App\Controllers\TableController\TableController->showSubCategory('1')
#9 C:\xampp\htdocs\kinguin\vendor\yeephp\yeephp\Yee\Managers\Controller\Controller.php(23): call_user_func_array(Array, Array)
#10 [internal function]: Yee\Managers\Controller\Controller::__callStatic('showSubCategory', Array)
#11 C:\xampp\htdocs\kinguin\vendor\yeephp\yeephp\Yee\Route.php(468): call_user_func_array('\\App\\Controller...', Array)
#12 C:\xampp\htdocs\kinguin\vendor\yeephp\yeephp\Yee\Yee.php(1374): Yee\Route->dispatch()
#13 C:\xampp\htdocs\kinguin\vendor\yeephp\yeephp\Yee\Middleware\Flash.php(85): Yee\Yee->call()
#14 C:\xampp\htdocs\kinguin\vendor\yeephp\yeephp\Yee\Middleware\MethodOverride.php(92): Yee\Middleware\Flash->call()
#15 C:\xampp\htdocs\kinguin\vendor\yeephp\yeephp\Yee\Middleware\PrettyExceptions.php(67): Yee\Middleware\MethodOverride->call()
#16 C:\xampp\htdocs\kinguin\vendor\yeephp\yeephp\Yee\Yee.php(1282): Yee\Middleware\PrettyExceptions->call()
#17 C:\xampp\htdocs\kinguin\public\index.php(25): Yee\Yee->execute()
#18 {main}
ERROR - 2017-07-26 14:40:49 - Twig_Error_Loader: Unable to find template "tableMenu.twig" (looked into: C:\xampp\htdocs\kinguin/templates). in C:\xampp\htdocs\kinguin\vendor\twig\twig\lib\Twig\Loader\Filesystem.php:232
Stack trace:
#0 C:\xampp\htdocs\kinguin\vendor\twig\twig\lib\Twig\Loader\Filesystem.php(150): Twig_Loader_Filesystem->findTemplate('tableMenu.twig')
#1 C:\xampp\htdocs\kinguin\vendor\twig\twig\lib\Twig\Environment.php(329): Twig_Loader_Filesystem->getCacheKey('tableMenu.twig')
#2 C:\xampp\htdocs\kinguin\vendor\twig\twig\lib\Twig\Environment.php(419): Twig_Environment->getTemplateClass('tableMenu.twig')
#3 C:\xampp\htdocs\kinguin\vendor\yeephp\yeephp\Yee\Views\Twig.php(87): Twig_Environment->loadTemplate('tableMenu.twig')
#4 C:\xampp\htdocs\kinguin\vendor\yeephp\yeephp\Yee\View.php(255): Yee\Views\Twig->render('tableMenu.twig', NULL)
#5 C:\xampp\htdocs\kinguin\vendor\yeephp\yeephp\Yee\View.php(243): Yee\View->fetch('tableMenu.twig', NULL)
#6 C:\xampp\htdocs\kinguin\vendor\yeephp\yeephp\Yee\Yee.php(766): Yee\View->display('tableMenu.twig')
#7 C:\xampp\htdocs\kinguin\App\Controllers\TableController\TableController.php(52): Yee\Yee->render('tableMenu.twig', Array)
#8 [internal function]: App\Controllers\TableController\TableController->showSubCategory('2')
#9 C:\xampp\htdocs\kinguin\vendor\yeephp\yeephp\Yee\Managers\Controller\Controller.php(23): call_user_func_array(Array, Array)
#10 [internal function]: Yee\Managers\Controller\Controller::__callStatic('showSubCategory', Array)
#11 C:\xampp\htdocs\kinguin\vendor\yeephp\yeephp\Yee\Route.php(468): call_user_func_array('\\App\\Controller...', Array)
#12 C:\xampp\htdocs\kinguin\vendor\yeephp\yeephp\Yee\Yee.php(1374): Yee\Route->dispatch()
#13 C:\xampp\htdocs\kinguin\vendor\yeephp\yeephp\Yee\Middleware\Flash.php(85): Yee\Yee->call()
#14 C:\xampp\htdocs\kinguin\vendor\yeephp\yeephp\Yee\Middleware\MethodOverride.php(92): Yee\Middleware\Flash->call()
#15 C:\xampp\htdocs\kinguin\vendor\yeephp\yeephp\Yee\Middleware\PrettyExceptions.php(67): Yee\Middleware\MethodOverride->call()
#16 C:\xampp\htdocs\kinguin\vendor\yeephp\yeephp\Yee\Yee.php(1282): Yee\Middleware\PrettyExceptions->call()
#17 C:\xampp\htdocs\kinguin\public\index.php(25): Yee\Yee->execute()
#18 {main}
ERROR - 2017-07-26 14:41:54 - Twig_Error_Loader: Unable to find template "tableMenu.twig" (looked into: C:\xampp\htdocs\kinguin/templates). in C:\xampp\htdocs\kinguin\vendor\twig\twig\lib\Twig\Loader\Filesystem.php:232
Stack trace:
#0 C:\xampp\htdocs\kinguin\vendor\twig\twig\lib\Twig\Loader\Filesystem.php(150): Twig_Loader_Filesystem->findTemplate('tableMenu.twig')
#1 C:\xampp\htdocs\kinguin\vendor\twig\twig\lib\Twig\Environment.php(329): Twig_Loader_Filesystem->getCacheKey('tableMenu.twig')
#2 C:\xampp\htdocs\kinguin\vendor\twig\twig\lib\Twig\Environment.php(419): Twig_Environment->getTemplateClass('tableMenu.twig')
#3 C:\xampp\htdocs\kinguin\vendor\yeephp\yeephp\Yee\Views\Twig.php(87): Twig_Environment->loadTemplate('tableMenu.twig')
#4 C:\xampp\htdocs\kinguin\vendor\yeephp\yeephp\Yee\View.php(255): Yee\Views\Twig->render('tableMenu.twig', NULL)
#5 C:\xampp\htdocs\kinguin\vendor\yeephp\yeephp\Yee\View.php(243): Yee\View->fetch('tableMenu.twig', NULL)
#6 C:\xampp\htdocs\kinguin\vendor\yeephp\yeephp\Yee\Yee.php(766): Yee\View->display('tableMenu.twig')
#7 C:\xampp\htdocs\kinguin\App\Controllers\TableController\TableController.php(52): Yee\Yee->render('tableMenu.twig', Array)
#8 [internal function]: App\Controllers\TableController\TableController->showSubCategory('1')
#9 C:\xampp\htdocs\kinguin\vendor\yeephp\yeephp\Yee\Managers\Controller\Controller.php(23): call_user_func_array(Array, Array)
#10 [internal function]: Yee\Managers\Controller\Controller::__callStatic('showSubCategory', Array)
#11 C:\xampp\htdocs\kinguin\vendor\yeephp\yeephp\Yee\Route.php(468): call_user_func_array('\\App\\Controller...', Array)
#12 C:\xampp\htdocs\kinguin\vendor\yeephp\yeephp\Yee\Yee.php(1374): Yee\Route->dispatch()
#13 C:\xampp\htdocs\kinguin\vendor\yeephp\yeephp\Yee\Middleware\Flash.php(85): Yee\Yee->call()
#14 C:\xampp\htdocs\kinguin\vendor\yeephp\yeephp\Yee\Middleware\MethodOverride.php(92): Yee\Middleware\Flash->call()
#15 C:\xampp\htdocs\kinguin\vendor\yeephp\yeephp\Yee\Middleware\PrettyExceptions.php(67): Yee\Middleware\MethodOverride->call()
#16 C:\xampp\htdocs\kinguin\vendor\yeephp\yeephp\Yee\Yee.php(1282): Yee\Middleware\PrettyExceptions->call()
#17 C:\xampp\htdocs\kinguin\public\index.php(25): Yee\Yee->execute()
#18 {main}
ERROR - 2017-07-26 14:41:55 - Twig_Error_Loader: Unable to find template "tableMenu.twig" (looked into: C:\xampp\htdocs\kinguin/templates). in C:\xampp\htdocs\kinguin\vendor\twig\twig\lib\Twig\Loader\Filesystem.php:232
Stack trace:
#0 C:\xampp\htdocs\kinguin\vendor\twig\twig\lib\Twig\Loader\Filesystem.php(150): Twig_Loader_Filesystem->findTemplate('tableMenu.twig')
#1 C:\xampp\htdocs\kinguin\vendor\twig\twig\lib\Twig\Environment.php(329): Twig_Loader_Filesystem->getCacheKey('tableMenu.twig')
#2 C:\xampp\htdocs\kinguin\vendor\twig\twig\lib\Twig\Environment.php(419): Twig_Environment->getTemplateClass('tableMenu.twig')
#3 C:\xampp\htdocs\kinguin\vendor\yeephp\yeephp\Yee\Views\Twig.php(87): Twig_Environment->loadTemplate('tableMenu.twig')
#4 C:\xampp\htdocs\kinguin\vendor\yeephp\yeephp\Yee\View.php(255): Yee\Views\Twig->render('tableMenu.twig', NULL)
#5 C:\xampp\htdocs\kinguin\vendor\yeephp\yeephp\Yee\View.php(243): Yee\View->fetch('tableMenu.twig', NULL)
#6 C:\xampp\htdocs\kinguin\vendor\yeephp\yeephp\Yee\Yee.php(766): Yee\View->display('tableMenu.twig')
#7 C:\xampp\htdocs\kinguin\App\Controllers\TableController\TableController.php(52): Yee\Yee->render('tableMenu.twig', Array)
#8 [internal function]: App\Controllers\TableController\TableController->showSubCategory('2')
#9 C:\xampp\htdocs\kinguin\vendor\yeephp\yeephp\Yee\Managers\Controller\Controller.php(23): call_user_func_array(Array, Array)
#10 [internal function]: Yee\Managers\Controller\Controller::__callStatic('showSubCategory', Array)
#11 C:\xampp\htdocs\kinguin\vendor\yeephp\yeephp\Yee\Route.php(468): call_user_func_array('\\App\\Controller...', Array)
#12 C:\xampp\htdocs\kinguin\vendor\yeephp\yeephp\Yee\Yee.php(1374): Yee\Route->dispatch()
#13 C:\xampp\htdocs\kinguin\vendor\yeephp\yeephp\Yee\Middleware\Flash.php(85): Yee\Yee->call()
#14 C:\xampp\htdocs\kinguin\vendor\yeephp\yeephp\Yee\Middleware\MethodOverride.php(92): Yee\Middleware\Flash->call()
#15 C:\xampp\htdocs\kinguin\vendor\yeephp\yeephp\Yee\Middleware\PrettyExceptions.php(67): Yee\Middleware\MethodOverride->call()
#16 C:\xampp\htdocs\kinguin\vendor\yeephp\yeephp\Yee\Yee.php(1282): Yee\Middleware\PrettyExceptions->call()
#17 C:\xampp\htdocs\kinguin\public\index.php(25): Yee\Yee->execute()
#18 {main}
ERROR - 2017-07-26 14:41:56 - Twig_Error_Loader: Unable to find template "tableMenu.twig" (looked into: C:\xampp\htdocs\kinguin/templates). in C:\xampp\htdocs\kinguin\vendor\twig\twig\lib\Twig\Loader\Filesystem.php:232
Stack trace:
#0 C:\xampp\htdocs\kinguin\vendor\twig\twig\lib\Twig\Loader\Filesystem.php(150): Twig_Loader_Filesystem->findTemplate('tableMenu.twig')
#1 C:\xampp\htdocs\kinguin\vendor\twig\twig\lib\Twig\Environment.php(329): Twig_Loader_Filesystem->getCacheKey('tableMenu.twig')
#2 C:\xampp\htdocs\kinguin\vendor\twig\twig\lib\Twig\Environment.php(419): Twig_Environment->getTemplateClass('tableMenu.twig')
#3 C:\xampp\htdocs\kinguin\vendor\yeephp\yeephp\Yee\Views\Twig.php(87): Twig_Environment->loadTemplate('tableMenu.twig')
#4 C:\xampp\htdocs\kinguin\vendor\yeephp\yeephp\Yee\View.php(255): Yee\Views\Twig->render('tableMenu.twig', NULL)
#5 C:\xampp\htdocs\kinguin\vendor\yeephp\yeephp\Yee\View.php(243): Yee\View->fetch('tableMenu.twig', NULL)
#6 C:\xampp\htdocs\kinguin\vendor\yeephp\yeephp\Yee\Yee.php(766): Yee\View->display('tableMenu.twig')
#7 C:\xampp\htdocs\kinguin\App\Controllers\TableController\TableController.php(52): Yee\Yee->render('tableMenu.twig', Array)
#8 [internal function]: App\Controllers\TableController\TableController->showSubCategory('3')
#9 C:\xampp\htdocs\kinguin\vendor\yeephp\yeephp\Yee\Managers\Controller\Controller.php(23): call_user_func_array(Array, Array)
#10 [internal function]: Yee\Managers\Controller\Controller::__callStatic('showSubCategory', Array)
#11 C:\xampp\htdocs\kinguin\vendor\yeephp\yeephp\Yee\Route.php(468): call_user_func_array('\\App\\Controller...', Array)
#12 C:\xampp\htdocs\kinguin\vendor\yeephp\yeephp\Yee\Yee.php(1374): Yee\Route->dispatch()
#13 C:\xampp\htdocs\kinguin\vendor\yeephp\yeephp\Yee\Middleware\Flash.php(85): Yee\Yee->call()
#14 C:\xampp\htdocs\kinguin\vendor\yeephp\yeephp\Yee\Middleware\MethodOverride.php(92): Yee\Middleware\Flash->call()
#15 C:\xampp\htdocs\kinguin\vendor\yeephp\yeephp\Yee\Middleware\PrettyExceptions.php(67): Yee\Middleware\MethodOverride->call()
#16 C:\xampp\htdocs\kinguin\vendor\yeephp\yeephp\Yee\Yee.php(1282): Yee\Middleware\PrettyExceptions->call()
#17 C:\xampp\htdocs\kinguin\public\index.php(25): Yee\Yee->execute()
#18 {main}
ERROR - 2017-07-26 14:42:03 - Twig_Error_Loader: Unable to find template "tableMenu.twig" (looked into: C:\xampp\htdocs\kinguin/templates). in C:\xampp\htdocs\kinguin\vendor\twig\twig\lib\Twig\Loader\Filesystem.php:232
Stack trace:
#0 C:\xampp\htdocs\kinguin\vendor\twig\twig\lib\Twig\Loader\Filesystem.php(150): Twig_Loader_Filesystem->findTemplate('tableMenu.twig')
#1 C:\xampp\htdocs\kinguin\vendor\twig\twig\lib\Twig\Environment.php(329): Twig_Loader_Filesystem->getCacheKey('tableMenu.twig')
#2 C:\xampp\htdocs\kinguin\vendor\twig\twig\lib\Twig\Environment.php(419): Twig_Environment->getTemplateClass('tableMenu.twig')
#3 C:\xampp\htdocs\kinguin\vendor\yeephp\yeephp\Yee\Views\Twig.php(87): Twig_Environment->loadTemplate('tableMenu.twig')
#4 C:\xampp\htdocs\kinguin\vendor\yeephp\yeephp\Yee\View.php(255): Yee\Views\Twig->render('tableMenu.twig', NULL)
#5 C:\xampp\htdocs\kinguin\vendor\yeephp\yeephp\Yee\View.php(243): Yee\View->fetch('tableMenu.twig', NULL)
#6 C:\xampp\htdocs\kinguin\vendor\yeephp\yeephp\Yee\Yee.php(766): Yee\View->display('tableMenu.twig')
#7 C:\xampp\htdocs\kinguin\App\Controllers\TableController\TableController.php(52): Yee\Yee->render('tableMenu.twig', Array)
#8 [internal function]: App\Controllers\TableController\TableController->showSubCategory('2')
#9 C:\xampp\htdocs\kinguin\vendor\yeephp\yeephp\Yee\Managers\Controller\Controller.php(23): call_user_func_array(Array, Array)
#10 [internal function]: Yee\Managers\Controller\Controller::__callStatic('showSubCategory', Array)
#11 C:\xampp\htdocs\kinguin\vendor\yeephp\yeephp\Yee\Route.php(468): call_user_func_array('\\App\\Controller...', Array)
#12 C:\xampp\htdocs\kinguin\vendor\yeephp\yeephp\Yee\Yee.php(1374): Yee\Route->dispatch()
#13 C:\xampp\htdocs\kinguin\vendor\yeephp\yeephp\Yee\Middleware\Flash.php(85): Yee\Yee->call()
#14 C:\xampp\htdocs\kinguin\vendor\yeephp\yeephp\Yee\Middleware\MethodOverride.php(92): Yee\Middleware\Flash->call()
#15 C:\xampp\htdocs\kinguin\vendor\yeephp\yeephp\Yee\Middleware\PrettyExceptions.php(67): Yee\Middleware\MethodOverride->call()
#16 C:\xampp\htdocs\kinguin\vendor\yeephp\yeephp\Yee\Yee.php(1282): Yee\Middleware\PrettyExceptions->call()
#17 C:\xampp\htdocs\kinguin\public\index.php(25): Yee\Yee->execute()
#18 {main}
