ERROR - 2017-09-25 07:46:50 - Twig_Error_Syntax: Unexpected token "operator" of value "=". in C:\xampp\htdocs\kinguin\templates\Restaurant\restaurant.twig:44
Stack trace:
#0 C:\xampp\htdocs\kinguin\vendor\twig\twig\lib\Twig\ExpressionParser.php(102): Twig_ExpressionParser->parsePrimaryExpression()
#1 C:\xampp\htdocs\kinguin\vendor\twig\twig\lib\Twig\ExpressionParser.php(55): Twig_ExpressionParser->getPrimary()
#2 C:\xampp\htdocs\kinguin\vendor\twig\twig\lib\Twig\ExpressionParser.php(68): Twig_ExpressionParser->parseExpression(31)
#3 C:\xampp\htdocs\kinguin\vendor\twig\twig\lib\Twig\Parser.php(147): Twig_ExpressionParser->parseExpression()
#4 C:\xampp\htdocs\kinguin\vendor\twig\twig\lib\Twig\TokenParser\For.php(42): Twig_Parser->subparse(Array)
#5 C:\xampp\htdocs\kinguin\vendor\twig\twig\lib\Twig\Parser.php(190): Twig_TokenParser_For->parse(Object(Twig_Token))
#6 C:\xampp\htdocs\kinguin\vendor\twig\twig\lib\Twig\TokenParser\Block.php(40): Twig_Parser->subparse(Array, true)
#7 C:\xampp\htdocs\kinguin\vendor\twig\twig\lib\Twig\Parser.php(190): Twig_TokenParser_Block->parse(Object(Twig_Token))
#8 C:\xampp\htdocs\kinguin\vendor\twig\twig\lib\Twig\Parser.php(103): Twig_Parser->subparse(NULL, false)
#9 C:\xampp\htdocs\kinguin\vendor\twig\twig\lib\Twig\Environment.php(692): Twig_Parser->parse(Object(Twig_TokenStream))
#10 C:\xampp\htdocs\kinguin\vendor\twig\twig\lib\Twig\Environment.php(750): Twig_Environment->parse(Object(Twig_TokenStream))
#11 C:\xampp\htdocs\kinguin\vendor\twig\twig\lib\Twig\Environment.php(447): Twig_Environment->compileSource(Object(Twig_Source))
#12 C:\xampp\htdocs\kinguin\vendor\yeephp\yeephp\Yee\Views\Twig.php(87): Twig_Environment->loadTemplate('Restaurant/rest...')
#13 C:\xampp\htdocs\kinguin\vendor\yeephp\yeephp\Yee\View.php(255): Yee\Views\Twig->render('Restaurant/rest...', NULL)
#14 C:\xampp\htdocs\kinguin\vendor\yeephp\yeephp\Yee\View.php(243): Yee\View->fetch('Restaurant/rest...', NULL)
#15 C:\xampp\htdocs\kinguin\vendor\yeephp\yeephp\Yee\Yee.php(766): Yee\View->display('Restaurant/rest...')
#16 C:\xampp\htdocs\kinguin\App\Controllers\Restaurant\RestaurantController.php(27): Yee\Yee->render('Restaurant/rest...', Array)
#17 [internal function]: App\Controllers\Restaurant\RestaurantController->index()
#18 C:\xampp\htdocs\kinguin\vendor\yeephp\yeephp\Yee\Managers\Controller\Controller.php(23): call_user_func_array(Array, Array)
#19 [internal function]: Yee\Managers\Controller\Controller::__callStatic('index', Array)
#20 C:\xampp\htdocs\kinguin\vendor\yeephp\yeephp\Yee\Route.php(468): call_user_func_array('\\App\\Controller...', Array)
#21 C:\xampp\htdocs\kinguin\vendor\yeephp\yeephp\Yee\Yee.php(1374): Yee\Route->dispatch()
#22 C:\xampp\htdocs\kinguin\vendor\yeephp\yeephp\Yee\Middleware\Flash.php(85): Yee\Yee->call()
#23 C:\xampp\htdocs\kinguin\vendor\yeephp\yeephp\Yee\Middleware\MethodOverride.php(92): Yee\Middleware\Flash->call()
#24 C:\xampp\htdocs\kinguin\vendor\yeephp\yeephp\Yee\Middleware\PrettyExceptions.php(67): Yee\Middleware\MethodOverride->call()
#25 C:\xampp\htdocs\kinguin\vendor\yeephp\yeephp\Yee\Yee.php(1282): Yee\Middleware\PrettyExceptions->call()
#26 C:\xampp\htdocs\kinguin\public\index.php(25): Yee\Yee->execute()
#27 {main}
ERROR - 2017-09-25 07:47:08 - Twig_Error_Syntax: Unexpected token "operator" of value "=". in C:\xampp\htdocs\kinguin\templates\Restaurant\restaurant.twig:44
Stack trace:
#0 C:\xampp\htdocs\kinguin\vendor\twig\twig\lib\Twig\ExpressionParser.php(102): Twig_ExpressionParser->parsePrimaryExpression()
#1 C:\xampp\htdocs\kinguin\vendor\twig\twig\lib\Twig\ExpressionParser.php(55): Twig_ExpressionParser->getPrimary()
#2 C:\xampp\htdocs\kinguin\vendor\twig\twig\lib\Twig\ExpressionParser.php(68): Twig_ExpressionParser->parseExpression(31)
#3 C:\xampp\htdocs\kinguin\vendor\twig\twig\lib\Twig\Parser.php(147): Twig_ExpressionParser->parseExpression()
#4 C:\xampp\htdocs\kinguin\vendor\twig\twig\lib\Twig\TokenParser\For.php(42): Twig_Parser->subparse(Array)
#5 C:\xampp\htdocs\kinguin\vendor\twig\twig\lib\Twig\Parser.php(190): Twig_TokenParser_For->parse(Object(Twig_Token))
#6 C:\xampp\htdocs\kinguin\vendor\twig\twig\lib\Twig\TokenParser\Block.php(40): Twig_Parser->subparse(Array, true)
#7 C:\xampp\htdocs\kinguin\vendor\twig\twig\lib\Twig\Parser.php(190): Twig_TokenParser_Block->parse(Object(Twig_Token))
#8 C:\xampp\htdocs\kinguin\vendor\twig\twig\lib\Twig\Parser.php(103): Twig_Parser->subparse(NULL, false)
#9 C:\xampp\htdocs\kinguin\vendor\twig\twig\lib\Twig\Environment.php(692): Twig_Parser->parse(Object(Twig_TokenStream))
#10 C:\xampp\htdocs\kinguin\vendor\twig\twig\lib\Twig\Environment.php(750): Twig_Environment->parse(Object(Twig_TokenStream))
#11 C:\xampp\htdocs\kinguin\vendor\twig\twig\lib\Twig\Environment.php(447): Twig_Environment->compileSource(Object(Twig_Source))
#12 C:\xampp\htdocs\kinguin\vendor\yeephp\yeephp\Yee\Views\Twig.php(87): Twig_Environment->loadTemplate('Restaurant/rest...')
#13 C:\xampp\htdocs\kinguin\vendor\yeephp\yeephp\Yee\View.php(255): Yee\Views\Twig->render('Restaurant/rest...', NULL)
#14 C:\xampp\htdocs\kinguin\vendor\yeephp\yeephp\Yee\View.php(243): Yee\View->fetch('Restaurant/rest...', NULL)
#15 C:\xampp\htdocs\kinguin\vendor\yeephp\yeephp\Yee\Yee.php(766): Yee\View->display('Restaurant/rest...')
#16 C:\xampp\htdocs\kinguin\App\Controllers\Restaurant\RestaurantController.php(27): Yee\Yee->render('Restaurant/rest...', Array)
#17 [internal function]: App\Controllers\Restaurant\RestaurantController->index()
#18 C:\xampp\htdocs\kinguin\vendor\yeephp\yeephp\Yee\Managers\Controller\Controller.php(23): call_user_func_array(Array, Array)
#19 [internal function]: Yee\Managers\Controller\Controller::__callStatic('index', Array)
#20 C:\xampp\htdocs\kinguin\vendor\yeephp\yeephp\Yee\Route.php(468): call_user_func_array('\\App\\Controller...', Array)
#21 C:\xampp\htdocs\kinguin\vendor\yeephp\yeephp\Yee\Yee.php(1374): Yee\Route->dispatch()
#22 C:\xampp\htdocs\kinguin\vendor\yeephp\yeephp\Yee\Middleware\Flash.php(85): Yee\Yee->call()
#23 C:\xampp\htdocs\kinguin\vendor\yeephp\yeephp\Yee\Middleware\MethodOverride.php(92): Yee\Middleware\Flash->call()
#24 C:\xampp\htdocs\kinguin\vendor\yeephp\yeephp\Yee\Middleware\PrettyExceptions.php(67): Yee\Middleware\MethodOverride->call()
#25 C:\xampp\htdocs\kinguin\vendor\yeephp\yeephp\Yee\Yee.php(1282): Yee\Middleware\PrettyExceptions->call()
#26 C:\xampp\htdocs\kinguin\public\index.php(25): Yee\Yee->execute()
#27 {main}
ERROR - 2017-09-25 07:47:22 - Twig_Error_Syntax: Unexpected token "operator" of value "=". in C:\xampp\htdocs\kinguin\templates\Restaurant\restaurant.twig:93
Stack trace:
#0 C:\xampp\htdocs\kinguin\vendor\twig\twig\lib\Twig\ExpressionParser.php(102): Twig_ExpressionParser->parsePrimaryExpression()
#1 C:\xampp\htdocs\kinguin\vendor\twig\twig\lib\Twig\ExpressionParser.php(55): Twig_ExpressionParser->getPrimary()
#2 C:\xampp\htdocs\kinguin\vendor\twig\twig\lib\Twig\ExpressionParser.php(68): Twig_ExpressionParser->parseExpression(31)
#3 C:\xampp\htdocs\kinguin\vendor\twig\twig\lib\Twig\Parser.php(147): Twig_ExpressionParser->parseExpression()
#4 C:\xampp\htdocs\kinguin\vendor\twig\twig\lib\Twig\TokenParser\For.php(42): Twig_Parser->subparse(Array)
#5 C:\xampp\htdocs\kinguin\vendor\twig\twig\lib\Twig\Parser.php(190): Twig_TokenParser_For->parse(Object(Twig_Token))
#6 C:\xampp\htdocs\kinguin\vendor\twig\twig\lib\Twig\TokenParser\Block.php(40): Twig_Parser->subparse(Array, true)
#7 C:\xampp\htdocs\kinguin\vendor\twig\twig\lib\Twig\Parser.php(190): Twig_TokenParser_Block->parse(Object(Twig_Token))
#8 C:\xampp\htdocs\kinguin\vendor\twig\twig\lib\Twig\Parser.php(103): Twig_Parser->subparse(NULL, false)
#9 C:\xampp\htdocs\kinguin\vendor\twig\twig\lib\Twig\Environment.php(692): Twig_Parser->parse(Object(Twig_TokenStream))
#10 C:\xampp\htdocs\kinguin\vendor\twig\twig\lib\Twig\Environment.php(750): Twig_Environment->parse(Object(Twig_TokenStream))
#11 C:\xampp\htdocs\kinguin\vendor\twig\twig\lib\Twig\Environment.php(447): Twig_Environment->compileSource(Object(Twig_Source))
#12 C:\xampp\htdocs\kinguin\vendor\yeephp\yeephp\Yee\Views\Twig.php(87): Twig_Environment->loadTemplate('Restaurant/rest...')
#13 C:\xampp\htdocs\kinguin\vendor\yeephp\yeephp\Yee\View.php(255): Yee\Views\Twig->render('Restaurant/rest...', NULL)
#14 C:\xampp\htdocs\kinguin\vendor\yeephp\yeephp\Yee\View.php(243): Yee\View->fetch('Restaurant/rest...', NULL)
#15 C:\xampp\htdocs\kinguin\vendor\yeephp\yeephp\Yee\Yee.php(766): Yee\View->display('Restaurant/rest...')
#16 C:\xampp\htdocs\kinguin\App\Controllers\Restaurant\RestaurantController.php(27): Yee\Yee->render('Restaurant/rest...', Array)
#17 [internal function]: App\Controllers\Restaurant\RestaurantController->index()
#18 C:\xampp\htdocs\kinguin\vendor\yeephp\yeephp\Yee\Managers\Controller\Controller.php(23): call_user_func_array(Array, Array)
#19 [internal function]: Yee\Managers\Controller\Controller::__callStatic('index', Array)
#20 C:\xampp\htdocs\kinguin\vendor\yeephp\yeephp\Yee\Route.php(468): call_user_func_array('\\App\\Controller...', Array)
#21 C:\xampp\htdocs\kinguin\vendor\yeephp\yeephp\Yee\Yee.php(1374): Yee\Route->dispatch()
#22 C:\xampp\htdocs\kinguin\vendor\yeephp\yeephp\Yee\Middleware\Flash.php(85): Yee\Yee->call()
#23 C:\xampp\htdocs\kinguin\vendor\yeephp\yeephp\Yee\Middleware\MethodOverride.php(92): Yee\Middleware\Flash->call()
#24 C:\xampp\htdocs\kinguin\vendor\yeephp\yeephp\Yee\Middleware\PrettyExceptions.php(67): Yee\Middleware\MethodOverride->call()
#25 C:\xampp\htdocs\kinguin\vendor\yeephp\yeephp\Yee\Yee.php(1282): Yee\Middleware\PrettyExceptions->call()
#26 C:\xampp\htdocs\kinguin\public\index.php(25): Yee\Yee->execute()
#27 {main}
