RROR - 2017-06-22 11:03:39 - Twig_Error_Syntax: Unclosed """. in C:\xampp\htdocs\kinguin\templates\dash.twig:12
Stack trace:
#0 C:\xampp\htdocs\kinguin\vendor\twig\twig\lib\Twig\Environment.php(653): Twig_Lexer->tokenize(Object(Twig_Source))
#1 C:\xampp\htdocs\kinguin\vendor\twig\twig\lib\Twig\Environment.php(750): Twig_Environment->tokenize(Object(Twig_Source))
#2 C:\xampp\htdocs\kinguin\vendor\twig\twig\lib\Twig\Environment.php(447): Twig_Environment->compileSource(Object(Twig_Source))
#3 C:\xampp\htdocs\kinguin\vendor\yeephp\yeephp\Yee\Views\Twig.php(87): Twig_Environment->loadTemplate('dash.twig')
#4 C:\xampp\htdocs\kinguin\vendor\yeephp\yeephp\Yee\View.php(255): Yee\Views\Twig->render('dash.twig', NULL)
#5 C:\xampp\htdocs\kinguin\vendor\yeephp\yeephp\Yee\View.php(243): Yee\View->fetch('dash.twig', NULL)
#6 C:\xampp\htdocs\kinguin\vendor\yeephp\yeephp\Yee\Yee.php(766): Yee\View->display('dash.twig')
#7 C:\xampp\htdocs\kinguin\App\Controllers\InternController.php(74): Yee\Yee->render('dash.twig')
#8 [internal function]: App\Controllers\InternController->dash()
#9 C:\xampp\htdocs\kinguin\vendor\yeephp\yeephp\Yee\Managers\Controller\Controller.php(23): call_user_func_array(Array, Array)
#10 [internal function]: Yee\Managers\Controller\Controller::__callStatic('dash', Array)
#11 C:\xampp\htdocs\kinguin\vendor\yeephp\yeephp\Yee\Route.php(468): call_user_func_array('\\App\\Controller...', Array)
#12 C:\xampp\htdocs\kinguin\vendor\yeephp\yeephp\Yee\Yee.php(1374): Yee\Route->dispatch()
#13 C:\xampp\htdocs\kinguin\vendor\yeephp\yeephp\Yee\Middleware\Flash.php(85): Yee\Yee->call()
#14 C:\xampp\htdocs\kinguin\vendor\yeephp\yeephp\Yee\Middleware\MethodOverride.php(92): Yee\Middleware\Flash->call()
#15 C:\xampp\htdocs\kinguin\vendor\yeephp\yeephp\Yee\Middleware\PrettyExceptions.php(67): Yee\Middleware\MethodOverride->call()
#16 C:\xampp\htdocs\kinguin\vendor\yeephp\yeephp\Yee\Yee.php(1282): Yee\Middleware\PrettyExceptions->call()
#17 C:\xampp\htdocs\kinguin\public\index.php(25): Yee\Yee->execute()
#18 {main}
