ERROR - 2017-06-21 09:09:48 - ErrorException: Undefined index: password in C:\xampp\htdocs\kinguin\App\Models\UserModel.php:43
Stack trace:
#0 C:\xampp\htdocs\kinguin\App\Models\UserModel.php(43): Yee\Yee::handleErrors(8, 'Undefined index...', 'C:\\xampp\\htdocs...', 43, Array)
#1 C:\xampp\htdocs\kinguin\App\Controllers\LoginController.php(34): App\Models\UserModel->validate()
#2 [internal function]: App\Controllers\LoginController->loginPost()
#3 C:\xampp\htdocs\kinguin\vendor\yeephp\yeephp\Yee\Managers\Controller\Controller.php(23): call_user_func_array(Array, Array)
#4 [internal function]: Yee\Managers\Controller\Controller::__callStatic('loginPost', Array)
#5 C:\xampp\htdocs\kinguin\vendor\yeephp\yeephp\Yee\Route.php(468): call_user_func_array('\\App\\Controller...', Array)
#6 C:\xampp\htdocs\kinguin\vendor\yeephp\yeephp\Yee\Yee.php(1374): Yee\Route->dispatch()
#7 C:\xampp\htdocs\kinguin\vendor\yeephp\yeephp\Yee\Middleware\Flash.php(85): Yee\Yee->call()
#8 C:\xampp\htdocs\kinguin\vendor\yeephp\yeephp\Yee\Middleware\MethodOverride.php(92): Yee\Middleware\Flash->call()
#9 C:\xampp\htdocs\kinguin\vendor\yeephp\yeephp\Yee\Middleware\PrettyExceptions.php(67): Yee\Middleware\MethodOverride->call()
#10 C:\xampp\htdocs\kinguin\vendor\yeephp\yeephp\Yee\Yee.php(1282): Yee\Middleware\PrettyExceptions->call()
#11 C:\xampp\htdocs\kinguin\public\index.php(25): Yee\Yee->execute()
#12 {main}
ERROR - 2017-06-21 10:05:01 - ErrorException: mysqli_real_escape_string() expects exactly 2 parameters, 1 given in C:\xampp\htdocs\kinguin\App\Models\RegisterUserModel\RegisterUserModel.php:37
Stack trace:
#0 [internal function]: Yee\Yee::handleErrors(2, 'mysqli_real_esc...', 'C:\\xampp\\htdocs...', 37, Array)
#1 C:\xampp\htdocs\kinguin\App\Models\RegisterUserModel\RegisterUserModel.php(37): mysqli_real_escape_string('joro/////jijoio...')
#2 C:\xampp\htdocs\kinguin\App\Controllers\RegisterController.php(38): App\Models\RegisterUserModel\RegisterUserModel->insertUsers()
#3 [internal function]: App\Controllers\RegisterController->registerPost()
#4 C:\xampp\htdocs\kinguin\vendor\yeephp\yeephp\Yee\Managers\Controller\Controller.php(23): call_user_func_array(Array, Array)
#5 [internal function]: Yee\Managers\Controller\Controller::__callStatic('registerPost', Array)
#6 C:\xampp\htdocs\kinguin\vendor\yeephp\yeephp\Yee\Route.php(468): call_user_func_array('\\App\\Controller...', Array)
#7 C:\xampp\htdocs\kinguin\vendor\yeephp\yeephp\Yee\Yee.php(1374): Yee\Route->dispatch()
#8 C:\xampp\htdocs\kinguin\vendor\yeephp\yeephp\Yee\Middleware\Flash.php(85): Yee\Yee->call()
#9 C:\xampp\htdocs\kinguin\vendor\yeephp\yeephp\Yee\Middleware\MethodOverride.php(92): Yee\Middleware\Flash->call()
#10 C:\xampp\htdocs\kinguin\vendor\yeephp\yeephp\Yee\Middleware\PrettyExceptions.php(67): Yee\Middleware\MethodOverride->call()
#11 C:\xampp\htdocs\kinguin\vendor\yeephp\yeephp\Yee\Yee.php(1282): Yee\Middleware\PrettyExceptions->call()
#12 C:\xampp\htdocs\kinguin\public\index.php(25): Yee\Yee->execute()
#13 {main}
ERROR - 2017-06-21 10:47:40 - ErrorException: mysqli_real_escape_string() expects exactly 2 parameters, 1 given in C:\xampp\htdocs\kinguin\App\Models\RegisterUserModel\RegisterUserModel.php:22
Stack trace:
#0 [internal function]: Yee\Yee::handleErrors(2, 'mysqli_real_esc...', 'C:\\xampp\\htdocs...', 22, Array)
#1 C:\xampp\htdocs\kinguin\App\Models\RegisterUserModel\RegisterUserModel.php(22): mysqli_real_escape_string('')
#2 C:\xampp\htdocs\kinguin\App\Controllers\RegisterController.php(37): App\Models\RegisterUserModel\RegisterUserModel->__construct('joro/////jijoio...', 'jijoi', 'jkjijoi', 'jkjlkji', NULL, NULL)
#3 [internal function]: App\Controllers\RegisterController->registerPost()
#4 C:\xampp\htdocs\kinguin\vendor\yeephp\yeephp\Yee\Managers\Controller\Controller.php(23): call_user_func_array(Array, Array)
#5 [internal function]: Yee\Managers\Controller\Controller::__callStatic('registerPost', Array)
#6 C:\xampp\htdocs\kinguin\vendor\yeephp\yeephp\Yee\Route.php(468): call_user_func_array('\\App\\Controller...', Array)
#7 C:\xampp\htdocs\kinguin\vendor\yeephp\yeephp\Yee\Yee.php(1374): Yee\Route->dispatch()
#8 C:\xampp\htdocs\kinguin\vendor\yeephp\yeephp\Yee\Middleware\Flash.php(85): Yee\Yee->call()
#9 C:\xampp\htdocs\kinguin\vendor\yeephp\yeephp\Yee\Middleware\MethodOverride.php(92): Yee\Middleware\Flash->call()
#10 C:\xampp\htdocs\kinguin\vendor\yeephp\yeephp\Yee\Middleware\PrettyExceptions.php(67): Yee\Middleware\MethodOverride->call()
#11 C:\xampp\htdocs\kinguin\vendor\yeephp\yeephp\Yee\Yee.php(1282): Yee\Middleware\PrettyExceptions->call()
#12 C:\xampp\htdocs\kinguin\public\index.php(25): Yee\Yee->execute()
#13 {main}
ERROR - 2017-06-21 13:14:46 - Twig_Error_Syntax: Unexpected character "'". in C:\xampp\htdocs\kinguin\templates\register.twig:61
Stack trace:
#0 C:\xampp\htdocs\kinguin\vendor\twig\twig\lib\Twig\Lexer.php(227): Twig_Lexer->lexExpression()
#1 C:\xampp\htdocs\kinguin\vendor\twig\twig\lib\Twig\Lexer.php(126): Twig_Lexer->lexVar()
#2 C:\xampp\htdocs\kinguin\vendor\twig\twig\lib\Twig\Environment.php(653): Twig_Lexer->tokenize(Object(Twig_Source))
#3 C:\xampp\htdocs\kinguin\vendor\twig\twig\lib\Twig\Environment.php(750): Twig_Environment->tokenize(Object(Twig_Source))
#4 C:\xampp\htdocs\kinguin\vendor\twig\twig\lib\Twig\Environment.php(447): Twig_Environment->compileSource(Object(Twig_Source))
#5 C:\xampp\htdocs\kinguin\vendor\yeephp\yeephp\Yee\Views\Twig.php(87): Twig_Environment->loadTemplate('register.twig')
#6 C:\xampp\htdocs\kinguin\vendor\yeephp\yeephp\Yee\View.php(255): Yee\Views\Twig->render('register.twig', NULL)
#7 C:\xampp\htdocs\kinguin\vendor\yeephp\yeephp\Yee\View.php(243): Yee\View->fetch('register.twig', NULL)
#8 C:\xampp\htdocs\kinguin\vendor\yeephp\yeephp\Yee\Yee.php(766): Yee\View->display('register.twig')
#9 C:\xampp\htdocs\kinguin\App\Controllers\RegisterController.php(18): Yee\Yee->render('register.twig')
#10 [internal function]: App\Controllers\RegisterController->index()
#11 C:\xampp\htdocs\kinguin\vendor\yeephp\yeephp\Yee\Managers\Controller\Controller.php(23): call_user_func_array(Array, Array)
#12 [internal function]: Yee\Managers\Controller\Controller::__callStatic('index', Array)
#13 C:\xampp\htdocs\kinguin\vendor\yeephp\yeephp\Yee\Route.php(468): call_user_func_array('\\App\\Controller...', Array)
#14 C:\xampp\htdocs\kinguin\vendor\yeephp\yeephp\Yee\Yee.php(1374): Yee\Route->dispatch()
#15 C:\xampp\htdocs\kinguin\vendor\yeephp\yeephp\Yee\Middleware\Flash.php(85): Yee\Yee->call()
#16 C:\xampp\htdocs\kinguin\vendor\yeephp\yeephp\Yee\Middleware\MethodOverride.php(92): Yee\Middleware\Flash->call()
#17 C:\xampp\htdocs\kinguin\vendor\yeephp\yeephp\Yee\Middleware\PrettyExceptions.php(67): Yee\Middleware\MethodOverride->call()
#18 C:\xampp\htdocs\kinguin\vendor\yeephp\yeephp\Yee\Yee.php(1282): Yee\Middleware\PrettyExceptions->call()
#19 C:\xampp\htdocs\kinguin\public\index.php(25): Yee\Yee->execute()
#20 {main}
ERROR - 2017-06-21 13:19:01 - ErrorException: mysqli_real_escape_string() expects exactly 2 parameters, 1 given in C:\xampp\htdocs\kinguin\App\Models\RegisterUserModel\RegisterUserModel.php:22
Stack trace:
#0 [internal function]: Yee\Yee::handleErrors(2, 'mysqli_real_esc...', 'C:\\xampp\\htdocs...', 22, Array)
#1 C:\xampp\htdocs\kinguin\App\Models\RegisterUserModel\RegisterUserModel.php(22): mysqli_real_escape_string('')
#2 C:\xampp\htdocs\kinguin\App\Controllers\RegisterController.php(37): App\Models\RegisterUserModel\RegisterUserModel->__construct('jj', '', '', '', NULL, NULL)
#3 [internal function]: App\Controllers\RegisterController->registerPost()
#4 C:\xampp\htdocs\kinguin\vendor\yeephp\yeephp\Yee\Managers\Controller\Controller.php(23): call_user_func_array(Array, Array)
#5 [internal function]: Yee\Managers\Controller\Controller::__callStatic('registerPost', Array)
#6 C:\xampp\htdocs\kinguin\vendor\yeephp\yeephp\Yee\Route.php(468): call_user_func_array('\\App\\Controller...', Array)
#7 C:\xampp\htdocs\kinguin\vendor\yeephp\yeephp\Yee\Yee.php(1374): Yee\Route->dispatch()
#8 C:\xampp\htdocs\kinguin\vendor\yeephp\yeephp\Yee\Middleware\Flash.php(85): Yee\Yee->call()
#9 C:\xampp\htdocs\kinguin\vendor\yeephp\yeephp\Yee\Middleware\MethodOverride.php(92): Yee\Middleware\Flash->call()
#10 C:\xampp\htdocs\kinguin\vendor\yeephp\yeephp\Yee\Middleware\PrettyExceptions.php(67): Yee\Middleware\MethodOverride->call()
#11 C:\xampp\htdocs\kinguin\vendor\yeephp\yeephp\Yee\Yee.php(1282): Yee\Middleware\PrettyExceptions->call()
#12 C:\xampp\htdocs\kinguin\public\index.php(25): Yee\Yee->execute()
#13 {main}
